[2022-08-07 10:45:25,882] {processor.py:153} INFO - Started process (PID=70) to work on /home/airflow/.local/lib/python3.7/site-packages/airflow/example_dags/example_python_operator.py
[2022-08-07 10:45:25,884] {processor.py:641} INFO - Processing file /home/airflow/.local/lib/python3.7/site-packages/airflow/example_dags/example_python_operator.py for tasks to queue
[2022-08-07 10:45:25,886] {logging_mixin.py:115} INFO - [2022-08-07 10:45:25,886] {dagbag.py:508} INFO - Filling up the DagBag from /home/airflow/.local/lib/python3.7/site-packages/airflow/example_dags/example_python_operator.py
[2022-08-07 10:45:26,001] {processor.py:651} INFO - DAG(s) dict_keys(['example_python_operator']) retrieved from /home/airflow/.local/lib/python3.7/site-packages/airflow/example_dags/example_python_operator.py
[2022-08-07 10:45:26,508] {logging_mixin.py:115} INFO - [2022-08-07 10:45:26,507] {manager.py:508} INFO - Created Permission View: can read on DAG:example_python_operator
[2022-08-07 10:45:26,554] {logging_mixin.py:115} INFO - [2022-08-07 10:45:26,554] {manager.py:508} INFO - Created Permission View: can delete on DAG:example_python_operator
[2022-08-07 10:45:26,589] {logging_mixin.py:115} INFO - [2022-08-07 10:45:26,589] {manager.py:508} INFO - Created Permission View: can edit on DAG:example_python_operator
[2022-08-07 10:45:26,590] {logging_mixin.py:115} INFO - [2022-08-07 10:45:26,590] {dag.py:2420} INFO - Sync 1 DAGs
[2022-08-07 10:45:26,636] {logging_mixin.py:115} INFO - [2022-08-07 10:45:26,635] {dag.py:2439} INFO - Creating ORM DAG for example_python_operator
[2022-08-07 10:45:26,686] {logging_mixin.py:115} INFO - [2022-08-07 10:45:26,685] {dag.py:2972} INFO - Setting next_dagrun for example_python_operator to None, run_after=None
[2022-08-07 10:45:26,729] {processor.py:161} INFO - Processing /home/airflow/.local/lib/python3.7/site-packages/airflow/example_dags/example_python_operator.py took 0.861 seconds
[2022-08-07 10:46:07,002] {processor.py:153} INFO - Started process (PID=119) to work on /home/airflow/.local/lib/python3.7/site-packages/airflow/example_dags/example_python_operator.py
[2022-08-07 10:46:07,004] {processor.py:641} INFO - Processing file /home/airflow/.local/lib/python3.7/site-packages/airflow/example_dags/example_python_operator.py for tasks to queue
[2022-08-07 10:46:07,006] {logging_mixin.py:115} INFO - [2022-08-07 10:46:07,006] {dagbag.py:508} INFO - Filling up the DagBag from /home/airflow/.local/lib/python3.7/site-packages/airflow/example_dags/example_python_operator.py
[2022-08-07 10:46:07,534] {processor.py:651} INFO - DAG(s) dict_keys(['example_python_operator']) retrieved from /home/airflow/.local/lib/python3.7/site-packages/airflow/example_dags/example_python_operator.py
[2022-08-07 10:46:08,839] {logging_mixin.py:115} INFO - [2022-08-07 10:46:08,839] {dag.py:2420} INFO - Sync 1 DAGs
[2022-08-07 10:46:09,216] {logging_mixin.py:115} INFO - [2022-08-07 10:46:09,216] {dag.py:2972} INFO - Setting next_dagrun for example_python_operator to None, run_after=None
[2022-08-07 10:46:09,840] {processor.py:161} INFO - Processing /home/airflow/.local/lib/python3.7/site-packages/airflow/example_dags/example_python_operator.py took 2.998 seconds
[2022-08-07 10:48:21,888] {processor.py:153} INFO - Started process (PID=181) to work on /home/airflow/.local/lib/python3.7/site-packages/airflow/example_dags/example_python_operator.py
[2022-08-07 10:48:21,894] {processor.py:641} INFO - Processing file /home/airflow/.local/lib/python3.7/site-packages/airflow/example_dags/example_python_operator.py for tasks to queue
[2022-08-07 10:48:21,896] {logging_mixin.py:115} INFO - [2022-08-07 10:48:21,896] {dagbag.py:508} INFO - Filling up the DagBag from /home/airflow/.local/lib/python3.7/site-packages/airflow/example_dags/example_python_operator.py
[2022-08-07 10:48:22,131] {processor.py:651} INFO - DAG(s) dict_keys(['example_python_operator']) retrieved from /home/airflow/.local/lib/python3.7/site-packages/airflow/example_dags/example_python_operator.py
[2022-08-07 10:48:22,433] {logging_mixin.py:115} INFO - [2022-08-07 10:48:22,432] {dag.py:2420} INFO - Sync 1 DAGs
[2022-08-07 10:48:22,632] {logging_mixin.py:115} INFO - [2022-08-07 10:48:22,632] {dag.py:2972} INFO - Setting next_dagrun for example_python_operator to None, run_after=None
[2022-08-07 10:48:22,739] {processor.py:161} INFO - Processing /home/airflow/.local/lib/python3.7/site-packages/airflow/example_dags/example_python_operator.py took 0.916 seconds
[2022-08-07 10:48:53,133] {processor.py:153} INFO - Started process (PID=226) to work on /home/airflow/.local/lib/python3.7/site-packages/airflow/example_dags/example_python_operator.py
[2022-08-07 10:48:53,134] {processor.py:641} INFO - Processing file /home/airflow/.local/lib/python3.7/site-packages/airflow/example_dags/example_python_operator.py for tasks to queue
[2022-08-07 10:48:53,135] {logging_mixin.py:115} INFO - [2022-08-07 10:48:53,135] {dagbag.py:508} INFO - Filling up the DagBag from /home/airflow/.local/lib/python3.7/site-packages/airflow/example_dags/example_python_operator.py
[2022-08-07 10:48:53,188] {processor.py:651} INFO - DAG(s) dict_keys(['example_python_operator']) retrieved from /home/airflow/.local/lib/python3.7/site-packages/airflow/example_dags/example_python_operator.py
[2022-08-07 10:48:53,287] {logging_mixin.py:115} INFO - [2022-08-07 10:48:53,287] {dag.py:2420} INFO - Sync 1 DAGs
[2022-08-07 10:48:53,377] {logging_mixin.py:115} INFO - [2022-08-07 10:48:53,377] {dag.py:2972} INFO - Setting next_dagrun for example_python_operator to None, run_after=None
[2022-08-07 10:48:53,414] {processor.py:161} INFO - Processing /home/airflow/.local/lib/python3.7/site-packages/airflow/example_dags/example_python_operator.py took 0.288 seconds
[2022-08-07 10:49:23,469] {processor.py:153} INFO - Started process (PID=278) to work on /home/airflow/.local/lib/python3.7/site-packages/airflow/example_dags/example_python_operator.py
[2022-08-07 10:49:23,471] {processor.py:641} INFO - Processing file /home/airflow/.local/lib/python3.7/site-packages/airflow/example_dags/example_python_operator.py for tasks to queue
[2022-08-07 10:49:23,473] {logging_mixin.py:115} INFO - [2022-08-07 10:49:23,472] {dagbag.py:508} INFO - Filling up the DagBag from /home/airflow/.local/lib/python3.7/site-packages/airflow/example_dags/example_python_operator.py
[2022-08-07 10:49:23,528] {processor.py:651} INFO - DAG(s) dict_keys(['example_python_operator']) retrieved from /home/airflow/.local/lib/python3.7/site-packages/airflow/example_dags/example_python_operator.py
[2022-08-07 10:49:23,607] {logging_mixin.py:115} INFO - [2022-08-07 10:49:23,607] {dag.py:2420} INFO - Sync 1 DAGs
[2022-08-07 10:49:23,692] {logging_mixin.py:115} INFO - [2022-08-07 10:49:23,692] {dag.py:2972} INFO - Setting next_dagrun for example_python_operator to None, run_after=None
[2022-08-07 10:49:23,726] {processor.py:161} INFO - Processing /home/airflow/.local/lib/python3.7/site-packages/airflow/example_dags/example_python_operator.py took 0.266 seconds
[2022-08-07 10:49:53,828] {processor.py:153} INFO - Started process (PID=329) to work on /home/airflow/.local/lib/python3.7/site-packages/airflow/example_dags/example_python_operator.py
[2022-08-07 10:49:53,829] {processor.py:641} INFO - Processing file /home/airflow/.local/lib/python3.7/site-packages/airflow/example_dags/example_python_operator.py for tasks to queue
[2022-08-07 10:49:53,831] {logging_mixin.py:115} INFO - [2022-08-07 10:49:53,830] {dagbag.py:508} INFO - Filling up the DagBag from /home/airflow/.local/lib/python3.7/site-packages/airflow/example_dags/example_python_operator.py
[2022-08-07 10:49:53,882] {processor.py:651} INFO - DAG(s) dict_keys(['example_python_operator']) retrieved from /home/airflow/.local/lib/python3.7/site-packages/airflow/example_dags/example_python_operator.py
[2022-08-07 10:49:53,953] {logging_mixin.py:115} INFO - [2022-08-07 10:49:53,953] {dag.py:2420} INFO - Sync 1 DAGs
[2022-08-07 10:49:54,017] {logging_mixin.py:115} INFO - [2022-08-07 10:49:54,017] {dag.py:2972} INFO - Setting next_dagrun for example_python_operator to None, run_after=None
[2022-08-07 10:49:54,051] {processor.py:161} INFO - Processing /home/airflow/.local/lib/python3.7/site-packages/airflow/example_dags/example_python_operator.py took 0.232 seconds
[2022-08-07 10:50:24,712] {processor.py:153} INFO - Started process (PID=381) to work on /home/airflow/.local/lib/python3.7/site-packages/airflow/example_dags/example_python_operator.py
[2022-08-07 10:50:24,714] {processor.py:641} INFO - Processing file /home/airflow/.local/lib/python3.7/site-packages/airflow/example_dags/example_python_operator.py for tasks to queue
[2022-08-07 10:50:24,716] {logging_mixin.py:115} INFO - [2022-08-07 10:50:24,716] {dagbag.py:508} INFO - Filling up the DagBag from /home/airflow/.local/lib/python3.7/site-packages/airflow/example_dags/example_python_operator.py
[2022-08-07 10:50:24,800] {processor.py:651} INFO - DAG(s) dict_keys(['example_python_operator']) retrieved from /home/airflow/.local/lib/python3.7/site-packages/airflow/example_dags/example_python_operator.py
[2022-08-07 10:50:24,894] {logging_mixin.py:115} INFO - [2022-08-07 10:50:24,893] {dag.py:2420} INFO - Sync 1 DAGs
[2022-08-07 10:50:24,982] {logging_mixin.py:115} INFO - [2022-08-07 10:50:24,982] {dag.py:2972} INFO - Setting next_dagrun for example_python_operator to None, run_after=None
[2022-08-07 10:50:25,027] {processor.py:161} INFO - Processing /home/airflow/.local/lib/python3.7/site-packages/airflow/example_dags/example_python_operator.py took 0.329 seconds
[2022-08-07 10:50:55,870] {processor.py:153} INFO - Started process (PID=433) to work on /home/airflow/.local/lib/python3.7/site-packages/airflow/example_dags/example_python_operator.py
[2022-08-07 10:50:55,871] {processor.py:641} INFO - Processing file /home/airflow/.local/lib/python3.7/site-packages/airflow/example_dags/example_python_operator.py for tasks to queue
[2022-08-07 10:50:55,873] {logging_mixin.py:115} INFO - [2022-08-07 10:50:55,873] {dagbag.py:508} INFO - Filling up the DagBag from /home/airflow/.local/lib/python3.7/site-packages/airflow/example_dags/example_python_operator.py
[2022-08-07 10:50:55,941] {processor.py:651} INFO - DAG(s) dict_keys(['example_python_operator']) retrieved from /home/airflow/.local/lib/python3.7/site-packages/airflow/example_dags/example_python_operator.py
[2022-08-07 10:50:56,031] {logging_mixin.py:115} INFO - [2022-08-07 10:50:56,031] {dag.py:2420} INFO - Sync 1 DAGs
[2022-08-07 10:50:56,140] {logging_mixin.py:115} INFO - [2022-08-07 10:50:56,139] {dag.py:2972} INFO - Setting next_dagrun for example_python_operator to None, run_after=None
[2022-08-07 10:50:56,176] {processor.py:161} INFO - Processing /home/airflow/.local/lib/python3.7/site-packages/airflow/example_dags/example_python_operator.py took 0.316 seconds
[2022-08-07 10:51:26,331] {processor.py:153} INFO - Started process (PID=483) to work on /home/airflow/.local/lib/python3.7/site-packages/airflow/example_dags/example_python_operator.py
[2022-08-07 10:51:26,334] {processor.py:641} INFO - Processing file /home/airflow/.local/lib/python3.7/site-packages/airflow/example_dags/example_python_operator.py for tasks to queue
[2022-08-07 10:51:26,336] {logging_mixin.py:115} INFO - [2022-08-07 10:51:26,335] {dagbag.py:508} INFO - Filling up the DagBag from /home/airflow/.local/lib/python3.7/site-packages/airflow/example_dags/example_python_operator.py
[2022-08-07 10:51:26,420] {processor.py:651} INFO - DAG(s) dict_keys(['example_python_operator']) retrieved from /home/airflow/.local/lib/python3.7/site-packages/airflow/example_dags/example_python_operator.py
[2022-08-07 10:51:26,515] {logging_mixin.py:115} INFO - [2022-08-07 10:51:26,514] {dag.py:2420} INFO - Sync 1 DAGs
[2022-08-07 10:51:26,594] {logging_mixin.py:115} INFO - [2022-08-07 10:51:26,594] {dag.py:2972} INFO - Setting next_dagrun for example_python_operator to None, run_after=None
[2022-08-07 10:51:26,632] {processor.py:161} INFO - Processing /home/airflow/.local/lib/python3.7/site-packages/airflow/example_dags/example_python_operator.py took 0.312 seconds
[2022-08-07 10:51:57,035] {processor.py:153} INFO - Started process (PID=535) to work on /home/airflow/.local/lib/python3.7/site-packages/airflow/example_dags/example_python_operator.py
[2022-08-07 10:51:57,037] {processor.py:641} INFO - Processing file /home/airflow/.local/lib/python3.7/site-packages/airflow/example_dags/example_python_operator.py for tasks to queue
[2022-08-07 10:51:57,039] {logging_mixin.py:115} INFO - [2022-08-07 10:51:57,039] {dagbag.py:508} INFO - Filling up the DagBag from /home/airflow/.local/lib/python3.7/site-packages/airflow/example_dags/example_python_operator.py
[2022-08-07 10:51:57,135] {processor.py:651} INFO - DAG(s) dict_keys(['example_python_operator']) retrieved from /home/airflow/.local/lib/python3.7/site-packages/airflow/example_dags/example_python_operator.py
[2022-08-07 10:51:57,260] {logging_mixin.py:115} INFO - [2022-08-07 10:51:57,259] {dag.py:2420} INFO - Sync 1 DAGs
[2022-08-07 10:51:57,362] {logging_mixin.py:115} INFO - [2022-08-07 10:51:57,362] {dag.py:2972} INFO - Setting next_dagrun for example_python_operator to None, run_after=None
[2022-08-07 10:51:57,407] {processor.py:161} INFO - Processing /home/airflow/.local/lib/python3.7/site-packages/airflow/example_dags/example_python_operator.py took 0.387 seconds
[2022-08-07 10:52:28,181] {processor.py:153} INFO - Started process (PID=586) to work on /home/airflow/.local/lib/python3.7/site-packages/airflow/example_dags/example_python_operator.py
[2022-08-07 10:52:28,191] {processor.py:641} INFO - Processing file /home/airflow/.local/lib/python3.7/site-packages/airflow/example_dags/example_python_operator.py for tasks to queue
[2022-08-07 10:52:28,193] {logging_mixin.py:115} INFO - [2022-08-07 10:52:28,193] {dagbag.py:508} INFO - Filling up the DagBag from /home/airflow/.local/lib/python3.7/site-packages/airflow/example_dags/example_python_operator.py
[2022-08-07 10:52:28,703] {processor.py:651} INFO - DAG(s) dict_keys(['example_python_operator']) retrieved from /home/airflow/.local/lib/python3.7/site-packages/airflow/example_dags/example_python_operator.py
[2022-08-07 10:52:30,510] {logging_mixin.py:115} INFO - [2022-08-07 10:52:30,509] {dag.py:2420} INFO - Sync 1 DAGs
[2022-08-07 10:52:31,796] {logging_mixin.py:115} INFO - [2022-08-07 10:52:31,786] {dag.py:2972} INFO - Setting next_dagrun for example_python_operator to None, run_after=None
[2022-08-07 10:52:32,838] {processor.py:161} INFO - Processing /home/airflow/.local/lib/python3.7/site-packages/airflow/example_dags/example_python_operator.py took 4.790 seconds
[2022-08-07 10:53:35,641] {processor.py:153} INFO - Started process (PID=632) to work on /home/airflow/.local/lib/python3.7/site-packages/airflow/example_dags/example_python_operator.py
[2022-08-07 10:53:35,643] {processor.py:641} INFO - Processing file /home/airflow/.local/lib/python3.7/site-packages/airflow/example_dags/example_python_operator.py for tasks to queue
[2022-08-07 10:53:35,646] {logging_mixin.py:115} INFO - [2022-08-07 10:53:35,645] {dagbag.py:508} INFO - Filling up the DagBag from /home/airflow/.local/lib/python3.7/site-packages/airflow/example_dags/example_python_operator.py
[2022-08-07 10:53:35,722] {processor.py:651} INFO - DAG(s) dict_keys(['example_python_operator']) retrieved from /home/airflow/.local/lib/python3.7/site-packages/airflow/example_dags/example_python_operator.py
[2022-08-07 10:53:35,821] {logging_mixin.py:115} INFO - [2022-08-07 10:53:35,821] {dag.py:2420} INFO - Sync 1 DAGs
[2022-08-07 10:53:35,916] {logging_mixin.py:115} INFO - [2022-08-07 10:53:35,916] {dag.py:2972} INFO - Setting next_dagrun for example_python_operator to None, run_after=None
[2022-08-07 10:53:35,960] {processor.py:161} INFO - Processing /home/airflow/.local/lib/python3.7/site-packages/airflow/example_dags/example_python_operator.py took 0.330 seconds
[2022-08-07 10:54:06,449] {processor.py:153} INFO - Started process (PID=685) to work on /home/airflow/.local/lib/python3.7/site-packages/airflow/example_dags/example_python_operator.py
[2022-08-07 10:54:06,451] {processor.py:641} INFO - Processing file /home/airflow/.local/lib/python3.7/site-packages/airflow/example_dags/example_python_operator.py for tasks to queue
[2022-08-07 10:54:06,453] {logging_mixin.py:115} INFO - [2022-08-07 10:54:06,453] {dagbag.py:508} INFO - Filling up the DagBag from /home/airflow/.local/lib/python3.7/site-packages/airflow/example_dags/example_python_operator.py
[2022-08-07 10:54:06,539] {processor.py:651} INFO - DAG(s) dict_keys(['example_python_operator']) retrieved from /home/airflow/.local/lib/python3.7/site-packages/airflow/example_dags/example_python_operator.py
[2022-08-07 10:54:06,638] {logging_mixin.py:115} INFO - [2022-08-07 10:54:06,638] {dag.py:2420} INFO - Sync 1 DAGs
[2022-08-07 10:54:06,717] {logging_mixin.py:115} INFO - [2022-08-07 10:54:06,717] {dag.py:2972} INFO - Setting next_dagrun for example_python_operator to None, run_after=None
[2022-08-07 10:54:06,755] {processor.py:161} INFO - Processing /home/airflow/.local/lib/python3.7/site-packages/airflow/example_dags/example_python_operator.py took 0.321 seconds
[2022-08-07 10:54:36,952] {processor.py:153} INFO - Started process (PID=737) to work on /home/airflow/.local/lib/python3.7/site-packages/airflow/example_dags/example_python_operator.py
[2022-08-07 10:54:36,954] {processor.py:641} INFO - Processing file /home/airflow/.local/lib/python3.7/site-packages/airflow/example_dags/example_python_operator.py for tasks to queue
[2022-08-07 10:54:36,955] {logging_mixin.py:115} INFO - [2022-08-07 10:54:36,955] {dagbag.py:508} INFO - Filling up the DagBag from /home/airflow/.local/lib/python3.7/site-packages/airflow/example_dags/example_python_operator.py
[2022-08-07 10:54:37,002] {processor.py:651} INFO - DAG(s) dict_keys(['example_python_operator']) retrieved from /home/airflow/.local/lib/python3.7/site-packages/airflow/example_dags/example_python_operator.py
[2022-08-07 10:54:37,066] {logging_mixin.py:115} INFO - [2022-08-07 10:54:37,066] {dag.py:2420} INFO - Sync 1 DAGs
[2022-08-07 10:54:37,128] {logging_mixin.py:115} INFO - [2022-08-07 10:54:37,128] {dag.py:2972} INFO - Setting next_dagrun for example_python_operator to None, run_after=None
[2022-08-07 10:54:37,158] {processor.py:161} INFO - Processing /home/airflow/.local/lib/python3.7/site-packages/airflow/example_dags/example_python_operator.py took 0.213 seconds
[2022-08-07 10:55:07,587] {processor.py:153} INFO - Started process (PID=789) to work on /home/airflow/.local/lib/python3.7/site-packages/airflow/example_dags/example_python_operator.py
[2022-08-07 10:55:07,589] {processor.py:641} INFO - Processing file /home/airflow/.local/lib/python3.7/site-packages/airflow/example_dags/example_python_operator.py for tasks to queue
[2022-08-07 10:55:07,591] {logging_mixin.py:115} INFO - [2022-08-07 10:55:07,591] {dagbag.py:508} INFO - Filling up the DagBag from /home/airflow/.local/lib/python3.7/site-packages/airflow/example_dags/example_python_operator.py
[2022-08-07 10:55:07,654] {processor.py:651} INFO - DAG(s) dict_keys(['example_python_operator']) retrieved from /home/airflow/.local/lib/python3.7/site-packages/airflow/example_dags/example_python_operator.py
[2022-08-07 10:55:07,737] {logging_mixin.py:115} INFO - [2022-08-07 10:55:07,736] {dag.py:2420} INFO - Sync 1 DAGs
[2022-08-07 10:55:07,822] {logging_mixin.py:115} INFO - [2022-08-07 10:55:07,821] {dag.py:2972} INFO - Setting next_dagrun for example_python_operator to None, run_after=None
[2022-08-07 10:55:07,864] {processor.py:161} INFO - Processing /home/airflow/.local/lib/python3.7/site-packages/airflow/example_dags/example_python_operator.py took 0.289 seconds
