[2022-08-07 10:45:29,108] {processor.py:153} INFO - Started process (PID=78) to work on /home/airflow/.local/lib/python3.7/site-packages/airflow/example_dags/example_xcomargs.py
[2022-08-07 10:45:29,110] {processor.py:641} INFO - Processing file /home/airflow/.local/lib/python3.7/site-packages/airflow/example_dags/example_xcomargs.py for tasks to queue
[2022-08-07 10:45:29,111] {logging_mixin.py:115} INFO - [2022-08-07 10:45:29,111] {dagbag.py:508} INFO - Filling up the DagBag from /home/airflow/.local/lib/python3.7/site-packages/airflow/example_dags/example_xcomargs.py
[2022-08-07 10:45:29,240] {processor.py:651} INFO - DAG(s) dict_keys(['example_xcom_args', 'example_xcom_args_with_operators']) retrieved from /home/airflow/.local/lib/python3.7/site-packages/airflow/example_dags/example_xcomargs.py
[2022-08-07 10:45:29,543] {logging_mixin.py:115} INFO - [2022-08-07 10:45:29,543] {manager.py:508} INFO - Created Permission View: can read on DAG:example_xcom_args
[2022-08-07 10:45:29,581] {logging_mixin.py:115} INFO - [2022-08-07 10:45:29,580] {manager.py:508} INFO - Created Permission View: can delete on DAG:example_xcom_args
[2022-08-07 10:45:29,611] {logging_mixin.py:115} INFO - [2022-08-07 10:45:29,611] {manager.py:508} INFO - Created Permission View: can edit on DAG:example_xcom_args
[2022-08-07 10:45:29,670] {logging_mixin.py:115} INFO - [2022-08-07 10:45:29,670] {manager.py:508} INFO - Created Permission View: can read on DAG:example_xcom_args_with_operators
[2022-08-07 10:45:29,700] {logging_mixin.py:115} INFO - [2022-08-07 10:45:29,699] {manager.py:508} INFO - Created Permission View: can delete on DAG:example_xcom_args_with_operators
[2022-08-07 10:45:29,731] {logging_mixin.py:115} INFO - [2022-08-07 10:45:29,731] {manager.py:508} INFO - Created Permission View: can edit on DAG:example_xcom_args_with_operators
[2022-08-07 10:45:29,732] {logging_mixin.py:115} INFO - [2022-08-07 10:45:29,732] {dag.py:2420} INFO - Sync 2 DAGs
[2022-08-07 10:45:29,775] {logging_mixin.py:115} INFO - [2022-08-07 10:45:29,775] {dag.py:2439} INFO - Creating ORM DAG for example_xcom_args_with_operators
[2022-08-07 10:45:29,778] {logging_mixin.py:115} INFO - [2022-08-07 10:45:29,777] {dag.py:2439} INFO - Creating ORM DAG for example_xcom_args
[2022-08-07 10:45:29,832] {logging_mixin.py:115} INFO - [2022-08-07 10:45:29,832] {dag.py:2972} INFO - Setting next_dagrun for example_xcom_args to None, run_after=None
[2022-08-07 10:45:29,834] {logging_mixin.py:115} INFO - [2022-08-07 10:45:29,834] {dag.py:2972} INFO - Setting next_dagrun for example_xcom_args_with_operators to None, run_after=None
[2022-08-07 10:45:29,889] {processor.py:161} INFO - Processing /home/airflow/.local/lib/python3.7/site-packages/airflow/example_dags/example_xcomargs.py took 0.794 seconds
[2022-08-07 10:46:28,919] {processor.py:153} INFO - Started process (PID=129) to work on /home/airflow/.local/lib/python3.7/site-packages/airflow/example_dags/example_xcomargs.py
[2022-08-07 10:46:28,921] {processor.py:641} INFO - Processing file /home/airflow/.local/lib/python3.7/site-packages/airflow/example_dags/example_xcomargs.py for tasks to queue
[2022-08-07 10:46:28,985] {logging_mixin.py:115} INFO - [2022-08-07 10:46:28,976] {dagbag.py:508} INFO - Filling up the DagBag from /home/airflow/.local/lib/python3.7/site-packages/airflow/example_dags/example_xcomargs.py
[2022-08-07 10:46:30,807] {processor.py:651} INFO - DAG(s) dict_keys(['example_xcom_args', 'example_xcom_args_with_operators']) retrieved from /home/airflow/.local/lib/python3.7/site-packages/airflow/example_dags/example_xcomargs.py
[2022-08-07 10:48:25,970] {processor.py:153} INFO - Started process (PID=191) to work on /home/airflow/.local/lib/python3.7/site-packages/airflow/example_dags/example_xcomargs.py
[2022-08-07 10:48:25,983] {processor.py:641} INFO - Processing file /home/airflow/.local/lib/python3.7/site-packages/airflow/example_dags/example_xcomargs.py for tasks to queue
[2022-08-07 10:48:25,990] {logging_mixin.py:115} INFO - [2022-08-07 10:48:25,990] {dagbag.py:508} INFO - Filling up the DagBag from /home/airflow/.local/lib/python3.7/site-packages/airflow/example_dags/example_xcomargs.py
[2022-08-07 10:48:26,273] {processor.py:651} INFO - DAG(s) dict_keys(['example_xcom_args', 'example_xcom_args_with_operators']) retrieved from /home/airflow/.local/lib/python3.7/site-packages/airflow/example_dags/example_xcomargs.py
[2022-08-07 10:48:27,107] {logging_mixin.py:115} INFO - [2022-08-07 10:48:27,106] {dag.py:2420} INFO - Sync 2 DAGs
[2022-08-07 10:48:27,275] {logging_mixin.py:115} INFO - [2022-08-07 10:48:27,275] {dag.py:2972} INFO - Setting next_dagrun for example_xcom_args to None, run_after=None
[2022-08-07 10:48:27,276] {logging_mixin.py:115} INFO - [2022-08-07 10:48:27,276] {dag.py:2972} INFO - Setting next_dagrun for example_xcom_args_with_operators to None, run_after=None
[2022-08-07 10:48:27,383] {processor.py:161} INFO - Processing /home/airflow/.local/lib/python3.7/site-packages/airflow/example_dags/example_xcomargs.py took 1.527 seconds
[2022-08-07 10:48:57,530] {processor.py:153} INFO - Started process (PID=243) to work on /home/airflow/.local/lib/python3.7/site-packages/airflow/example_dags/example_xcomargs.py
[2022-08-07 10:48:57,532] {processor.py:641} INFO - Processing file /home/airflow/.local/lib/python3.7/site-packages/airflow/example_dags/example_xcomargs.py for tasks to queue
[2022-08-07 10:48:57,534] {logging_mixin.py:115} INFO - [2022-08-07 10:48:57,534] {dagbag.py:508} INFO - Filling up the DagBag from /home/airflow/.local/lib/python3.7/site-packages/airflow/example_dags/example_xcomargs.py
[2022-08-07 10:48:57,609] {processor.py:651} INFO - DAG(s) dict_keys(['example_xcom_args', 'example_xcom_args_with_operators']) retrieved from /home/airflow/.local/lib/python3.7/site-packages/airflow/example_dags/example_xcomargs.py
[2022-08-07 10:48:57,953] {logging_mixin.py:115} INFO - [2022-08-07 10:48:57,953] {dag.py:2420} INFO - Sync 2 DAGs
[2022-08-07 10:48:58,041] {logging_mixin.py:115} INFO - [2022-08-07 10:48:58,041] {dag.py:2972} INFO - Setting next_dagrun for example_xcom_args to None, run_after=None
[2022-08-07 10:48:58,043] {logging_mixin.py:115} INFO - [2022-08-07 10:48:58,042] {dag.py:2972} INFO - Setting next_dagrun for example_xcom_args_with_operators to None, run_after=None
[2022-08-07 10:48:58,099] {processor.py:161} INFO - Processing /home/airflow/.local/lib/python3.7/site-packages/airflow/example_dags/example_xcomargs.py took 0.577 seconds
[2022-08-07 10:49:28,670] {processor.py:153} INFO - Started process (PID=293) to work on /home/airflow/.local/lib/python3.7/site-packages/airflow/example_dags/example_xcomargs.py
[2022-08-07 10:49:28,672] {processor.py:641} INFO - Processing file /home/airflow/.local/lib/python3.7/site-packages/airflow/example_dags/example_xcomargs.py for tasks to queue
[2022-08-07 10:49:28,674] {logging_mixin.py:115} INFO - [2022-08-07 10:49:28,673] {dagbag.py:508} INFO - Filling up the DagBag from /home/airflow/.local/lib/python3.7/site-packages/airflow/example_dags/example_xcomargs.py
[2022-08-07 10:49:28,736] {processor.py:651} INFO - DAG(s) dict_keys(['example_xcom_args', 'example_xcom_args_with_operators']) retrieved from /home/airflow/.local/lib/python3.7/site-packages/airflow/example_dags/example_xcomargs.py
[2022-08-07 10:49:28,984] {logging_mixin.py:115} INFO - [2022-08-07 10:49:28,984] {dag.py:2420} INFO - Sync 2 DAGs
[2022-08-07 10:49:29,063] {logging_mixin.py:115} INFO - [2022-08-07 10:49:29,063] {dag.py:2972} INFO - Setting next_dagrun for example_xcom_args to None, run_after=None
[2022-08-07 10:49:29,064] {logging_mixin.py:115} INFO - [2022-08-07 10:49:29,064] {dag.py:2972} INFO - Setting next_dagrun for example_xcom_args_with_operators to None, run_after=None
[2022-08-07 10:49:29,107] {processor.py:161} INFO - Processing /home/airflow/.local/lib/python3.7/site-packages/airflow/example_dags/example_xcomargs.py took 0.446 seconds
[2022-08-07 10:49:59,168] {processor.py:153} INFO - Started process (PID=347) to work on /home/airflow/.local/lib/python3.7/site-packages/airflow/example_dags/example_xcomargs.py
[2022-08-07 10:49:59,170] {processor.py:641} INFO - Processing file /home/airflow/.local/lib/python3.7/site-packages/airflow/example_dags/example_xcomargs.py for tasks to queue
[2022-08-07 10:49:59,172] {logging_mixin.py:115} INFO - [2022-08-07 10:49:59,172] {dagbag.py:508} INFO - Filling up the DagBag from /home/airflow/.local/lib/python3.7/site-packages/airflow/example_dags/example_xcomargs.py
[2022-08-07 10:49:59,242] {processor.py:651} INFO - DAG(s) dict_keys(['example_xcom_args', 'example_xcom_args_with_operators']) retrieved from /home/airflow/.local/lib/python3.7/site-packages/airflow/example_dags/example_xcomargs.py
[2022-08-07 10:49:59,351] {logging_mixin.py:115} INFO - [2022-08-07 10:49:59,350] {dag.py:2420} INFO - Sync 2 DAGs
[2022-08-07 10:49:59,425] {logging_mixin.py:115} INFO - [2022-08-07 10:49:59,425] {dag.py:2972} INFO - Setting next_dagrun for example_xcom_args to None, run_after=None
[2022-08-07 10:49:59,426] {logging_mixin.py:115} INFO - [2022-08-07 10:49:59,426] {dag.py:2972} INFO - Setting next_dagrun for example_xcom_args_with_operators to None, run_after=None
[2022-08-07 10:49:59,460] {processor.py:161} INFO - Processing /home/airflow/.local/lib/python3.7/site-packages/airflow/example_dags/example_xcomargs.py took 0.301 seconds
[2022-08-07 10:50:29,899] {processor.py:153} INFO - Started process (PID=398) to work on /home/airflow/.local/lib/python3.7/site-packages/airflow/example_dags/example_xcomargs.py
[2022-08-07 10:50:29,901] {processor.py:641} INFO - Processing file /home/airflow/.local/lib/python3.7/site-packages/airflow/example_dags/example_xcomargs.py for tasks to queue
[2022-08-07 10:50:29,902] {logging_mixin.py:115} INFO - [2022-08-07 10:50:29,902] {dagbag.py:508} INFO - Filling up the DagBag from /home/airflow/.local/lib/python3.7/site-packages/airflow/example_dags/example_xcomargs.py
[2022-08-07 10:50:29,986] {processor.py:651} INFO - DAG(s) dict_keys(['example_xcom_args', 'example_xcom_args_with_operators']) retrieved from /home/airflow/.local/lib/python3.7/site-packages/airflow/example_dags/example_xcomargs.py
[2022-08-07 10:50:30,358] {logging_mixin.py:115} INFO - [2022-08-07 10:50:30,357] {dag.py:2420} INFO - Sync 2 DAGs
[2022-08-07 10:50:30,467] {logging_mixin.py:115} INFO - [2022-08-07 10:50:30,466] {dag.py:2972} INFO - Setting next_dagrun for example_xcom_args to None, run_after=None
[2022-08-07 10:50:30,468] {logging_mixin.py:115} INFO - [2022-08-07 10:50:30,467] {dag.py:2972} INFO - Setting next_dagrun for example_xcom_args_with_operators to None, run_after=None
[2022-08-07 10:50:30,518] {processor.py:161} INFO - Processing /home/airflow/.local/lib/python3.7/site-packages/airflow/example_dags/example_xcomargs.py took 0.631 seconds
[2022-08-07 10:51:01,139] {processor.py:153} INFO - Started process (PID=450) to work on /home/airflow/.local/lib/python3.7/site-packages/airflow/example_dags/example_xcomargs.py
[2022-08-07 10:51:01,141] {processor.py:641} INFO - Processing file /home/airflow/.local/lib/python3.7/site-packages/airflow/example_dags/example_xcomargs.py for tasks to queue
[2022-08-07 10:51:01,143] {logging_mixin.py:115} INFO - [2022-08-07 10:51:01,143] {dagbag.py:508} INFO - Filling up the DagBag from /home/airflow/.local/lib/python3.7/site-packages/airflow/example_dags/example_xcomargs.py
[2022-08-07 10:51:01,247] {processor.py:651} INFO - DAG(s) dict_keys(['example_xcom_args', 'example_xcom_args_with_operators']) retrieved from /home/airflow/.local/lib/python3.7/site-packages/airflow/example_dags/example_xcomargs.py
[2022-08-07 10:51:01,594] {logging_mixin.py:115} INFO - [2022-08-07 10:51:01,594] {dag.py:2420} INFO - Sync 2 DAGs
[2022-08-07 10:51:01,687] {logging_mixin.py:115} INFO - [2022-08-07 10:51:01,687] {dag.py:2972} INFO - Setting next_dagrun for example_xcom_args to None, run_after=None
[2022-08-07 10:51:01,688] {logging_mixin.py:115} INFO - [2022-08-07 10:51:01,688] {dag.py:2972} INFO - Setting next_dagrun for example_xcom_args_with_operators to None, run_after=None
[2022-08-07 10:51:01,736] {processor.py:161} INFO - Processing /home/airflow/.local/lib/python3.7/site-packages/airflow/example_dags/example_xcomargs.py took 0.614 seconds
[2022-08-07 10:51:32,210] {processor.py:153} INFO - Started process (PID=501) to work on /home/airflow/.local/lib/python3.7/site-packages/airflow/example_dags/example_xcomargs.py
[2022-08-07 10:51:32,212] {processor.py:641} INFO - Processing file /home/airflow/.local/lib/python3.7/site-packages/airflow/example_dags/example_xcomargs.py for tasks to queue
[2022-08-07 10:51:32,215] {logging_mixin.py:115} INFO - [2022-08-07 10:51:32,214] {dagbag.py:508} INFO - Filling up the DagBag from /home/airflow/.local/lib/python3.7/site-packages/airflow/example_dags/example_xcomargs.py
[2022-08-07 10:51:32,307] {processor.py:651} INFO - DAG(s) dict_keys(['example_xcom_args', 'example_xcom_args_with_operators']) retrieved from /home/airflow/.local/lib/python3.7/site-packages/airflow/example_dags/example_xcomargs.py
[2022-08-07 10:51:32,720] {logging_mixin.py:115} INFO - [2022-08-07 10:51:32,720] {dag.py:2420} INFO - Sync 2 DAGs
[2022-08-07 10:51:32,814] {logging_mixin.py:115} INFO - [2022-08-07 10:51:32,814] {dag.py:2972} INFO - Setting next_dagrun for example_xcom_args to None, run_after=None
[2022-08-07 10:51:32,815] {logging_mixin.py:115} INFO - [2022-08-07 10:51:32,815] {dag.py:2972} INFO - Setting next_dagrun for example_xcom_args_with_operators to None, run_after=None
[2022-08-07 10:51:32,864] {processor.py:161} INFO - Processing /home/airflow/.local/lib/python3.7/site-packages/airflow/example_dags/example_xcomargs.py took 0.667 seconds
[2022-08-07 10:52:03,238] {processor.py:153} INFO - Started process (PID=544) to work on /home/airflow/.local/lib/python3.7/site-packages/airflow/example_dags/example_xcomargs.py
[2022-08-07 10:52:03,240] {processor.py:641} INFO - Processing file /home/airflow/.local/lib/python3.7/site-packages/airflow/example_dags/example_xcomargs.py for tasks to queue
[2022-08-07 10:52:03,249] {logging_mixin.py:115} INFO - [2022-08-07 10:52:03,249] {dagbag.py:508} INFO - Filling up the DagBag from /home/airflow/.local/lib/python3.7/site-packages/airflow/example_dags/example_xcomargs.py
[2022-08-07 10:52:03,423] {processor.py:651} INFO - DAG(s) dict_keys(['example_xcom_args', 'example_xcom_args_with_operators']) retrieved from /home/airflow/.local/lib/python3.7/site-packages/airflow/example_dags/example_xcomargs.py
[2022-08-07 10:52:04,309] {logging_mixin.py:115} INFO - [2022-08-07 10:52:04,309] {dag.py:2420} INFO - Sync 2 DAGs
[2022-08-07 10:52:04,620] {logging_mixin.py:115} INFO - [2022-08-07 10:52:04,620] {dag.py:2972} INFO - Setting next_dagrun for example_xcom_args to None, run_after=None
[2022-08-07 10:52:04,621] {logging_mixin.py:115} INFO - [2022-08-07 10:52:04,621] {dag.py:2972} INFO - Setting next_dagrun for example_xcom_args_with_operators to None, run_after=None
[2022-08-07 10:52:04,694] {processor.py:161} INFO - Processing /home/airflow/.local/lib/python3.7/site-packages/airflow/example_dags/example_xcomargs.py took 1.501 seconds
[2022-08-07 10:52:44,513] {processor.py:153} INFO - Started process (PID=597) to work on /home/airflow/.local/lib/python3.7/site-packages/airflow/example_dags/example_xcomargs.py
[2022-08-07 10:52:44,516] {processor.py:641} INFO - Processing file /home/airflow/.local/lib/python3.7/site-packages/airflow/example_dags/example_xcomargs.py for tasks to queue
[2022-08-07 10:52:44,561] {logging_mixin.py:115} INFO - [2022-08-07 10:52:44,561] {dagbag.py:508} INFO - Filling up the DagBag from /home/airflow/.local/lib/python3.7/site-packages/airflow/example_dags/example_xcomargs.py
[2022-08-07 10:52:45,215] {processor.py:651} INFO - DAG(s) dict_keys(['example_xcom_args', 'example_xcom_args_with_operators']) retrieved from /home/airflow/.local/lib/python3.7/site-packages/airflow/example_dags/example_xcomargs.py
[2022-08-07 10:52:48,121] {logging_mixin.py:115} INFO - [2022-08-07 10:52:48,120] {dag.py:2420} INFO - Sync 2 DAGs
[2022-08-07 10:52:48,575] {logging_mixin.py:115} INFO - [2022-08-07 10:52:48,574] {dag.py:2972} INFO - Setting next_dagrun for example_xcom_args to None, run_after=None
[2022-08-07 10:52:48,578] {logging_mixin.py:115} INFO - [2022-08-07 10:52:48,578] {dag.py:2972} INFO - Setting next_dagrun for example_xcom_args_with_operators to None, run_after=None
[2022-08-07 10:52:48,862] {processor.py:161} INFO - Processing /home/airflow/.local/lib/python3.7/site-packages/airflow/example_dags/example_xcomargs.py took 4.442 seconds
[2022-08-07 10:53:37,181] {processor.py:153} INFO - Started process (PID=640) to work on /home/airflow/.local/lib/python3.7/site-packages/airflow/example_dags/example_xcomargs.py
[2022-08-07 10:53:37,183] {processor.py:641} INFO - Processing file /home/airflow/.local/lib/python3.7/site-packages/airflow/example_dags/example_xcomargs.py for tasks to queue
[2022-08-07 10:53:37,186] {logging_mixin.py:115} INFO - [2022-08-07 10:53:37,186] {dagbag.py:508} INFO - Filling up the DagBag from /home/airflow/.local/lib/python3.7/site-packages/airflow/example_dags/example_xcomargs.py
[2022-08-07 10:53:37,295] {processor.py:651} INFO - DAG(s) dict_keys(['example_xcom_args', 'example_xcom_args_with_operators']) retrieved from /home/airflow/.local/lib/python3.7/site-packages/airflow/example_dags/example_xcomargs.py
[2022-08-07 10:53:37,590] {logging_mixin.py:115} INFO - [2022-08-07 10:53:37,590] {dag.py:2420} INFO - Sync 2 DAGs
[2022-08-07 10:53:37,671] {logging_mixin.py:115} INFO - [2022-08-07 10:53:37,671] {dag.py:2972} INFO - Setting next_dagrun for example_xcom_args to None, run_after=None
[2022-08-07 10:53:37,672] {logging_mixin.py:115} INFO - [2022-08-07 10:53:37,672] {dag.py:2972} INFO - Setting next_dagrun for example_xcom_args_with_operators to None, run_after=None
[2022-08-07 10:53:37,721] {processor.py:161} INFO - Processing /home/airflow/.local/lib/python3.7/site-packages/airflow/example_dags/example_xcomargs.py took 0.554 seconds
[2022-08-07 10:54:07,824] {processor.py:153} INFO - Started process (PID=693) to work on /home/airflow/.local/lib/python3.7/site-packages/airflow/example_dags/example_xcomargs.py
[2022-08-07 10:54:07,826] {processor.py:641} INFO - Processing file /home/airflow/.local/lib/python3.7/site-packages/airflow/example_dags/example_xcomargs.py for tasks to queue
[2022-08-07 10:54:07,827] {logging_mixin.py:115} INFO - [2022-08-07 10:54:07,827] {dagbag.py:508} INFO - Filling up the DagBag from /home/airflow/.local/lib/python3.7/site-packages/airflow/example_dags/example_xcomargs.py
[2022-08-07 10:54:07,889] {processor.py:651} INFO - DAG(s) dict_keys(['example_xcom_args', 'example_xcom_args_with_operators']) retrieved from /home/airflow/.local/lib/python3.7/site-packages/airflow/example_dags/example_xcomargs.py
[2022-08-07 10:54:08,124] {logging_mixin.py:115} INFO - [2022-08-07 10:54:08,123] {dag.py:2420} INFO - Sync 2 DAGs
[2022-08-07 10:54:08,184] {logging_mixin.py:115} INFO - [2022-08-07 10:54:08,183] {dag.py:2972} INFO - Setting next_dagrun for example_xcom_args to None, run_after=None
[2022-08-07 10:54:08,185] {logging_mixin.py:115} INFO - [2022-08-07 10:54:08,184] {dag.py:2972} INFO - Setting next_dagrun for example_xcom_args_with_operators to None, run_after=None
[2022-08-07 10:54:08,221] {processor.py:161} INFO - Processing /home/airflow/.local/lib/python3.7/site-packages/airflow/example_dags/example_xcomargs.py took 0.407 seconds
[2022-08-07 10:54:38,280] {processor.py:153} INFO - Started process (PID=745) to work on /home/airflow/.local/lib/python3.7/site-packages/airflow/example_dags/example_xcomargs.py
[2022-08-07 10:54:38,281] {processor.py:641} INFO - Processing file /home/airflow/.local/lib/python3.7/site-packages/airflow/example_dags/example_xcomargs.py for tasks to queue
[2022-08-07 10:54:38,282] {logging_mixin.py:115} INFO - [2022-08-07 10:54:38,282] {dagbag.py:508} INFO - Filling up the DagBag from /home/airflow/.local/lib/python3.7/site-packages/airflow/example_dags/example_xcomargs.py
[2022-08-07 10:54:38,333] {processor.py:651} INFO - DAG(s) dict_keys(['example_xcom_args', 'example_xcom_args_with_operators']) retrieved from /home/airflow/.local/lib/python3.7/site-packages/airflow/example_dags/example_xcomargs.py
[2022-08-07 10:54:38,579] {logging_mixin.py:115} INFO - [2022-08-07 10:54:38,579] {dag.py:2420} INFO - Sync 2 DAGs
[2022-08-07 10:54:38,637] {logging_mixin.py:115} INFO - [2022-08-07 10:54:38,637] {dag.py:2972} INFO - Setting next_dagrun for example_xcom_args to None, run_after=None
[2022-08-07 10:54:38,638] {logging_mixin.py:115} INFO - [2022-08-07 10:54:38,638] {dag.py:2972} INFO - Setting next_dagrun for example_xcom_args_with_operators to None, run_after=None
[2022-08-07 10:54:38,671] {processor.py:161} INFO - Processing /home/airflow/.local/lib/python3.7/site-packages/airflow/example_dags/example_xcomargs.py took 0.399 seconds
[2022-08-07 10:55:09,386] {processor.py:153} INFO - Started process (PID=797) to work on /home/airflow/.local/lib/python3.7/site-packages/airflow/example_dags/example_xcomargs.py
[2022-08-07 10:55:09,388] {processor.py:641} INFO - Processing file /home/airflow/.local/lib/python3.7/site-packages/airflow/example_dags/example_xcomargs.py for tasks to queue
[2022-08-07 10:55:09,390] {logging_mixin.py:115} INFO - [2022-08-07 10:55:09,390] {dagbag.py:508} INFO - Filling up the DagBag from /home/airflow/.local/lib/python3.7/site-packages/airflow/example_dags/example_xcomargs.py
[2022-08-07 10:55:09,481] {processor.py:651} INFO - DAG(s) dict_keys(['example_xcom_args', 'example_xcom_args_with_operators']) retrieved from /home/airflow/.local/lib/python3.7/site-packages/airflow/example_dags/example_xcomargs.py
[2022-08-07 10:55:09,851] {logging_mixin.py:115} INFO - [2022-08-07 10:55:09,851] {dag.py:2420} INFO - Sync 2 DAGs
[2022-08-07 10:55:09,935] {logging_mixin.py:115} INFO - [2022-08-07 10:55:09,935] {dag.py:2972} INFO - Setting next_dagrun for example_xcom_args to None, run_after=None
[2022-08-07 10:55:09,936] {logging_mixin.py:115} INFO - [2022-08-07 10:55:09,936] {dag.py:2972} INFO - Setting next_dagrun for example_xcom_args_with_operators to None, run_after=None
[2022-08-07 10:55:09,977] {processor.py:161} INFO - Processing /home/airflow/.local/lib/python3.7/site-packages/airflow/example_dags/example_xcomargs.py took 0.605 seconds
