[2022-08-07 10:45:31,465] {processor.py:153} INFO - Started process (PID=85) to work on /home/airflow/.local/lib/python3.7/site-packages/airflow/example_dags/example_branch_python_dop_operator_3.py
[2022-08-07 10:45:31,466] {processor.py:641} INFO - Processing file /home/airflow/.local/lib/python3.7/site-packages/airflow/example_dags/example_branch_python_dop_operator_3.py for tasks to queue
[2022-08-07 10:45:31,467] {logging_mixin.py:115} INFO - [2022-08-07 10:45:31,467] {dagbag.py:508} INFO - Filling up the DagBag from /home/airflow/.local/lib/python3.7/site-packages/airflow/example_dags/example_branch_python_dop_operator_3.py
[2022-08-07 10:45:31,504] {processor.py:651} INFO - DAG(s) dict_keys(['example_branch_dop_operator_v3']) retrieved from /home/airflow/.local/lib/python3.7/site-packages/airflow/example_dags/example_branch_python_dop_operator_3.py
[2022-08-07 10:45:31,836] {logging_mixin.py:115} INFO - [2022-08-07 10:45:31,836] {manager.py:508} INFO - Created Permission View: can read on DAG:example_branch_dop_operator_v3
[2022-08-07 10:45:31,878] {logging_mixin.py:115} INFO - [2022-08-07 10:45:31,878] {manager.py:508} INFO - Created Permission View: can delete on DAG:example_branch_dop_operator_v3
[2022-08-07 10:45:31,906] {logging_mixin.py:115} INFO - [2022-08-07 10:45:31,906] {manager.py:508} INFO - Created Permission View: can edit on DAG:example_branch_dop_operator_v3
[2022-08-07 10:45:31,907] {logging_mixin.py:115} INFO - [2022-08-07 10:45:31,907] {dag.py:2420} INFO - Sync 1 DAGs
[2022-08-07 10:45:31,951] {logging_mixin.py:115} INFO - [2022-08-07 10:45:31,951] {dag.py:2439} INFO - Creating ORM DAG for example_branch_dop_operator_v3
[2022-08-07 10:45:32,043] {logging_mixin.py:115} INFO - [2022-08-07 10:45:32,043] {dag.py:2972} INFO - Setting next_dagrun for example_branch_dop_operator_v3 to 2022-08-07T10:44:00+00:00, run_after=2022-08-07T10:45:00+00:00
[2022-08-07 10:45:32,108] {processor.py:161} INFO - Processing /home/airflow/.local/lib/python3.7/site-packages/airflow/example_dags/example_branch_python_dop_operator_3.py took 0.653 seconds
[2022-08-07 10:47:51,375] {processor.py:153} INFO - Started process (PID=153) to work on /home/airflow/.local/lib/python3.7/site-packages/airflow/example_dags/example_branch_python_dop_operator_3.py
[2022-08-07 10:47:51,386] {processor.py:641} INFO - Processing file /home/airflow/.local/lib/python3.7/site-packages/airflow/example_dags/example_branch_python_dop_operator_3.py for tasks to queue
[2022-08-07 10:47:51,388] {logging_mixin.py:115} INFO - [2022-08-07 10:47:51,388] {dagbag.py:508} INFO - Filling up the DagBag from /home/airflow/.local/lib/python3.7/site-packages/airflow/example_dags/example_branch_python_dop_operator_3.py
[2022-08-07 10:47:51,524] {processor.py:651} INFO - DAG(s) dict_keys(['example_branch_dop_operator_v3']) retrieved from /home/airflow/.local/lib/python3.7/site-packages/airflow/example_dags/example_branch_python_dop_operator_3.py
[2022-08-07 10:47:51,996] {logging_mixin.py:115} INFO - [2022-08-07 10:47:51,995] {dag.py:2420} INFO - Sync 1 DAGs
[2022-08-07 10:47:52,961] {logging_mixin.py:115} INFO - [2022-08-07 10:47:52,960] {dag.py:2972} INFO - Setting next_dagrun for example_branch_dop_operator_v3 to 2022-08-07T10:46:00+00:00, run_after=2022-08-07T10:47:00+00:00
[2022-08-07 10:47:53,095] {processor.py:161} INFO - Processing /home/airflow/.local/lib/python3.7/site-packages/airflow/example_dags/example_branch_python_dop_operator_3.py took 1.793 seconds
[2022-08-07 10:48:29,718] {processor.py:153} INFO - Started process (PID=198) to work on /home/airflow/.local/lib/python3.7/site-packages/airflow/example_dags/example_branch_python_dop_operator_3.py
[2022-08-07 10:48:29,728] {processor.py:641} INFO - Processing file /home/airflow/.local/lib/python3.7/site-packages/airflow/example_dags/example_branch_python_dop_operator_3.py for tasks to queue
[2022-08-07 10:48:29,750] {logging_mixin.py:115} INFO - [2022-08-07 10:48:29,750] {dagbag.py:508} INFO - Filling up the DagBag from /home/airflow/.local/lib/python3.7/site-packages/airflow/example_dags/example_branch_python_dop_operator_3.py
[2022-08-07 10:48:29,833] {processor.py:651} INFO - DAG(s) dict_keys(['example_branch_dop_operator_v3']) retrieved from /home/airflow/.local/lib/python3.7/site-packages/airflow/example_dags/example_branch_python_dop_operator_3.py
[2022-08-07 10:48:30,226] {logging_mixin.py:115} INFO - [2022-08-07 10:48:30,225] {dag.py:2420} INFO - Sync 1 DAGs
[2022-08-07 10:48:30,610] {logging_mixin.py:115} INFO - [2022-08-07 10:48:30,610] {dag.py:2972} INFO - Setting next_dagrun for example_branch_dop_operator_v3 to 2022-08-07T10:47:00+00:00, run_after=2022-08-07T10:48:00+00:00
[2022-08-07 10:48:30,754] {processor.py:161} INFO - Processing /home/airflow/.local/lib/python3.7/site-packages/airflow/example_dags/example_branch_python_dop_operator_3.py took 1.077 seconds
[2022-08-07 10:49:01,403] {processor.py:153} INFO - Started process (PID=250) to work on /home/airflow/.local/lib/python3.7/site-packages/airflow/example_dags/example_branch_python_dop_operator_3.py
[2022-08-07 10:49:01,405] {processor.py:641} INFO - Processing file /home/airflow/.local/lib/python3.7/site-packages/airflow/example_dags/example_branch_python_dop_operator_3.py for tasks to queue
[2022-08-07 10:49:01,406] {logging_mixin.py:115} INFO - [2022-08-07 10:49:01,406] {dagbag.py:508} INFO - Filling up the DagBag from /home/airflow/.local/lib/python3.7/site-packages/airflow/example_dags/example_branch_python_dop_operator_3.py
[2022-08-07 10:49:01,452] {processor.py:651} INFO - DAG(s) dict_keys(['example_branch_dop_operator_v3']) retrieved from /home/airflow/.local/lib/python3.7/site-packages/airflow/example_dags/example_branch_python_dop_operator_3.py
[2022-08-07 10:49:01,632] {logging_mixin.py:115} INFO - [2022-08-07 10:49:01,632] {dag.py:2420} INFO - Sync 1 DAGs
[2022-08-07 10:49:01,869] {logging_mixin.py:115} INFO - [2022-08-07 10:49:01,869] {dag.py:2972} INFO - Setting next_dagrun for example_branch_dop_operator_v3 to 2022-08-07T10:48:00+00:00, run_after=2022-08-07T10:49:00+00:00
[2022-08-07 10:49:01,937] {processor.py:161} INFO - Processing /home/airflow/.local/lib/python3.7/site-packages/airflow/example_dags/example_branch_python_dop_operator_3.py took 0.545 seconds
[2022-08-07 10:49:32,174] {processor.py:153} INFO - Started process (PID=302) to work on /home/airflow/.local/lib/python3.7/site-packages/airflow/example_dags/example_branch_python_dop_operator_3.py
[2022-08-07 10:49:32,176] {processor.py:641} INFO - Processing file /home/airflow/.local/lib/python3.7/site-packages/airflow/example_dags/example_branch_python_dop_operator_3.py for tasks to queue
[2022-08-07 10:49:32,177] {logging_mixin.py:115} INFO - [2022-08-07 10:49:32,177] {dagbag.py:508} INFO - Filling up the DagBag from /home/airflow/.local/lib/python3.7/site-packages/airflow/example_dags/example_branch_python_dop_operator_3.py
[2022-08-07 10:49:32,207] {processor.py:651} INFO - DAG(s) dict_keys(['example_branch_dop_operator_v3']) retrieved from /home/airflow/.local/lib/python3.7/site-packages/airflow/example_dags/example_branch_python_dop_operator_3.py
[2022-08-07 10:49:32,284] {logging_mixin.py:115} INFO - [2022-08-07 10:49:32,284] {dag.py:2420} INFO - Sync 1 DAGs
[2022-08-07 10:49:32,388] {logging_mixin.py:115} INFO - [2022-08-07 10:49:32,387] {dag.py:2972} INFO - Setting next_dagrun for example_branch_dop_operator_v3 to 2022-08-07T10:48:00+00:00, run_after=2022-08-07T10:49:00+00:00
[2022-08-07 10:49:32,422] {processor.py:161} INFO - Processing /home/airflow/.local/lib/python3.7/site-packages/airflow/example_dags/example_branch_python_dop_operator_3.py took 0.255 seconds
[2022-08-07 10:50:02,493] {processor.py:153} INFO - Started process (PID=354) to work on /home/airflow/.local/lib/python3.7/site-packages/airflow/example_dags/example_branch_python_dop_operator_3.py
[2022-08-07 10:50:02,495] {processor.py:641} INFO - Processing file /home/airflow/.local/lib/python3.7/site-packages/airflow/example_dags/example_branch_python_dop_operator_3.py for tasks to queue
[2022-08-07 10:50:02,496] {logging_mixin.py:115} INFO - [2022-08-07 10:50:02,496] {dagbag.py:508} INFO - Filling up the DagBag from /home/airflow/.local/lib/python3.7/site-packages/airflow/example_dags/example_branch_python_dop_operator_3.py
[2022-08-07 10:50:02,531] {processor.py:651} INFO - DAG(s) dict_keys(['example_branch_dop_operator_v3']) retrieved from /home/airflow/.local/lib/python3.7/site-packages/airflow/example_dags/example_branch_python_dop_operator_3.py
[2022-08-07 10:50:02,625] {logging_mixin.py:115} INFO - [2022-08-07 10:50:02,625] {dag.py:2420} INFO - Sync 1 DAGs
[2022-08-07 10:50:02,732] {logging_mixin.py:115} INFO - [2022-08-07 10:50:02,732] {dag.py:2972} INFO - Setting next_dagrun for example_branch_dop_operator_v3 to 2022-08-07T10:49:00+00:00, run_after=2022-08-07T10:50:00+00:00
[2022-08-07 10:50:02,793] {processor.py:161} INFO - Processing /home/airflow/.local/lib/python3.7/site-packages/airflow/example_dags/example_branch_python_dop_operator_3.py took 0.310 seconds
[2022-08-07 10:50:33,610] {processor.py:153} INFO - Started process (PID=405) to work on /home/airflow/.local/lib/python3.7/site-packages/airflow/example_dags/example_branch_python_dop_operator_3.py
[2022-08-07 10:50:33,612] {processor.py:641} INFO - Processing file /home/airflow/.local/lib/python3.7/site-packages/airflow/example_dags/example_branch_python_dop_operator_3.py for tasks to queue
[2022-08-07 10:50:33,614] {logging_mixin.py:115} INFO - [2022-08-07 10:50:33,614] {dagbag.py:508} INFO - Filling up the DagBag from /home/airflow/.local/lib/python3.7/site-packages/airflow/example_dags/example_branch_python_dop_operator_3.py
[2022-08-07 10:50:33,653] {processor.py:651} INFO - DAG(s) dict_keys(['example_branch_dop_operator_v3']) retrieved from /home/airflow/.local/lib/python3.7/site-packages/airflow/example_dags/example_branch_python_dop_operator_3.py
[2022-08-07 10:50:33,753] {logging_mixin.py:115} INFO - [2022-08-07 10:50:33,753] {dag.py:2420} INFO - Sync 1 DAGs
[2022-08-07 10:50:33,866] {logging_mixin.py:115} INFO - [2022-08-07 10:50:33,866] {dag.py:2972} INFO - Setting next_dagrun for example_branch_dop_operator_v3 to 2022-08-07T10:49:00+00:00, run_after=2022-08-07T10:50:00+00:00
[2022-08-07 10:50:33,903] {processor.py:161} INFO - Processing /home/airflow/.local/lib/python3.7/site-packages/airflow/example_dags/example_branch_python_dop_operator_3.py took 0.305 seconds
[2022-08-07 10:51:04,342] {processor.py:153} INFO - Started process (PID=457) to work on /home/airflow/.local/lib/python3.7/site-packages/airflow/example_dags/example_branch_python_dop_operator_3.py
[2022-08-07 10:51:04,343] {processor.py:641} INFO - Processing file /home/airflow/.local/lib/python3.7/site-packages/airflow/example_dags/example_branch_python_dop_operator_3.py for tasks to queue
[2022-08-07 10:51:04,344] {logging_mixin.py:115} INFO - [2022-08-07 10:51:04,344] {dagbag.py:508} INFO - Filling up the DagBag from /home/airflow/.local/lib/python3.7/site-packages/airflow/example_dags/example_branch_python_dop_operator_3.py
[2022-08-07 10:51:04,377] {processor.py:651} INFO - DAG(s) dict_keys(['example_branch_dop_operator_v3']) retrieved from /home/airflow/.local/lib/python3.7/site-packages/airflow/example_dags/example_branch_python_dop_operator_3.py
[2022-08-07 10:51:04,456] {logging_mixin.py:115} INFO - [2022-08-07 10:51:04,456] {dag.py:2420} INFO - Sync 1 DAGs
[2022-08-07 10:51:04,549] {logging_mixin.py:115} INFO - [2022-08-07 10:51:04,549] {dag.py:2972} INFO - Setting next_dagrun for example_branch_dop_operator_v3 to 2022-08-07T10:50:00+00:00, run_after=2022-08-07T10:51:00+00:00
[2022-08-07 10:51:04,579] {processor.py:161} INFO - Processing /home/airflow/.local/lib/python3.7/site-packages/airflow/example_dags/example_branch_python_dop_operator_3.py took 0.247 seconds
[2022-08-07 10:51:35,316] {processor.py:153} INFO - Started process (PID=508) to work on /home/airflow/.local/lib/python3.7/site-packages/airflow/example_dags/example_branch_python_dop_operator_3.py
[2022-08-07 10:51:35,319] {processor.py:641} INFO - Processing file /home/airflow/.local/lib/python3.7/site-packages/airflow/example_dags/example_branch_python_dop_operator_3.py for tasks to queue
[2022-08-07 10:51:35,322] {logging_mixin.py:115} INFO - [2022-08-07 10:51:35,321] {dagbag.py:508} INFO - Filling up the DagBag from /home/airflow/.local/lib/python3.7/site-packages/airflow/example_dags/example_branch_python_dop_operator_3.py
[2022-08-07 10:51:35,378] {processor.py:651} INFO - DAG(s) dict_keys(['example_branch_dop_operator_v3']) retrieved from /home/airflow/.local/lib/python3.7/site-packages/airflow/example_dags/example_branch_python_dop_operator_3.py
[2022-08-07 10:51:35,467] {logging_mixin.py:115} INFO - [2022-08-07 10:51:35,467] {dag.py:2420} INFO - Sync 1 DAGs
[2022-08-07 10:51:35,591] {logging_mixin.py:115} INFO - [2022-08-07 10:51:35,590] {dag.py:2972} INFO - Setting next_dagrun for example_branch_dop_operator_v3 to 2022-08-07T10:50:00+00:00, run_after=2022-08-07T10:51:00+00:00
[2022-08-07 10:51:35,651] {processor.py:161} INFO - Processing /home/airflow/.local/lib/python3.7/site-packages/airflow/example_dags/example_branch_python_dop_operator_3.py took 0.349 seconds
[2022-08-07 10:52:07,829] {processor.py:153} INFO - Started process (PID=559) to work on /home/airflow/.local/lib/python3.7/site-packages/airflow/example_dags/example_branch_python_dop_operator_3.py
[2022-08-07 10:52:07,831] {processor.py:641} INFO - Processing file /home/airflow/.local/lib/python3.7/site-packages/airflow/example_dags/example_branch_python_dop_operator_3.py for tasks to queue
[2022-08-07 10:52:07,838] {logging_mixin.py:115} INFO - [2022-08-07 10:52:07,838] {dagbag.py:508} INFO - Filling up the DagBag from /home/airflow/.local/lib/python3.7/site-packages/airflow/example_dags/example_branch_python_dop_operator_3.py
[2022-08-07 10:52:07,945] {processor.py:651} INFO - DAG(s) dict_keys(['example_branch_dop_operator_v3']) retrieved from /home/airflow/.local/lib/python3.7/site-packages/airflow/example_dags/example_branch_python_dop_operator_3.py
[2022-08-07 10:52:08,235] {logging_mixin.py:115} INFO - [2022-08-07 10:52:08,235] {dag.py:2420} INFO - Sync 1 DAGs
[2022-08-07 10:52:08,525] {logging_mixin.py:115} INFO - [2022-08-07 10:52:08,524] {dag.py:2972} INFO - Setting next_dagrun for example_branch_dop_operator_v3 to 2022-08-07T10:51:00+00:00, run_after=2022-08-07T10:52:00+00:00
[2022-08-07 10:52:08,659] {processor.py:161} INFO - Processing /home/airflow/.local/lib/python3.7/site-packages/airflow/example_dags/example_branch_python_dop_operator_3.py took 0.843 seconds
[2022-08-07 10:53:31,830] {processor.py:153} INFO - Started process (PID=616) to work on /home/airflow/.local/lib/python3.7/site-packages/airflow/example_dags/example_branch_python_dop_operator_3.py
[2022-08-07 10:53:31,832] {processor.py:641} INFO - Processing file /home/airflow/.local/lib/python3.7/site-packages/airflow/example_dags/example_branch_python_dop_operator_3.py for tasks to queue
[2022-08-07 10:53:31,834] {logging_mixin.py:115} INFO - [2022-08-07 10:53:31,834] {dagbag.py:508} INFO - Filling up the DagBag from /home/airflow/.local/lib/python3.7/site-packages/airflow/example_dags/example_branch_python_dop_operator_3.py
[2022-08-07 10:53:31,893] {processor.py:651} INFO - DAG(s) dict_keys(['example_branch_dop_operator_v3']) retrieved from /home/airflow/.local/lib/python3.7/site-packages/airflow/example_dags/example_branch_python_dop_operator_3.py
[2022-08-07 10:53:32,010] {logging_mixin.py:115} INFO - [2022-08-07 10:53:32,010] {dag.py:2420} INFO - Sync 1 DAGs
[2022-08-07 10:53:32,179] {logging_mixin.py:115} INFO - [2022-08-07 10:53:32,179] {dag.py:2972} INFO - Setting next_dagrun for example_branch_dop_operator_v3 to 2022-08-07T10:52:00+00:00, run_after=2022-08-07T10:53:00+00:00
[2022-08-07 10:53:32,227] {processor.py:161} INFO - Processing /home/airflow/.local/lib/python3.7/site-packages/airflow/example_dags/example_branch_python_dop_operator_3.py took 0.410 seconds
[2022-08-07 10:54:02,674] {processor.py:153} INFO - Started process (PID=669) to work on /home/airflow/.local/lib/python3.7/site-packages/airflow/example_dags/example_branch_python_dop_operator_3.py
[2022-08-07 10:54:02,676] {processor.py:641} INFO - Processing file /home/airflow/.local/lib/python3.7/site-packages/airflow/example_dags/example_branch_python_dop_operator_3.py for tasks to queue
[2022-08-07 10:54:02,678] {logging_mixin.py:115} INFO - [2022-08-07 10:54:02,678] {dagbag.py:508} INFO - Filling up the DagBag from /home/airflow/.local/lib/python3.7/site-packages/airflow/example_dags/example_branch_python_dop_operator_3.py
[2022-08-07 10:54:02,738] {processor.py:651} INFO - DAG(s) dict_keys(['example_branch_dop_operator_v3']) retrieved from /home/airflow/.local/lib/python3.7/site-packages/airflow/example_dags/example_branch_python_dop_operator_3.py
[2022-08-07 10:54:02,865] {logging_mixin.py:115} INFO - [2022-08-07 10:54:02,864] {dag.py:2420} INFO - Sync 1 DAGs
[2022-08-07 10:54:03,045] {logging_mixin.py:115} INFO - [2022-08-07 10:54:03,045] {dag.py:2972} INFO - Setting next_dagrun for example_branch_dop_operator_v3 to 2022-08-07T10:53:00+00:00, run_after=2022-08-07T10:54:00+00:00
[2022-08-07 10:54:03,093] {processor.py:161} INFO - Processing /home/airflow/.local/lib/python3.7/site-packages/airflow/example_dags/example_branch_python_dop_operator_3.py took 0.431 seconds
[2022-08-07 10:54:33,341] {processor.py:153} INFO - Started process (PID=721) to work on /home/airflow/.local/lib/python3.7/site-packages/airflow/example_dags/example_branch_python_dop_operator_3.py
[2022-08-07 10:54:33,343] {processor.py:641} INFO - Processing file /home/airflow/.local/lib/python3.7/site-packages/airflow/example_dags/example_branch_python_dop_operator_3.py for tasks to queue
[2022-08-07 10:54:33,345] {logging_mixin.py:115} INFO - [2022-08-07 10:54:33,345] {dagbag.py:508} INFO - Filling up the DagBag from /home/airflow/.local/lib/python3.7/site-packages/airflow/example_dags/example_branch_python_dop_operator_3.py
[2022-08-07 10:54:33,391] {processor.py:651} INFO - DAG(s) dict_keys(['example_branch_dop_operator_v3']) retrieved from /home/airflow/.local/lib/python3.7/site-packages/airflow/example_dags/example_branch_python_dop_operator_3.py
[2022-08-07 10:54:33,480] {logging_mixin.py:115} INFO - [2022-08-07 10:54:33,480] {dag.py:2420} INFO - Sync 1 DAGs
[2022-08-07 10:54:33,591] {logging_mixin.py:115} INFO - [2022-08-07 10:54:33,591] {dag.py:2972} INFO - Setting next_dagrun for example_branch_dop_operator_v3 to 2022-08-07T10:53:00+00:00, run_after=2022-08-07T10:54:00+00:00
[2022-08-07 10:54:33,626] {processor.py:161} INFO - Processing /home/airflow/.local/lib/python3.7/site-packages/airflow/example_dags/example_branch_python_dop_operator_3.py took 0.298 seconds
[2022-08-07 10:55:04,418] {processor.py:153} INFO - Started process (PID=773) to work on /home/airflow/.local/lib/python3.7/site-packages/airflow/example_dags/example_branch_python_dop_operator_3.py
[2022-08-07 10:55:04,420] {processor.py:641} INFO - Processing file /home/airflow/.local/lib/python3.7/site-packages/airflow/example_dags/example_branch_python_dop_operator_3.py for tasks to queue
[2022-08-07 10:55:04,423] {logging_mixin.py:115} INFO - [2022-08-07 10:55:04,422] {dagbag.py:508} INFO - Filling up the DagBag from /home/airflow/.local/lib/python3.7/site-packages/airflow/example_dags/example_branch_python_dop_operator_3.py
[2022-08-07 10:55:04,475] {processor.py:651} INFO - DAG(s) dict_keys(['example_branch_dop_operator_v3']) retrieved from /home/airflow/.local/lib/python3.7/site-packages/airflow/example_dags/example_branch_python_dop_operator_3.py
[2022-08-07 10:55:04,591] {logging_mixin.py:115} INFO - [2022-08-07 10:55:04,591] {dag.py:2420} INFO - Sync 1 DAGs
[2022-08-07 10:55:04,755] {logging_mixin.py:115} INFO - [2022-08-07 10:55:04,754] {dag.py:2972} INFO - Setting next_dagrun for example_branch_dop_operator_v3 to 2022-08-07T10:54:00+00:00, run_after=2022-08-07T10:55:00+00:00
[2022-08-07 10:55:04,841] {processor.py:161} INFO - Processing /home/airflow/.local/lib/python3.7/site-packages/airflow/example_dags/example_branch_python_dop_operator_3.py took 0.437 seconds
[2022-08-07 10:55:35,266] {processor.py:153} INFO - Started process (PID=825) to work on /home/airflow/.local/lib/python3.7/site-packages/airflow/example_dags/example_branch_python_dop_operator_3.py
[2022-08-07 10:55:35,268] {processor.py:641} INFO - Processing file /home/airflow/.local/lib/python3.7/site-packages/airflow/example_dags/example_branch_python_dop_operator_3.py for tasks to queue
[2022-08-07 10:55:35,269] {logging_mixin.py:115} INFO - [2022-08-07 10:55:35,269] {dagbag.py:508} INFO - Filling up the DagBag from /home/airflow/.local/lib/python3.7/site-packages/airflow/example_dags/example_branch_python_dop_operator_3.py
[2022-08-07 10:55:35,304] {processor.py:651} INFO - DAG(s) dict_keys(['example_branch_dop_operator_v3']) retrieved from /home/airflow/.local/lib/python3.7/site-packages/airflow/example_dags/example_branch_python_dop_operator_3.py
[2022-08-07 10:55:35,388] {logging_mixin.py:115} INFO - [2022-08-07 10:55:35,387] {dag.py:2420} INFO - Sync 1 DAGs
[2022-08-07 10:55:35,530] {logging_mixin.py:115} INFO - [2022-08-07 10:55:35,529] {dag.py:2972} INFO - Setting next_dagrun for example_branch_dop_operator_v3 to 2022-08-07T10:54:00+00:00, run_after=2022-08-07T10:55:00+00:00
[2022-08-07 10:55:35,572] {processor.py:161} INFO - Processing /home/airflow/.local/lib/python3.7/site-packages/airflow/example_dags/example_branch_python_dop_operator_3.py took 0.317 seconds
[2022-08-07 10:56:05,936] {processor.py:153} INFO - Started process (PID=877) to work on /home/airflow/.local/lib/python3.7/site-packages/airflow/example_dags/example_branch_python_dop_operator_3.py
[2022-08-07 10:56:05,938] {processor.py:641} INFO - Processing file /home/airflow/.local/lib/python3.7/site-packages/airflow/example_dags/example_branch_python_dop_operator_3.py for tasks to queue
[2022-08-07 10:56:05,940] {logging_mixin.py:115} INFO - [2022-08-07 10:56:05,939] {dagbag.py:508} INFO - Filling up the DagBag from /home/airflow/.local/lib/python3.7/site-packages/airflow/example_dags/example_branch_python_dop_operator_3.py
[2022-08-07 10:56:05,986] {processor.py:651} INFO - DAG(s) dict_keys(['example_branch_dop_operator_v3']) retrieved from /home/airflow/.local/lib/python3.7/site-packages/airflow/example_dags/example_branch_python_dop_operator_3.py
[2022-08-07 10:56:06,097] {logging_mixin.py:115} INFO - [2022-08-07 10:56:06,097] {dag.py:2420} INFO - Sync 1 DAGs
[2022-08-07 10:56:06,255] {logging_mixin.py:115} INFO - [2022-08-07 10:56:06,255] {dag.py:2972} INFO - Setting next_dagrun for example_branch_dop_operator_v3 to 2022-08-07T10:55:00+00:00, run_after=2022-08-07T10:56:00+00:00
[2022-08-07 10:56:06,304] {processor.py:161} INFO - Processing /home/airflow/.local/lib/python3.7/site-packages/airflow/example_dags/example_branch_python_dop_operator_3.py took 0.379 seconds
[2022-08-07 10:56:36,669] {processor.py:153} INFO - Started process (PID=929) to work on /home/airflow/.local/lib/python3.7/site-packages/airflow/example_dags/example_branch_python_dop_operator_3.py
[2022-08-07 10:56:36,671] {processor.py:641} INFO - Processing file /home/airflow/.local/lib/python3.7/site-packages/airflow/example_dags/example_branch_python_dop_operator_3.py for tasks to queue
[2022-08-07 10:56:36,673] {logging_mixin.py:115} INFO - [2022-08-07 10:56:36,673] {dagbag.py:508} INFO - Filling up the DagBag from /home/airflow/.local/lib/python3.7/site-packages/airflow/example_dags/example_branch_python_dop_operator_3.py
[2022-08-07 10:56:36,712] {processor.py:651} INFO - DAG(s) dict_keys(['example_branch_dop_operator_v3']) retrieved from /home/airflow/.local/lib/python3.7/site-packages/airflow/example_dags/example_branch_python_dop_operator_3.py
[2022-08-07 10:56:36,814] {logging_mixin.py:115} INFO - [2022-08-07 10:56:36,813] {dag.py:2420} INFO - Sync 1 DAGs
[2022-08-07 10:56:36,948] {logging_mixin.py:115} INFO - [2022-08-07 10:56:36,948] {dag.py:2972} INFO - Setting next_dagrun for example_branch_dop_operator_v3 to 2022-08-07T10:55:00+00:00, run_after=2022-08-07T10:56:00+00:00
[2022-08-07 10:56:36,985] {processor.py:161} INFO - Processing /home/airflow/.local/lib/python3.7/site-packages/airflow/example_dags/example_branch_python_dop_operator_3.py took 0.328 seconds
[2022-08-07 10:57:07,177] {processor.py:153} INFO - Started process (PID=981) to work on /home/airflow/.local/lib/python3.7/site-packages/airflow/example_dags/example_branch_python_dop_operator_3.py
[2022-08-07 10:57:07,179] {processor.py:641} INFO - Processing file /home/airflow/.local/lib/python3.7/site-packages/airflow/example_dags/example_branch_python_dop_operator_3.py for tasks to queue
[2022-08-07 10:57:07,181] {logging_mixin.py:115} INFO - [2022-08-07 10:57:07,180] {dagbag.py:508} INFO - Filling up the DagBag from /home/airflow/.local/lib/python3.7/site-packages/airflow/example_dags/example_branch_python_dop_operator_3.py
[2022-08-07 10:57:07,222] {processor.py:651} INFO - DAG(s) dict_keys(['example_branch_dop_operator_v3']) retrieved from /home/airflow/.local/lib/python3.7/site-packages/airflow/example_dags/example_branch_python_dop_operator_3.py
[2022-08-07 10:57:07,312] {logging_mixin.py:115} INFO - [2022-08-07 10:57:07,312] {dag.py:2420} INFO - Sync 1 DAGs
[2022-08-07 10:57:07,430] {logging_mixin.py:115} INFO - [2022-08-07 10:57:07,430] {dag.py:2972} INFO - Setting next_dagrun for example_branch_dop_operator_v3 to 2022-08-07T10:56:00+00:00, run_after=2022-08-07T10:57:00+00:00
[2022-08-07 10:57:07,470] {processor.py:161} INFO - Processing /home/airflow/.local/lib/python3.7/site-packages/airflow/example_dags/example_branch_python_dop_operator_3.py took 0.302 seconds
[2022-08-07 10:57:38,415] {processor.py:153} INFO - Started process (PID=1033) to work on /home/airflow/.local/lib/python3.7/site-packages/airflow/example_dags/example_branch_python_dop_operator_3.py
[2022-08-07 10:57:38,417] {processor.py:641} INFO - Processing file /home/airflow/.local/lib/python3.7/site-packages/airflow/example_dags/example_branch_python_dop_operator_3.py for tasks to queue
[2022-08-07 10:57:38,419] {logging_mixin.py:115} INFO - [2022-08-07 10:57:38,419] {dagbag.py:508} INFO - Filling up the DagBag from /home/airflow/.local/lib/python3.7/site-packages/airflow/example_dags/example_branch_python_dop_operator_3.py
[2022-08-07 10:57:38,459] {processor.py:651} INFO - DAG(s) dict_keys(['example_branch_dop_operator_v3']) retrieved from /home/airflow/.local/lib/python3.7/site-packages/airflow/example_dags/example_branch_python_dop_operator_3.py
[2022-08-07 10:57:38,548] {logging_mixin.py:115} INFO - [2022-08-07 10:57:38,547] {dag.py:2420} INFO - Sync 1 DAGs
[2022-08-07 10:57:38,652] {logging_mixin.py:115} INFO - [2022-08-07 10:57:38,651] {dag.py:2972} INFO - Setting next_dagrun for example_branch_dop_operator_v3 to 2022-08-07T10:56:00+00:00, run_after=2022-08-07T10:57:00+00:00
[2022-08-07 10:57:38,685] {processor.py:161} INFO - Processing /home/airflow/.local/lib/python3.7/site-packages/airflow/example_dags/example_branch_python_dop_operator_3.py took 0.281 seconds
[2022-08-07 10:58:09,361] {processor.py:153} INFO - Started process (PID=1085) to work on /home/airflow/.local/lib/python3.7/site-packages/airflow/example_dags/example_branch_python_dop_operator_3.py
[2022-08-07 10:58:09,363] {processor.py:641} INFO - Processing file /home/airflow/.local/lib/python3.7/site-packages/airflow/example_dags/example_branch_python_dop_operator_3.py for tasks to queue
[2022-08-07 10:58:09,366] {logging_mixin.py:115} INFO - [2022-08-07 10:58:09,366] {dagbag.py:508} INFO - Filling up the DagBag from /home/airflow/.local/lib/python3.7/site-packages/airflow/example_dags/example_branch_python_dop_operator_3.py
[2022-08-07 10:58:09,437] {processor.py:651} INFO - DAG(s) dict_keys(['example_branch_dop_operator_v3']) retrieved from /home/airflow/.local/lib/python3.7/site-packages/airflow/example_dags/example_branch_python_dop_operator_3.py
[2022-08-07 10:58:09,576] {logging_mixin.py:115} INFO - [2022-08-07 10:58:09,575] {dag.py:2420} INFO - Sync 1 DAGs
[2022-08-07 10:58:09,753] {logging_mixin.py:115} INFO - [2022-08-07 10:58:09,752] {dag.py:2972} INFO - Setting next_dagrun for example_branch_dop_operator_v3 to 2022-08-07T10:57:00+00:00, run_after=2022-08-07T10:58:00+00:00
[2022-08-07 10:58:09,807] {processor.py:161} INFO - Processing /home/airflow/.local/lib/python3.7/site-packages/airflow/example_dags/example_branch_python_dop_operator_3.py took 0.462 seconds
[2022-08-07 10:58:39,951] {processor.py:153} INFO - Started process (PID=1128) to work on /home/airflow/.local/lib/python3.7/site-packages/airflow/example_dags/example_branch_python_dop_operator_3.py
[2022-08-07 10:58:39,952] {processor.py:641} INFO - Processing file /home/airflow/.local/lib/python3.7/site-packages/airflow/example_dags/example_branch_python_dop_operator_3.py for tasks to queue
[2022-08-07 10:58:39,954] {logging_mixin.py:115} INFO - [2022-08-07 10:58:39,953] {dagbag.py:508} INFO - Filling up the DagBag from /home/airflow/.local/lib/python3.7/site-packages/airflow/example_dags/example_branch_python_dop_operator_3.py
[2022-08-07 10:58:39,988] {processor.py:651} INFO - DAG(s) dict_keys(['example_branch_dop_operator_v3']) retrieved from /home/airflow/.local/lib/python3.7/site-packages/airflow/example_dags/example_branch_python_dop_operator_3.py
[2022-08-07 10:58:40,066] {logging_mixin.py:115} INFO - [2022-08-07 10:58:40,066] {dag.py:2420} INFO - Sync 1 DAGs
[2022-08-07 10:58:40,189] {logging_mixin.py:115} INFO - [2022-08-07 10:58:40,189] {dag.py:2972} INFO - Setting next_dagrun for example_branch_dop_operator_v3 to 2022-08-07T10:57:00+00:00, run_after=2022-08-07T10:58:00+00:00
[2022-08-07 10:58:40,223] {processor.py:161} INFO - Processing /home/airflow/.local/lib/python3.7/site-packages/airflow/example_dags/example_branch_python_dop_operator_3.py took 0.281 seconds
[2022-08-07 10:59:10,695] {processor.py:153} INFO - Started process (PID=1180) to work on /home/airflow/.local/lib/python3.7/site-packages/airflow/example_dags/example_branch_python_dop_operator_3.py
[2022-08-07 10:59:10,696] {processor.py:641} INFO - Processing file /home/airflow/.local/lib/python3.7/site-packages/airflow/example_dags/example_branch_python_dop_operator_3.py for tasks to queue
[2022-08-07 10:59:10,698] {logging_mixin.py:115} INFO - [2022-08-07 10:59:10,697] {dagbag.py:508} INFO - Filling up the DagBag from /home/airflow/.local/lib/python3.7/site-packages/airflow/example_dags/example_branch_python_dop_operator_3.py
[2022-08-07 10:59:10,733] {processor.py:651} INFO - DAG(s) dict_keys(['example_branch_dop_operator_v3']) retrieved from /home/airflow/.local/lib/python3.7/site-packages/airflow/example_dags/example_branch_python_dop_operator_3.py
[2022-08-07 10:59:10,818] {logging_mixin.py:115} INFO - [2022-08-07 10:59:10,818] {dag.py:2420} INFO - Sync 1 DAGs
[2022-08-07 10:59:10,918] {logging_mixin.py:115} INFO - [2022-08-07 10:59:10,917] {dag.py:2972} INFO - Setting next_dagrun for example_branch_dop_operator_v3 to 2022-08-07T10:58:00+00:00, run_after=2022-08-07T10:59:00+00:00
[2022-08-07 10:59:10,952] {processor.py:161} INFO - Processing /home/airflow/.local/lib/python3.7/site-packages/airflow/example_dags/example_branch_python_dop_operator_3.py took 0.268 seconds
[2022-08-07 10:59:41,728] {processor.py:153} INFO - Started process (PID=1232) to work on /home/airflow/.local/lib/python3.7/site-packages/airflow/example_dags/example_branch_python_dop_operator_3.py
[2022-08-07 10:59:41,730] {processor.py:641} INFO - Processing file /home/airflow/.local/lib/python3.7/site-packages/airflow/example_dags/example_branch_python_dop_operator_3.py for tasks to queue
[2022-08-07 10:59:41,732] {logging_mixin.py:115} INFO - [2022-08-07 10:59:41,732] {dagbag.py:508} INFO - Filling up the DagBag from /home/airflow/.local/lib/python3.7/site-packages/airflow/example_dags/example_branch_python_dop_operator_3.py
[2022-08-07 10:59:41,781] {processor.py:651} INFO - DAG(s) dict_keys(['example_branch_dop_operator_v3']) retrieved from /home/airflow/.local/lib/python3.7/site-packages/airflow/example_dags/example_branch_python_dop_operator_3.py
[2022-08-07 10:59:41,896] {logging_mixin.py:115} INFO - [2022-08-07 10:59:41,896] {dag.py:2420} INFO - Sync 1 DAGs
[2022-08-07 10:59:42,075] {logging_mixin.py:115} INFO - [2022-08-07 10:59:42,074] {dag.py:2972} INFO - Setting next_dagrun for example_branch_dop_operator_v3 to 2022-08-07T10:58:00+00:00, run_after=2022-08-07T10:59:00+00:00
[2022-08-07 10:59:42,130] {processor.py:161} INFO - Processing /home/airflow/.local/lib/python3.7/site-packages/airflow/example_dags/example_branch_python_dop_operator_3.py took 0.416 seconds
[2022-08-07 11:00:12,324] {processor.py:153} INFO - Started process (PID=1284) to work on /home/airflow/.local/lib/python3.7/site-packages/airflow/example_dags/example_branch_python_dop_operator_3.py
[2022-08-07 11:00:12,325] {processor.py:641} INFO - Processing file /home/airflow/.local/lib/python3.7/site-packages/airflow/example_dags/example_branch_python_dop_operator_3.py for tasks to queue
[2022-08-07 11:00:12,327] {logging_mixin.py:115} INFO - [2022-08-07 11:00:12,326] {dagbag.py:508} INFO - Filling up the DagBag from /home/airflow/.local/lib/python3.7/site-packages/airflow/example_dags/example_branch_python_dop_operator_3.py
[2022-08-07 11:00:12,368] {processor.py:651} INFO - DAG(s) dict_keys(['example_branch_dop_operator_v3']) retrieved from /home/airflow/.local/lib/python3.7/site-packages/airflow/example_dags/example_branch_python_dop_operator_3.py
[2022-08-07 11:00:12,446] {logging_mixin.py:115} INFO - [2022-08-07 11:00:12,446] {dag.py:2420} INFO - Sync 1 DAGs
[2022-08-07 11:00:12,548] {logging_mixin.py:115} INFO - [2022-08-07 11:00:12,547] {dag.py:2972} INFO - Setting next_dagrun for example_branch_dop_operator_v3 to 2022-08-07T10:59:00+00:00, run_after=2022-08-07T11:00:00+00:00
[2022-08-07 11:00:12,589] {processor.py:161} INFO - Processing /home/airflow/.local/lib/python3.7/site-packages/airflow/example_dags/example_branch_python_dop_operator_3.py took 0.276 seconds
[2022-08-07 11:00:43,458] {processor.py:153} INFO - Started process (PID=1333) to work on /home/airflow/.local/lib/python3.7/site-packages/airflow/example_dags/example_branch_python_dop_operator_3.py
[2022-08-07 11:00:43,460] {processor.py:641} INFO - Processing file /home/airflow/.local/lib/python3.7/site-packages/airflow/example_dags/example_branch_python_dop_operator_3.py for tasks to queue
[2022-08-07 11:00:43,462] {logging_mixin.py:115} INFO - [2022-08-07 11:00:43,462] {dagbag.py:508} INFO - Filling up the DagBag from /home/airflow/.local/lib/python3.7/site-packages/airflow/example_dags/example_branch_python_dop_operator_3.py
[2022-08-07 11:00:43,514] {processor.py:651} INFO - DAG(s) dict_keys(['example_branch_dop_operator_v3']) retrieved from /home/airflow/.local/lib/python3.7/site-packages/airflow/example_dags/example_branch_python_dop_operator_3.py
[2022-08-07 11:00:43,607] {logging_mixin.py:115} INFO - [2022-08-07 11:00:43,607] {dag.py:2420} INFO - Sync 1 DAGs
[2022-08-07 11:00:43,722] {logging_mixin.py:115} INFO - [2022-08-07 11:00:43,721] {dag.py:2972} INFO - Setting next_dagrun for example_branch_dop_operator_v3 to 2022-08-07T10:59:00+00:00, run_after=2022-08-07T11:00:00+00:00
[2022-08-07 11:00:43,759] {processor.py:161} INFO - Processing /home/airflow/.local/lib/python3.7/site-packages/airflow/example_dags/example_branch_python_dop_operator_3.py took 0.316 seconds
[2022-08-07 11:01:14,647] {processor.py:153} INFO - Started process (PID=1378) to work on /home/airflow/.local/lib/python3.7/site-packages/airflow/example_dags/example_branch_python_dop_operator_3.py
[2022-08-07 11:01:14,649] {processor.py:641} INFO - Processing file /home/airflow/.local/lib/python3.7/site-packages/airflow/example_dags/example_branch_python_dop_operator_3.py for tasks to queue
[2022-08-07 11:01:14,651] {logging_mixin.py:115} INFO - [2022-08-07 11:01:14,651] {dagbag.py:508} INFO - Filling up the DagBag from /home/airflow/.local/lib/python3.7/site-packages/airflow/example_dags/example_branch_python_dop_operator_3.py
[2022-08-07 11:01:14,705] {processor.py:651} INFO - DAG(s) dict_keys(['example_branch_dop_operator_v3']) retrieved from /home/airflow/.local/lib/python3.7/site-packages/airflow/example_dags/example_branch_python_dop_operator_3.py
[2022-08-07 11:01:14,815] {logging_mixin.py:115} INFO - [2022-08-07 11:01:14,814] {dag.py:2420} INFO - Sync 1 DAGs
[2022-08-07 11:01:14,924] {logging_mixin.py:115} INFO - [2022-08-07 11:01:14,923] {dag.py:2972} INFO - Setting next_dagrun for example_branch_dop_operator_v3 to 2022-08-07T11:00:00+00:00, run_after=2022-08-07T11:01:00+00:00
[2022-08-07 11:01:14,963] {processor.py:161} INFO - Processing /home/airflow/.local/lib/python3.7/site-packages/airflow/example_dags/example_branch_python_dop_operator_3.py took 0.330 seconds
[2022-08-07 11:01:45,772] {processor.py:153} INFO - Started process (PID=1430) to work on /home/airflow/.local/lib/python3.7/site-packages/airflow/example_dags/example_branch_python_dop_operator_3.py
[2022-08-07 11:01:45,774] {processor.py:641} INFO - Processing file /home/airflow/.local/lib/python3.7/site-packages/airflow/example_dags/example_branch_python_dop_operator_3.py for tasks to queue
[2022-08-07 11:01:45,777] {logging_mixin.py:115} INFO - [2022-08-07 11:01:45,776] {dagbag.py:508} INFO - Filling up the DagBag from /home/airflow/.local/lib/python3.7/site-packages/airflow/example_dags/example_branch_python_dop_operator_3.py
[2022-08-07 11:01:45,839] {processor.py:651} INFO - DAG(s) dict_keys(['example_branch_dop_operator_v3']) retrieved from /home/airflow/.local/lib/python3.7/site-packages/airflow/example_dags/example_branch_python_dop_operator_3.py
[2022-08-07 11:01:45,975] {logging_mixin.py:115} INFO - [2022-08-07 11:01:45,975] {dag.py:2420} INFO - Sync 1 DAGs
[2022-08-07 11:01:46,162] {logging_mixin.py:115} INFO - [2022-08-07 11:01:46,162] {dag.py:2972} INFO - Setting next_dagrun for example_branch_dop_operator_v3 to 2022-08-07T11:00:00+00:00, run_after=2022-08-07T11:01:00+00:00
[2022-08-07 11:01:46,215] {processor.py:161} INFO - Processing /home/airflow/.local/lib/python3.7/site-packages/airflow/example_dags/example_branch_python_dop_operator_3.py took 0.459 seconds
[2022-08-07 11:02:16,442] {processor.py:153} INFO - Started process (PID=1482) to work on /home/airflow/.local/lib/python3.7/site-packages/airflow/example_dags/example_branch_python_dop_operator_3.py
[2022-08-07 11:02:16,444] {processor.py:641} INFO - Processing file /home/airflow/.local/lib/python3.7/site-packages/airflow/example_dags/example_branch_python_dop_operator_3.py for tasks to queue
[2022-08-07 11:02:16,447] {logging_mixin.py:115} INFO - [2022-08-07 11:02:16,447] {dagbag.py:508} INFO - Filling up the DagBag from /home/airflow/.local/lib/python3.7/site-packages/airflow/example_dags/example_branch_python_dop_operator_3.py
[2022-08-07 11:02:16,529] {processor.py:651} INFO - DAG(s) dict_keys(['example_branch_dop_operator_v3']) retrieved from /home/airflow/.local/lib/python3.7/site-packages/airflow/example_dags/example_branch_python_dop_operator_3.py
[2022-08-07 11:02:16,662] {logging_mixin.py:115} INFO - [2022-08-07 11:02:16,661] {dag.py:2420} INFO - Sync 1 DAGs
[2022-08-07 11:02:16,837] {logging_mixin.py:115} INFO - [2022-08-07 11:02:16,837] {dag.py:2972} INFO - Setting next_dagrun for example_branch_dop_operator_v3 to 2022-08-07T11:01:00+00:00, run_after=2022-08-07T11:02:00+00:00
[2022-08-07 11:02:16,894] {processor.py:161} INFO - Processing /home/airflow/.local/lib/python3.7/site-packages/airflow/example_dags/example_branch_python_dop_operator_3.py took 0.467 seconds
[2022-08-07 11:02:47,760] {processor.py:153} INFO - Started process (PID=1535) to work on /home/airflow/.local/lib/python3.7/site-packages/airflow/example_dags/example_branch_python_dop_operator_3.py
[2022-08-07 11:02:47,761] {processor.py:641} INFO - Processing file /home/airflow/.local/lib/python3.7/site-packages/airflow/example_dags/example_branch_python_dop_operator_3.py for tasks to queue
[2022-08-07 11:02:47,763] {logging_mixin.py:115} INFO - [2022-08-07 11:02:47,763] {dagbag.py:508} INFO - Filling up the DagBag from /home/airflow/.local/lib/python3.7/site-packages/airflow/example_dags/example_branch_python_dop_operator_3.py
[2022-08-07 11:02:47,812] {processor.py:651} INFO - DAG(s) dict_keys(['example_branch_dop_operator_v3']) retrieved from /home/airflow/.local/lib/python3.7/site-packages/airflow/example_dags/example_branch_python_dop_operator_3.py
[2022-08-07 11:02:47,920] {logging_mixin.py:115} INFO - [2022-08-07 11:02:47,920] {dag.py:2420} INFO - Sync 1 DAGs
[2022-08-07 11:02:48,085] {logging_mixin.py:115} INFO - [2022-08-07 11:02:48,085] {dag.py:2972} INFO - Setting next_dagrun for example_branch_dop_operator_v3 to 2022-08-07T11:01:00+00:00, run_after=2022-08-07T11:02:00+00:00
[2022-08-07 11:02:48,140] {processor.py:161} INFO - Processing /home/airflow/.local/lib/python3.7/site-packages/airflow/example_dags/example_branch_python_dop_operator_3.py took 0.391 seconds
[2022-08-07 11:03:18,885] {processor.py:153} INFO - Started process (PID=1587) to work on /home/airflow/.local/lib/python3.7/site-packages/airflow/example_dags/example_branch_python_dop_operator_3.py
[2022-08-07 11:03:18,889] {processor.py:641} INFO - Processing file /home/airflow/.local/lib/python3.7/site-packages/airflow/example_dags/example_branch_python_dop_operator_3.py for tasks to queue
[2022-08-07 11:03:18,891] {logging_mixin.py:115} INFO - [2022-08-07 11:03:18,891] {dagbag.py:508} INFO - Filling up the DagBag from /home/airflow/.local/lib/python3.7/site-packages/airflow/example_dags/example_branch_python_dop_operator_3.py
[2022-08-07 11:03:18,943] {processor.py:651} INFO - DAG(s) dict_keys(['example_branch_dop_operator_v3']) retrieved from /home/airflow/.local/lib/python3.7/site-packages/airflow/example_dags/example_branch_python_dop_operator_3.py
[2022-08-07 11:03:19,046] {logging_mixin.py:115} INFO - [2022-08-07 11:03:19,046] {dag.py:2420} INFO - Sync 1 DAGs
[2022-08-07 11:03:19,206] {logging_mixin.py:115} INFO - [2022-08-07 11:03:19,205] {dag.py:2972} INFO - Setting next_dagrun for example_branch_dop_operator_v3 to 2022-08-07T11:02:00+00:00, run_after=2022-08-07T11:03:00+00:00
[2022-08-07 11:03:19,265] {processor.py:161} INFO - Processing /home/airflow/.local/lib/python3.7/site-packages/airflow/example_dags/example_branch_python_dop_operator_3.py took 0.394 seconds
[2022-08-07 11:03:49,716] {processor.py:153} INFO - Started process (PID=1630) to work on /home/airflow/.local/lib/python3.7/site-packages/airflow/example_dags/example_branch_python_dop_operator_3.py
[2022-08-07 11:03:49,718] {processor.py:641} INFO - Processing file /home/airflow/.local/lib/python3.7/site-packages/airflow/example_dags/example_branch_python_dop_operator_3.py for tasks to queue
[2022-08-07 11:03:49,723] {logging_mixin.py:115} INFO - [2022-08-07 11:03:49,720] {dagbag.py:508} INFO - Filling up the DagBag from /home/airflow/.local/lib/python3.7/site-packages/airflow/example_dags/example_branch_python_dop_operator_3.py
[2022-08-07 11:03:49,768] {processor.py:651} INFO - DAG(s) dict_keys(['example_branch_dop_operator_v3']) retrieved from /home/airflow/.local/lib/python3.7/site-packages/airflow/example_dags/example_branch_python_dop_operator_3.py
[2022-08-07 11:03:49,909] {logging_mixin.py:115} INFO - [2022-08-07 11:03:49,908] {dag.py:2420} INFO - Sync 1 DAGs
[2022-08-07 11:03:50,064] {logging_mixin.py:115} INFO - [2022-08-07 11:03:50,063] {dag.py:2972} INFO - Setting next_dagrun for example_branch_dop_operator_v3 to 2022-08-07T11:02:00+00:00, run_after=2022-08-07T11:03:00+00:00
[2022-08-07 11:03:50,104] {processor.py:161} INFO - Processing /home/airflow/.local/lib/python3.7/site-packages/airflow/example_dags/example_branch_python_dop_operator_3.py took 0.410 seconds
[2022-08-07 11:04:20,567] {processor.py:153} INFO - Started process (PID=1682) to work on /home/airflow/.local/lib/python3.7/site-packages/airflow/example_dags/example_branch_python_dop_operator_3.py
[2022-08-07 11:04:20,569] {processor.py:641} INFO - Processing file /home/airflow/.local/lib/python3.7/site-packages/airflow/example_dags/example_branch_python_dop_operator_3.py for tasks to queue
[2022-08-07 11:04:20,572] {logging_mixin.py:115} INFO - [2022-08-07 11:04:20,572] {dagbag.py:508} INFO - Filling up the DagBag from /home/airflow/.local/lib/python3.7/site-packages/airflow/example_dags/example_branch_python_dop_operator_3.py
[2022-08-07 11:04:20,626] {processor.py:651} INFO - DAG(s) dict_keys(['example_branch_dop_operator_v3']) retrieved from /home/airflow/.local/lib/python3.7/site-packages/airflow/example_dags/example_branch_python_dop_operator_3.py
[2022-08-07 11:04:20,763] {logging_mixin.py:115} INFO - [2022-08-07 11:04:20,762] {dag.py:2420} INFO - Sync 1 DAGs
[2022-08-07 11:04:20,930] {logging_mixin.py:115} INFO - [2022-08-07 11:04:20,930] {dag.py:2972} INFO - Setting next_dagrun for example_branch_dop_operator_v3 to 2022-08-07T11:03:00+00:00, run_after=2022-08-07T11:04:00+00:00
[2022-08-07 11:04:20,989] {processor.py:161} INFO - Processing /home/airflow/.local/lib/python3.7/site-packages/airflow/example_dags/example_branch_python_dop_operator_3.py took 0.440 seconds
[2022-08-07 11:04:52,230] {processor.py:153} INFO - Started process (PID=1735) to work on /home/airflow/.local/lib/python3.7/site-packages/airflow/example_dags/example_branch_python_dop_operator_3.py
[2022-08-07 11:04:52,232] {processor.py:641} INFO - Processing file /home/airflow/.local/lib/python3.7/site-packages/airflow/example_dags/example_branch_python_dop_operator_3.py for tasks to queue
[2022-08-07 11:04:52,233] {logging_mixin.py:115} INFO - [2022-08-07 11:04:52,233] {dagbag.py:508} INFO - Filling up the DagBag from /home/airflow/.local/lib/python3.7/site-packages/airflow/example_dags/example_branch_python_dop_operator_3.py
[2022-08-07 11:04:52,267] {processor.py:651} INFO - DAG(s) dict_keys(['example_branch_dop_operator_v3']) retrieved from /home/airflow/.local/lib/python3.7/site-packages/airflow/example_dags/example_branch_python_dop_operator_3.py
[2022-08-07 11:04:52,347] {logging_mixin.py:115} INFO - [2022-08-07 11:04:52,346] {dag.py:2420} INFO - Sync 1 DAGs
[2022-08-07 11:04:52,453] {logging_mixin.py:115} INFO - [2022-08-07 11:04:52,453] {dag.py:2972} INFO - Setting next_dagrun for example_branch_dop_operator_v3 to 2022-08-07T11:03:00+00:00, run_after=2022-08-07T11:04:00+00:00
[2022-08-07 11:04:52,516] {processor.py:161} INFO - Processing /home/airflow/.local/lib/python3.7/site-packages/airflow/example_dags/example_branch_python_dop_operator_3.py took 0.296 seconds
[2022-08-07 11:05:24,199] {processor.py:153} INFO - Started process (PID=1789) to work on /home/airflow/.local/lib/python3.7/site-packages/airflow/example_dags/example_branch_python_dop_operator_3.py
[2022-08-07 11:05:24,200] {processor.py:641} INFO - Processing file /home/airflow/.local/lib/python3.7/site-packages/airflow/example_dags/example_branch_python_dop_operator_3.py for tasks to queue
[2022-08-07 11:05:24,203] {logging_mixin.py:115} INFO - [2022-08-07 11:05:24,202] {dagbag.py:508} INFO - Filling up the DagBag from /home/airflow/.local/lib/python3.7/site-packages/airflow/example_dags/example_branch_python_dop_operator_3.py
[2022-08-07 11:05:24,258] {processor.py:651} INFO - DAG(s) dict_keys(['example_branch_dop_operator_v3']) retrieved from /home/airflow/.local/lib/python3.7/site-packages/airflow/example_dags/example_branch_python_dop_operator_3.py
[2022-08-07 11:05:24,370] {logging_mixin.py:115} INFO - [2022-08-07 11:05:24,369] {dag.py:2420} INFO - Sync 1 DAGs
[2022-08-07 11:05:24,519] {logging_mixin.py:115} INFO - [2022-08-07 11:05:24,518] {dag.py:2972} INFO - Setting next_dagrun for example_branch_dop_operator_v3 to 2022-08-07T11:04:00+00:00, run_after=2022-08-07T11:05:00+00:00
[2022-08-07 11:05:24,568] {processor.py:161} INFO - Processing /home/airflow/.local/lib/python3.7/site-packages/airflow/example_dags/example_branch_python_dop_operator_3.py took 0.385 seconds
[2022-08-07 11:05:55,040] {processor.py:153} INFO - Started process (PID=1841) to work on /home/airflow/.local/lib/python3.7/site-packages/airflow/example_dags/example_branch_python_dop_operator_3.py
[2022-08-07 11:05:55,042] {processor.py:641} INFO - Processing file /home/airflow/.local/lib/python3.7/site-packages/airflow/example_dags/example_branch_python_dop_operator_3.py for tasks to queue
[2022-08-07 11:05:55,044] {logging_mixin.py:115} INFO - [2022-08-07 11:05:55,044] {dagbag.py:508} INFO - Filling up the DagBag from /home/airflow/.local/lib/python3.7/site-packages/airflow/example_dags/example_branch_python_dop_operator_3.py
[2022-08-07 11:05:55,112] {processor.py:651} INFO - DAG(s) dict_keys(['example_branch_dop_operator_v3']) retrieved from /home/airflow/.local/lib/python3.7/site-packages/airflow/example_dags/example_branch_python_dop_operator_3.py
[2022-08-07 11:05:55,258] {logging_mixin.py:115} INFO - [2022-08-07 11:05:55,258] {dag.py:2420} INFO - Sync 1 DAGs
[2022-08-07 11:05:55,437] {logging_mixin.py:115} INFO - [2022-08-07 11:05:55,437] {dag.py:2972} INFO - Setting next_dagrun for example_branch_dop_operator_v3 to 2022-08-07T11:04:00+00:00, run_after=2022-08-07T11:05:00+00:00
[2022-08-07 11:05:55,488] {processor.py:161} INFO - Processing /home/airflow/.local/lib/python3.7/site-packages/airflow/example_dags/example_branch_python_dop_operator_3.py took 0.467 seconds
[2022-08-07 11:06:25,935] {processor.py:153} INFO - Started process (PID=1884) to work on /home/airflow/.local/lib/python3.7/site-packages/airflow/example_dags/example_branch_python_dop_operator_3.py
[2022-08-07 11:06:25,938] {processor.py:641} INFO - Processing file /home/airflow/.local/lib/python3.7/site-packages/airflow/example_dags/example_branch_python_dop_operator_3.py for tasks to queue
[2022-08-07 11:06:25,941] {logging_mixin.py:115} INFO - [2022-08-07 11:06:25,940] {dagbag.py:508} INFO - Filling up the DagBag from /home/airflow/.local/lib/python3.7/site-packages/airflow/example_dags/example_branch_python_dop_operator_3.py
[2022-08-07 11:06:25,992] {processor.py:651} INFO - DAG(s) dict_keys(['example_branch_dop_operator_v3']) retrieved from /home/airflow/.local/lib/python3.7/site-packages/airflow/example_dags/example_branch_python_dop_operator_3.py
[2022-08-07 11:06:26,113] {logging_mixin.py:115} INFO - [2022-08-07 11:06:26,112] {dag.py:2420} INFO - Sync 1 DAGs
[2022-08-07 11:06:26,296] {logging_mixin.py:115} INFO - [2022-08-07 11:06:26,296] {dag.py:2972} INFO - Setting next_dagrun for example_branch_dop_operator_v3 to 2022-08-07T11:05:00+00:00, run_after=2022-08-07T11:06:00+00:00
[2022-08-07 11:06:26,355] {processor.py:161} INFO - Processing /home/airflow/.local/lib/python3.7/site-packages/airflow/example_dags/example_branch_python_dop_operator_3.py took 0.436 seconds
[2022-08-07 11:06:56,894] {processor.py:153} INFO - Started process (PID=1936) to work on /home/airflow/.local/lib/python3.7/site-packages/airflow/example_dags/example_branch_python_dop_operator_3.py
[2022-08-07 11:06:56,895] {processor.py:641} INFO - Processing file /home/airflow/.local/lib/python3.7/site-packages/airflow/example_dags/example_branch_python_dop_operator_3.py for tasks to queue
[2022-08-07 11:06:56,897] {logging_mixin.py:115} INFO - [2022-08-07 11:06:56,897] {dagbag.py:508} INFO - Filling up the DagBag from /home/airflow/.local/lib/python3.7/site-packages/airflow/example_dags/example_branch_python_dop_operator_3.py
[2022-08-07 11:06:56,935] {processor.py:651} INFO - DAG(s) dict_keys(['example_branch_dop_operator_v3']) retrieved from /home/airflow/.local/lib/python3.7/site-packages/airflow/example_dags/example_branch_python_dop_operator_3.py
[2022-08-07 11:06:57,025] {logging_mixin.py:115} INFO - [2022-08-07 11:06:57,024] {dag.py:2420} INFO - Sync 1 DAGs
[2022-08-07 11:06:57,162] {logging_mixin.py:115} INFO - [2022-08-07 11:06:57,162] {dag.py:2972} INFO - Setting next_dagrun for example_branch_dop_operator_v3 to 2022-08-07T11:05:00+00:00, run_after=2022-08-07T11:06:00+00:00
[2022-08-07 11:06:57,203] {processor.py:161} INFO - Processing /home/airflow/.local/lib/python3.7/site-packages/airflow/example_dags/example_branch_python_dop_operator_3.py took 0.321 seconds
[2022-08-07 11:07:27,594] {processor.py:153} INFO - Started process (PID=1988) to work on /home/airflow/.local/lib/python3.7/site-packages/airflow/example_dags/example_branch_python_dop_operator_3.py
[2022-08-07 11:07:27,596] {processor.py:641} INFO - Processing file /home/airflow/.local/lib/python3.7/site-packages/airflow/example_dags/example_branch_python_dop_operator_3.py for tasks to queue
[2022-08-07 11:07:27,599] {logging_mixin.py:115} INFO - [2022-08-07 11:07:27,598] {dagbag.py:508} INFO - Filling up the DagBag from /home/airflow/.local/lib/python3.7/site-packages/airflow/example_dags/example_branch_python_dop_operator_3.py
[2022-08-07 11:07:27,645] {processor.py:651} INFO - DAG(s) dict_keys(['example_branch_dop_operator_v3']) retrieved from /home/airflow/.local/lib/python3.7/site-packages/airflow/example_dags/example_branch_python_dop_operator_3.py
[2022-08-07 11:07:27,734] {logging_mixin.py:115} INFO - [2022-08-07 11:07:27,734] {dag.py:2420} INFO - Sync 1 DAGs
[2022-08-07 11:07:27,842] {logging_mixin.py:115} INFO - [2022-08-07 11:07:27,842] {dag.py:2972} INFO - Setting next_dagrun for example_branch_dop_operator_v3 to 2022-08-07T11:06:00+00:00, run_after=2022-08-07T11:07:00+00:00
[2022-08-07 11:07:27,885] {processor.py:161} INFO - Processing /home/airflow/.local/lib/python3.7/site-packages/airflow/example_dags/example_branch_python_dop_operator_3.py took 0.303 seconds
[2022-08-07 11:07:58,832] {processor.py:153} INFO - Started process (PID=2041) to work on /home/airflow/.local/lib/python3.7/site-packages/airflow/example_dags/example_branch_python_dop_operator_3.py
[2022-08-07 11:07:58,834] {processor.py:641} INFO - Processing file /home/airflow/.local/lib/python3.7/site-packages/airflow/example_dags/example_branch_python_dop_operator_3.py for tasks to queue
[2022-08-07 11:07:58,837] {logging_mixin.py:115} INFO - [2022-08-07 11:07:58,836] {dagbag.py:508} INFO - Filling up the DagBag from /home/airflow/.local/lib/python3.7/site-packages/airflow/example_dags/example_branch_python_dop_operator_3.py
[2022-08-07 11:07:58,898] {processor.py:651} INFO - DAG(s) dict_keys(['example_branch_dop_operator_v3']) retrieved from /home/airflow/.local/lib/python3.7/site-packages/airflow/example_dags/example_branch_python_dop_operator_3.py
[2022-08-07 11:07:59,037] {logging_mixin.py:115} INFO - [2022-08-07 11:07:59,037] {dag.py:2420} INFO - Sync 1 DAGs
[2022-08-07 11:07:59,227] {logging_mixin.py:115} INFO - [2022-08-07 11:07:59,227] {dag.py:2972} INFO - Setting next_dagrun for example_branch_dop_operator_v3 to 2022-08-07T11:06:00+00:00, run_after=2022-08-07T11:07:00+00:00
[2022-08-07 11:07:59,316] {processor.py:161} INFO - Processing /home/airflow/.local/lib/python3.7/site-packages/airflow/example_dags/example_branch_python_dop_operator_3.py took 0.501 seconds
[2022-08-07 11:08:29,592] {processor.py:153} INFO - Started process (PID=2090) to work on /home/airflow/.local/lib/python3.7/site-packages/airflow/example_dags/example_branch_python_dop_operator_3.py
[2022-08-07 11:08:29,594] {processor.py:641} INFO - Processing file /home/airflow/.local/lib/python3.7/site-packages/airflow/example_dags/example_branch_python_dop_operator_3.py for tasks to queue
[2022-08-07 11:08:29,597] {logging_mixin.py:115} INFO - [2022-08-07 11:08:29,596] {dagbag.py:508} INFO - Filling up the DagBag from /home/airflow/.local/lib/python3.7/site-packages/airflow/example_dags/example_branch_python_dop_operator_3.py
[2022-08-07 11:08:29,678] {processor.py:651} INFO - DAG(s) dict_keys(['example_branch_dop_operator_v3']) retrieved from /home/airflow/.local/lib/python3.7/site-packages/airflow/example_dags/example_branch_python_dop_operator_3.py
[2022-08-07 11:08:29,803] {logging_mixin.py:115} INFO - [2022-08-07 11:08:29,803] {dag.py:2420} INFO - Sync 1 DAGs
[2022-08-07 11:08:29,996] {logging_mixin.py:115} INFO - [2022-08-07 11:08:29,995] {dag.py:2972} INFO - Setting next_dagrun for example_branch_dop_operator_v3 to 2022-08-07T11:07:00+00:00, run_after=2022-08-07T11:08:00+00:00
[2022-08-07 11:08:30,034] {processor.py:161} INFO - Processing /home/airflow/.local/lib/python3.7/site-packages/airflow/example_dags/example_branch_python_dop_operator_3.py took 0.456 seconds
[2022-08-07 11:09:01,388] {processor.py:153} INFO - Started process (PID=2138) to work on /home/airflow/.local/lib/python3.7/site-packages/airflow/example_dags/example_branch_python_dop_operator_3.py
[2022-08-07 11:09:01,390] {processor.py:641} INFO - Processing file /home/airflow/.local/lib/python3.7/site-packages/airflow/example_dags/example_branch_python_dop_operator_3.py for tasks to queue
[2022-08-07 11:09:01,391] {logging_mixin.py:115} INFO - [2022-08-07 11:09:01,391] {dagbag.py:508} INFO - Filling up the DagBag from /home/airflow/.local/lib/python3.7/site-packages/airflow/example_dags/example_branch_python_dop_operator_3.py
[2022-08-07 11:09:01,430] {processor.py:651} INFO - DAG(s) dict_keys(['example_branch_dop_operator_v3']) retrieved from /home/airflow/.local/lib/python3.7/site-packages/airflow/example_dags/example_branch_python_dop_operator_3.py
[2022-08-07 11:09:01,509] {logging_mixin.py:115} INFO - [2022-08-07 11:09:01,509] {dag.py:2420} INFO - Sync 1 DAGs
[2022-08-07 11:09:01,616] {logging_mixin.py:115} INFO - [2022-08-07 11:09:01,616] {dag.py:2972} INFO - Setting next_dagrun for example_branch_dop_operator_v3 to 2022-08-07T11:08:00+00:00, run_after=2022-08-07T11:09:00+00:00
[2022-08-07 11:09:01,652] {processor.py:161} INFO - Processing /home/airflow/.local/lib/python3.7/site-packages/airflow/example_dags/example_branch_python_dop_operator_3.py took 0.275 seconds
[2022-08-07 11:09:32,439] {processor.py:153} INFO - Started process (PID=2191) to work on /home/airflow/.local/lib/python3.7/site-packages/airflow/example_dags/example_branch_python_dop_operator_3.py
[2022-08-07 11:09:32,442] {processor.py:641} INFO - Processing file /home/airflow/.local/lib/python3.7/site-packages/airflow/example_dags/example_branch_python_dop_operator_3.py for tasks to queue
[2022-08-07 11:09:32,444] {logging_mixin.py:115} INFO - [2022-08-07 11:09:32,444] {dagbag.py:508} INFO - Filling up the DagBag from /home/airflow/.local/lib/python3.7/site-packages/airflow/example_dags/example_branch_python_dop_operator_3.py
[2022-08-07 11:09:32,484] {processor.py:651} INFO - DAG(s) dict_keys(['example_branch_dop_operator_v3']) retrieved from /home/airflow/.local/lib/python3.7/site-packages/airflow/example_dags/example_branch_python_dop_operator_3.py
[2022-08-07 11:09:32,582] {logging_mixin.py:115} INFO - [2022-08-07 11:09:32,581] {dag.py:2420} INFO - Sync 1 DAGs
[2022-08-07 11:09:32,714] {logging_mixin.py:115} INFO - [2022-08-07 11:09:32,713] {dag.py:2972} INFO - Setting next_dagrun for example_branch_dop_operator_v3 to 2022-08-07T11:08:00+00:00, run_after=2022-08-07T11:09:00+00:00
[2022-08-07 11:09:32,750] {processor.py:161} INFO - Processing /home/airflow/.local/lib/python3.7/site-packages/airflow/example_dags/example_branch_python_dop_operator_3.py took 0.323 seconds
[2022-08-07 11:10:02,938] {processor.py:153} INFO - Started process (PID=2244) to work on /home/airflow/.local/lib/python3.7/site-packages/airflow/example_dags/example_branch_python_dop_operator_3.py
[2022-08-07 11:10:02,939] {processor.py:641} INFO - Processing file /home/airflow/.local/lib/python3.7/site-packages/airflow/example_dags/example_branch_python_dop_operator_3.py for tasks to queue
[2022-08-07 11:10:02,941] {logging_mixin.py:115} INFO - [2022-08-07 11:10:02,940] {dagbag.py:508} INFO - Filling up the DagBag from /home/airflow/.local/lib/python3.7/site-packages/airflow/example_dags/example_branch_python_dop_operator_3.py
[2022-08-07 11:10:02,978] {processor.py:651} INFO - DAG(s) dict_keys(['example_branch_dop_operator_v3']) retrieved from /home/airflow/.local/lib/python3.7/site-packages/airflow/example_dags/example_branch_python_dop_operator_3.py
[2022-08-07 11:10:03,065] {logging_mixin.py:115} INFO - [2022-08-07 11:10:03,065] {dag.py:2420} INFO - Sync 1 DAGs
[2022-08-07 11:10:03,168] {logging_mixin.py:115} INFO - [2022-08-07 11:10:03,168] {dag.py:2972} INFO - Setting next_dagrun for example_branch_dop_operator_v3 to 2022-08-07T11:09:00+00:00, run_after=2022-08-07T11:10:00+00:00
[2022-08-07 11:10:03,203] {processor.py:161} INFO - Processing /home/airflow/.local/lib/python3.7/site-packages/airflow/example_dags/example_branch_python_dop_operator_3.py took 0.276 seconds
[2022-08-07 11:10:33,996] {processor.py:153} INFO - Started process (PID=2297) to work on /home/airflow/.local/lib/python3.7/site-packages/airflow/example_dags/example_branch_python_dop_operator_3.py
[2022-08-07 11:10:33,998] {processor.py:641} INFO - Processing file /home/airflow/.local/lib/python3.7/site-packages/airflow/example_dags/example_branch_python_dop_operator_3.py for tasks to queue
[2022-08-07 11:10:34,001] {logging_mixin.py:115} INFO - [2022-08-07 11:10:34,000] {dagbag.py:508} INFO - Filling up the DagBag from /home/airflow/.local/lib/python3.7/site-packages/airflow/example_dags/example_branch_python_dop_operator_3.py
[2022-08-07 11:10:34,040] {processor.py:651} INFO - DAG(s) dict_keys(['example_branch_dop_operator_v3']) retrieved from /home/airflow/.local/lib/python3.7/site-packages/airflow/example_dags/example_branch_python_dop_operator_3.py
[2022-08-07 11:10:34,122] {logging_mixin.py:115} INFO - [2022-08-07 11:10:34,121] {dag.py:2420} INFO - Sync 1 DAGs
[2022-08-07 11:10:34,232] {logging_mixin.py:115} INFO - [2022-08-07 11:10:34,231] {dag.py:2972} INFO - Setting next_dagrun for example_branch_dop_operator_v3 to 2022-08-07T11:09:00+00:00, run_after=2022-08-07T11:10:00+00:00
[2022-08-07 11:10:34,280] {processor.py:161} INFO - Processing /home/airflow/.local/lib/python3.7/site-packages/airflow/example_dags/example_branch_python_dop_operator_3.py took 0.299 seconds
[2022-08-07 11:11:04,538] {processor.py:153} INFO - Started process (PID=2348) to work on /home/airflow/.local/lib/python3.7/site-packages/airflow/example_dags/example_branch_python_dop_operator_3.py
[2022-08-07 11:11:04,539] {processor.py:641} INFO - Processing file /home/airflow/.local/lib/python3.7/site-packages/airflow/example_dags/example_branch_python_dop_operator_3.py for tasks to queue
[2022-08-07 11:11:04,542] {logging_mixin.py:115} INFO - [2022-08-07 11:11:04,542] {dagbag.py:508} INFO - Filling up the DagBag from /home/airflow/.local/lib/python3.7/site-packages/airflow/example_dags/example_branch_python_dop_operator_3.py
[2022-08-07 11:11:04,586] {processor.py:651} INFO - DAG(s) dict_keys(['example_branch_dop_operator_v3']) retrieved from /home/airflow/.local/lib/python3.7/site-packages/airflow/example_dags/example_branch_python_dop_operator_3.py
[2022-08-07 11:11:04,675] {logging_mixin.py:115} INFO - [2022-08-07 11:11:04,675] {dag.py:2420} INFO - Sync 1 DAGs
[2022-08-07 11:11:04,794] {logging_mixin.py:115} INFO - [2022-08-07 11:11:04,794] {dag.py:2972} INFO - Setting next_dagrun for example_branch_dop_operator_v3 to 2022-08-07T11:10:00+00:00, run_after=2022-08-07T11:11:00+00:00
[2022-08-07 11:11:04,838] {processor.py:161} INFO - Processing /home/airflow/.local/lib/python3.7/site-packages/airflow/example_dags/example_branch_python_dop_operator_3.py took 0.314 seconds
[2022-08-07 11:11:35,480] {processor.py:153} INFO - Started process (PID=2400) to work on /home/airflow/.local/lib/python3.7/site-packages/airflow/example_dags/example_branch_python_dop_operator_3.py
[2022-08-07 11:11:35,481] {processor.py:641} INFO - Processing file /home/airflow/.local/lib/python3.7/site-packages/airflow/example_dags/example_branch_python_dop_operator_3.py for tasks to queue
[2022-08-07 11:11:35,483] {logging_mixin.py:115} INFO - [2022-08-07 11:11:35,483] {dagbag.py:508} INFO - Filling up the DagBag from /home/airflow/.local/lib/python3.7/site-packages/airflow/example_dags/example_branch_python_dop_operator_3.py
[2022-08-07 11:11:35,520] {processor.py:651} INFO - DAG(s) dict_keys(['example_branch_dop_operator_v3']) retrieved from /home/airflow/.local/lib/python3.7/site-packages/airflow/example_dags/example_branch_python_dop_operator_3.py
[2022-08-07 11:11:35,605] {logging_mixin.py:115} INFO - [2022-08-07 11:11:35,605] {dag.py:2420} INFO - Sync 1 DAGs
[2022-08-07 11:11:35,717] {logging_mixin.py:115} INFO - [2022-08-07 11:11:35,717] {dag.py:2972} INFO - Setting next_dagrun for example_branch_dop_operator_v3 to 2022-08-07T11:10:00+00:00, run_after=2022-08-07T11:11:00+00:00
[2022-08-07 11:11:35,751] {processor.py:161} INFO - Processing /home/airflow/.local/lib/python3.7/site-packages/airflow/example_dags/example_branch_python_dop_operator_3.py took 0.282 seconds
[2022-08-07 11:12:06,435] {processor.py:153} INFO - Started process (PID=2452) to work on /home/airflow/.local/lib/python3.7/site-packages/airflow/example_dags/example_branch_python_dop_operator_3.py
[2022-08-07 11:12:06,437] {processor.py:641} INFO - Processing file /home/airflow/.local/lib/python3.7/site-packages/airflow/example_dags/example_branch_python_dop_operator_3.py for tasks to queue
[2022-08-07 11:12:06,438] {logging_mixin.py:115} INFO - [2022-08-07 11:12:06,438] {dagbag.py:508} INFO - Filling up the DagBag from /home/airflow/.local/lib/python3.7/site-packages/airflow/example_dags/example_branch_python_dop_operator_3.py
[2022-08-07 11:12:06,476] {processor.py:651} INFO - DAG(s) dict_keys(['example_branch_dop_operator_v3']) retrieved from /home/airflow/.local/lib/python3.7/site-packages/airflow/example_dags/example_branch_python_dop_operator_3.py
[2022-08-07 11:12:06,591] {logging_mixin.py:115} INFO - [2022-08-07 11:12:06,590] {dag.py:2420} INFO - Sync 1 DAGs
[2022-08-07 11:12:06,793] {logging_mixin.py:115} INFO - [2022-08-07 11:12:06,793] {dag.py:2972} INFO - Setting next_dagrun for example_branch_dop_operator_v3 to 2022-08-07T11:11:00+00:00, run_after=2022-08-07T11:12:00+00:00
[2022-08-07 11:12:06,854] {processor.py:161} INFO - Processing /home/airflow/.local/lib/python3.7/site-packages/airflow/example_dags/example_branch_python_dop_operator_3.py took 0.430 seconds
[2022-08-07 11:12:37,389] {processor.py:153} INFO - Started process (PID=2502) to work on /home/airflow/.local/lib/python3.7/site-packages/airflow/example_dags/example_branch_python_dop_operator_3.py
[2022-08-07 11:12:37,391] {processor.py:641} INFO - Processing file /home/airflow/.local/lib/python3.7/site-packages/airflow/example_dags/example_branch_python_dop_operator_3.py for tasks to queue
[2022-08-07 11:12:37,393] {logging_mixin.py:115} INFO - [2022-08-07 11:12:37,393] {dagbag.py:508} INFO - Filling up the DagBag from /home/airflow/.local/lib/python3.7/site-packages/airflow/example_dags/example_branch_python_dop_operator_3.py
[2022-08-07 11:12:37,442] {processor.py:651} INFO - DAG(s) dict_keys(['example_branch_dop_operator_v3']) retrieved from /home/airflow/.local/lib/python3.7/site-packages/airflow/example_dags/example_branch_python_dop_operator_3.py
[2022-08-07 11:12:37,558] {logging_mixin.py:115} INFO - [2022-08-07 11:12:37,558] {dag.py:2420} INFO - Sync 1 DAGs
[2022-08-07 11:12:37,726] {logging_mixin.py:115} INFO - [2022-08-07 11:12:37,726] {dag.py:2972} INFO - Setting next_dagrun for example_branch_dop_operator_v3 to 2022-08-07T11:11:00+00:00, run_after=2022-08-07T11:12:00+00:00
[2022-08-07 11:12:37,770] {processor.py:161} INFO - Processing /home/airflow/.local/lib/python3.7/site-packages/airflow/example_dags/example_branch_python_dop_operator_3.py took 0.396 seconds
[2022-08-07 11:13:08,105] {processor.py:153} INFO - Started process (PID=2547) to work on /home/airflow/.local/lib/python3.7/site-packages/airflow/example_dags/example_branch_python_dop_operator_3.py
[2022-08-07 11:13:08,108] {processor.py:641} INFO - Processing file /home/airflow/.local/lib/python3.7/site-packages/airflow/example_dags/example_branch_python_dop_operator_3.py for tasks to queue
[2022-08-07 11:13:08,110] {logging_mixin.py:115} INFO - [2022-08-07 11:13:08,110] {dagbag.py:508} INFO - Filling up the DagBag from /home/airflow/.local/lib/python3.7/site-packages/airflow/example_dags/example_branch_python_dop_operator_3.py
[2022-08-07 11:13:08,151] {processor.py:651} INFO - DAG(s) dict_keys(['example_branch_dop_operator_v3']) retrieved from /home/airflow/.local/lib/python3.7/site-packages/airflow/example_dags/example_branch_python_dop_operator_3.py
[2022-08-07 11:13:08,257] {logging_mixin.py:115} INFO - [2022-08-07 11:13:08,256] {dag.py:2420} INFO - Sync 1 DAGs
[2022-08-07 11:13:08,407] {logging_mixin.py:115} INFO - [2022-08-07 11:13:08,407] {dag.py:2972} INFO - Setting next_dagrun for example_branch_dop_operator_v3 to 2022-08-07T11:12:00+00:00, run_after=2022-08-07T11:13:00+00:00
[2022-08-07 11:13:08,455] {processor.py:161} INFO - Processing /home/airflow/.local/lib/python3.7/site-packages/airflow/example_dags/example_branch_python_dop_operator_3.py took 0.362 seconds
[2022-08-07 11:13:38,738] {processor.py:153} INFO - Started process (PID=2599) to work on /home/airflow/.local/lib/python3.7/site-packages/airflow/example_dags/example_branch_python_dop_operator_3.py
[2022-08-07 11:13:38,740] {processor.py:641} INFO - Processing file /home/airflow/.local/lib/python3.7/site-packages/airflow/example_dags/example_branch_python_dop_operator_3.py for tasks to queue
[2022-08-07 11:13:38,742] {logging_mixin.py:115} INFO - [2022-08-07 11:13:38,742] {dagbag.py:508} INFO - Filling up the DagBag from /home/airflow/.local/lib/python3.7/site-packages/airflow/example_dags/example_branch_python_dop_operator_3.py
[2022-08-07 11:13:38,805] {processor.py:651} INFO - DAG(s) dict_keys(['example_branch_dop_operator_v3']) retrieved from /home/airflow/.local/lib/python3.7/site-packages/airflow/example_dags/example_branch_python_dop_operator_3.py
[2022-08-07 11:13:38,922] {logging_mixin.py:115} INFO - [2022-08-07 11:13:38,922] {dag.py:2420} INFO - Sync 1 DAGs
[2022-08-07 11:13:39,034] {logging_mixin.py:115} INFO - [2022-08-07 11:13:39,033] {dag.py:2972} INFO - Setting next_dagrun for example_branch_dop_operator_v3 to 2022-08-07T11:12:00+00:00, run_after=2022-08-07T11:13:00+00:00
[2022-08-07 11:13:39,095] {processor.py:161} INFO - Processing /home/airflow/.local/lib/python3.7/site-packages/airflow/example_dags/example_branch_python_dop_operator_3.py took 0.374 seconds
[2022-08-07 11:14:09,636] {processor.py:153} INFO - Started process (PID=2651) to work on /home/airflow/.local/lib/python3.7/site-packages/airflow/example_dags/example_branch_python_dop_operator_3.py
[2022-08-07 11:14:09,656] {processor.py:641} INFO - Processing file /home/airflow/.local/lib/python3.7/site-packages/airflow/example_dags/example_branch_python_dop_operator_3.py for tasks to queue
[2022-08-07 11:14:09,658] {logging_mixin.py:115} INFO - [2022-08-07 11:14:09,657] {dagbag.py:508} INFO - Filling up the DagBag from /home/airflow/.local/lib/python3.7/site-packages/airflow/example_dags/example_branch_python_dop_operator_3.py
[2022-08-07 11:14:09,693] {processor.py:651} INFO - DAG(s) dict_keys(['example_branch_dop_operator_v3']) retrieved from /home/airflow/.local/lib/python3.7/site-packages/airflow/example_dags/example_branch_python_dop_operator_3.py
[2022-08-07 11:14:09,771] {logging_mixin.py:115} INFO - [2022-08-07 11:14:09,771] {dag.py:2420} INFO - Sync 1 DAGs
[2022-08-07 11:14:09,875] {logging_mixin.py:115} INFO - [2022-08-07 11:14:09,874] {dag.py:2972} INFO - Setting next_dagrun for example_branch_dop_operator_v3 to 2022-08-07T11:13:00+00:00, run_after=2022-08-07T11:14:00+00:00
[2022-08-07 11:14:09,936] {processor.py:161} INFO - Processing /home/airflow/.local/lib/python3.7/site-packages/airflow/example_dags/example_branch_python_dop_operator_3.py took 0.313 seconds
[2022-08-07 11:14:40,378] {processor.py:153} INFO - Started process (PID=2705) to work on /home/airflow/.local/lib/python3.7/site-packages/airflow/example_dags/example_branch_python_dop_operator_3.py
[2022-08-07 11:14:40,380] {processor.py:641} INFO - Processing file /home/airflow/.local/lib/python3.7/site-packages/airflow/example_dags/example_branch_python_dop_operator_3.py for tasks to queue
[2022-08-07 11:14:40,383] {logging_mixin.py:115} INFO - [2022-08-07 11:14:40,382] {dagbag.py:508} INFO - Filling up the DagBag from /home/airflow/.local/lib/python3.7/site-packages/airflow/example_dags/example_branch_python_dop_operator_3.py
[2022-08-07 11:14:40,443] {processor.py:651} INFO - DAG(s) dict_keys(['example_branch_dop_operator_v3']) retrieved from /home/airflow/.local/lib/python3.7/site-packages/airflow/example_dags/example_branch_python_dop_operator_3.py
[2022-08-07 11:14:40,580] {logging_mixin.py:115} INFO - [2022-08-07 11:14:40,579] {dag.py:2420} INFO - Sync 1 DAGs
[2022-08-07 11:14:40,818] {logging_mixin.py:115} INFO - [2022-08-07 11:14:40,818] {dag.py:2972} INFO - Setting next_dagrun for example_branch_dop_operator_v3 to 2022-08-07T11:13:00+00:00, run_after=2022-08-07T11:14:00+00:00
[2022-08-07 11:14:40,868] {processor.py:161} INFO - Processing /home/airflow/.local/lib/python3.7/site-packages/airflow/example_dags/example_branch_python_dop_operator_3.py took 0.506 seconds
[2022-08-07 11:15:12,113] {processor.py:153} INFO - Started process (PID=2758) to work on /home/airflow/.local/lib/python3.7/site-packages/airflow/example_dags/example_branch_python_dop_operator_3.py
[2022-08-07 11:15:12,115] {processor.py:641} INFO - Processing file /home/airflow/.local/lib/python3.7/site-packages/airflow/example_dags/example_branch_python_dop_operator_3.py for tasks to queue
[2022-08-07 11:15:12,118] {logging_mixin.py:115} INFO - [2022-08-07 11:15:12,117] {dagbag.py:508} INFO - Filling up the DagBag from /home/airflow/.local/lib/python3.7/site-packages/airflow/example_dags/example_branch_python_dop_operator_3.py
[2022-08-07 11:15:12,170] {processor.py:651} INFO - DAG(s) dict_keys(['example_branch_dop_operator_v3']) retrieved from /home/airflow/.local/lib/python3.7/site-packages/airflow/example_dags/example_branch_python_dop_operator_3.py
[2022-08-07 11:15:12,318] {logging_mixin.py:115} INFO - [2022-08-07 11:15:12,318] {dag.py:2420} INFO - Sync 1 DAGs
[2022-08-07 11:15:12,494] {logging_mixin.py:115} INFO - [2022-08-07 11:15:12,493] {dag.py:2972} INFO - Setting next_dagrun for example_branch_dop_operator_v3 to 2022-08-07T11:14:00+00:00, run_after=2022-08-07T11:15:00+00:00
[2022-08-07 11:15:12,547] {processor.py:161} INFO - Processing /home/airflow/.local/lib/python3.7/site-packages/airflow/example_dags/example_branch_python_dop_operator_3.py took 0.447 seconds
[2022-08-07 11:15:42,680] {processor.py:153} INFO - Started process (PID=2812) to work on /home/airflow/.local/lib/python3.7/site-packages/airflow/example_dags/example_branch_python_dop_operator_3.py
[2022-08-07 11:15:42,689] {processor.py:641} INFO - Processing file /home/airflow/.local/lib/python3.7/site-packages/airflow/example_dags/example_branch_python_dop_operator_3.py for tasks to queue
[2022-08-07 11:15:42,692] {logging_mixin.py:115} INFO - [2022-08-07 11:15:42,691] {dagbag.py:508} INFO - Filling up the DagBag from /home/airflow/.local/lib/python3.7/site-packages/airflow/example_dags/example_branch_python_dop_operator_3.py
[2022-08-07 11:15:42,759] {processor.py:651} INFO - DAG(s) dict_keys(['example_branch_dop_operator_v3']) retrieved from /home/airflow/.local/lib/python3.7/site-packages/airflow/example_dags/example_branch_python_dop_operator_3.py
[2022-08-07 11:15:42,910] {logging_mixin.py:115} INFO - [2022-08-07 11:15:42,910] {dag.py:2420} INFO - Sync 1 DAGs
[2022-08-07 11:15:43,077] {logging_mixin.py:115} INFO - [2022-08-07 11:15:43,077] {dag.py:2972} INFO - Setting next_dagrun for example_branch_dop_operator_v3 to 2022-08-07T11:14:00+00:00, run_after=2022-08-07T11:15:00+00:00
[2022-08-07 11:15:43,136] {processor.py:161} INFO - Processing /home/airflow/.local/lib/python3.7/site-packages/airflow/example_dags/example_branch_python_dop_operator_3.py took 0.470 seconds
[2022-08-07 11:16:13,691] {processor.py:153} INFO - Started process (PID=2855) to work on /home/airflow/.local/lib/python3.7/site-packages/airflow/example_dags/example_branch_python_dop_operator_3.py
[2022-08-07 11:16:13,693] {processor.py:641} INFO - Processing file /home/airflow/.local/lib/python3.7/site-packages/airflow/example_dags/example_branch_python_dop_operator_3.py for tasks to queue
[2022-08-07 11:16:13,695] {logging_mixin.py:115} INFO - [2022-08-07 11:16:13,695] {dagbag.py:508} INFO - Filling up the DagBag from /home/airflow/.local/lib/python3.7/site-packages/airflow/example_dags/example_branch_python_dop_operator_3.py
[2022-08-07 11:16:13,740] {processor.py:651} INFO - DAG(s) dict_keys(['example_branch_dop_operator_v3']) retrieved from /home/airflow/.local/lib/python3.7/site-packages/airflow/example_dags/example_branch_python_dop_operator_3.py
[2022-08-07 11:16:13,856] {logging_mixin.py:115} INFO - [2022-08-07 11:16:13,856] {dag.py:2420} INFO - Sync 1 DAGs
[2022-08-07 11:16:14,015] {logging_mixin.py:115} INFO - [2022-08-07 11:16:14,014] {dag.py:2972} INFO - Setting next_dagrun for example_branch_dop_operator_v3 to 2022-08-07T11:15:00+00:00, run_after=2022-08-07T11:16:00+00:00
[2022-08-07 11:16:14,074] {processor.py:161} INFO - Processing /home/airflow/.local/lib/python3.7/site-packages/airflow/example_dags/example_branch_python_dop_operator_3.py took 0.397 seconds
[2022-08-07 11:16:44,429] {processor.py:153} INFO - Started process (PID=2907) to work on /home/airflow/.local/lib/python3.7/site-packages/airflow/example_dags/example_branch_python_dop_operator_3.py
[2022-08-07 11:16:44,430] {processor.py:641} INFO - Processing file /home/airflow/.local/lib/python3.7/site-packages/airflow/example_dags/example_branch_python_dop_operator_3.py for tasks to queue
[2022-08-07 11:16:44,432] {logging_mixin.py:115} INFO - [2022-08-07 11:16:44,432] {dagbag.py:508} INFO - Filling up the DagBag from /home/airflow/.local/lib/python3.7/site-packages/airflow/example_dags/example_branch_python_dop_operator_3.py
[2022-08-07 11:16:44,489] {processor.py:651} INFO - DAG(s) dict_keys(['example_branch_dop_operator_v3']) retrieved from /home/airflow/.local/lib/python3.7/site-packages/airflow/example_dags/example_branch_python_dop_operator_3.py
[2022-08-07 11:16:44,616] {logging_mixin.py:115} INFO - [2022-08-07 11:16:44,616] {dag.py:2420} INFO - Sync 1 DAGs
[2022-08-07 11:16:44,783] {logging_mixin.py:115} INFO - [2022-08-07 11:16:44,783] {dag.py:2972} INFO - Setting next_dagrun for example_branch_dop_operator_v3 to 2022-08-07T11:15:00+00:00, run_after=2022-08-07T11:16:00+00:00
[2022-08-07 11:16:44,832] {processor.py:161} INFO - Processing /home/airflow/.local/lib/python3.7/site-packages/airflow/example_dags/example_branch_python_dop_operator_3.py took 0.420 seconds
[2022-08-07 11:17:15,553] {processor.py:153} INFO - Started process (PID=2960) to work on /home/airflow/.local/lib/python3.7/site-packages/airflow/example_dags/example_branch_python_dop_operator_3.py
[2022-08-07 11:17:15,555] {processor.py:641} INFO - Processing file /home/airflow/.local/lib/python3.7/site-packages/airflow/example_dags/example_branch_python_dop_operator_3.py for tasks to queue
[2022-08-07 11:17:15,557] {logging_mixin.py:115} INFO - [2022-08-07 11:17:15,557] {dagbag.py:508} INFO - Filling up the DagBag from /home/airflow/.local/lib/python3.7/site-packages/airflow/example_dags/example_branch_python_dop_operator_3.py
[2022-08-07 11:17:15,611] {processor.py:651} INFO - DAG(s) dict_keys(['example_branch_dop_operator_v3']) retrieved from /home/airflow/.local/lib/python3.7/site-packages/airflow/example_dags/example_branch_python_dop_operator_3.py
[2022-08-07 11:17:15,786] {logging_mixin.py:115} INFO - [2022-08-07 11:17:15,786] {dag.py:2420} INFO - Sync 1 DAGs
[2022-08-07 11:17:15,944] {logging_mixin.py:115} INFO - [2022-08-07 11:17:15,944] {dag.py:2972} INFO - Setting next_dagrun for example_branch_dop_operator_v3 to 2022-08-07T11:16:00+00:00, run_after=2022-08-07T11:17:00+00:00
[2022-08-07 11:17:15,997] {processor.py:161} INFO - Processing /home/airflow/.local/lib/python3.7/site-packages/airflow/example_dags/example_branch_python_dop_operator_3.py took 0.457 seconds
[2022-08-07 11:17:46,593] {processor.py:153} INFO - Started process (PID=3012) to work on /home/airflow/.local/lib/python3.7/site-packages/airflow/example_dags/example_branch_python_dop_operator_3.py
[2022-08-07 11:17:46,596] {processor.py:641} INFO - Processing file /home/airflow/.local/lib/python3.7/site-packages/airflow/example_dags/example_branch_python_dop_operator_3.py for tasks to queue
[2022-08-07 11:17:46,600] {logging_mixin.py:115} INFO - [2022-08-07 11:17:46,600] {dagbag.py:508} INFO - Filling up the DagBag from /home/airflow/.local/lib/python3.7/site-packages/airflow/example_dags/example_branch_python_dop_operator_3.py
[2022-08-07 11:17:46,665] {processor.py:651} INFO - DAG(s) dict_keys(['example_branch_dop_operator_v3']) retrieved from /home/airflow/.local/lib/python3.7/site-packages/airflow/example_dags/example_branch_python_dop_operator_3.py
[2022-08-07 11:17:46,794] {logging_mixin.py:115} INFO - [2022-08-07 11:17:46,793] {dag.py:2420} INFO - Sync 1 DAGs
[2022-08-07 11:17:46,962] {logging_mixin.py:115} INFO - [2022-08-07 11:17:46,961] {dag.py:2972} INFO - Setting next_dagrun for example_branch_dop_operator_v3 to 2022-08-07T11:16:00+00:00, run_after=2022-08-07T11:17:00+00:00
[2022-08-07 11:17:47,015] {processor.py:161} INFO - Processing /home/airflow/.local/lib/python3.7/site-packages/airflow/example_dags/example_branch_python_dop_operator_3.py took 0.439 seconds
[2022-08-07 11:18:17,776] {processor.py:153} INFO - Started process (PID=3064) to work on /home/airflow/.local/lib/python3.7/site-packages/airflow/example_dags/example_branch_python_dop_operator_3.py
[2022-08-07 11:18:17,778] {processor.py:641} INFO - Processing file /home/airflow/.local/lib/python3.7/site-packages/airflow/example_dags/example_branch_python_dop_operator_3.py for tasks to queue
[2022-08-07 11:18:17,787] {logging_mixin.py:115} INFO - [2022-08-07 11:18:17,787] {dagbag.py:508} INFO - Filling up the DagBag from /home/airflow/.local/lib/python3.7/site-packages/airflow/example_dags/example_branch_python_dop_operator_3.py
[2022-08-07 11:18:17,843] {processor.py:651} INFO - DAG(s) dict_keys(['example_branch_dop_operator_v3']) retrieved from /home/airflow/.local/lib/python3.7/site-packages/airflow/example_dags/example_branch_python_dop_operator_3.py
[2022-08-07 11:18:17,971] {logging_mixin.py:115} INFO - [2022-08-07 11:18:17,971] {dag.py:2420} INFO - Sync 1 DAGs
[2022-08-07 11:18:18,119] {logging_mixin.py:115} INFO - [2022-08-07 11:18:18,118] {dag.py:2972} INFO - Setting next_dagrun for example_branch_dop_operator_v3 to 2022-08-07T11:17:00+00:00, run_after=2022-08-07T11:18:00+00:00
[2022-08-07 11:18:18,168] {processor.py:161} INFO - Processing /home/airflow/.local/lib/python3.7/site-packages/airflow/example_dags/example_branch_python_dop_operator_3.py took 0.408 seconds
[2022-08-07 11:18:48,891] {processor.py:153} INFO - Started process (PID=3107) to work on /home/airflow/.local/lib/python3.7/site-packages/airflow/example_dags/example_branch_python_dop_operator_3.py
[2022-08-07 11:18:48,899] {processor.py:641} INFO - Processing file /home/airflow/.local/lib/python3.7/site-packages/airflow/example_dags/example_branch_python_dop_operator_3.py for tasks to queue
[2022-08-07 11:18:48,901] {logging_mixin.py:115} INFO - [2022-08-07 11:18:48,901] {dagbag.py:508} INFO - Filling up the DagBag from /home/airflow/.local/lib/python3.7/site-packages/airflow/example_dags/example_branch_python_dop_operator_3.py
[2022-08-07 11:18:48,995] {processor.py:651} INFO - DAG(s) dict_keys(['example_branch_dop_operator_v3']) retrieved from /home/airflow/.local/lib/python3.7/site-packages/airflow/example_dags/example_branch_python_dop_operator_3.py
[2022-08-07 11:18:49,119] {logging_mixin.py:115} INFO - [2022-08-07 11:18:49,119] {dag.py:2420} INFO - Sync 1 DAGs
[2022-08-07 11:18:49,322] {logging_mixin.py:115} INFO - [2022-08-07 11:18:49,321] {dag.py:2972} INFO - Setting next_dagrun for example_branch_dop_operator_v3 to 2022-08-07T11:17:00+00:00, run_after=2022-08-07T11:18:00+00:00
[2022-08-07 11:18:49,401] {processor.py:161} INFO - Processing /home/airflow/.local/lib/python3.7/site-packages/airflow/example_dags/example_branch_python_dop_operator_3.py took 0.536 seconds
[2022-08-07 11:19:19,765] {processor.py:153} INFO - Started process (PID=3159) to work on /home/airflow/.local/lib/python3.7/site-packages/airflow/example_dags/example_branch_python_dop_operator_3.py
[2022-08-07 11:19:19,767] {processor.py:641} INFO - Processing file /home/airflow/.local/lib/python3.7/site-packages/airflow/example_dags/example_branch_python_dop_operator_3.py for tasks to queue
[2022-08-07 11:19:19,769] {logging_mixin.py:115} INFO - [2022-08-07 11:19:19,769] {dagbag.py:508} INFO - Filling up the DagBag from /home/airflow/.local/lib/python3.7/site-packages/airflow/example_dags/example_branch_python_dop_operator_3.py
[2022-08-07 11:19:19,821] {processor.py:651} INFO - DAG(s) dict_keys(['example_branch_dop_operator_v3']) retrieved from /home/airflow/.local/lib/python3.7/site-packages/airflow/example_dags/example_branch_python_dop_operator_3.py
[2022-08-07 11:19:19,911] {logging_mixin.py:115} INFO - [2022-08-07 11:19:19,910] {dag.py:2420} INFO - Sync 1 DAGs
[2022-08-07 11:19:20,032] {logging_mixin.py:115} INFO - [2022-08-07 11:19:20,031] {dag.py:2972} INFO - Setting next_dagrun for example_branch_dop_operator_v3 to 2022-08-07T11:18:00+00:00, run_after=2022-08-07T11:19:00+00:00
[2022-08-07 11:19:20,082] {processor.py:161} INFO - Processing /home/airflow/.local/lib/python3.7/site-packages/airflow/example_dags/example_branch_python_dop_operator_3.py took 0.333 seconds
[2022-08-07 11:19:51,037] {processor.py:153} INFO - Started process (PID=3211) to work on /home/airflow/.local/lib/python3.7/site-packages/airflow/example_dags/example_branch_python_dop_operator_3.py
[2022-08-07 11:19:51,039] {processor.py:641} INFO - Processing file /home/airflow/.local/lib/python3.7/site-packages/airflow/example_dags/example_branch_python_dop_operator_3.py for tasks to queue
[2022-08-07 11:19:51,041] {logging_mixin.py:115} INFO - [2022-08-07 11:19:51,041] {dagbag.py:508} INFO - Filling up the DagBag from /home/airflow/.local/lib/python3.7/site-packages/airflow/example_dags/example_branch_python_dop_operator_3.py
[2022-08-07 11:19:51,089] {processor.py:651} INFO - DAG(s) dict_keys(['example_branch_dop_operator_v3']) retrieved from /home/airflow/.local/lib/python3.7/site-packages/airflow/example_dags/example_branch_python_dop_operator_3.py
[2022-08-07 11:19:51,189] {logging_mixin.py:115} INFO - [2022-08-07 11:19:51,189] {dag.py:2420} INFO - Sync 1 DAGs
[2022-08-07 11:19:51,340] {logging_mixin.py:115} INFO - [2022-08-07 11:19:51,339] {dag.py:2972} INFO - Setting next_dagrun for example_branch_dop_operator_v3 to 2022-08-07T11:18:00+00:00, run_after=2022-08-07T11:19:00+00:00
[2022-08-07 11:19:51,384] {processor.py:161} INFO - Processing /home/airflow/.local/lib/python3.7/site-packages/airflow/example_dags/example_branch_python_dop_operator_3.py took 0.362 seconds
[2022-08-07 11:20:21,623] {processor.py:153} INFO - Started process (PID=3263) to work on /home/airflow/.local/lib/python3.7/site-packages/airflow/example_dags/example_branch_python_dop_operator_3.py
[2022-08-07 11:20:21,631] {processor.py:641} INFO - Processing file /home/airflow/.local/lib/python3.7/site-packages/airflow/example_dags/example_branch_python_dop_operator_3.py for tasks to queue
[2022-08-07 11:20:21,633] {logging_mixin.py:115} INFO - [2022-08-07 11:20:21,633] {dagbag.py:508} INFO - Filling up the DagBag from /home/airflow/.local/lib/python3.7/site-packages/airflow/example_dags/example_branch_python_dop_operator_3.py
[2022-08-07 11:20:21,699] {processor.py:651} INFO - DAG(s) dict_keys(['example_branch_dop_operator_v3']) retrieved from /home/airflow/.local/lib/python3.7/site-packages/airflow/example_dags/example_branch_python_dop_operator_3.py
[2022-08-07 11:20:21,840] {logging_mixin.py:115} INFO - [2022-08-07 11:20:21,840] {dag.py:2420} INFO - Sync 1 DAGs
[2022-08-07 11:20:21,982] {logging_mixin.py:115} INFO - [2022-08-07 11:20:21,981] {dag.py:2972} INFO - Setting next_dagrun for example_branch_dop_operator_v3 to 2022-08-07T11:19:00+00:00, run_after=2022-08-07T11:20:00+00:00
[2022-08-07 11:20:22,044] {processor.py:161} INFO - Processing /home/airflow/.local/lib/python3.7/site-packages/airflow/example_dags/example_branch_python_dop_operator_3.py took 0.436 seconds
