[2022-08-07 10:45:23,623] {processor.py:153} INFO - Started process (PID=67) to work on /home/airflow/.local/lib/python3.7/site-packages/airflow/example_dags/example_skip_dag.py
[2022-08-07 10:45:23,625] {processor.py:641} INFO - Processing file /home/airflow/.local/lib/python3.7/site-packages/airflow/example_dags/example_skip_dag.py for tasks to queue
[2022-08-07 10:45:23,627] {logging_mixin.py:115} INFO - [2022-08-07 10:45:23,627] {dagbag.py:508} INFO - Filling up the DagBag from /home/airflow/.local/lib/python3.7/site-packages/airflow/example_dags/example_skip_dag.py
[2022-08-07 10:45:23,655] {processor.py:651} INFO - DAG(s) dict_keys(['example_skip_dag']) retrieved from /home/airflow/.local/lib/python3.7/site-packages/airflow/example_dags/example_skip_dag.py
[2022-08-07 10:45:24,294] {logging_mixin.py:115} INFO - [2022-08-07 10:45:24,294] {manager.py:508} INFO - Created Permission View: can read on DAG:example_skip_dag
[2022-08-07 10:45:24,359] {logging_mixin.py:115} INFO - [2022-08-07 10:45:24,359] {manager.py:508} INFO - Created Permission View: can delete on DAG:example_skip_dag
[2022-08-07 10:45:24,431] {logging_mixin.py:115} INFO - [2022-08-07 10:45:24,430] {manager.py:508} INFO - Created Permission View: can edit on DAG:example_skip_dag
[2022-08-07 10:45:24,431] {logging_mixin.py:115} INFO - [2022-08-07 10:45:24,431] {dag.py:2420} INFO - Sync 1 DAGs
[2022-08-07 10:45:24,506] {logging_mixin.py:115} INFO - [2022-08-07 10:45:24,506] {dag.py:2439} INFO - Creating ORM DAG for example_skip_dag
[2022-08-07 10:45:24,733] {logging_mixin.py:115} INFO - [2022-08-07 10:45:24,733] {dag.py:2972} INFO - Setting next_dagrun for example_skip_dag to 2022-08-06T10:45:24.723893+00:00, run_after=2022-08-07T10:45:24.723893+00:00
[2022-08-07 10:45:24,864] {processor.py:161} INFO - Processing /home/airflow/.local/lib/python3.7/site-packages/airflow/example_dags/example_skip_dag.py took 1.253 seconds
[2022-08-07 10:46:03,040] {processor.py:153} INFO - Started process (PID=116) to work on /home/airflow/.local/lib/python3.7/site-packages/airflow/example_dags/example_skip_dag.py
[2022-08-07 10:46:03,047] {processor.py:641} INFO - Processing file /home/airflow/.local/lib/python3.7/site-packages/airflow/example_dags/example_skip_dag.py for tasks to queue
[2022-08-07 10:46:03,049] {logging_mixin.py:115} INFO - [2022-08-07 10:46:03,049] {dagbag.py:508} INFO - Filling up the DagBag from /home/airflow/.local/lib/python3.7/site-packages/airflow/example_dags/example_skip_dag.py
[2022-08-07 10:46:03,119] {processor.py:651} INFO - DAG(s) dict_keys(['example_skip_dag']) retrieved from /home/airflow/.local/lib/python3.7/site-packages/airflow/example_dags/example_skip_dag.py
[2022-08-07 10:46:03,522] {logging_mixin.py:115} INFO - [2022-08-07 10:46:03,521] {dag.py:2420} INFO - Sync 1 DAGs
[2022-08-07 10:46:03,744] {logging_mixin.py:115} INFO - [2022-08-07 10:46:03,744] {dag.py:2972} INFO - Setting next_dagrun for example_skip_dag to 2022-08-06T10:46:03.743002+00:00, run_after=2022-08-07T10:46:03.743002+00:00
[2022-08-07 10:46:03,853] {processor.py:161} INFO - Processing /home/airflow/.local/lib/python3.7/site-packages/airflow/example_dags/example_skip_dag.py took 0.839 seconds
[2022-08-07 10:48:02,754] {processor.py:153} INFO - Started process (PID=171) to work on /home/airflow/.local/lib/python3.7/site-packages/airflow/example_dags/example_skip_dag.py
[2022-08-07 10:48:02,759] {processor.py:641} INFO - Processing file /home/airflow/.local/lib/python3.7/site-packages/airflow/example_dags/example_skip_dag.py for tasks to queue
[2022-08-07 10:48:02,761] {logging_mixin.py:115} INFO - [2022-08-07 10:48:02,760] {dagbag.py:508} INFO - Filling up the DagBag from /home/airflow/.local/lib/python3.7/site-packages/airflow/example_dags/example_skip_dag.py
[2022-08-07 10:48:02,848] {processor.py:651} INFO - DAG(s) dict_keys(['example_skip_dag']) retrieved from /home/airflow/.local/lib/python3.7/site-packages/airflow/example_dags/example_skip_dag.py
[2022-08-07 10:48:03,407] {logging_mixin.py:115} INFO - [2022-08-07 10:48:03,407] {dag.py:2420} INFO - Sync 1 DAGs
[2022-08-07 10:48:19,608] {logging_mixin.py:115} INFO - [2022-08-07 10:48:19,607] {dag.py:2972} INFO - Setting next_dagrun for example_skip_dag to 2022-08-06T10:48:19.568376+00:00, run_after=2022-08-07T10:48:19.568376+00:00
[2022-08-07 10:48:20,170] {processor.py:161} INFO - Processing /home/airflow/.local/lib/python3.7/site-packages/airflow/example_dags/example_skip_dag.py took 17.430 seconds
[2022-08-07 10:48:50,640] {processor.py:153} INFO - Started process (PID=223) to work on /home/airflow/.local/lib/python3.7/site-packages/airflow/example_dags/example_skip_dag.py
[2022-08-07 10:48:50,641] {processor.py:641} INFO - Processing file /home/airflow/.local/lib/python3.7/site-packages/airflow/example_dags/example_skip_dag.py for tasks to queue
[2022-08-07 10:48:50,642] {logging_mixin.py:115} INFO - [2022-08-07 10:48:50,642] {dagbag.py:508} INFO - Filling up the DagBag from /home/airflow/.local/lib/python3.7/site-packages/airflow/example_dags/example_skip_dag.py
[2022-08-07 10:48:50,658] {processor.py:651} INFO - DAG(s) dict_keys(['example_skip_dag']) retrieved from /home/airflow/.local/lib/python3.7/site-packages/airflow/example_dags/example_skip_dag.py
[2022-08-07 10:48:50,739] {logging_mixin.py:115} INFO - [2022-08-07 10:48:50,739] {dag.py:2420} INFO - Sync 1 DAGs
[2022-08-07 10:48:50,806] {logging_mixin.py:115} INFO - [2022-08-07 10:48:50,806] {dag.py:2972} INFO - Setting next_dagrun for example_skip_dag to 2022-08-06T10:48:50.806035+00:00, run_after=2022-08-07T10:48:50.806035+00:00
[2022-08-07 10:48:50,841] {processor.py:161} INFO - Processing /home/airflow/.local/lib/python3.7/site-packages/airflow/example_dags/example_skip_dag.py took 0.209 seconds
[2022-08-07 10:49:21,223] {processor.py:153} INFO - Started process (PID=275) to work on /home/airflow/.local/lib/python3.7/site-packages/airflow/example_dags/example_skip_dag.py
[2022-08-07 10:49:21,225] {processor.py:641} INFO - Processing file /home/airflow/.local/lib/python3.7/site-packages/airflow/example_dags/example_skip_dag.py for tasks to queue
[2022-08-07 10:49:21,226] {logging_mixin.py:115} INFO - [2022-08-07 10:49:21,226] {dagbag.py:508} INFO - Filling up the DagBag from /home/airflow/.local/lib/python3.7/site-packages/airflow/example_dags/example_skip_dag.py
[2022-08-07 10:49:21,243] {processor.py:651} INFO - DAG(s) dict_keys(['example_skip_dag']) retrieved from /home/airflow/.local/lib/python3.7/site-packages/airflow/example_dags/example_skip_dag.py
[2022-08-07 10:49:21,318] {logging_mixin.py:115} INFO - [2022-08-07 10:49:21,317] {dag.py:2420} INFO - Sync 1 DAGs
[2022-08-07 10:49:21,383] {logging_mixin.py:115} INFO - [2022-08-07 10:49:21,383] {dag.py:2972} INFO - Setting next_dagrun for example_skip_dag to 2022-08-06T10:49:21.382563+00:00, run_after=2022-08-07T10:49:21.382563+00:00
[2022-08-07 10:49:21,412] {processor.py:161} INFO - Processing /home/airflow/.local/lib/python3.7/site-packages/airflow/example_dags/example_skip_dag.py took 0.197 seconds
[2022-08-07 10:49:51,800] {processor.py:153} INFO - Started process (PID=327) to work on /home/airflow/.local/lib/python3.7/site-packages/airflow/example_dags/example_skip_dag.py
[2022-08-07 10:49:51,802] {processor.py:641} INFO - Processing file /home/airflow/.local/lib/python3.7/site-packages/airflow/example_dags/example_skip_dag.py for tasks to queue
[2022-08-07 10:49:51,803] {logging_mixin.py:115} INFO - [2022-08-07 10:49:51,803] {dagbag.py:508} INFO - Filling up the DagBag from /home/airflow/.local/lib/python3.7/site-packages/airflow/example_dags/example_skip_dag.py
[2022-08-07 10:49:51,821] {processor.py:651} INFO - DAG(s) dict_keys(['example_skip_dag']) retrieved from /home/airflow/.local/lib/python3.7/site-packages/airflow/example_dags/example_skip_dag.py
[2022-08-07 10:49:51,903] {logging_mixin.py:115} INFO - [2022-08-07 10:49:51,903] {dag.py:2420} INFO - Sync 1 DAGs
[2022-08-07 10:49:51,979] {logging_mixin.py:115} INFO - [2022-08-07 10:49:51,979] {dag.py:2972} INFO - Setting next_dagrun for example_skip_dag to 2022-08-06T10:49:51.978824+00:00, run_after=2022-08-07T10:49:51.978824+00:00
[2022-08-07 10:49:52,016] {processor.py:161} INFO - Processing /home/airflow/.local/lib/python3.7/site-packages/airflow/example_dags/example_skip_dag.py took 0.224 seconds
[2022-08-07 10:50:22,340] {processor.py:153} INFO - Started process (PID=378) to work on /home/airflow/.local/lib/python3.7/site-packages/airflow/example_dags/example_skip_dag.py
[2022-08-07 10:50:22,342] {processor.py:641} INFO - Processing file /home/airflow/.local/lib/python3.7/site-packages/airflow/example_dags/example_skip_dag.py for tasks to queue
[2022-08-07 10:50:22,343] {logging_mixin.py:115} INFO - [2022-08-07 10:50:22,343] {dagbag.py:508} INFO - Filling up the DagBag from /home/airflow/.local/lib/python3.7/site-packages/airflow/example_dags/example_skip_dag.py
[2022-08-07 10:50:22,366] {processor.py:651} INFO - DAG(s) dict_keys(['example_skip_dag']) retrieved from /home/airflow/.local/lib/python3.7/site-packages/airflow/example_dags/example_skip_dag.py
[2022-08-07 10:50:22,487] {logging_mixin.py:115} INFO - [2022-08-07 10:50:22,487] {dag.py:2420} INFO - Sync 1 DAGs
[2022-08-07 10:50:22,573] {logging_mixin.py:115} INFO - [2022-08-07 10:50:22,572] {dag.py:2972} INFO - Setting next_dagrun for example_skip_dag to 2022-08-06T10:50:22.572187+00:00, run_after=2022-08-07T10:50:22.572187+00:00
[2022-08-07 10:50:22,611] {processor.py:161} INFO - Processing /home/airflow/.local/lib/python3.7/site-packages/airflow/example_dags/example_skip_dag.py took 0.281 seconds
[2022-08-07 10:50:53,544] {processor.py:153} INFO - Started process (PID=430) to work on /home/airflow/.local/lib/python3.7/site-packages/airflow/example_dags/example_skip_dag.py
[2022-08-07 10:50:53,545] {processor.py:641} INFO - Processing file /home/airflow/.local/lib/python3.7/site-packages/airflow/example_dags/example_skip_dag.py for tasks to queue
[2022-08-07 10:50:53,546] {logging_mixin.py:115} INFO - [2022-08-07 10:50:53,546] {dagbag.py:508} INFO - Filling up the DagBag from /home/airflow/.local/lib/python3.7/site-packages/airflow/example_dags/example_skip_dag.py
[2022-08-07 10:50:53,563] {processor.py:651} INFO - DAG(s) dict_keys(['example_skip_dag']) retrieved from /home/airflow/.local/lib/python3.7/site-packages/airflow/example_dags/example_skip_dag.py
[2022-08-07 10:50:53,658] {logging_mixin.py:115} INFO - [2022-08-07 10:50:53,658] {dag.py:2420} INFO - Sync 1 DAGs
[2022-08-07 10:50:53,761] {logging_mixin.py:115} INFO - [2022-08-07 10:50:53,761] {dag.py:2972} INFO - Setting next_dagrun for example_skip_dag to 2022-08-06T10:50:53.760441+00:00, run_after=2022-08-07T10:50:53.760441+00:00
[2022-08-07 10:50:53,804] {processor.py:161} INFO - Processing /home/airflow/.local/lib/python3.7/site-packages/airflow/example_dags/example_skip_dag.py took 0.270 seconds
[2022-08-07 10:51:23,989] {processor.py:153} INFO - Started process (PID=481) to work on /home/airflow/.local/lib/python3.7/site-packages/airflow/example_dags/example_skip_dag.py
[2022-08-07 10:51:23,991] {processor.py:641} INFO - Processing file /home/airflow/.local/lib/python3.7/site-packages/airflow/example_dags/example_skip_dag.py for tasks to queue
[2022-08-07 10:51:23,993] {logging_mixin.py:115} INFO - [2022-08-07 10:51:23,993] {dagbag.py:508} INFO - Filling up the DagBag from /home/airflow/.local/lib/python3.7/site-packages/airflow/example_dags/example_skip_dag.py
[2022-08-07 10:51:24,025] {processor.py:651} INFO - DAG(s) dict_keys(['example_skip_dag']) retrieved from /home/airflow/.local/lib/python3.7/site-packages/airflow/example_dags/example_skip_dag.py
[2022-08-07 10:51:24,162] {logging_mixin.py:115} INFO - [2022-08-07 10:51:24,162] {dag.py:2420} INFO - Sync 1 DAGs
[2022-08-07 10:51:24,274] {logging_mixin.py:115} INFO - [2022-08-07 10:51:24,273] {dag.py:2972} INFO - Setting next_dagrun for example_skip_dag to 2022-08-06T10:51:24.271821+00:00, run_after=2022-08-07T10:51:24.271821+00:00
[2022-08-07 10:51:24,320] {processor.py:161} INFO - Processing /home/airflow/.local/lib/python3.7/site-packages/airflow/example_dags/example_skip_dag.py took 0.346 seconds
[2022-08-07 10:51:54,631] {processor.py:153} INFO - Started process (PID=533) to work on /home/airflow/.local/lib/python3.7/site-packages/airflow/example_dags/example_skip_dag.py
[2022-08-07 10:51:54,632] {processor.py:641} INFO - Processing file /home/airflow/.local/lib/python3.7/site-packages/airflow/example_dags/example_skip_dag.py for tasks to queue
[2022-08-07 10:51:54,634] {logging_mixin.py:115} INFO - [2022-08-07 10:51:54,634] {dagbag.py:508} INFO - Filling up the DagBag from /home/airflow/.local/lib/python3.7/site-packages/airflow/example_dags/example_skip_dag.py
[2022-08-07 10:51:54,655] {processor.py:651} INFO - DAG(s) dict_keys(['example_skip_dag']) retrieved from /home/airflow/.local/lib/python3.7/site-packages/airflow/example_dags/example_skip_dag.py
[2022-08-07 10:51:54,785] {logging_mixin.py:115} INFO - [2022-08-07 10:51:54,785] {dag.py:2420} INFO - Sync 1 DAGs
[2022-08-07 10:51:54,891] {logging_mixin.py:115} INFO - [2022-08-07 10:51:54,890] {dag.py:2972} INFO - Setting next_dagrun for example_skip_dag to 2022-08-06T10:51:54.889152+00:00, run_after=2022-08-07T10:51:54.889152+00:00
[2022-08-07 10:51:54,932] {processor.py:161} INFO - Processing /home/airflow/.local/lib/python3.7/site-packages/airflow/example_dags/example_skip_dag.py took 0.310 seconds
[2022-08-07 10:52:25,957] {processor.py:153} INFO - Started process (PID=584) to work on /home/airflow/.local/lib/python3.7/site-packages/airflow/example_dags/example_skip_dag.py
[2022-08-07 10:52:25,958] {processor.py:641} INFO - Processing file /home/airflow/.local/lib/python3.7/site-packages/airflow/example_dags/example_skip_dag.py for tasks to queue
[2022-08-07 10:52:25,960] {logging_mixin.py:115} INFO - [2022-08-07 10:52:25,960] {dagbag.py:508} INFO - Filling up the DagBag from /home/airflow/.local/lib/python3.7/site-packages/airflow/example_dags/example_skip_dag.py
[2022-08-07 10:52:26,039] {processor.py:651} INFO - DAG(s) dict_keys(['example_skip_dag']) retrieved from /home/airflow/.local/lib/python3.7/site-packages/airflow/example_dags/example_skip_dag.py
[2022-08-07 10:52:26,819] {logging_mixin.py:115} INFO - [2022-08-07 10:52:26,816] {dag.py:2420} INFO - Sync 1 DAGs
[2022-08-07 10:52:27,378] {logging_mixin.py:115} INFO - [2022-08-07 10:52:27,377] {dag.py:2972} INFO - Setting next_dagrun for example_skip_dag to 2022-08-06T10:52:27.334024+00:00, run_after=2022-08-07T10:52:27.334024+00:00
[2022-08-07 10:52:27,726] {processor.py:161} INFO - Processing /home/airflow/.local/lib/python3.7/site-packages/airflow/example_dags/example_skip_dag.py took 1.800 seconds
[2022-08-07 10:53:34,906] {processor.py:153} INFO - Started process (PID=629) to work on /home/airflow/.local/lib/python3.7/site-packages/airflow/example_dags/example_skip_dag.py
[2022-08-07 10:53:34,907] {processor.py:641} INFO - Processing file /home/airflow/.local/lib/python3.7/site-packages/airflow/example_dags/example_skip_dag.py for tasks to queue
[2022-08-07 10:53:34,910] {logging_mixin.py:115} INFO - [2022-08-07 10:53:34,909] {dagbag.py:508} INFO - Filling up the DagBag from /home/airflow/.local/lib/python3.7/site-packages/airflow/example_dags/example_skip_dag.py
[2022-08-07 10:53:34,939] {processor.py:651} INFO - DAG(s) dict_keys(['example_skip_dag']) retrieved from /home/airflow/.local/lib/python3.7/site-packages/airflow/example_dags/example_skip_dag.py
[2022-08-07 10:53:35,056] {logging_mixin.py:115} INFO - [2022-08-07 10:53:35,056] {dag.py:2420} INFO - Sync 1 DAGs
[2022-08-07 10:53:35,155] {logging_mixin.py:115} INFO - [2022-08-07 10:53:35,154] {dag.py:2972} INFO - Setting next_dagrun for example_skip_dag to 2022-08-06T10:53:35.153820+00:00, run_after=2022-08-07T10:53:35.153820+00:00
[2022-08-07 10:53:35,207] {processor.py:161} INFO - Processing /home/airflow/.local/lib/python3.7/site-packages/airflow/example_dags/example_skip_dag.py took 0.314 seconds
[2022-08-07 10:54:05,591] {processor.py:153} INFO - Started process (PID=680) to work on /home/airflow/.local/lib/python3.7/site-packages/airflow/example_dags/example_skip_dag.py
[2022-08-07 10:54:05,592] {processor.py:641} INFO - Processing file /home/airflow/.local/lib/python3.7/site-packages/airflow/example_dags/example_skip_dag.py for tasks to queue
[2022-08-07 10:54:05,594] {logging_mixin.py:115} INFO - [2022-08-07 10:54:05,594] {dagbag.py:508} INFO - Filling up the DagBag from /home/airflow/.local/lib/python3.7/site-packages/airflow/example_dags/example_skip_dag.py
[2022-08-07 10:54:05,614] {processor.py:651} INFO - DAG(s) dict_keys(['example_skip_dag']) retrieved from /home/airflow/.local/lib/python3.7/site-packages/airflow/example_dags/example_skip_dag.py
[2022-08-07 10:54:05,708] {logging_mixin.py:115} INFO - [2022-08-07 10:54:05,708] {dag.py:2420} INFO - Sync 1 DAGs
[2022-08-07 10:54:05,790] {logging_mixin.py:115} INFO - [2022-08-07 10:54:05,789] {dag.py:2972} INFO - Setting next_dagrun for example_skip_dag to 2022-08-06T10:54:05.789232+00:00, run_after=2022-08-07T10:54:05.789232+00:00
[2022-08-07 10:54:05,827] {processor.py:161} INFO - Processing /home/airflow/.local/lib/python3.7/site-packages/airflow/example_dags/example_skip_dag.py took 0.245 seconds
[2022-08-07 10:54:36,027] {processor.py:153} INFO - Started process (PID=731) to work on /home/airflow/.local/lib/python3.7/site-packages/airflow/example_dags/example_skip_dag.py
[2022-08-07 10:54:36,054] {processor.py:641} INFO - Processing file /home/airflow/.local/lib/python3.7/site-packages/airflow/example_dags/example_skip_dag.py for tasks to queue
[2022-08-07 10:54:36,055] {logging_mixin.py:115} INFO - [2022-08-07 10:54:36,055] {dagbag.py:508} INFO - Filling up the DagBag from /home/airflow/.local/lib/python3.7/site-packages/airflow/example_dags/example_skip_dag.py
[2022-08-07 10:54:36,070] {processor.py:651} INFO - DAG(s) dict_keys(['example_skip_dag']) retrieved from /home/airflow/.local/lib/python3.7/site-packages/airflow/example_dags/example_skip_dag.py
[2022-08-07 10:54:36,172] {logging_mixin.py:115} INFO - [2022-08-07 10:54:36,171] {dag.py:2420} INFO - Sync 1 DAGs
[2022-08-07 10:54:36,251] {logging_mixin.py:115} INFO - [2022-08-07 10:54:36,251] {dag.py:2972} INFO - Setting next_dagrun for example_skip_dag to 2022-08-06T10:54:36.250717+00:00, run_after=2022-08-07T10:54:36.250717+00:00
[2022-08-07 10:54:36,285] {processor.py:161} INFO - Processing /home/airflow/.local/lib/python3.7/site-packages/airflow/example_dags/example_skip_dag.py took 0.267 seconds
[2022-08-07 10:55:06,531] {processor.py:153} INFO - Started process (PID=783) to work on /home/airflow/.local/lib/python3.7/site-packages/airflow/example_dags/example_skip_dag.py
[2022-08-07 10:55:06,534] {processor.py:641} INFO - Processing file /home/airflow/.local/lib/python3.7/site-packages/airflow/example_dags/example_skip_dag.py for tasks to queue
[2022-08-07 10:55:06,536] {logging_mixin.py:115} INFO - [2022-08-07 10:55:06,536] {dagbag.py:508} INFO - Filling up the DagBag from /home/airflow/.local/lib/python3.7/site-packages/airflow/example_dags/example_skip_dag.py
[2022-08-07 10:55:06,561] {processor.py:651} INFO - DAG(s) dict_keys(['example_skip_dag']) retrieved from /home/airflow/.local/lib/python3.7/site-packages/airflow/example_dags/example_skip_dag.py
[2022-08-07 10:55:06,666] {logging_mixin.py:115} INFO - [2022-08-07 10:55:06,665] {dag.py:2420} INFO - Sync 1 DAGs
[2022-08-07 10:55:06,770] {logging_mixin.py:115} INFO - [2022-08-07 10:55:06,770] {dag.py:2972} INFO - Setting next_dagrun for example_skip_dag to 2022-08-06T10:55:06.769249+00:00, run_after=2022-08-07T10:55:06.769249+00:00
[2022-08-07 10:55:06,819] {processor.py:161} INFO - Processing /home/airflow/.local/lib/python3.7/site-packages/airflow/example_dags/example_skip_dag.py took 0.301 seconds
[2022-08-07 10:55:36,966] {processor.py:153} INFO - Started process (PID=834) to work on /home/airflow/.local/lib/python3.7/site-packages/airflow/example_dags/example_skip_dag.py
[2022-08-07 10:55:36,967] {processor.py:641} INFO - Processing file /home/airflow/.local/lib/python3.7/site-packages/airflow/example_dags/example_skip_dag.py for tasks to queue
[2022-08-07 10:55:36,969] {logging_mixin.py:115} INFO - [2022-08-07 10:55:36,968] {dagbag.py:508} INFO - Filling up the DagBag from /home/airflow/.local/lib/python3.7/site-packages/airflow/example_dags/example_skip_dag.py
[2022-08-07 10:55:36,985] {processor.py:651} INFO - DAG(s) dict_keys(['example_skip_dag']) retrieved from /home/airflow/.local/lib/python3.7/site-packages/airflow/example_dags/example_skip_dag.py
[2022-08-07 10:55:37,062] {logging_mixin.py:115} INFO - [2022-08-07 10:55:37,062] {dag.py:2420} INFO - Sync 1 DAGs
[2022-08-07 10:55:37,112] {logging_mixin.py:115} INFO - [2022-08-07 10:55:37,112] {dag.py:2972} INFO - Setting next_dagrun for example_skip_dag to 2022-08-06T10:55:37.111896+00:00, run_after=2022-08-07T10:55:37.111896+00:00
[2022-08-07 10:55:37,137] {processor.py:161} INFO - Processing /home/airflow/.local/lib/python3.7/site-packages/airflow/example_dags/example_skip_dag.py took 0.182 seconds
[2022-08-07 10:56:07,301] {processor.py:153} INFO - Started process (PID=884) to work on /home/airflow/.local/lib/python3.7/site-packages/airflow/example_dags/example_skip_dag.py
[2022-08-07 10:56:07,303] {processor.py:641} INFO - Processing file /home/airflow/.local/lib/python3.7/site-packages/airflow/example_dags/example_skip_dag.py for tasks to queue
[2022-08-07 10:56:07,305] {logging_mixin.py:115} INFO - [2022-08-07 10:56:07,305] {dagbag.py:508} INFO - Filling up the DagBag from /home/airflow/.local/lib/python3.7/site-packages/airflow/example_dags/example_skip_dag.py
[2022-08-07 10:56:07,327] {processor.py:651} INFO - DAG(s) dict_keys(['example_skip_dag']) retrieved from /home/airflow/.local/lib/python3.7/site-packages/airflow/example_dags/example_skip_dag.py
[2022-08-07 10:56:07,439] {logging_mixin.py:115} INFO - [2022-08-07 10:56:07,439] {dag.py:2420} INFO - Sync 1 DAGs
[2022-08-07 10:56:07,547] {logging_mixin.py:115} INFO - [2022-08-07 10:56:07,547] {dag.py:2972} INFO - Setting next_dagrun for example_skip_dag to 2022-08-06T10:56:07.546439+00:00, run_after=2022-08-07T10:56:07.546439+00:00
[2022-08-07 10:56:07,594] {processor.py:161} INFO - Processing /home/airflow/.local/lib/python3.7/site-packages/airflow/example_dags/example_skip_dag.py took 0.304 seconds
[2022-08-07 10:56:38,076] {processor.py:153} INFO - Started process (PID=936) to work on /home/airflow/.local/lib/python3.7/site-packages/airflow/example_dags/example_skip_dag.py
[2022-08-07 10:56:38,078] {processor.py:641} INFO - Processing file /home/airflow/.local/lib/python3.7/site-packages/airflow/example_dags/example_skip_dag.py for tasks to queue
[2022-08-07 10:56:38,080] {logging_mixin.py:115} INFO - [2022-08-07 10:56:38,080] {dagbag.py:508} INFO - Filling up the DagBag from /home/airflow/.local/lib/python3.7/site-packages/airflow/example_dags/example_skip_dag.py
[2022-08-07 10:56:38,105] {processor.py:651} INFO - DAG(s) dict_keys(['example_skip_dag']) retrieved from /home/airflow/.local/lib/python3.7/site-packages/airflow/example_dags/example_skip_dag.py
[2022-08-07 10:56:38,246] {logging_mixin.py:115} INFO - [2022-08-07 10:56:38,246] {dag.py:2420} INFO - Sync 1 DAGs
[2022-08-07 10:56:38,369] {logging_mixin.py:115} INFO - [2022-08-07 10:56:38,368] {dag.py:2972} INFO - Setting next_dagrun for example_skip_dag to 2022-08-06T10:56:38.367773+00:00, run_after=2022-08-07T10:56:38.367773+00:00
[2022-08-07 10:56:38,435] {processor.py:161} INFO - Processing /home/airflow/.local/lib/python3.7/site-packages/airflow/example_dags/example_skip_dag.py took 0.372 seconds
[2022-08-07 10:57:09,429] {processor.py:153} INFO - Started process (PID=988) to work on /home/airflow/.local/lib/python3.7/site-packages/airflow/example_dags/example_skip_dag.py
[2022-08-07 10:57:09,456] {processor.py:641} INFO - Processing file /home/airflow/.local/lib/python3.7/site-packages/airflow/example_dags/example_skip_dag.py for tasks to queue
[2022-08-07 10:57:09,458] {logging_mixin.py:115} INFO - [2022-08-07 10:57:09,458] {dagbag.py:508} INFO - Filling up the DagBag from /home/airflow/.local/lib/python3.7/site-packages/airflow/example_dags/example_skip_dag.py
[2022-08-07 10:57:09,480] {processor.py:651} INFO - DAG(s) dict_keys(['example_skip_dag']) retrieved from /home/airflow/.local/lib/python3.7/site-packages/airflow/example_dags/example_skip_dag.py
[2022-08-07 10:57:09,571] {logging_mixin.py:115} INFO - [2022-08-07 10:57:09,570] {dag.py:2420} INFO - Sync 1 DAGs
[2022-08-07 10:57:09,668] {logging_mixin.py:115} INFO - [2022-08-07 10:57:09,667] {dag.py:2972} INFO - Setting next_dagrun for example_skip_dag to 2022-08-06T10:57:09.666376+00:00, run_after=2022-08-07T10:57:09.666376+00:00
[2022-08-07 10:57:09,721] {processor.py:161} INFO - Processing /home/airflow/.local/lib/python3.7/site-packages/airflow/example_dags/example_skip_dag.py took 0.303 seconds
[2022-08-07 10:57:40,581] {processor.py:153} INFO - Started process (PID=1040) to work on /home/airflow/.local/lib/python3.7/site-packages/airflow/example_dags/example_skip_dag.py
[2022-08-07 10:57:40,582] {processor.py:641} INFO - Processing file /home/airflow/.local/lib/python3.7/site-packages/airflow/example_dags/example_skip_dag.py for tasks to queue
[2022-08-07 10:57:40,583] {logging_mixin.py:115} INFO - [2022-08-07 10:57:40,583] {dagbag.py:508} INFO - Filling up the DagBag from /home/airflow/.local/lib/python3.7/site-packages/airflow/example_dags/example_skip_dag.py
[2022-08-07 10:57:40,600] {processor.py:651} INFO - DAG(s) dict_keys(['example_skip_dag']) retrieved from /home/airflow/.local/lib/python3.7/site-packages/airflow/example_dags/example_skip_dag.py
[2022-08-07 10:57:40,684] {logging_mixin.py:115} INFO - [2022-08-07 10:57:40,683] {dag.py:2420} INFO - Sync 1 DAGs
[2022-08-07 10:57:40,759] {logging_mixin.py:115} INFO - [2022-08-07 10:57:40,759] {dag.py:2972} INFO - Setting next_dagrun for example_skip_dag to 2022-08-06T10:57:40.758199+00:00, run_after=2022-08-07T10:57:40.758199+00:00
[2022-08-07 10:57:40,794] {processor.py:161} INFO - Processing /home/airflow/.local/lib/python3.7/site-packages/airflow/example_dags/example_skip_dag.py took 0.223 seconds
[2022-08-07 10:58:11,334] {processor.py:153} INFO - Started process (PID=1092) to work on /home/airflow/.local/lib/python3.7/site-packages/airflow/example_dags/example_skip_dag.py
[2022-08-07 10:58:11,336] {processor.py:641} INFO - Processing file /home/airflow/.local/lib/python3.7/site-packages/airflow/example_dags/example_skip_dag.py for tasks to queue
[2022-08-07 10:58:11,338] {logging_mixin.py:115} INFO - [2022-08-07 10:58:11,337] {dagbag.py:508} INFO - Filling up the DagBag from /home/airflow/.local/lib/python3.7/site-packages/airflow/example_dags/example_skip_dag.py
[2022-08-07 10:58:11,355] {processor.py:651} INFO - DAG(s) dict_keys(['example_skip_dag']) retrieved from /home/airflow/.local/lib/python3.7/site-packages/airflow/example_dags/example_skip_dag.py
[2022-08-07 10:58:11,476] {logging_mixin.py:115} INFO - [2022-08-07 10:58:11,476] {dag.py:2420} INFO - Sync 1 DAGs
[2022-08-07 10:58:11,588] {logging_mixin.py:115} INFO - [2022-08-07 10:58:11,587] {dag.py:2972} INFO - Setting next_dagrun for example_skip_dag to 2022-08-06T10:58:11.586629+00:00, run_after=2022-08-07T10:58:11.586629+00:00
[2022-08-07 10:58:11,644] {processor.py:161} INFO - Processing /home/airflow/.local/lib/python3.7/site-packages/airflow/example_dags/example_skip_dag.py took 0.320 seconds
[2022-08-07 10:58:41,849] {processor.py:153} INFO - Started process (PID=1140) to work on /home/airflow/.local/lib/python3.7/site-packages/airflow/example_dags/example_skip_dag.py
[2022-08-07 10:58:41,851] {processor.py:641} INFO - Processing file /home/airflow/.local/lib/python3.7/site-packages/airflow/example_dags/example_skip_dag.py for tasks to queue
[2022-08-07 10:58:41,853] {logging_mixin.py:115} INFO - [2022-08-07 10:58:41,852] {dagbag.py:508} INFO - Filling up the DagBag from /home/airflow/.local/lib/python3.7/site-packages/airflow/example_dags/example_skip_dag.py
[2022-08-07 10:58:41,876] {processor.py:651} INFO - DAG(s) dict_keys(['example_skip_dag']) retrieved from /home/airflow/.local/lib/python3.7/site-packages/airflow/example_dags/example_skip_dag.py
[2022-08-07 10:58:41,992] {logging_mixin.py:115} INFO - [2022-08-07 10:58:41,992] {dag.py:2420} INFO - Sync 1 DAGs
[2022-08-07 10:58:42,133] {logging_mixin.py:115} INFO - [2022-08-07 10:58:42,132] {dag.py:2972} INFO - Setting next_dagrun for example_skip_dag to 2022-08-06T10:58:42.131702+00:00, run_after=2022-08-07T10:58:42.131702+00:00
[2022-08-07 10:58:42,175] {processor.py:161} INFO - Processing /home/airflow/.local/lib/python3.7/site-packages/airflow/example_dags/example_skip_dag.py took 0.340 seconds
[2022-08-07 10:59:12,396] {processor.py:153} INFO - Started process (PID=1184) to work on /home/airflow/.local/lib/python3.7/site-packages/airflow/example_dags/example_skip_dag.py
[2022-08-07 10:59:12,397] {processor.py:641} INFO - Processing file /home/airflow/.local/lib/python3.7/site-packages/airflow/example_dags/example_skip_dag.py for tasks to queue
[2022-08-07 10:59:12,399] {logging_mixin.py:115} INFO - [2022-08-07 10:59:12,399] {dagbag.py:508} INFO - Filling up the DagBag from /home/airflow/.local/lib/python3.7/site-packages/airflow/example_dags/example_skip_dag.py
[2022-08-07 10:59:12,419] {processor.py:651} INFO - DAG(s) dict_keys(['example_skip_dag']) retrieved from /home/airflow/.local/lib/python3.7/site-packages/airflow/example_dags/example_skip_dag.py
[2022-08-07 10:59:12,516] {logging_mixin.py:115} INFO - [2022-08-07 10:59:12,516] {dag.py:2420} INFO - Sync 1 DAGs
[2022-08-07 10:59:12,605] {logging_mixin.py:115} INFO - [2022-08-07 10:59:12,604] {dag.py:2972} INFO - Setting next_dagrun for example_skip_dag to 2022-08-06T10:59:12.604063+00:00, run_after=2022-08-07T10:59:12.604063+00:00
[2022-08-07 10:59:12,644] {processor.py:161} INFO - Processing /home/airflow/.local/lib/python3.7/site-packages/airflow/example_dags/example_skip_dag.py took 0.259 seconds
[2022-08-07 10:59:43,030] {processor.py:153} INFO - Started process (PID=1236) to work on /home/airflow/.local/lib/python3.7/site-packages/airflow/example_dags/example_skip_dag.py
[2022-08-07 10:59:43,035] {processor.py:641} INFO - Processing file /home/airflow/.local/lib/python3.7/site-packages/airflow/example_dags/example_skip_dag.py for tasks to queue
[2022-08-07 10:59:43,037] {logging_mixin.py:115} INFO - [2022-08-07 10:59:43,037] {dagbag.py:508} INFO - Filling up the DagBag from /home/airflow/.local/lib/python3.7/site-packages/airflow/example_dags/example_skip_dag.py
[2022-08-07 10:59:43,062] {processor.py:651} INFO - DAG(s) dict_keys(['example_skip_dag']) retrieved from /home/airflow/.local/lib/python3.7/site-packages/airflow/example_dags/example_skip_dag.py
[2022-08-07 10:59:43,198] {logging_mixin.py:115} INFO - [2022-08-07 10:59:43,198] {dag.py:2420} INFO - Sync 1 DAGs
[2022-08-07 10:59:43,395] {logging_mixin.py:115} INFO - [2022-08-07 10:59:43,395] {dag.py:2972} INFO - Setting next_dagrun for example_skip_dag to 2022-08-06T10:59:43.394339+00:00, run_after=2022-08-07T10:59:43.394339+00:00
[2022-08-07 10:59:43,433] {processor.py:161} INFO - Processing /home/airflow/.local/lib/python3.7/site-packages/airflow/example_dags/example_skip_dag.py took 0.418 seconds
[2022-08-07 11:00:13,896] {processor.py:153} INFO - Started process (PID=1288) to work on /home/airflow/.local/lib/python3.7/site-packages/airflow/example_dags/example_skip_dag.py
[2022-08-07 11:00:13,898] {processor.py:641} INFO - Processing file /home/airflow/.local/lib/python3.7/site-packages/airflow/example_dags/example_skip_dag.py for tasks to queue
[2022-08-07 11:00:13,901] {logging_mixin.py:115} INFO - [2022-08-07 11:00:13,900] {dagbag.py:508} INFO - Filling up the DagBag from /home/airflow/.local/lib/python3.7/site-packages/airflow/example_dags/example_skip_dag.py
[2022-08-07 11:00:13,930] {processor.py:651} INFO - DAG(s) dict_keys(['example_skip_dag']) retrieved from /home/airflow/.local/lib/python3.7/site-packages/airflow/example_dags/example_skip_dag.py
[2022-08-07 11:00:14,050] {logging_mixin.py:115} INFO - [2022-08-07 11:00:14,049] {dag.py:2420} INFO - Sync 1 DAGs
[2022-08-07 11:00:14,149] {logging_mixin.py:115} INFO - [2022-08-07 11:00:14,149] {dag.py:2972} INFO - Setting next_dagrun for example_skip_dag to 2022-08-06T11:00:14.147836+00:00, run_after=2022-08-07T11:00:14.147836+00:00
[2022-08-07 11:00:14,213] {processor.py:161} INFO - Processing /home/airflow/.local/lib/python3.7/site-packages/airflow/example_dags/example_skip_dag.py took 0.334 seconds
[2022-08-07 11:00:44,435] {processor.py:153} INFO - Started process (PID=1337) to work on /home/airflow/.local/lib/python3.7/site-packages/airflow/example_dags/example_skip_dag.py
[2022-08-07 11:00:44,436] {processor.py:641} INFO - Processing file /home/airflow/.local/lib/python3.7/site-packages/airflow/example_dags/example_skip_dag.py for tasks to queue
[2022-08-07 11:00:44,438] {logging_mixin.py:115} INFO - [2022-08-07 11:00:44,438] {dagbag.py:508} INFO - Filling up the DagBag from /home/airflow/.local/lib/python3.7/site-packages/airflow/example_dags/example_skip_dag.py
[2022-08-07 11:00:44,456] {processor.py:651} INFO - DAG(s) dict_keys(['example_skip_dag']) retrieved from /home/airflow/.local/lib/python3.7/site-packages/airflow/example_dags/example_skip_dag.py
[2022-08-07 11:00:44,556] {logging_mixin.py:115} INFO - [2022-08-07 11:00:44,556] {dag.py:2420} INFO - Sync 1 DAGs
[2022-08-07 11:00:44,651] {logging_mixin.py:115} INFO - [2022-08-07 11:00:44,650] {dag.py:2972} INFO - Setting next_dagrun for example_skip_dag to 2022-08-06T11:00:44.649794+00:00, run_after=2022-08-07T11:00:44.649794+00:00
[2022-08-07 11:00:44,705] {processor.py:161} INFO - Processing /home/airflow/.local/lib/python3.7/site-packages/airflow/example_dags/example_skip_dag.py took 0.281 seconds
[2022-08-07 11:01:15,461] {processor.py:153} INFO - Started process (PID=1380) to work on /home/airflow/.local/lib/python3.7/site-packages/airflow/example_dags/example_skip_dag.py
[2022-08-07 11:01:15,463] {processor.py:641} INFO - Processing file /home/airflow/.local/lib/python3.7/site-packages/airflow/example_dags/example_skip_dag.py for tasks to queue
[2022-08-07 11:01:15,465] {logging_mixin.py:115} INFO - [2022-08-07 11:01:15,465] {dagbag.py:508} INFO - Filling up the DagBag from /home/airflow/.local/lib/python3.7/site-packages/airflow/example_dags/example_skip_dag.py
[2022-08-07 11:01:15,485] {processor.py:651} INFO - DAG(s) dict_keys(['example_skip_dag']) retrieved from /home/airflow/.local/lib/python3.7/site-packages/airflow/example_dags/example_skip_dag.py
[2022-08-07 11:01:15,593] {logging_mixin.py:115} INFO - [2022-08-07 11:01:15,592] {dag.py:2420} INFO - Sync 1 DAGs
[2022-08-07 11:01:15,692] {logging_mixin.py:115} INFO - [2022-08-07 11:01:15,692] {dag.py:2972} INFO - Setting next_dagrun for example_skip_dag to 2022-08-06T11:01:15.691228+00:00, run_after=2022-08-07T11:01:15.691228+00:00
[2022-08-07 11:01:15,736] {processor.py:161} INFO - Processing /home/airflow/.local/lib/python3.7/site-packages/airflow/example_dags/example_skip_dag.py took 0.286 seconds
[2022-08-07 11:01:46,295] {processor.py:153} INFO - Started process (PID=1432) to work on /home/airflow/.local/lib/python3.7/site-packages/airflow/example_dags/example_skip_dag.py
[2022-08-07 11:01:46,297] {processor.py:641} INFO - Processing file /home/airflow/.local/lib/python3.7/site-packages/airflow/example_dags/example_skip_dag.py for tasks to queue
[2022-08-07 11:01:46,299] {logging_mixin.py:115} INFO - [2022-08-07 11:01:46,299] {dagbag.py:508} INFO - Filling up the DagBag from /home/airflow/.local/lib/python3.7/site-packages/airflow/example_dags/example_skip_dag.py
[2022-08-07 11:01:46,326] {processor.py:651} INFO - DAG(s) dict_keys(['example_skip_dag']) retrieved from /home/airflow/.local/lib/python3.7/site-packages/airflow/example_dags/example_skip_dag.py
[2022-08-07 11:01:46,443] {logging_mixin.py:115} INFO - [2022-08-07 11:01:46,443] {dag.py:2420} INFO - Sync 1 DAGs
[2022-08-07 11:01:46,560] {logging_mixin.py:115} INFO - [2022-08-07 11:01:46,560] {dag.py:2972} INFO - Setting next_dagrun for example_skip_dag to 2022-08-06T11:01:46.558912+00:00, run_after=2022-08-07T11:01:46.558912+00:00
[2022-08-07 11:01:46,617] {processor.py:161} INFO - Processing /home/airflow/.local/lib/python3.7/site-packages/airflow/example_dags/example_skip_dag.py took 0.338 seconds
[2022-08-07 11:02:16,956] {processor.py:153} INFO - Started process (PID=1484) to work on /home/airflow/.local/lib/python3.7/site-packages/airflow/example_dags/example_skip_dag.py
[2022-08-07 11:02:16,958] {processor.py:641} INFO - Processing file /home/airflow/.local/lib/python3.7/site-packages/airflow/example_dags/example_skip_dag.py for tasks to queue
[2022-08-07 11:02:16,959] {logging_mixin.py:115} INFO - [2022-08-07 11:02:16,959] {dagbag.py:508} INFO - Filling up the DagBag from /home/airflow/.local/lib/python3.7/site-packages/airflow/example_dags/example_skip_dag.py
[2022-08-07 11:02:16,984] {processor.py:651} INFO - DAG(s) dict_keys(['example_skip_dag']) retrieved from /home/airflow/.local/lib/python3.7/site-packages/airflow/example_dags/example_skip_dag.py
[2022-08-07 11:02:17,091] {logging_mixin.py:115} INFO - [2022-08-07 11:02:17,091] {dag.py:2420} INFO - Sync 1 DAGs
[2022-08-07 11:02:17,171] {logging_mixin.py:115} INFO - [2022-08-07 11:02:17,171] {dag.py:2972} INFO - Setting next_dagrun for example_skip_dag to 2022-08-06T11:02:17.170384+00:00, run_after=2022-08-07T11:02:17.170384+00:00
[2022-08-07 11:02:17,203] {processor.py:161} INFO - Processing /home/airflow/.local/lib/python3.7/site-packages/airflow/example_dags/example_skip_dag.py took 0.261 seconds
[2022-08-07 11:02:47,418] {processor.py:153} INFO - Started process (PID=1533) to work on /home/airflow/.local/lib/python3.7/site-packages/airflow/example_dags/example_skip_dag.py
[2022-08-07 11:02:47,420] {processor.py:641} INFO - Processing file /home/airflow/.local/lib/python3.7/site-packages/airflow/example_dags/example_skip_dag.py for tasks to queue
[2022-08-07 11:02:47,423] {logging_mixin.py:115} INFO - [2022-08-07 11:02:47,422] {dagbag.py:508} INFO - Filling up the DagBag from /home/airflow/.local/lib/python3.7/site-packages/airflow/example_dags/example_skip_dag.py
[2022-08-07 11:02:47,448] {processor.py:651} INFO - DAG(s) dict_keys(['example_skip_dag']) retrieved from /home/airflow/.local/lib/python3.7/site-packages/airflow/example_dags/example_skip_dag.py
[2022-08-07 11:02:47,572] {logging_mixin.py:115} INFO - [2022-08-07 11:02:47,572] {dag.py:2420} INFO - Sync 1 DAGs
[2022-08-07 11:02:47,659] {logging_mixin.py:115} INFO - [2022-08-07 11:02:47,658] {dag.py:2972} INFO - Setting next_dagrun for example_skip_dag to 2022-08-06T11:02:47.657902+00:00, run_after=2022-08-07T11:02:47.657902+00:00
[2022-08-07 11:02:47,706] {processor.py:161} INFO - Processing /home/airflow/.local/lib/python3.7/site-packages/airflow/example_dags/example_skip_dag.py took 0.304 seconds
[2022-08-07 11:03:18,482] {processor.py:153} INFO - Started process (PID=1585) to work on /home/airflow/.local/lib/python3.7/site-packages/airflow/example_dags/example_skip_dag.py
[2022-08-07 11:03:18,493] {processor.py:641} INFO - Processing file /home/airflow/.local/lib/python3.7/site-packages/airflow/example_dags/example_skip_dag.py for tasks to queue
[2022-08-07 11:03:18,495] {logging_mixin.py:115} INFO - [2022-08-07 11:03:18,495] {dagbag.py:508} INFO - Filling up the DagBag from /home/airflow/.local/lib/python3.7/site-packages/airflow/example_dags/example_skip_dag.py
[2022-08-07 11:03:18,521] {processor.py:651} INFO - DAG(s) dict_keys(['example_skip_dag']) retrieved from /home/airflow/.local/lib/python3.7/site-packages/airflow/example_dags/example_skip_dag.py
[2022-08-07 11:03:18,652] {logging_mixin.py:115} INFO - [2022-08-07 11:03:18,652] {dag.py:2420} INFO - Sync 1 DAGs
[2022-08-07 11:03:18,771] {logging_mixin.py:115} INFO - [2022-08-07 11:03:18,771] {dag.py:2972} INFO - Setting next_dagrun for example_skip_dag to 2022-08-06T11:03:18.770086+00:00, run_after=2022-08-07T11:03:18.770086+00:00
[2022-08-07 11:03:18,822] {processor.py:161} INFO - Processing /home/airflow/.local/lib/python3.7/site-packages/airflow/example_dags/example_skip_dag.py took 0.353 seconds
[2022-08-07 11:03:49,255] {processor.py:153} INFO - Started process (PID=1628) to work on /home/airflow/.local/lib/python3.7/site-packages/airflow/example_dags/example_skip_dag.py
[2022-08-07 11:03:49,258] {processor.py:641} INFO - Processing file /home/airflow/.local/lib/python3.7/site-packages/airflow/example_dags/example_skip_dag.py for tasks to queue
[2022-08-07 11:03:49,260] {logging_mixin.py:115} INFO - [2022-08-07 11:03:49,260] {dagbag.py:508} INFO - Filling up the DagBag from /home/airflow/.local/lib/python3.7/site-packages/airflow/example_dags/example_skip_dag.py
[2022-08-07 11:03:49,286] {processor.py:651} INFO - DAG(s) dict_keys(['example_skip_dag']) retrieved from /home/airflow/.local/lib/python3.7/site-packages/airflow/example_dags/example_skip_dag.py
[2022-08-07 11:03:49,423] {logging_mixin.py:115} INFO - [2022-08-07 11:03:49,422] {dag.py:2420} INFO - Sync 1 DAGs
[2022-08-07 11:03:49,572] {logging_mixin.py:115} INFO - [2022-08-07 11:03:49,572] {dag.py:2972} INFO - Setting next_dagrun for example_skip_dag to 2022-08-06T11:03:49.571076+00:00, run_after=2022-08-07T11:03:49.571076+00:00
[2022-08-07 11:03:49,624] {processor.py:161} INFO - Processing /home/airflow/.local/lib/python3.7/site-packages/airflow/example_dags/example_skip_dag.py took 0.395 seconds
[2022-08-07 11:04:20,054] {processor.py:153} INFO - Started process (PID=1679) to work on /home/airflow/.local/lib/python3.7/site-packages/airflow/example_dags/example_skip_dag.py
[2022-08-07 11:04:20,055] {processor.py:641} INFO - Processing file /home/airflow/.local/lib/python3.7/site-packages/airflow/example_dags/example_skip_dag.py for tasks to queue
[2022-08-07 11:04:20,057] {logging_mixin.py:115} INFO - [2022-08-07 11:04:20,057] {dagbag.py:508} INFO - Filling up the DagBag from /home/airflow/.local/lib/python3.7/site-packages/airflow/example_dags/example_skip_dag.py
[2022-08-07 11:04:20,078] {processor.py:651} INFO - DAG(s) dict_keys(['example_skip_dag']) retrieved from /home/airflow/.local/lib/python3.7/site-packages/airflow/example_dags/example_skip_dag.py
[2022-08-07 11:04:20,177] {logging_mixin.py:115} INFO - [2022-08-07 11:04:20,177] {dag.py:2420} INFO - Sync 1 DAGs
[2022-08-07 11:04:20,306] {logging_mixin.py:115} INFO - [2022-08-07 11:04:20,306] {dag.py:2972} INFO - Setting next_dagrun for example_skip_dag to 2022-08-06T11:04:20.304907+00:00, run_after=2022-08-07T11:04:20.304907+00:00
[2022-08-07 11:04:20,377] {processor.py:161} INFO - Processing /home/airflow/.local/lib/python3.7/site-packages/airflow/example_dags/example_skip_dag.py took 0.334 seconds
[2022-08-07 11:04:50,572] {processor.py:153} INFO - Started process (PID=1731) to work on /home/airflow/.local/lib/python3.7/site-packages/airflow/example_dags/example_skip_dag.py
[2022-08-07 11:04:50,574] {processor.py:641} INFO - Processing file /home/airflow/.local/lib/python3.7/site-packages/airflow/example_dags/example_skip_dag.py for tasks to queue
[2022-08-07 11:04:50,575] {logging_mixin.py:115} INFO - [2022-08-07 11:04:50,575] {dagbag.py:508} INFO - Filling up the DagBag from /home/airflow/.local/lib/python3.7/site-packages/airflow/example_dags/example_skip_dag.py
[2022-08-07 11:04:50,592] {processor.py:651} INFO - DAG(s) dict_keys(['example_skip_dag']) retrieved from /home/airflow/.local/lib/python3.7/site-packages/airflow/example_dags/example_skip_dag.py
[2022-08-07 11:04:50,681] {logging_mixin.py:115} INFO - [2022-08-07 11:04:50,680] {dag.py:2420} INFO - Sync 1 DAGs
[2022-08-07 11:04:50,764] {logging_mixin.py:115} INFO - [2022-08-07 11:04:50,764] {dag.py:2972} INFO - Setting next_dagrun for example_skip_dag to 2022-08-06T11:04:50.763308+00:00, run_after=2022-08-07T11:04:50.763308+00:00
[2022-08-07 11:04:50,824] {processor.py:161} INFO - Processing /home/airflow/.local/lib/python3.7/site-packages/airflow/example_dags/example_skip_dag.py took 0.262 seconds
[2022-08-07 11:05:21,487] {processor.py:153} INFO - Started process (PID=1783) to work on /home/airflow/.local/lib/python3.7/site-packages/airflow/example_dags/example_skip_dag.py
[2022-08-07 11:05:21,488] {processor.py:641} INFO - Processing file /home/airflow/.local/lib/python3.7/site-packages/airflow/example_dags/example_skip_dag.py for tasks to queue
[2022-08-07 11:05:21,492] {logging_mixin.py:115} INFO - [2022-08-07 11:05:21,492] {dagbag.py:508} INFO - Filling up the DagBag from /home/airflow/.local/lib/python3.7/site-packages/airflow/example_dags/example_skip_dag.py
[2022-08-07 11:05:21,590] {processor.py:651} INFO - DAG(s) dict_keys(['example_skip_dag']) retrieved from /home/airflow/.local/lib/python3.7/site-packages/airflow/example_dags/example_skip_dag.py
[2022-08-07 11:05:21,831] {logging_mixin.py:115} INFO - [2022-08-07 11:05:21,830] {dag.py:2420} INFO - Sync 1 DAGs
[2022-08-07 11:05:22,030] {logging_mixin.py:115} INFO - [2022-08-07 11:05:22,030] {dag.py:2972} INFO - Setting next_dagrun for example_skip_dag to 2022-08-06T11:05:22.029079+00:00, run_after=2022-08-07T11:05:22.029079+00:00
[2022-08-07 11:05:22,125] {processor.py:161} INFO - Processing /home/airflow/.local/lib/python3.7/site-packages/airflow/example_dags/example_skip_dag.py took 0.692 seconds
[2022-08-07 11:05:52,744] {processor.py:153} INFO - Started process (PID=1832) to work on /home/airflow/.local/lib/python3.7/site-packages/airflow/example_dags/example_skip_dag.py
[2022-08-07 11:05:52,746] {processor.py:641} INFO - Processing file /home/airflow/.local/lib/python3.7/site-packages/airflow/example_dags/example_skip_dag.py for tasks to queue
[2022-08-07 11:05:52,748] {logging_mixin.py:115} INFO - [2022-08-07 11:05:52,747] {dagbag.py:508} INFO - Filling up the DagBag from /home/airflow/.local/lib/python3.7/site-packages/airflow/example_dags/example_skip_dag.py
[2022-08-07 11:05:52,776] {processor.py:651} INFO - DAG(s) dict_keys(['example_skip_dag']) retrieved from /home/airflow/.local/lib/python3.7/site-packages/airflow/example_dags/example_skip_dag.py
[2022-08-07 11:05:52,919] {logging_mixin.py:115} INFO - [2022-08-07 11:05:52,918] {dag.py:2420} INFO - Sync 1 DAGs
[2022-08-07 11:05:53,083] {logging_mixin.py:115} INFO - [2022-08-07 11:05:53,082] {dag.py:2972} INFO - Setting next_dagrun for example_skip_dag to 2022-08-06T11:05:53.081981+00:00, run_after=2022-08-07T11:05:53.081981+00:00
[2022-08-07 11:05:53,131] {processor.py:161} INFO - Processing /home/airflow/.local/lib/python3.7/site-packages/airflow/example_dags/example_skip_dag.py took 0.400 seconds
[2022-08-07 11:06:23,419] {processor.py:153} INFO - Started process (PID=1876) to work on /home/airflow/.local/lib/python3.7/site-packages/airflow/example_dags/example_skip_dag.py
[2022-08-07 11:06:23,421] {processor.py:641} INFO - Processing file /home/airflow/.local/lib/python3.7/site-packages/airflow/example_dags/example_skip_dag.py for tasks to queue
[2022-08-07 11:06:23,423] {logging_mixin.py:115} INFO - [2022-08-07 11:06:23,423] {dagbag.py:508} INFO - Filling up the DagBag from /home/airflow/.local/lib/python3.7/site-packages/airflow/example_dags/example_skip_dag.py
[2022-08-07 11:06:23,446] {processor.py:651} INFO - DAG(s) dict_keys(['example_skip_dag']) retrieved from /home/airflow/.local/lib/python3.7/site-packages/airflow/example_dags/example_skip_dag.py
[2022-08-07 11:06:23,571] {logging_mixin.py:115} INFO - [2022-08-07 11:06:23,571] {dag.py:2420} INFO - Sync 1 DAGs
[2022-08-07 11:06:23,677] {logging_mixin.py:115} INFO - [2022-08-07 11:06:23,676] {dag.py:2972} INFO - Setting next_dagrun for example_skip_dag to 2022-08-06T11:06:23.675783+00:00, run_after=2022-08-07T11:06:23.675783+00:00
[2022-08-07 11:06:23,749] {processor.py:161} INFO - Processing /home/airflow/.local/lib/python3.7/site-packages/airflow/example_dags/example_skip_dag.py took 0.344 seconds
[2022-08-07 11:06:54,216] {processor.py:153} INFO - Started process (PID=1928) to work on /home/airflow/.local/lib/python3.7/site-packages/airflow/example_dags/example_skip_dag.py
[2022-08-07 11:06:54,217] {processor.py:641} INFO - Processing file /home/airflow/.local/lib/python3.7/site-packages/airflow/example_dags/example_skip_dag.py for tasks to queue
[2022-08-07 11:06:54,219] {logging_mixin.py:115} INFO - [2022-08-07 11:06:54,219] {dagbag.py:508} INFO - Filling up the DagBag from /home/airflow/.local/lib/python3.7/site-packages/airflow/example_dags/example_skip_dag.py
[2022-08-07 11:06:54,246] {processor.py:651} INFO - DAG(s) dict_keys(['example_skip_dag']) retrieved from /home/airflow/.local/lib/python3.7/site-packages/airflow/example_dags/example_skip_dag.py
[2022-08-07 11:06:54,419] {logging_mixin.py:115} INFO - [2022-08-07 11:06:54,418] {dag.py:2420} INFO - Sync 1 DAGs
[2022-08-07 11:06:54,544] {logging_mixin.py:115} INFO - [2022-08-07 11:06:54,543] {dag.py:2972} INFO - Setting next_dagrun for example_skip_dag to 2022-08-06T11:06:54.543051+00:00, run_after=2022-08-07T11:06:54.543051+00:00
[2022-08-07 11:06:54,619] {processor.py:161} INFO - Processing /home/airflow/.local/lib/python3.7/site-packages/airflow/example_dags/example_skip_dag.py took 0.419 seconds
[2022-08-07 11:07:24,941] {processor.py:153} INFO - Started process (PID=1980) to work on /home/airflow/.local/lib/python3.7/site-packages/airflow/example_dags/example_skip_dag.py
[2022-08-07 11:07:24,968] {processor.py:641} INFO - Processing file /home/airflow/.local/lib/python3.7/site-packages/airflow/example_dags/example_skip_dag.py for tasks to queue
[2022-08-07 11:07:24,970] {logging_mixin.py:115} INFO - [2022-08-07 11:07:24,969] {dagbag.py:508} INFO - Filling up the DagBag from /home/airflow/.local/lib/python3.7/site-packages/airflow/example_dags/example_skip_dag.py
[2022-08-07 11:07:24,988] {processor.py:651} INFO - DAG(s) dict_keys(['example_skip_dag']) retrieved from /home/airflow/.local/lib/python3.7/site-packages/airflow/example_dags/example_skip_dag.py
[2022-08-07 11:07:25,098] {logging_mixin.py:115} INFO - [2022-08-07 11:07:25,098] {dag.py:2420} INFO - Sync 1 DAGs
[2022-08-07 11:07:25,199] {logging_mixin.py:115} INFO - [2022-08-07 11:07:25,198] {dag.py:2972} INFO - Setting next_dagrun for example_skip_dag to 2022-08-06T11:07:25.197932+00:00, run_after=2022-08-07T11:07:25.197932+00:00
[2022-08-07 11:07:25,299] {processor.py:161} INFO - Processing /home/airflow/.local/lib/python3.7/site-packages/airflow/example_dags/example_skip_dag.py took 0.369 seconds
[2022-08-07 11:07:55,467] {processor.py:153} INFO - Started process (PID=2031) to work on /home/airflow/.local/lib/python3.7/site-packages/airflow/example_dags/example_skip_dag.py
[2022-08-07 11:07:55,468] {processor.py:641} INFO - Processing file /home/airflow/.local/lib/python3.7/site-packages/airflow/example_dags/example_skip_dag.py for tasks to queue
[2022-08-07 11:07:55,470] {logging_mixin.py:115} INFO - [2022-08-07 11:07:55,470] {dagbag.py:508} INFO - Filling up the DagBag from /home/airflow/.local/lib/python3.7/site-packages/airflow/example_dags/example_skip_dag.py
[2022-08-07 11:07:55,493] {processor.py:651} INFO - DAG(s) dict_keys(['example_skip_dag']) retrieved from /home/airflow/.local/lib/python3.7/site-packages/airflow/example_dags/example_skip_dag.py
[2022-08-07 11:07:55,642] {logging_mixin.py:115} INFO - [2022-08-07 11:07:55,641] {dag.py:2420} INFO - Sync 1 DAGs
[2022-08-07 11:07:55,801] {logging_mixin.py:115} INFO - [2022-08-07 11:07:55,801] {dag.py:2972} INFO - Setting next_dagrun for example_skip_dag to 2022-08-06T11:07:55.800103+00:00, run_after=2022-08-07T11:07:55.800103+00:00
[2022-08-07 11:07:55,887] {processor.py:161} INFO - Processing /home/airflow/.local/lib/python3.7/site-packages/airflow/example_dags/example_skip_dag.py took 0.433 seconds
[2022-08-07 11:08:26,033] {processor.py:153} INFO - Started process (PID=2076) to work on /home/airflow/.local/lib/python3.7/site-packages/airflow/example_dags/example_skip_dag.py
[2022-08-07 11:08:26,060] {processor.py:641} INFO - Processing file /home/airflow/.local/lib/python3.7/site-packages/airflow/example_dags/example_skip_dag.py for tasks to queue
[2022-08-07 11:08:26,062] {logging_mixin.py:115} INFO - [2022-08-07 11:08:26,062] {dagbag.py:508} INFO - Filling up the DagBag from /home/airflow/.local/lib/python3.7/site-packages/airflow/example_dags/example_skip_dag.py
[2022-08-07 11:08:26,082] {processor.py:651} INFO - DAG(s) dict_keys(['example_skip_dag']) retrieved from /home/airflow/.local/lib/python3.7/site-packages/airflow/example_dags/example_skip_dag.py
[2022-08-07 11:08:26,179] {logging_mixin.py:115} INFO - [2022-08-07 11:08:26,179] {dag.py:2420} INFO - Sync 1 DAGs
[2022-08-07 11:08:26,271] {logging_mixin.py:115} INFO - [2022-08-07 11:08:26,270] {dag.py:2972} INFO - Setting next_dagrun for example_skip_dag to 2022-08-06T11:08:26.270171+00:00, run_after=2022-08-07T11:08:26.270171+00:00
[2022-08-07 11:08:26,331] {processor.py:161} INFO - Processing /home/airflow/.local/lib/python3.7/site-packages/airflow/example_dags/example_skip_dag.py took 0.309 seconds
[2022-08-07 11:08:56,606] {processor.py:153} INFO - Started process (PID=2128) to work on /home/airflow/.local/lib/python3.7/site-packages/airflow/example_dags/example_skip_dag.py
[2022-08-07 11:08:56,607] {processor.py:641} INFO - Processing file /home/airflow/.local/lib/python3.7/site-packages/airflow/example_dags/example_skip_dag.py for tasks to queue
[2022-08-07 11:08:56,608] {logging_mixin.py:115} INFO - [2022-08-07 11:08:56,608] {dagbag.py:508} INFO - Filling up the DagBag from /home/airflow/.local/lib/python3.7/site-packages/airflow/example_dags/example_skip_dag.py
[2022-08-07 11:08:56,622] {processor.py:651} INFO - DAG(s) dict_keys(['example_skip_dag']) retrieved from /home/airflow/.local/lib/python3.7/site-packages/airflow/example_dags/example_skip_dag.py
[2022-08-07 11:08:56,707] {logging_mixin.py:115} INFO - [2022-08-07 11:08:56,707] {dag.py:2420} INFO - Sync 1 DAGs
[2022-08-07 11:08:56,803] {logging_mixin.py:115} INFO - [2022-08-07 11:08:56,802] {dag.py:2972} INFO - Setting next_dagrun for example_skip_dag to 2022-08-06T11:08:56.801852+00:00, run_after=2022-08-07T11:08:56.801852+00:00
[2022-08-07 11:08:56,857] {processor.py:161} INFO - Processing /home/airflow/.local/lib/python3.7/site-packages/airflow/example_dags/example_skip_dag.py took 0.259 seconds
[2022-08-07 11:09:27,452] {processor.py:153} INFO - Started process (PID=2181) to work on /home/airflow/.local/lib/python3.7/site-packages/airflow/example_dags/example_skip_dag.py
[2022-08-07 11:09:27,480] {processor.py:641} INFO - Processing file /home/airflow/.local/lib/python3.7/site-packages/airflow/example_dags/example_skip_dag.py for tasks to queue
[2022-08-07 11:09:27,481] {logging_mixin.py:115} INFO - [2022-08-07 11:09:27,481] {dagbag.py:508} INFO - Filling up the DagBag from /home/airflow/.local/lib/python3.7/site-packages/airflow/example_dags/example_skip_dag.py
[2022-08-07 11:09:27,498] {processor.py:651} INFO - DAG(s) dict_keys(['example_skip_dag']) retrieved from /home/airflow/.local/lib/python3.7/site-packages/airflow/example_dags/example_skip_dag.py
[2022-08-07 11:09:27,595] {logging_mixin.py:115} INFO - [2022-08-07 11:09:27,595] {dag.py:2420} INFO - Sync 1 DAGs
[2022-08-07 11:09:27,682] {logging_mixin.py:115} INFO - [2022-08-07 11:09:27,681] {dag.py:2972} INFO - Setting next_dagrun for example_skip_dag to 2022-08-06T11:09:27.680639+00:00, run_after=2022-08-07T11:09:27.680639+00:00
[2022-08-07 11:09:27,746] {processor.py:161} INFO - Processing /home/airflow/.local/lib/python3.7/site-packages/airflow/example_dags/example_skip_dag.py took 0.304 seconds
[2022-08-07 11:09:58,242] {processor.py:153} INFO - Started process (PID=2234) to work on /home/airflow/.local/lib/python3.7/site-packages/airflow/example_dags/example_skip_dag.py
[2022-08-07 11:09:58,269] {processor.py:641} INFO - Processing file /home/airflow/.local/lib/python3.7/site-packages/airflow/example_dags/example_skip_dag.py for tasks to queue
[2022-08-07 11:09:58,271] {logging_mixin.py:115} INFO - [2022-08-07 11:09:58,270] {dagbag.py:508} INFO - Filling up the DagBag from /home/airflow/.local/lib/python3.7/site-packages/airflow/example_dags/example_skip_dag.py
[2022-08-07 11:09:58,288] {processor.py:651} INFO - DAG(s) dict_keys(['example_skip_dag']) retrieved from /home/airflow/.local/lib/python3.7/site-packages/airflow/example_dags/example_skip_dag.py
[2022-08-07 11:09:58,374] {logging_mixin.py:115} INFO - [2022-08-07 11:09:58,374] {dag.py:2420} INFO - Sync 1 DAGs
[2022-08-07 11:09:58,454] {logging_mixin.py:115} INFO - [2022-08-07 11:09:58,454] {dag.py:2972} INFO - Setting next_dagrun for example_skip_dag to 2022-08-06T11:09:58.453169+00:00, run_after=2022-08-07T11:09:58.453169+00:00
[2022-08-07 11:09:58,491] {processor.py:161} INFO - Processing /home/airflow/.local/lib/python3.7/site-packages/airflow/example_dags/example_skip_dag.py took 0.259 seconds
[2022-08-07 11:10:29,044] {processor.py:153} INFO - Started process (PID=2287) to work on /home/airflow/.local/lib/python3.7/site-packages/airflow/example_dags/example_skip_dag.py
[2022-08-07 11:10:29,045] {processor.py:641} INFO - Processing file /home/airflow/.local/lib/python3.7/site-packages/airflow/example_dags/example_skip_dag.py for tasks to queue
[2022-08-07 11:10:29,047] {logging_mixin.py:115} INFO - [2022-08-07 11:10:29,047] {dagbag.py:508} INFO - Filling up the DagBag from /home/airflow/.local/lib/python3.7/site-packages/airflow/example_dags/example_skip_dag.py
[2022-08-07 11:10:29,066] {processor.py:651} INFO - DAG(s) dict_keys(['example_skip_dag']) retrieved from /home/airflow/.local/lib/python3.7/site-packages/airflow/example_dags/example_skip_dag.py
[2022-08-07 11:10:29,159] {logging_mixin.py:115} INFO - [2022-08-07 11:10:29,159] {dag.py:2420} INFO - Sync 1 DAGs
[2022-08-07 11:10:29,255] {logging_mixin.py:115} INFO - [2022-08-07 11:10:29,255] {dag.py:2972} INFO - Setting next_dagrun for example_skip_dag to 2022-08-06T11:10:29.254892+00:00, run_after=2022-08-07T11:10:29.254892+00:00
[2022-08-07 11:10:29,320] {processor.py:161} INFO - Processing /home/airflow/.local/lib/python3.7/site-packages/airflow/example_dags/example_skip_dag.py took 0.288 seconds
[2022-08-07 11:10:59,710] {processor.py:153} INFO - Started process (PID=2336) to work on /home/airflow/.local/lib/python3.7/site-packages/airflow/example_dags/example_skip_dag.py
[2022-08-07 11:10:59,711] {processor.py:641} INFO - Processing file /home/airflow/.local/lib/python3.7/site-packages/airflow/example_dags/example_skip_dag.py for tasks to queue
[2022-08-07 11:10:59,713] {logging_mixin.py:115} INFO - [2022-08-07 11:10:59,712] {dagbag.py:508} INFO - Filling up the DagBag from /home/airflow/.local/lib/python3.7/site-packages/airflow/example_dags/example_skip_dag.py
[2022-08-07 11:10:59,729] {processor.py:651} INFO - DAG(s) dict_keys(['example_skip_dag']) retrieved from /home/airflow/.local/lib/python3.7/site-packages/airflow/example_dags/example_skip_dag.py
[2022-08-07 11:10:59,819] {logging_mixin.py:115} INFO - [2022-08-07 11:10:59,819] {dag.py:2420} INFO - Sync 1 DAGs
[2022-08-07 11:10:59,900] {logging_mixin.py:115} INFO - [2022-08-07 11:10:59,900] {dag.py:2972} INFO - Setting next_dagrun for example_skip_dag to 2022-08-06T11:10:59.899373+00:00, run_after=2022-08-07T11:10:59.899373+00:00
[2022-08-07 11:10:59,937] {processor.py:161} INFO - Processing /home/airflow/.local/lib/python3.7/site-packages/airflow/example_dags/example_skip_dag.py took 0.238 seconds
[2022-08-07 11:11:30,601] {processor.py:153} INFO - Started process (PID=2381) to work on /home/airflow/.local/lib/python3.7/site-packages/airflow/example_dags/example_skip_dag.py
[2022-08-07 11:11:30,624] {processor.py:641} INFO - Processing file /home/airflow/.local/lib/python3.7/site-packages/airflow/example_dags/example_skip_dag.py for tasks to queue
[2022-08-07 11:11:30,626] {logging_mixin.py:115} INFO - [2022-08-07 11:11:30,626] {dagbag.py:508} INFO - Filling up the DagBag from /home/airflow/.local/lib/python3.7/site-packages/airflow/example_dags/example_skip_dag.py
[2022-08-07 11:11:30,657] {processor.py:651} INFO - DAG(s) dict_keys(['example_skip_dag']) retrieved from /home/airflow/.local/lib/python3.7/site-packages/airflow/example_dags/example_skip_dag.py
[2022-08-07 11:11:30,757] {logging_mixin.py:115} INFO - [2022-08-07 11:11:30,756] {dag.py:2420} INFO - Sync 1 DAGs
[2022-08-07 11:11:30,828] {logging_mixin.py:115} INFO - [2022-08-07 11:11:30,828] {dag.py:2972} INFO - Setting next_dagrun for example_skip_dag to 2022-08-06T11:11:30.827379+00:00, run_after=2022-08-07T11:11:30.827379+00:00
[2022-08-07 11:11:30,887] {processor.py:161} INFO - Processing /home/airflow/.local/lib/python3.7/site-packages/airflow/example_dags/example_skip_dag.py took 0.298 seconds
[2022-08-07 11:12:01,605] {processor.py:153} INFO - Started process (PID=2433) to work on /home/airflow/.local/lib/python3.7/site-packages/airflow/example_dags/example_skip_dag.py
[2022-08-07 11:12:01,608] {processor.py:641} INFO - Processing file /home/airflow/.local/lib/python3.7/site-packages/airflow/example_dags/example_skip_dag.py for tasks to queue
[2022-08-07 11:12:01,610] {logging_mixin.py:115} INFO - [2022-08-07 11:12:01,610] {dagbag.py:508} INFO - Filling up the DagBag from /home/airflow/.local/lib/python3.7/site-packages/airflow/example_dags/example_skip_dag.py
[2022-08-07 11:12:01,631] {processor.py:651} INFO - DAG(s) dict_keys(['example_skip_dag']) retrieved from /home/airflow/.local/lib/python3.7/site-packages/airflow/example_dags/example_skip_dag.py
[2022-08-07 11:12:01,727] {logging_mixin.py:115} INFO - [2022-08-07 11:12:01,727] {dag.py:2420} INFO - Sync 1 DAGs
[2022-08-07 11:12:01,799] {logging_mixin.py:115} INFO - [2022-08-07 11:12:01,799] {dag.py:2972} INFO - Setting next_dagrun for example_skip_dag to 2022-08-06T11:12:01.798960+00:00, run_after=2022-08-07T11:12:01.798960+00:00
[2022-08-07 11:12:01,832] {processor.py:161} INFO - Processing /home/airflow/.local/lib/python3.7/site-packages/airflow/example_dags/example_skip_dag.py took 0.237 seconds
[2022-08-07 11:12:32,190] {processor.py:153} INFO - Started process (PID=2485) to work on /home/airflow/.local/lib/python3.7/site-packages/airflow/example_dags/example_skip_dag.py
[2022-08-07 11:12:32,191] {processor.py:641} INFO - Processing file /home/airflow/.local/lib/python3.7/site-packages/airflow/example_dags/example_skip_dag.py for tasks to queue
[2022-08-07 11:12:32,193] {logging_mixin.py:115} INFO - [2022-08-07 11:12:32,193] {dagbag.py:508} INFO - Filling up the DagBag from /home/airflow/.local/lib/python3.7/site-packages/airflow/example_dags/example_skip_dag.py
[2022-08-07 11:12:32,212] {processor.py:651} INFO - DAG(s) dict_keys(['example_skip_dag']) retrieved from /home/airflow/.local/lib/python3.7/site-packages/airflow/example_dags/example_skip_dag.py
[2022-08-07 11:12:32,304] {logging_mixin.py:115} INFO - [2022-08-07 11:12:32,304] {dag.py:2420} INFO - Sync 1 DAGs
[2022-08-07 11:12:32,394] {logging_mixin.py:115} INFO - [2022-08-07 11:12:32,394] {dag.py:2972} INFO - Setting next_dagrun for example_skip_dag to 2022-08-06T11:12:32.393195+00:00, run_after=2022-08-07T11:12:32.393195+00:00
[2022-08-07 11:12:32,435] {processor.py:161} INFO - Processing /home/airflow/.local/lib/python3.7/site-packages/airflow/example_dags/example_skip_dag.py took 0.255 seconds
[2022-08-07 11:13:02,587] {processor.py:153} INFO - Started process (PID=2537) to work on /home/airflow/.local/lib/python3.7/site-packages/airflow/example_dags/example_skip_dag.py
[2022-08-07 11:13:02,614] {processor.py:641} INFO - Processing file /home/airflow/.local/lib/python3.7/site-packages/airflow/example_dags/example_skip_dag.py for tasks to queue
[2022-08-07 11:13:02,616] {logging_mixin.py:115} INFO - [2022-08-07 11:13:02,616] {dagbag.py:508} INFO - Filling up the DagBag from /home/airflow/.local/lib/python3.7/site-packages/airflow/example_dags/example_skip_dag.py
[2022-08-07 11:13:02,636] {processor.py:651} INFO - DAG(s) dict_keys(['example_skip_dag']) retrieved from /home/airflow/.local/lib/python3.7/site-packages/airflow/example_dags/example_skip_dag.py
[2022-08-07 11:13:02,734] {logging_mixin.py:115} INFO - [2022-08-07 11:13:02,734] {dag.py:2420} INFO - Sync 1 DAGs
[2022-08-07 11:13:02,813] {logging_mixin.py:115} INFO - [2022-08-07 11:13:02,813] {dag.py:2972} INFO - Setting next_dagrun for example_skip_dag to 2022-08-06T11:13:02.812371+00:00, run_after=2022-08-07T11:13:02.812371+00:00
[2022-08-07 11:13:02,880] {processor.py:161} INFO - Processing /home/airflow/.local/lib/python3.7/site-packages/airflow/example_dags/example_skip_dag.py took 0.307 seconds
[2022-08-07 11:13:33,360] {processor.py:153} INFO - Started process (PID=2589) to work on /home/airflow/.local/lib/python3.7/site-packages/airflow/example_dags/example_skip_dag.py
[2022-08-07 11:13:33,388] {processor.py:641} INFO - Processing file /home/airflow/.local/lib/python3.7/site-packages/airflow/example_dags/example_skip_dag.py for tasks to queue
[2022-08-07 11:13:33,390] {logging_mixin.py:115} INFO - [2022-08-07 11:13:33,389] {dagbag.py:508} INFO - Filling up the DagBag from /home/airflow/.local/lib/python3.7/site-packages/airflow/example_dags/example_skip_dag.py
[2022-08-07 11:13:33,408] {processor.py:651} INFO - DAG(s) dict_keys(['example_skip_dag']) retrieved from /home/airflow/.local/lib/python3.7/site-packages/airflow/example_dags/example_skip_dag.py
[2022-08-07 11:13:33,526] {logging_mixin.py:115} INFO - [2022-08-07 11:13:33,526] {dag.py:2420} INFO - Sync 1 DAGs
[2022-08-07 11:13:33,629] {logging_mixin.py:115} INFO - [2022-08-07 11:13:33,628] {dag.py:2972} INFO - Setting next_dagrun for example_skip_dag to 2022-08-06T11:13:33.627816+00:00, run_after=2022-08-07T11:13:33.627816+00:00
[2022-08-07 11:13:33,673] {processor.py:161} INFO - Processing /home/airflow/.local/lib/python3.7/site-packages/airflow/example_dags/example_skip_dag.py took 0.323 seconds
[2022-08-07 11:14:04,041] {processor.py:153} INFO - Started process (PID=2641) to work on /home/airflow/.local/lib/python3.7/site-packages/airflow/example_dags/example_skip_dag.py
[2022-08-07 11:14:04,043] {processor.py:641} INFO - Processing file /home/airflow/.local/lib/python3.7/site-packages/airflow/example_dags/example_skip_dag.py for tasks to queue
[2022-08-07 11:14:04,045] {logging_mixin.py:115} INFO - [2022-08-07 11:14:04,044] {dagbag.py:508} INFO - Filling up the DagBag from /home/airflow/.local/lib/python3.7/site-packages/airflow/example_dags/example_skip_dag.py
[2022-08-07 11:14:04,062] {processor.py:651} INFO - DAG(s) dict_keys(['example_skip_dag']) retrieved from /home/airflow/.local/lib/python3.7/site-packages/airflow/example_dags/example_skip_dag.py
[2022-08-07 11:14:04,159] {logging_mixin.py:115} INFO - [2022-08-07 11:14:04,159] {dag.py:2420} INFO - Sync 1 DAGs
[2022-08-07 11:14:04,249] {logging_mixin.py:115} INFO - [2022-08-07 11:14:04,249] {dag.py:2972} INFO - Setting next_dagrun for example_skip_dag to 2022-08-06T11:14:04.248552+00:00, run_after=2022-08-07T11:14:04.248552+00:00
[2022-08-07 11:14:04,317] {processor.py:161} INFO - Processing /home/airflow/.local/lib/python3.7/site-packages/airflow/example_dags/example_skip_dag.py took 0.287 seconds
[2022-08-07 11:14:34,486] {processor.py:153} INFO - Started process (PID=2695) to work on /home/airflow/.local/lib/python3.7/site-packages/airflow/example_dags/example_skip_dag.py
[2022-08-07 11:14:34,514] {processor.py:641} INFO - Processing file /home/airflow/.local/lib/python3.7/site-packages/airflow/example_dags/example_skip_dag.py for tasks to queue
[2022-08-07 11:14:34,515] {logging_mixin.py:115} INFO - [2022-08-07 11:14:34,515] {dagbag.py:508} INFO - Filling up the DagBag from /home/airflow/.local/lib/python3.7/site-packages/airflow/example_dags/example_skip_dag.py
[2022-08-07 11:14:34,533] {processor.py:651} INFO - DAG(s) dict_keys(['example_skip_dag']) retrieved from /home/airflow/.local/lib/python3.7/site-packages/airflow/example_dags/example_skip_dag.py
[2022-08-07 11:14:34,632] {logging_mixin.py:115} INFO - [2022-08-07 11:14:34,632] {dag.py:2420} INFO - Sync 1 DAGs
[2022-08-07 11:14:34,733] {logging_mixin.py:115} INFO - [2022-08-07 11:14:34,733] {dag.py:2972} INFO - Setting next_dagrun for example_skip_dag to 2022-08-06T11:14:34.732132+00:00, run_after=2022-08-07T11:14:34.732132+00:00
[2022-08-07 11:14:34,801] {processor.py:161} INFO - Processing /home/airflow/.local/lib/python3.7/site-packages/airflow/example_dags/example_skip_dag.py took 0.325 seconds
[2022-08-07 11:15:05,229] {processor.py:153} INFO - Started process (PID=2738) to work on /home/airflow/.local/lib/python3.7/site-packages/airflow/example_dags/example_skip_dag.py
[2022-08-07 11:15:05,230] {processor.py:641} INFO - Processing file /home/airflow/.local/lib/python3.7/site-packages/airflow/example_dags/example_skip_dag.py for tasks to queue
[2022-08-07 11:15:05,232] {logging_mixin.py:115} INFO - [2022-08-07 11:15:05,232] {dagbag.py:508} INFO - Filling up the DagBag from /home/airflow/.local/lib/python3.7/site-packages/airflow/example_dags/example_skip_dag.py
[2022-08-07 11:15:05,251] {processor.py:651} INFO - DAG(s) dict_keys(['example_skip_dag']) retrieved from /home/airflow/.local/lib/python3.7/site-packages/airflow/example_dags/example_skip_dag.py
[2022-08-07 11:15:05,342] {logging_mixin.py:115} INFO - [2022-08-07 11:15:05,341] {dag.py:2420} INFO - Sync 1 DAGs
[2022-08-07 11:15:05,418] {logging_mixin.py:115} INFO - [2022-08-07 11:15:05,417] {dag.py:2972} INFO - Setting next_dagrun for example_skip_dag to 2022-08-06T11:15:05.417167+00:00, run_after=2022-08-07T11:15:05.417167+00:00
[2022-08-07 11:15:05,482] {processor.py:161} INFO - Processing /home/airflow/.local/lib/python3.7/site-packages/airflow/example_dags/example_skip_dag.py took 0.264 seconds
[2022-08-07 11:15:36,057] {processor.py:153} INFO - Started process (PID=2791) to work on /home/airflow/.local/lib/python3.7/site-packages/airflow/example_dags/example_skip_dag.py
[2022-08-07 11:15:36,059] {processor.py:641} INFO - Processing file /home/airflow/.local/lib/python3.7/site-packages/airflow/example_dags/example_skip_dag.py for tasks to queue
[2022-08-07 11:15:36,061] {logging_mixin.py:115} INFO - [2022-08-07 11:15:36,060] {dagbag.py:508} INFO - Filling up the DagBag from /home/airflow/.local/lib/python3.7/site-packages/airflow/example_dags/example_skip_dag.py
[2022-08-07 11:15:36,083] {processor.py:651} INFO - DAG(s) dict_keys(['example_skip_dag']) retrieved from /home/airflow/.local/lib/python3.7/site-packages/airflow/example_dags/example_skip_dag.py
[2022-08-07 11:15:36,200] {logging_mixin.py:115} INFO - [2022-08-07 11:15:36,199] {dag.py:2420} INFO - Sync 1 DAGs
[2022-08-07 11:15:36,298] {logging_mixin.py:115} INFO - [2022-08-07 11:15:36,297] {dag.py:2972} INFO - Setting next_dagrun for example_skip_dag to 2022-08-06T11:15:36.296816+00:00, run_after=2022-08-07T11:15:36.296816+00:00
[2022-08-07 11:15:36,339] {processor.py:161} INFO - Processing /home/airflow/.local/lib/python3.7/site-packages/airflow/example_dags/example_skip_dag.py took 0.295 seconds
[2022-08-07 11:16:06,854] {processor.py:153} INFO - Started process (PID=2844) to work on /home/airflow/.local/lib/python3.7/site-packages/airflow/example_dags/example_skip_dag.py
[2022-08-07 11:16:06,855] {processor.py:641} INFO - Processing file /home/airflow/.local/lib/python3.7/site-packages/airflow/example_dags/example_skip_dag.py for tasks to queue
[2022-08-07 11:16:06,857] {logging_mixin.py:115} INFO - [2022-08-07 11:16:06,857] {dagbag.py:508} INFO - Filling up the DagBag from /home/airflow/.local/lib/python3.7/site-packages/airflow/example_dags/example_skip_dag.py
[2022-08-07 11:16:06,872] {processor.py:651} INFO - DAG(s) dict_keys(['example_skip_dag']) retrieved from /home/airflow/.local/lib/python3.7/site-packages/airflow/example_dags/example_skip_dag.py
[2022-08-07 11:16:06,952] {logging_mixin.py:115} INFO - [2022-08-07 11:16:06,951] {dag.py:2420} INFO - Sync 1 DAGs
[2022-08-07 11:16:07,020] {logging_mixin.py:115} INFO - [2022-08-07 11:16:07,020] {dag.py:2972} INFO - Setting next_dagrun for example_skip_dag to 2022-08-06T11:16:07.019953+00:00, run_after=2022-08-07T11:16:07.019953+00:00
[2022-08-07 11:16:07,058] {processor.py:161} INFO - Processing /home/airflow/.local/lib/python3.7/site-packages/airflow/example_dags/example_skip_dag.py took 0.212 seconds
[2022-08-07 11:16:37,634] {processor.py:153} INFO - Started process (PID=2896) to work on /home/airflow/.local/lib/python3.7/site-packages/airflow/example_dags/example_skip_dag.py
[2022-08-07 11:16:37,635] {processor.py:641} INFO - Processing file /home/airflow/.local/lib/python3.7/site-packages/airflow/example_dags/example_skip_dag.py for tasks to queue
[2022-08-07 11:16:37,637] {logging_mixin.py:115} INFO - [2022-08-07 11:16:37,637] {dagbag.py:508} INFO - Filling up the DagBag from /home/airflow/.local/lib/python3.7/site-packages/airflow/example_dags/example_skip_dag.py
[2022-08-07 11:16:37,660] {processor.py:651} INFO - DAG(s) dict_keys(['example_skip_dag']) retrieved from /home/airflow/.local/lib/python3.7/site-packages/airflow/example_dags/example_skip_dag.py
[2022-08-07 11:16:37,768] {logging_mixin.py:115} INFO - [2022-08-07 11:16:37,768] {dag.py:2420} INFO - Sync 1 DAGs
[2022-08-07 11:16:37,860] {logging_mixin.py:115} INFO - [2022-08-07 11:16:37,860] {dag.py:2972} INFO - Setting next_dagrun for example_skip_dag to 2022-08-06T11:16:37.859341+00:00, run_after=2022-08-07T11:16:37.859341+00:00
[2022-08-07 11:16:37,907] {processor.py:161} INFO - Processing /home/airflow/.local/lib/python3.7/site-packages/airflow/example_dags/example_skip_dag.py took 0.286 seconds
[2022-08-07 11:17:08,397] {processor.py:153} INFO - Started process (PID=2940) to work on /home/airflow/.local/lib/python3.7/site-packages/airflow/example_dags/example_skip_dag.py
[2022-08-07 11:17:08,402] {processor.py:641} INFO - Processing file /home/airflow/.local/lib/python3.7/site-packages/airflow/example_dags/example_skip_dag.py for tasks to queue
[2022-08-07 11:17:08,404] {logging_mixin.py:115} INFO - [2022-08-07 11:17:08,403] {dagbag.py:508} INFO - Filling up the DagBag from /home/airflow/.local/lib/python3.7/site-packages/airflow/example_dags/example_skip_dag.py
[2022-08-07 11:17:08,424] {processor.py:651} INFO - DAG(s) dict_keys(['example_skip_dag']) retrieved from /home/airflow/.local/lib/python3.7/site-packages/airflow/example_dags/example_skip_dag.py
[2022-08-07 11:17:08,546] {logging_mixin.py:115} INFO - [2022-08-07 11:17:08,546] {dag.py:2420} INFO - Sync 1 DAGs
[2022-08-07 11:17:08,653] {logging_mixin.py:115} INFO - [2022-08-07 11:17:08,653] {dag.py:2972} INFO - Setting next_dagrun for example_skip_dag to 2022-08-06T11:17:08.652835+00:00, run_after=2022-08-07T11:17:08.652835+00:00
[2022-08-07 11:17:08,696] {processor.py:161} INFO - Processing /home/airflow/.local/lib/python3.7/site-packages/airflow/example_dags/example_skip_dag.py took 0.312 seconds
[2022-08-07 11:17:39,099] {processor.py:153} INFO - Started process (PID=2992) to work on /home/airflow/.local/lib/python3.7/site-packages/airflow/example_dags/example_skip_dag.py
[2022-08-07 11:17:39,101] {processor.py:641} INFO - Processing file /home/airflow/.local/lib/python3.7/site-packages/airflow/example_dags/example_skip_dag.py for tasks to queue
[2022-08-07 11:17:39,103] {logging_mixin.py:115} INFO - [2022-08-07 11:17:39,103] {dagbag.py:508} INFO - Filling up the DagBag from /home/airflow/.local/lib/python3.7/site-packages/airflow/example_dags/example_skip_dag.py
[2022-08-07 11:17:39,128] {processor.py:651} INFO - DAG(s) dict_keys(['example_skip_dag']) retrieved from /home/airflow/.local/lib/python3.7/site-packages/airflow/example_dags/example_skip_dag.py
[2022-08-07 11:17:39,269] {logging_mixin.py:115} INFO - [2022-08-07 11:17:39,269] {dag.py:2420} INFO - Sync 1 DAGs
[2022-08-07 11:17:39,405] {logging_mixin.py:115} INFO - [2022-08-07 11:17:39,404] {dag.py:2972} INFO - Setting next_dagrun for example_skip_dag to 2022-08-06T11:17:39.403771+00:00, run_after=2022-08-07T11:17:39.403771+00:00
[2022-08-07 11:17:39,455] {processor.py:161} INFO - Processing /home/airflow/.local/lib/python3.7/site-packages/airflow/example_dags/example_skip_dag.py took 0.370 seconds
[2022-08-07 11:18:09,739] {processor.py:153} INFO - Started process (PID=3044) to work on /home/airflow/.local/lib/python3.7/site-packages/airflow/example_dags/example_skip_dag.py
[2022-08-07 11:18:09,767] {processor.py:641} INFO - Processing file /home/airflow/.local/lib/python3.7/site-packages/airflow/example_dags/example_skip_dag.py for tasks to queue
[2022-08-07 11:18:09,769] {logging_mixin.py:115} INFO - [2022-08-07 11:18:09,769] {dagbag.py:508} INFO - Filling up the DagBag from /home/airflow/.local/lib/python3.7/site-packages/airflow/example_dags/example_skip_dag.py
[2022-08-07 11:18:09,796] {processor.py:651} INFO - DAG(s) dict_keys(['example_skip_dag']) retrieved from /home/airflow/.local/lib/python3.7/site-packages/airflow/example_dags/example_skip_dag.py
[2022-08-07 11:18:09,896] {logging_mixin.py:115} INFO - [2022-08-07 11:18:09,895] {dag.py:2420} INFO - Sync 1 DAGs
[2022-08-07 11:18:09,975] {logging_mixin.py:115} INFO - [2022-08-07 11:18:09,975] {dag.py:2972} INFO - Setting next_dagrun for example_skip_dag to 2022-08-06T11:18:09.974334+00:00, run_after=2022-08-07T11:18:09.974334+00:00
[2022-08-07 11:18:10,011] {processor.py:161} INFO - Processing /home/airflow/.local/lib/python3.7/site-packages/airflow/example_dags/example_skip_dag.py took 0.286 seconds
[2022-08-07 11:18:40,268] {processor.py:153} INFO - Started process (PID=3096) to work on /home/airflow/.local/lib/python3.7/site-packages/airflow/example_dags/example_skip_dag.py
[2022-08-07 11:18:40,296] {processor.py:641} INFO - Processing file /home/airflow/.local/lib/python3.7/site-packages/airflow/example_dags/example_skip_dag.py for tasks to queue
[2022-08-07 11:18:40,297] {logging_mixin.py:115} INFO - [2022-08-07 11:18:40,297] {dagbag.py:508} INFO - Filling up the DagBag from /home/airflow/.local/lib/python3.7/site-packages/airflow/example_dags/example_skip_dag.py
[2022-08-07 11:18:40,316] {processor.py:651} INFO - DAG(s) dict_keys(['example_skip_dag']) retrieved from /home/airflow/.local/lib/python3.7/site-packages/airflow/example_dags/example_skip_dag.py
[2022-08-07 11:18:40,417] {logging_mixin.py:115} INFO - [2022-08-07 11:18:40,417] {dag.py:2420} INFO - Sync 1 DAGs
[2022-08-07 11:18:40,497] {logging_mixin.py:115} INFO - [2022-08-07 11:18:40,497] {dag.py:2972} INFO - Setting next_dagrun for example_skip_dag to 2022-08-06T11:18:40.496308+00:00, run_after=2022-08-07T11:18:40.496308+00:00
[2022-08-07 11:18:40,563] {processor.py:161} INFO - Processing /home/airflow/.local/lib/python3.7/site-packages/airflow/example_dags/example_skip_dag.py took 0.305 seconds
[2022-08-07 11:19:10,997] {processor.py:153} INFO - Started process (PID=3148) to work on /home/airflow/.local/lib/python3.7/site-packages/airflow/example_dags/example_skip_dag.py
[2022-08-07 11:19:10,999] {processor.py:641} INFO - Processing file /home/airflow/.local/lib/python3.7/site-packages/airflow/example_dags/example_skip_dag.py for tasks to queue
[2022-08-07 11:19:11,002] {logging_mixin.py:115} INFO - [2022-08-07 11:19:11,001] {dagbag.py:508} INFO - Filling up the DagBag from /home/airflow/.local/lib/python3.7/site-packages/airflow/example_dags/example_skip_dag.py
[2022-08-07 11:19:11,027] {processor.py:651} INFO - DAG(s) dict_keys(['example_skip_dag']) retrieved from /home/airflow/.local/lib/python3.7/site-packages/airflow/example_dags/example_skip_dag.py
[2022-08-07 11:19:11,141] {logging_mixin.py:115} INFO - [2022-08-07 11:19:11,140] {dag.py:2420} INFO - Sync 1 DAGs
[2022-08-07 11:19:11,248] {logging_mixin.py:115} INFO - [2022-08-07 11:19:11,248] {dag.py:2972} INFO - Setting next_dagrun for example_skip_dag to 2022-08-06T11:19:11.247671+00:00, run_after=2022-08-07T11:19:11.247671+00:00
[2022-08-07 11:19:11,302] {processor.py:161} INFO - Processing /home/airflow/.local/lib/python3.7/site-packages/airflow/example_dags/example_skip_dag.py took 0.317 seconds
[2022-08-07 11:19:41,552] {processor.py:153} INFO - Started process (PID=3198) to work on /home/airflow/.local/lib/python3.7/site-packages/airflow/example_dags/example_skip_dag.py
[2022-08-07 11:19:41,555] {processor.py:641} INFO - Processing file /home/airflow/.local/lib/python3.7/site-packages/airflow/example_dags/example_skip_dag.py for tasks to queue
[2022-08-07 11:19:41,559] {logging_mixin.py:115} INFO - [2022-08-07 11:19:41,559] {dagbag.py:508} INFO - Filling up the DagBag from /home/airflow/.local/lib/python3.7/site-packages/airflow/example_dags/example_skip_dag.py
[2022-08-07 11:19:41,598] {processor.py:651} INFO - DAG(s) dict_keys(['example_skip_dag']) retrieved from /home/airflow/.local/lib/python3.7/site-packages/airflow/example_dags/example_skip_dag.py
[2022-08-07 11:19:41,742] {logging_mixin.py:115} INFO - [2022-08-07 11:19:41,741] {dag.py:2420} INFO - Sync 1 DAGs
[2022-08-07 11:19:41,861] {logging_mixin.py:115} INFO - [2022-08-07 11:19:41,861] {dag.py:2972} INFO - Setting next_dagrun for example_skip_dag to 2022-08-06T11:19:41.860023+00:00, run_after=2022-08-07T11:19:41.860023+00:00
[2022-08-07 11:19:41,915] {processor.py:161} INFO - Processing /home/airflow/.local/lib/python3.7/site-packages/airflow/example_dags/example_skip_dag.py took 0.381 seconds
[2022-08-07 11:20:12,243] {processor.py:153} INFO - Started process (PID=3243) to work on /home/airflow/.local/lib/python3.7/site-packages/airflow/example_dags/example_skip_dag.py
[2022-08-07 11:20:12,246] {processor.py:641} INFO - Processing file /home/airflow/.local/lib/python3.7/site-packages/airflow/example_dags/example_skip_dag.py for tasks to queue
[2022-08-07 11:20:12,248] {logging_mixin.py:115} INFO - [2022-08-07 11:20:12,248] {dagbag.py:508} INFO - Filling up the DagBag from /home/airflow/.local/lib/python3.7/site-packages/airflow/example_dags/example_skip_dag.py
[2022-08-07 11:20:12,272] {processor.py:651} INFO - DAG(s) dict_keys(['example_skip_dag']) retrieved from /home/airflow/.local/lib/python3.7/site-packages/airflow/example_dags/example_skip_dag.py
[2022-08-07 11:20:12,380] {logging_mixin.py:115} INFO - [2022-08-07 11:20:12,379] {dag.py:2420} INFO - Sync 1 DAGs
[2022-08-07 11:20:12,490] {logging_mixin.py:115} INFO - [2022-08-07 11:20:12,490] {dag.py:2972} INFO - Setting next_dagrun for example_skip_dag to 2022-08-06T11:20:12.489345+00:00, run_after=2022-08-07T11:20:12.489345+00:00
[2022-08-07 11:20:12,534] {processor.py:161} INFO - Processing /home/airflow/.local/lib/python3.7/site-packages/airflow/example_dags/example_skip_dag.py took 0.302 seconds
