[2022-08-07 10:45:30,090] {processor.py:153} INFO - Started process (PID=81) to work on /home/airflow/.local/lib/python3.7/site-packages/airflow/example_dags/example_latest_only_with_trigger.py
[2022-08-07 10:45:30,091] {processor.py:641} INFO - Processing file /home/airflow/.local/lib/python3.7/site-packages/airflow/example_dags/example_latest_only_with_trigger.py for tasks to queue
[2022-08-07 10:45:30,093] {logging_mixin.py:115} INFO - [2022-08-07 10:45:30,093] {dagbag.py:508} INFO - Filling up the DagBag from /home/airflow/.local/lib/python3.7/site-packages/airflow/example_dags/example_latest_only_with_trigger.py
[2022-08-07 10:45:30,130] {processor.py:651} INFO - DAG(s) dict_keys(['latest_only_with_trigger']) retrieved from /home/airflow/.local/lib/python3.7/site-packages/airflow/example_dags/example_latest_only_with_trigger.py
[2022-08-07 10:45:30,500] {logging_mixin.py:115} INFO - [2022-08-07 10:45:30,499] {manager.py:508} INFO - Created Permission View: can read on DAG:latest_only_with_trigger
[2022-08-07 10:45:30,534] {logging_mixin.py:115} INFO - [2022-08-07 10:45:30,534] {manager.py:508} INFO - Created Permission View: can delete on DAG:latest_only_with_trigger
[2022-08-07 10:45:30,560] {logging_mixin.py:115} INFO - [2022-08-07 10:45:30,559] {manager.py:508} INFO - Created Permission View: can edit on DAG:latest_only_with_trigger
[2022-08-07 10:45:30,560] {logging_mixin.py:115} INFO - [2022-08-07 10:45:30,560] {dag.py:2420} INFO - Sync 1 DAGs
[2022-08-07 10:45:30,601] {logging_mixin.py:115} INFO - [2022-08-07 10:45:30,601] {dag.py:2439} INFO - Creating ORM DAG for latest_only_with_trigger
[2022-08-07 10:45:30,660] {logging_mixin.py:115} INFO - [2022-08-07 10:45:30,660] {dag.py:2972} INFO - Setting next_dagrun for latest_only_with_trigger to 2022-08-07T06:45:30.659576+00:00, run_after=2022-08-07T10:45:30.659576+00:00
[2022-08-07 10:45:30,709] {processor.py:161} INFO - Processing /home/airflow/.local/lib/python3.7/site-packages/airflow/example_dags/example_latest_only_with_trigger.py took 0.632 seconds
[2022-08-07 10:47:47,925] {processor.py:153} INFO - Started process (PID=140) to work on /home/airflow/.local/lib/python3.7/site-packages/airflow/example_dags/example_latest_only_with_trigger.py
[2022-08-07 10:47:47,941] {processor.py:641} INFO - Processing file /home/airflow/.local/lib/python3.7/site-packages/airflow/example_dags/example_latest_only_with_trigger.py for tasks to queue
[2022-08-07 10:47:47,943] {logging_mixin.py:115} INFO - [2022-08-07 10:47:47,943] {dagbag.py:508} INFO - Filling up the DagBag from /home/airflow/.local/lib/python3.7/site-packages/airflow/example_dags/example_latest_only_with_trigger.py
[2022-08-07 10:47:48,027] {processor.py:651} INFO - DAG(s) dict_keys(['latest_only_with_trigger']) retrieved from /home/airflow/.local/lib/python3.7/site-packages/airflow/example_dags/example_latest_only_with_trigger.py
[2022-08-07 10:47:48,555] {logging_mixin.py:115} INFO - [2022-08-07 10:47:48,554] {dag.py:2420} INFO - Sync 1 DAGs
[2022-08-07 10:47:49,135] {logging_mixin.py:115} INFO - [2022-08-07 10:47:49,134] {dag.py:2972} INFO - Setting next_dagrun for latest_only_with_trigger to 2022-08-07T06:47:49.133819+00:00, run_after=2022-08-07T10:47:49.133819+00:00
[2022-08-07 10:47:49,377] {processor.py:161} INFO - Processing /home/airflow/.local/lib/python3.7/site-packages/airflow/example_dags/example_latest_only_with_trigger.py took 1.479 seconds
[2022-08-07 10:48:28,058] {processor.py:153} INFO - Started process (PID=194) to work on /home/airflow/.local/lib/python3.7/site-packages/airflow/example_dags/example_latest_only_with_trigger.py
[2022-08-07 10:48:28,069] {processor.py:641} INFO - Processing file /home/airflow/.local/lib/python3.7/site-packages/airflow/example_dags/example_latest_only_with_trigger.py for tasks to queue
[2022-08-07 10:48:28,075] {logging_mixin.py:115} INFO - [2022-08-07 10:48:28,075] {dagbag.py:508} INFO - Filling up the DagBag from /home/airflow/.local/lib/python3.7/site-packages/airflow/example_dags/example_latest_only_with_trigger.py
[2022-08-07 10:48:28,124] {processor.py:651} INFO - DAG(s) dict_keys(['latest_only_with_trigger']) retrieved from /home/airflow/.local/lib/python3.7/site-packages/airflow/example_dags/example_latest_only_with_trigger.py
[2022-08-07 10:48:28,355] {logging_mixin.py:115} INFO - [2022-08-07 10:48:28,355] {dag.py:2420} INFO - Sync 1 DAGs
[2022-08-07 10:48:28,566] {logging_mixin.py:115} INFO - [2022-08-07 10:48:28,565] {dag.py:2972} INFO - Setting next_dagrun for latest_only_with_trigger to 2022-08-07T06:48:28.564796+00:00, run_after=2022-08-07T10:48:28.564796+00:00
[2022-08-07 10:48:28,648] {processor.py:161} INFO - Processing /home/airflow/.local/lib/python3.7/site-packages/airflow/example_dags/example_latest_only_with_trigger.py took 0.609 seconds
[2022-08-07 10:48:59,341] {processor.py:153} INFO - Started process (PID=246) to work on /home/airflow/.local/lib/python3.7/site-packages/airflow/example_dags/example_latest_only_with_trigger.py
[2022-08-07 10:48:59,342] {processor.py:641} INFO - Processing file /home/airflow/.local/lib/python3.7/site-packages/airflow/example_dags/example_latest_only_with_trigger.py for tasks to queue
[2022-08-07 10:48:59,343] {logging_mixin.py:115} INFO - [2022-08-07 10:48:59,343] {dagbag.py:508} INFO - Filling up the DagBag from /home/airflow/.local/lib/python3.7/site-packages/airflow/example_dags/example_latest_only_with_trigger.py
[2022-08-07 10:48:59,369] {processor.py:651} INFO - DAG(s) dict_keys(['latest_only_with_trigger']) retrieved from /home/airflow/.local/lib/python3.7/site-packages/airflow/example_dags/example_latest_only_with_trigger.py
[2022-08-07 10:48:59,460] {logging_mixin.py:115} INFO - [2022-08-07 10:48:59,460] {dag.py:2420} INFO - Sync 1 DAGs
[2022-08-07 10:48:59,593] {logging_mixin.py:115} INFO - [2022-08-07 10:48:59,593] {dag.py:2972} INFO - Setting next_dagrun for latest_only_with_trigger to 2022-08-07T06:48:59.592842+00:00, run_after=2022-08-07T10:48:59.592842+00:00
[2022-08-07 10:48:59,634] {processor.py:161} INFO - Processing /home/airflow/.local/lib/python3.7/site-packages/airflow/example_dags/example_latest_only_with_trigger.py took 0.301 seconds
[2022-08-07 10:49:30,376] {processor.py:153} INFO - Started process (PID=298) to work on /home/airflow/.local/lib/python3.7/site-packages/airflow/example_dags/example_latest_only_with_trigger.py
[2022-08-07 10:49:30,378] {processor.py:641} INFO - Processing file /home/airflow/.local/lib/python3.7/site-packages/airflow/example_dags/example_latest_only_with_trigger.py for tasks to queue
[2022-08-07 10:49:30,380] {logging_mixin.py:115} INFO - [2022-08-07 10:49:30,380] {dagbag.py:508} INFO - Filling up the DagBag from /home/airflow/.local/lib/python3.7/site-packages/airflow/example_dags/example_latest_only_with_trigger.py
[2022-08-07 10:49:30,407] {processor.py:651} INFO - DAG(s) dict_keys(['latest_only_with_trigger']) retrieved from /home/airflow/.local/lib/python3.7/site-packages/airflow/example_dags/example_latest_only_with_trigger.py
[2022-08-07 10:49:30,493] {logging_mixin.py:115} INFO - [2022-08-07 10:49:30,492] {dag.py:2420} INFO - Sync 1 DAGs
[2022-08-07 10:49:30,585] {logging_mixin.py:115} INFO - [2022-08-07 10:49:30,584] {dag.py:2972} INFO - Setting next_dagrun for latest_only_with_trigger to 2022-08-07T06:49:30.583926+00:00, run_after=2022-08-07T10:49:30.583926+00:00
[2022-08-07 10:49:30,626] {processor.py:161} INFO - Processing /home/airflow/.local/lib/python3.7/site-packages/airflow/example_dags/example_latest_only_with_trigger.py took 0.262 seconds
[2022-08-07 10:50:00,764] {processor.py:153} INFO - Started process (PID=350) to work on /home/airflow/.local/lib/python3.7/site-packages/airflow/example_dags/example_latest_only_with_trigger.py
[2022-08-07 10:50:00,766] {processor.py:641} INFO - Processing file /home/airflow/.local/lib/python3.7/site-packages/airflow/example_dags/example_latest_only_with_trigger.py for tasks to queue
[2022-08-07 10:50:00,767] {logging_mixin.py:115} INFO - [2022-08-07 10:50:00,766] {dagbag.py:508} INFO - Filling up the DagBag from /home/airflow/.local/lib/python3.7/site-packages/airflow/example_dags/example_latest_only_with_trigger.py
[2022-08-07 10:50:00,781] {processor.py:651} INFO - DAG(s) dict_keys(['latest_only_with_trigger']) retrieved from /home/airflow/.local/lib/python3.7/site-packages/airflow/example_dags/example_latest_only_with_trigger.py
[2022-08-07 10:50:00,848] {logging_mixin.py:115} INFO - [2022-08-07 10:50:00,848] {dag.py:2420} INFO - Sync 1 DAGs
[2022-08-07 10:50:00,921] {logging_mixin.py:115} INFO - [2022-08-07 10:50:00,921] {dag.py:2972} INFO - Setting next_dagrun for latest_only_with_trigger to 2022-08-07T06:50:00.920634+00:00, run_after=2022-08-07T10:50:00.920634+00:00
[2022-08-07 10:50:00,960] {processor.py:161} INFO - Processing /home/airflow/.local/lib/python3.7/site-packages/airflow/example_dags/example_latest_only_with_trigger.py took 0.202 seconds
[2022-08-07 10:50:31,755] {processor.py:153} INFO - Started process (PID=401) to work on /home/airflow/.local/lib/python3.7/site-packages/airflow/example_dags/example_latest_only_with_trigger.py
[2022-08-07 10:50:31,757] {processor.py:641} INFO - Processing file /home/airflow/.local/lib/python3.7/site-packages/airflow/example_dags/example_latest_only_with_trigger.py for tasks to queue
[2022-08-07 10:50:31,758] {logging_mixin.py:115} INFO - [2022-08-07 10:50:31,758] {dagbag.py:508} INFO - Filling up the DagBag from /home/airflow/.local/lib/python3.7/site-packages/airflow/example_dags/example_latest_only_with_trigger.py
[2022-08-07 10:50:31,782] {processor.py:651} INFO - DAG(s) dict_keys(['latest_only_with_trigger']) retrieved from /home/airflow/.local/lib/python3.7/site-packages/airflow/example_dags/example_latest_only_with_trigger.py
[2022-08-07 10:50:31,866] {logging_mixin.py:115} INFO - [2022-08-07 10:50:31,866] {dag.py:2420} INFO - Sync 1 DAGs
[2022-08-07 10:50:31,940] {logging_mixin.py:115} INFO - [2022-08-07 10:50:31,940] {dag.py:2972} INFO - Setting next_dagrun for latest_only_with_trigger to 2022-08-07T06:50:31.939774+00:00, run_after=2022-08-07T10:50:31.939774+00:00
[2022-08-07 10:50:31,972] {processor.py:161} INFO - Processing /home/airflow/.local/lib/python3.7/site-packages/airflow/example_dags/example_latest_only_with_trigger.py took 0.227 seconds
[2022-08-07 10:51:02,089] {processor.py:153} INFO - Started process (PID=453) to work on /home/airflow/.local/lib/python3.7/site-packages/airflow/example_dags/example_latest_only_with_trigger.py
[2022-08-07 10:51:02,091] {processor.py:641} INFO - Processing file /home/airflow/.local/lib/python3.7/site-packages/airflow/example_dags/example_latest_only_with_trigger.py for tasks to queue
[2022-08-07 10:51:02,093] {logging_mixin.py:115} INFO - [2022-08-07 10:51:02,093] {dagbag.py:508} INFO - Filling up the DagBag from /home/airflow/.local/lib/python3.7/site-packages/airflow/example_dags/example_latest_only_with_trigger.py
[2022-08-07 10:51:02,124] {processor.py:651} INFO - DAG(s) dict_keys(['latest_only_with_trigger']) retrieved from /home/airflow/.local/lib/python3.7/site-packages/airflow/example_dags/example_latest_only_with_trigger.py
[2022-08-07 10:51:02,234] {logging_mixin.py:115} INFO - [2022-08-07 10:51:02,234] {dag.py:2420} INFO - Sync 1 DAGs
[2022-08-07 10:51:02,338] {logging_mixin.py:115} INFO - [2022-08-07 10:51:02,338] {dag.py:2972} INFO - Setting next_dagrun for latest_only_with_trigger to 2022-08-07T06:51:02.337677+00:00, run_after=2022-08-07T10:51:02.337677+00:00
[2022-08-07 10:51:02,388] {processor.py:161} INFO - Processing /home/airflow/.local/lib/python3.7/site-packages/airflow/example_dags/example_latest_only_with_trigger.py took 0.310 seconds
[2022-08-07 10:51:33,243] {processor.py:153} INFO - Started process (PID=504) to work on /home/airflow/.local/lib/python3.7/site-packages/airflow/example_dags/example_latest_only_with_trigger.py
[2022-08-07 10:51:33,244] {processor.py:641} INFO - Processing file /home/airflow/.local/lib/python3.7/site-packages/airflow/example_dags/example_latest_only_with_trigger.py for tasks to queue
[2022-08-07 10:51:33,245] {logging_mixin.py:115} INFO - [2022-08-07 10:51:33,245] {dagbag.py:508} INFO - Filling up the DagBag from /home/airflow/.local/lib/python3.7/site-packages/airflow/example_dags/example_latest_only_with_trigger.py
[2022-08-07 10:51:33,265] {processor.py:651} INFO - DAG(s) dict_keys(['latest_only_with_trigger']) retrieved from /home/airflow/.local/lib/python3.7/site-packages/airflow/example_dags/example_latest_only_with_trigger.py
[2022-08-07 10:51:33,343] {logging_mixin.py:115} INFO - [2022-08-07 10:51:33,343] {dag.py:2420} INFO - Sync 1 DAGs
[2022-08-07 10:51:33,419] {logging_mixin.py:115} INFO - [2022-08-07 10:51:33,418] {dag.py:2972} INFO - Setting next_dagrun for latest_only_with_trigger to 2022-08-07T06:51:33.418242+00:00, run_after=2022-08-07T10:51:33.418242+00:00
[2022-08-07 10:51:33,455] {processor.py:161} INFO - Processing /home/airflow/.local/lib/python3.7/site-packages/airflow/example_dags/example_latest_only_with_trigger.py took 0.224 seconds
[2022-08-07 10:52:05,760] {processor.py:153} INFO - Started process (PID=555) to work on /home/airflow/.local/lib/python3.7/site-packages/airflow/example_dags/example_latest_only_with_trigger.py
[2022-08-07 10:52:05,763] {processor.py:641} INFO - Processing file /home/airflow/.local/lib/python3.7/site-packages/airflow/example_dags/example_latest_only_with_trigger.py for tasks to queue
[2022-08-07 10:52:05,765] {logging_mixin.py:115} INFO - [2022-08-07 10:52:05,765] {dagbag.py:508} INFO - Filling up the DagBag from /home/airflow/.local/lib/python3.7/site-packages/airflow/example_dags/example_latest_only_with_trigger.py
[2022-08-07 10:52:05,801] {processor.py:651} INFO - DAG(s) dict_keys(['latest_only_with_trigger']) retrieved from /home/airflow/.local/lib/python3.7/site-packages/airflow/example_dags/example_latest_only_with_trigger.py
[2022-08-07 10:52:06,078] {logging_mixin.py:115} INFO - [2022-08-07 10:52:06,078] {dag.py:2420} INFO - Sync 1 DAGs
[2022-08-07 10:52:06,372] {logging_mixin.py:115} INFO - [2022-08-07 10:52:06,372] {dag.py:2972} INFO - Setting next_dagrun for latest_only_with_trigger to 2022-08-07T06:52:06.361332+00:00, run_after=2022-08-07T10:52:06.361332+00:00
[2022-08-07 10:52:06,458] {processor.py:161} INFO - Processing /home/airflow/.local/lib/python3.7/site-packages/airflow/example_dags/example_latest_only_with_trigger.py took 0.711 seconds
[2022-08-07 10:52:51,940] {processor.py:153} INFO - Started process (PID=607) to work on /home/airflow/.local/lib/python3.7/site-packages/airflow/example_dags/example_latest_only_with_trigger.py
[2022-08-07 10:52:51,943] {processor.py:641} INFO - Processing file /home/airflow/.local/lib/python3.7/site-packages/airflow/example_dags/example_latest_only_with_trigger.py for tasks to queue
[2022-08-07 10:52:51,945] {logging_mixin.py:115} INFO - [2022-08-07 10:52:51,945] {dagbag.py:508} INFO - Filling up the DagBag from /home/airflow/.local/lib/python3.7/site-packages/airflow/example_dags/example_latest_only_with_trigger.py
[2022-08-07 10:52:52,117] {processor.py:651} INFO - DAG(s) dict_keys(['latest_only_with_trigger']) retrieved from /home/airflow/.local/lib/python3.7/site-packages/airflow/example_dags/example_latest_only_with_trigger.py
[2022-08-07 10:52:54,351] {logging_mixin.py:115} INFO - [2022-08-07 10:52:54,340] {dag.py:2420} INFO - Sync 1 DAGs
[2022-08-07 10:52:56,719] {logging_mixin.py:115} INFO - [2022-08-07 10:52:56,681] {dag.py:2972} INFO - Setting next_dagrun for latest_only_with_trigger to 2022-08-07T06:52:56.471767+00:00, run_after=2022-08-07T10:52:56.471767+00:00
[2022-08-07 10:53:29,265] {processor.py:161} INFO - Processing /home/airflow/.local/lib/python3.7/site-packages/airflow/example_dags/example_latest_only_with_trigger.py took 37.376 seconds
[2022-08-07 10:53:59,938] {processor.py:153} INFO - Started process (PID=662) to work on /home/airflow/.local/lib/python3.7/site-packages/airflow/example_dags/example_latest_only_with_trigger.py
[2022-08-07 10:53:59,940] {processor.py:641} INFO - Processing file /home/airflow/.local/lib/python3.7/site-packages/airflow/example_dags/example_latest_only_with_trigger.py for tasks to queue
[2022-08-07 10:53:59,942] {logging_mixin.py:115} INFO - [2022-08-07 10:53:59,941] {dagbag.py:508} INFO - Filling up the DagBag from /home/airflow/.local/lib/python3.7/site-packages/airflow/example_dags/example_latest_only_with_trigger.py
[2022-08-07 10:53:59,969] {processor.py:651} INFO - DAG(s) dict_keys(['latest_only_with_trigger']) retrieved from /home/airflow/.local/lib/python3.7/site-packages/airflow/example_dags/example_latest_only_with_trigger.py
[2022-08-07 10:54:00,079] {logging_mixin.py:115} INFO - [2022-08-07 10:54:00,078] {dag.py:2420} INFO - Sync 1 DAGs
[2022-08-07 10:54:00,197] {logging_mixin.py:115} INFO - [2022-08-07 10:54:00,197] {dag.py:2972} INFO - Setting next_dagrun for latest_only_with_trigger to 2022-08-07T06:54:00.196211+00:00, run_after=2022-08-07T10:54:00.196211+00:00
[2022-08-07 10:54:00,245] {processor.py:161} INFO - Processing /home/airflow/.local/lib/python3.7/site-packages/airflow/example_dags/example_latest_only_with_trigger.py took 0.319 seconds
[2022-08-07 10:54:30,373] {processor.py:153} INFO - Started process (PID=714) to work on /home/airflow/.local/lib/python3.7/site-packages/airflow/example_dags/example_latest_only_with_trigger.py
[2022-08-07 10:54:30,401] {processor.py:641} INFO - Processing file /home/airflow/.local/lib/python3.7/site-packages/airflow/example_dags/example_latest_only_with_trigger.py for tasks to queue
[2022-08-07 10:54:30,402] {logging_mixin.py:115} INFO - [2022-08-07 10:54:30,402] {dagbag.py:508} INFO - Filling up the DagBag from /home/airflow/.local/lib/python3.7/site-packages/airflow/example_dags/example_latest_only_with_trigger.py
[2022-08-07 10:54:30,421] {processor.py:651} INFO - DAG(s) dict_keys(['latest_only_with_trigger']) retrieved from /home/airflow/.local/lib/python3.7/site-packages/airflow/example_dags/example_latest_only_with_trigger.py
[2022-08-07 10:54:30,520] {logging_mixin.py:115} INFO - [2022-08-07 10:54:30,519] {dag.py:2420} INFO - Sync 1 DAGs
[2022-08-07 10:54:30,625] {logging_mixin.py:115} INFO - [2022-08-07 10:54:30,624] {dag.py:2972} INFO - Setting next_dagrun for latest_only_with_trigger to 2022-08-07T06:54:30.623637+00:00, run_after=2022-08-07T10:54:30.623637+00:00
[2022-08-07 10:54:30,678] {processor.py:161} INFO - Processing /home/airflow/.local/lib/python3.7/site-packages/airflow/example_dags/example_latest_only_with_trigger.py took 0.317 seconds
[2022-08-07 10:55:00,836] {processor.py:153} INFO - Started process (PID=766) to work on /home/airflow/.local/lib/python3.7/site-packages/airflow/example_dags/example_latest_only_with_trigger.py
[2022-08-07 10:55:00,863] {processor.py:641} INFO - Processing file /home/airflow/.local/lib/python3.7/site-packages/airflow/example_dags/example_latest_only_with_trigger.py for tasks to queue
[2022-08-07 10:55:00,865] {logging_mixin.py:115} INFO - [2022-08-07 10:55:00,864] {dagbag.py:508} INFO - Filling up the DagBag from /home/airflow/.local/lib/python3.7/site-packages/airflow/example_dags/example_latest_only_with_trigger.py
[2022-08-07 10:55:00,887] {processor.py:651} INFO - DAG(s) dict_keys(['latest_only_with_trigger']) retrieved from /home/airflow/.local/lib/python3.7/site-packages/airflow/example_dags/example_latest_only_with_trigger.py
[2022-08-07 10:55:00,993] {logging_mixin.py:115} INFO - [2022-08-07 10:55:00,992] {dag.py:2420} INFO - Sync 1 DAGs
[2022-08-07 10:55:01,104] {logging_mixin.py:115} INFO - [2022-08-07 10:55:01,104] {dag.py:2972} INFO - Setting next_dagrun for latest_only_with_trigger to 2022-08-07T06:55:01.103468+00:00, run_after=2022-08-07T10:55:01.103468+00:00
[2022-08-07 10:55:01,153] {processor.py:161} INFO - Processing /home/airflow/.local/lib/python3.7/site-packages/airflow/example_dags/example_latest_only_with_trigger.py took 0.326 seconds
[2022-08-07 10:55:31,419] {processor.py:153} INFO - Started process (PID=816) to work on /home/airflow/.local/lib/python3.7/site-packages/airflow/example_dags/example_latest_only_with_trigger.py
[2022-08-07 10:55:31,421] {processor.py:641} INFO - Processing file /home/airflow/.local/lib/python3.7/site-packages/airflow/example_dags/example_latest_only_with_trigger.py for tasks to queue
[2022-08-07 10:55:31,422] {logging_mixin.py:115} INFO - [2022-08-07 10:55:31,422] {dagbag.py:508} INFO - Filling up the DagBag from /home/airflow/.local/lib/python3.7/site-packages/airflow/example_dags/example_latest_only_with_trigger.py
[2022-08-07 10:55:31,440] {processor.py:651} INFO - DAG(s) dict_keys(['latest_only_with_trigger']) retrieved from /home/airflow/.local/lib/python3.7/site-packages/airflow/example_dags/example_latest_only_with_trigger.py
[2022-08-07 10:55:31,522] {logging_mixin.py:115} INFO - [2022-08-07 10:55:31,521] {dag.py:2420} INFO - Sync 1 DAGs
[2022-08-07 10:55:31,605] {logging_mixin.py:115} INFO - [2022-08-07 10:55:31,604] {dag.py:2972} INFO - Setting next_dagrun for latest_only_with_trigger to 2022-08-07T06:55:31.603663+00:00, run_after=2022-08-07T10:55:31.603663+00:00
[2022-08-07 10:55:31,650] {processor.py:161} INFO - Processing /home/airflow/.local/lib/python3.7/site-packages/airflow/example_dags/example_latest_only_with_trigger.py took 0.239 seconds
[2022-08-07 10:56:02,281] {processor.py:153} INFO - Started process (PID=869) to work on /home/airflow/.local/lib/python3.7/site-packages/airflow/example_dags/example_latest_only_with_trigger.py
[2022-08-07 10:56:02,283] {processor.py:641} INFO - Processing file /home/airflow/.local/lib/python3.7/site-packages/airflow/example_dags/example_latest_only_with_trigger.py for tasks to queue
[2022-08-07 10:56:02,285] {logging_mixin.py:115} INFO - [2022-08-07 10:56:02,285] {dagbag.py:508} INFO - Filling up the DagBag from /home/airflow/.local/lib/python3.7/site-packages/airflow/example_dags/example_latest_only_with_trigger.py
[2022-08-07 10:56:02,305] {processor.py:651} INFO - DAG(s) dict_keys(['latest_only_with_trigger']) retrieved from /home/airflow/.local/lib/python3.7/site-packages/airflow/example_dags/example_latest_only_with_trigger.py
[2022-08-07 10:56:02,423] {logging_mixin.py:115} INFO - [2022-08-07 10:56:02,423] {dag.py:2420} INFO - Sync 1 DAGs
[2022-08-07 10:56:02,546] {logging_mixin.py:115} INFO - [2022-08-07 10:56:02,546] {dag.py:2972} INFO - Setting next_dagrun for latest_only_with_trigger to 2022-08-07T06:56:02.545231+00:00, run_after=2022-08-07T10:56:02.545231+00:00
[2022-08-07 10:56:02,596] {processor.py:161} INFO - Processing /home/airflow/.local/lib/python3.7/site-packages/airflow/example_dags/example_latest_only_with_trigger.py took 0.326 seconds
[2022-08-07 10:56:32,931] {processor.py:153} INFO - Started process (PID=921) to work on /home/airflow/.local/lib/python3.7/site-packages/airflow/example_dags/example_latest_only_with_trigger.py
[2022-08-07 10:56:32,933] {processor.py:641} INFO - Processing file /home/airflow/.local/lib/python3.7/site-packages/airflow/example_dags/example_latest_only_with_trigger.py for tasks to queue
[2022-08-07 10:56:32,934] {logging_mixin.py:115} INFO - [2022-08-07 10:56:32,934] {dagbag.py:508} INFO - Filling up the DagBag from /home/airflow/.local/lib/python3.7/site-packages/airflow/example_dags/example_latest_only_with_trigger.py
[2022-08-07 10:56:32,958] {processor.py:651} INFO - DAG(s) dict_keys(['latest_only_with_trigger']) retrieved from /home/airflow/.local/lib/python3.7/site-packages/airflow/example_dags/example_latest_only_with_trigger.py
[2022-08-07 10:56:33,114] {logging_mixin.py:115} INFO - [2022-08-07 10:56:33,113] {dag.py:2420} INFO - Sync 1 DAGs
[2022-08-07 10:56:33,247] {logging_mixin.py:115} INFO - [2022-08-07 10:56:33,244] {dag.py:2972} INFO - Setting next_dagrun for latest_only_with_trigger to 2022-08-07T06:56:33.243247+00:00, run_after=2022-08-07T10:56:33.243247+00:00
[2022-08-07 10:56:33,343] {processor.py:161} INFO - Processing /home/airflow/.local/lib/python3.7/site-packages/airflow/example_dags/example_latest_only_with_trigger.py took 0.421 seconds
[2022-08-07 10:57:04,144] {processor.py:153} INFO - Started process (PID=973) to work on /home/airflow/.local/lib/python3.7/site-packages/airflow/example_dags/example_latest_only_with_trigger.py
[2022-08-07 10:57:04,145] {processor.py:641} INFO - Processing file /home/airflow/.local/lib/python3.7/site-packages/airflow/example_dags/example_latest_only_with_trigger.py for tasks to queue
[2022-08-07 10:57:04,147] {logging_mixin.py:115} INFO - [2022-08-07 10:57:04,147] {dagbag.py:508} INFO - Filling up the DagBag from /home/airflow/.local/lib/python3.7/site-packages/airflow/example_dags/example_latest_only_with_trigger.py
[2022-08-07 10:57:04,164] {processor.py:651} INFO - DAG(s) dict_keys(['latest_only_with_trigger']) retrieved from /home/airflow/.local/lib/python3.7/site-packages/airflow/example_dags/example_latest_only_with_trigger.py
[2022-08-07 10:57:04,246] {logging_mixin.py:115} INFO - [2022-08-07 10:57:04,246] {dag.py:2420} INFO - Sync 1 DAGs
[2022-08-07 10:57:04,322] {logging_mixin.py:115} INFO - [2022-08-07 10:57:04,321] {dag.py:2972} INFO - Setting next_dagrun for latest_only_with_trigger to 2022-08-07T06:57:04.320951+00:00, run_after=2022-08-07T10:57:04.320951+00:00
[2022-08-07 10:57:04,368] {processor.py:161} INFO - Processing /home/airflow/.local/lib/python3.7/site-packages/airflow/example_dags/example_latest_only_with_trigger.py took 0.233 seconds
[2022-08-07 10:57:35,329] {processor.py:153} INFO - Started process (PID=1018) to work on /home/airflow/.local/lib/python3.7/site-packages/airflow/example_dags/example_latest_only_with_trigger.py
[2022-08-07 10:57:35,344] {processor.py:641} INFO - Processing file /home/airflow/.local/lib/python3.7/site-packages/airflow/example_dags/example_latest_only_with_trigger.py for tasks to queue
[2022-08-07 10:57:35,345] {logging_mixin.py:115} INFO - [2022-08-07 10:57:35,345] {dagbag.py:508} INFO - Filling up the DagBag from /home/airflow/.local/lib/python3.7/site-packages/airflow/example_dags/example_latest_only_with_trigger.py
[2022-08-07 10:57:35,361] {processor.py:651} INFO - DAG(s) dict_keys(['latest_only_with_trigger']) retrieved from /home/airflow/.local/lib/python3.7/site-packages/airflow/example_dags/example_latest_only_with_trigger.py
[2022-08-07 10:57:35,441] {logging_mixin.py:115} INFO - [2022-08-07 10:57:35,441] {dag.py:2420} INFO - Sync 1 DAGs
[2022-08-07 10:57:35,515] {logging_mixin.py:115} INFO - [2022-08-07 10:57:35,515] {dag.py:2972} INFO - Setting next_dagrun for latest_only_with_trigger to 2022-08-07T06:57:35.515005+00:00, run_after=2022-08-07T10:57:35.515005+00:00
[2022-08-07 10:57:35,554] {processor.py:161} INFO - Processing /home/airflow/.local/lib/python3.7/site-packages/airflow/example_dags/example_latest_only_with_trigger.py took 0.235 seconds
[2022-08-07 10:58:06,217] {processor.py:153} INFO - Started process (PID=1070) to work on /home/airflow/.local/lib/python3.7/site-packages/airflow/example_dags/example_latest_only_with_trigger.py
[2022-08-07 10:58:06,231] {processor.py:641} INFO - Processing file /home/airflow/.local/lib/python3.7/site-packages/airflow/example_dags/example_latest_only_with_trigger.py for tasks to queue
[2022-08-07 10:58:06,234] {logging_mixin.py:115} INFO - [2022-08-07 10:58:06,233] {dagbag.py:508} INFO - Filling up the DagBag from /home/airflow/.local/lib/python3.7/site-packages/airflow/example_dags/example_latest_only_with_trigger.py
[2022-08-07 10:58:06,264] {processor.py:651} INFO - DAG(s) dict_keys(['latest_only_with_trigger']) retrieved from /home/airflow/.local/lib/python3.7/site-packages/airflow/example_dags/example_latest_only_with_trigger.py
[2022-08-07 10:58:06,380] {logging_mixin.py:115} INFO - [2022-08-07 10:58:06,380] {dag.py:2420} INFO - Sync 1 DAGs
[2022-08-07 10:58:06,482] {logging_mixin.py:115} INFO - [2022-08-07 10:58:06,482] {dag.py:2972} INFO - Setting next_dagrun for latest_only_with_trigger to 2022-08-07T06:58:06.481153+00:00, run_after=2022-08-07T10:58:06.481153+00:00
[2022-08-07 10:58:06,529] {processor.py:161} INFO - Processing /home/airflow/.local/lib/python3.7/site-packages/airflow/example_dags/example_latest_only_with_trigger.py took 0.327 seconds
[2022-08-07 10:58:36,888] {processor.py:153} INFO - Started process (PID=1122) to work on /home/airflow/.local/lib/python3.7/site-packages/airflow/example_dags/example_latest_only_with_trigger.py
[2022-08-07 10:58:36,905] {processor.py:641} INFO - Processing file /home/airflow/.local/lib/python3.7/site-packages/airflow/example_dags/example_latest_only_with_trigger.py for tasks to queue
[2022-08-07 10:58:36,907] {logging_mixin.py:115} INFO - [2022-08-07 10:58:36,907] {dagbag.py:508} INFO - Filling up the DagBag from /home/airflow/.local/lib/python3.7/site-packages/airflow/example_dags/example_latest_only_with_trigger.py
[2022-08-07 10:58:36,924] {processor.py:651} INFO - DAG(s) dict_keys(['latest_only_with_trigger']) retrieved from /home/airflow/.local/lib/python3.7/site-packages/airflow/example_dags/example_latest_only_with_trigger.py
[2022-08-07 10:58:37,006] {logging_mixin.py:115} INFO - [2022-08-07 10:58:37,006] {dag.py:2420} INFO - Sync 1 DAGs
[2022-08-07 10:58:37,085] {logging_mixin.py:115} INFO - [2022-08-07 10:58:37,085] {dag.py:2972} INFO - Setting next_dagrun for latest_only_with_trigger to 2022-08-07T06:58:37.084295+00:00, run_after=2022-08-07T10:58:37.084295+00:00
[2022-08-07 10:58:37,121] {processor.py:161} INFO - Processing /home/airflow/.local/lib/python3.7/site-packages/airflow/example_dags/example_latest_only_with_trigger.py took 0.241 seconds
[2022-08-07 10:59:07,284] {processor.py:153} INFO - Started process (PID=1174) to work on /home/airflow/.local/lib/python3.7/site-packages/airflow/example_dags/example_latest_only_with_trigger.py
[2022-08-07 10:59:07,285] {processor.py:641} INFO - Processing file /home/airflow/.local/lib/python3.7/site-packages/airflow/example_dags/example_latest_only_with_trigger.py for tasks to queue
[2022-08-07 10:59:07,287] {logging_mixin.py:115} INFO - [2022-08-07 10:59:07,286] {dagbag.py:508} INFO - Filling up the DagBag from /home/airflow/.local/lib/python3.7/site-packages/airflow/example_dags/example_latest_only_with_trigger.py
[2022-08-07 10:59:07,315] {processor.py:651} INFO - DAG(s) dict_keys(['latest_only_with_trigger']) retrieved from /home/airflow/.local/lib/python3.7/site-packages/airflow/example_dags/example_latest_only_with_trigger.py
[2022-08-07 10:59:07,401] {logging_mixin.py:115} INFO - [2022-08-07 10:59:07,401] {dag.py:2420} INFO - Sync 1 DAGs
[2022-08-07 10:59:07,476] {logging_mixin.py:115} INFO - [2022-08-07 10:59:07,476] {dag.py:2972} INFO - Setting next_dagrun for latest_only_with_trigger to 2022-08-07T06:59:07.475450+00:00, run_after=2022-08-07T10:59:07.475450+00:00
[2022-08-07 10:59:07,510] {processor.py:161} INFO - Processing /home/airflow/.local/lib/python3.7/site-packages/airflow/example_dags/example_latest_only_with_trigger.py took 0.236 seconds
[2022-08-07 10:59:37,724] {processor.py:153} INFO - Started process (PID=1226) to work on /home/airflow/.local/lib/python3.7/site-packages/airflow/example_dags/example_latest_only_with_trigger.py
[2022-08-07 10:59:37,745] {processor.py:641} INFO - Processing file /home/airflow/.local/lib/python3.7/site-packages/airflow/example_dags/example_latest_only_with_trigger.py for tasks to queue
[2022-08-07 10:59:37,748] {logging_mixin.py:115} INFO - [2022-08-07 10:59:37,747] {dagbag.py:508} INFO - Filling up the DagBag from /home/airflow/.local/lib/python3.7/site-packages/airflow/example_dags/example_latest_only_with_trigger.py
[2022-08-07 10:59:37,792] {processor.py:651} INFO - DAG(s) dict_keys(['latest_only_with_trigger']) retrieved from /home/airflow/.local/lib/python3.7/site-packages/airflow/example_dags/example_latest_only_with_trigger.py
[2022-08-07 10:59:37,982] {logging_mixin.py:115} INFO - [2022-08-07 10:59:37,981] {dag.py:2420} INFO - Sync 1 DAGs
[2022-08-07 10:59:38,174] {logging_mixin.py:115} INFO - [2022-08-07 10:59:38,174] {dag.py:2972} INFO - Setting next_dagrun for latest_only_with_trigger to 2022-08-07T06:59:38.173072+00:00, run_after=2022-08-07T10:59:38.173072+00:00
[2022-08-07 10:59:38,307] {processor.py:161} INFO - Processing /home/airflow/.local/lib/python3.7/site-packages/airflow/example_dags/example_latest_only_with_trigger.py took 0.597 seconds
[2022-08-07 11:00:08,583] {processor.py:153} INFO - Started process (PID=1278) to work on /home/airflow/.local/lib/python3.7/site-packages/airflow/example_dags/example_latest_only_with_trigger.py
[2022-08-07 11:00:08,585] {processor.py:641} INFO - Processing file /home/airflow/.local/lib/python3.7/site-packages/airflow/example_dags/example_latest_only_with_trigger.py for tasks to queue
[2022-08-07 11:00:08,587] {logging_mixin.py:115} INFO - [2022-08-07 11:00:08,587] {dagbag.py:508} INFO - Filling up the DagBag from /home/airflow/.local/lib/python3.7/site-packages/airflow/example_dags/example_latest_only_with_trigger.py
[2022-08-07 11:00:08,616] {processor.py:651} INFO - DAG(s) dict_keys(['latest_only_with_trigger']) retrieved from /home/airflow/.local/lib/python3.7/site-packages/airflow/example_dags/example_latest_only_with_trigger.py
[2022-08-07 11:00:08,770] {logging_mixin.py:115} INFO - [2022-08-07 11:00:08,770] {dag.py:2420} INFO - Sync 1 DAGs
[2022-08-07 11:00:08,869] {logging_mixin.py:115} INFO - [2022-08-07 11:00:08,869] {dag.py:2972} INFO - Setting next_dagrun for latest_only_with_trigger to 2022-08-07T07:00:08.868248+00:00, run_after=2022-08-07T11:00:08.868248+00:00
[2022-08-07 11:00:08,919] {processor.py:161} INFO - Processing /home/airflow/.local/lib/python3.7/site-packages/airflow/example_dags/example_latest_only_with_trigger.py took 0.371 seconds
[2022-08-07 11:00:39,591] {processor.py:153} INFO - Started process (PID=1320) to work on /home/airflow/.local/lib/python3.7/site-packages/airflow/example_dags/example_latest_only_with_trigger.py
[2022-08-07 11:00:39,593] {processor.py:641} INFO - Processing file /home/airflow/.local/lib/python3.7/site-packages/airflow/example_dags/example_latest_only_with_trigger.py for tasks to queue
[2022-08-07 11:00:39,595] {logging_mixin.py:115} INFO - [2022-08-07 11:00:39,595] {dagbag.py:508} INFO - Filling up the DagBag from /home/airflow/.local/lib/python3.7/site-packages/airflow/example_dags/example_latest_only_with_trigger.py
[2022-08-07 11:00:39,621] {processor.py:651} INFO - DAG(s) dict_keys(['latest_only_with_trigger']) retrieved from /home/airflow/.local/lib/python3.7/site-packages/airflow/example_dags/example_latest_only_with_trigger.py
[2022-08-07 11:00:39,721] {logging_mixin.py:115} INFO - [2022-08-07 11:00:39,720] {dag.py:2420} INFO - Sync 1 DAGs
[2022-08-07 11:00:39,814] {logging_mixin.py:115} INFO - [2022-08-07 11:00:39,813] {dag.py:2972} INFO - Setting next_dagrun for latest_only_with_trigger to 2022-08-07T07:00:39.812531+00:00, run_after=2022-08-07T11:00:39.812531+00:00
[2022-08-07 11:00:39,854] {processor.py:161} INFO - Processing /home/airflow/.local/lib/python3.7/site-packages/airflow/example_dags/example_latest_only_with_trigger.py took 0.278 seconds
[2022-08-07 11:01:09,979] {processor.py:153} INFO - Started process (PID=1372) to work on /home/airflow/.local/lib/python3.7/site-packages/airflow/example_dags/example_latest_only_with_trigger.py
[2022-08-07 11:01:09,981] {processor.py:641} INFO - Processing file /home/airflow/.local/lib/python3.7/site-packages/airflow/example_dags/example_latest_only_with_trigger.py for tasks to queue
[2022-08-07 11:01:09,983] {logging_mixin.py:115} INFO - [2022-08-07 11:01:09,983] {dagbag.py:508} INFO - Filling up the DagBag from /home/airflow/.local/lib/python3.7/site-packages/airflow/example_dags/example_latest_only_with_trigger.py
[2022-08-07 11:01:10,005] {processor.py:651} INFO - DAG(s) dict_keys(['latest_only_with_trigger']) retrieved from /home/airflow/.local/lib/python3.7/site-packages/airflow/example_dags/example_latest_only_with_trigger.py
[2022-08-07 11:01:10,122] {logging_mixin.py:115} INFO - [2022-08-07 11:01:10,122] {dag.py:2420} INFO - Sync 1 DAGs
[2022-08-07 11:01:10,226] {logging_mixin.py:115} INFO - [2022-08-07 11:01:10,225] {dag.py:2972} INFO - Setting next_dagrun for latest_only_with_trigger to 2022-08-07T07:01:10.224263+00:00, run_after=2022-08-07T11:01:10.224263+00:00
[2022-08-07 11:01:10,272] {processor.py:161} INFO - Processing /home/airflow/.local/lib/python3.7/site-packages/airflow/example_dags/example_latest_only_with_trigger.py took 0.303 seconds
[2022-08-07 11:01:40,813] {processor.py:153} INFO - Started process (PID=1424) to work on /home/airflow/.local/lib/python3.7/site-packages/airflow/example_dags/example_latest_only_with_trigger.py
[2022-08-07 11:01:40,815] {processor.py:641} INFO - Processing file /home/airflow/.local/lib/python3.7/site-packages/airflow/example_dags/example_latest_only_with_trigger.py for tasks to queue
[2022-08-07 11:01:40,817] {logging_mixin.py:115} INFO - [2022-08-07 11:01:40,817] {dagbag.py:508} INFO - Filling up the DagBag from /home/airflow/.local/lib/python3.7/site-packages/airflow/example_dags/example_latest_only_with_trigger.py
[2022-08-07 11:01:40,886] {processor.py:651} INFO - DAG(s) dict_keys(['latest_only_with_trigger']) retrieved from /home/airflow/.local/lib/python3.7/site-packages/airflow/example_dags/example_latest_only_with_trigger.py
[2022-08-07 11:01:41,120] {logging_mixin.py:115} INFO - [2022-08-07 11:01:41,119] {dag.py:2420} INFO - Sync 1 DAGs
[2022-08-07 11:01:41,391] {logging_mixin.py:115} INFO - [2022-08-07 11:01:41,391] {dag.py:2972} INFO - Setting next_dagrun for latest_only_with_trigger to 2022-08-07T07:01:41.388928+00:00, run_after=2022-08-07T11:01:41.388928+00:00
[2022-08-07 11:01:41,467] {processor.py:161} INFO - Processing /home/airflow/.local/lib/python3.7/site-packages/airflow/example_dags/example_latest_only_with_trigger.py took 0.676 seconds
[2022-08-07 11:02:12,480] {processor.py:153} INFO - Started process (PID=1476) to work on /home/airflow/.local/lib/python3.7/site-packages/airflow/example_dags/example_latest_only_with_trigger.py
[2022-08-07 11:02:12,494] {processor.py:641} INFO - Processing file /home/airflow/.local/lib/python3.7/site-packages/airflow/example_dags/example_latest_only_with_trigger.py for tasks to queue
[2022-08-07 11:02:12,496] {logging_mixin.py:115} INFO - [2022-08-07 11:02:12,496] {dagbag.py:508} INFO - Filling up the DagBag from /home/airflow/.local/lib/python3.7/site-packages/airflow/example_dags/example_latest_only_with_trigger.py
[2022-08-07 11:02:12,518] {processor.py:651} INFO - DAG(s) dict_keys(['latest_only_with_trigger']) retrieved from /home/airflow/.local/lib/python3.7/site-packages/airflow/example_dags/example_latest_only_with_trigger.py
[2022-08-07 11:02:12,646] {logging_mixin.py:115} INFO - [2022-08-07 11:02:12,645] {dag.py:2420} INFO - Sync 1 DAGs
[2022-08-07 11:02:12,766] {logging_mixin.py:115} INFO - [2022-08-07 11:02:12,765] {dag.py:2972} INFO - Setting next_dagrun for latest_only_with_trigger to 2022-08-07T07:02:12.763903+00:00, run_after=2022-08-07T11:02:12.763903+00:00
[2022-08-07 11:02:12,828] {processor.py:161} INFO - Processing /home/airflow/.local/lib/python3.7/site-packages/airflow/example_dags/example_latest_only_with_trigger.py took 0.358 seconds
[2022-08-07 11:02:43,217] {processor.py:153} INFO - Started process (PID=1526) to work on /home/airflow/.local/lib/python3.7/site-packages/airflow/example_dags/example_latest_only_with_trigger.py
[2022-08-07 11:02:43,235] {processor.py:641} INFO - Processing file /home/airflow/.local/lib/python3.7/site-packages/airflow/example_dags/example_latest_only_with_trigger.py for tasks to queue
[2022-08-07 11:02:43,236] {logging_mixin.py:115} INFO - [2022-08-07 11:02:43,236] {dagbag.py:508} INFO - Filling up the DagBag from /home/airflow/.local/lib/python3.7/site-packages/airflow/example_dags/example_latest_only_with_trigger.py
[2022-08-07 11:02:43,252] {processor.py:651} INFO - DAG(s) dict_keys(['latest_only_with_trigger']) retrieved from /home/airflow/.local/lib/python3.7/site-packages/airflow/example_dags/example_latest_only_with_trigger.py
[2022-08-07 11:02:43,326] {logging_mixin.py:115} INFO - [2022-08-07 11:02:43,326] {dag.py:2420} INFO - Sync 1 DAGs
[2022-08-07 11:02:43,395] {logging_mixin.py:115} INFO - [2022-08-07 11:02:43,395] {dag.py:2972} INFO - Setting next_dagrun for latest_only_with_trigger to 2022-08-07T07:02:43.394152+00:00, run_after=2022-08-07T11:02:43.394152+00:00
[2022-08-07 11:02:43,453] {processor.py:161} INFO - Processing /home/airflow/.local/lib/python3.7/site-packages/airflow/example_dags/example_latest_only_with_trigger.py took 0.243 seconds
[2022-08-07 11:03:14,024] {processor.py:153} INFO - Started process (PID=1571) to work on /home/airflow/.local/lib/python3.7/site-packages/airflow/example_dags/example_latest_only_with_trigger.py
[2022-08-07 11:03:14,026] {processor.py:641} INFO - Processing file /home/airflow/.local/lib/python3.7/site-packages/airflow/example_dags/example_latest_only_with_trigger.py for tasks to queue
[2022-08-07 11:03:14,027] {logging_mixin.py:115} INFO - [2022-08-07 11:03:14,027] {dagbag.py:508} INFO - Filling up the DagBag from /home/airflow/.local/lib/python3.7/site-packages/airflow/example_dags/example_latest_only_with_trigger.py
[2022-08-07 11:03:14,049] {processor.py:651} INFO - DAG(s) dict_keys(['latest_only_with_trigger']) retrieved from /home/airflow/.local/lib/python3.7/site-packages/airflow/example_dags/example_latest_only_with_trigger.py
[2022-08-07 11:03:14,140] {logging_mixin.py:115} INFO - [2022-08-07 11:03:14,140] {dag.py:2420} INFO - Sync 1 DAGs
[2022-08-07 11:03:14,236] {logging_mixin.py:115} INFO - [2022-08-07 11:03:14,236] {dag.py:2972} INFO - Setting next_dagrun for latest_only_with_trigger to 2022-08-07T07:03:14.235174+00:00, run_after=2022-08-07T11:03:14.235174+00:00
[2022-08-07 11:03:14,278] {processor.py:161} INFO - Processing /home/airflow/.local/lib/python3.7/site-packages/airflow/example_dags/example_latest_only_with_trigger.py took 0.267 seconds
[2022-08-07 11:03:44,993] {processor.py:153} INFO - Started process (PID=1623) to work on /home/airflow/.local/lib/python3.7/site-packages/airflow/example_dags/example_latest_only_with_trigger.py
[2022-08-07 11:03:44,995] {processor.py:641} INFO - Processing file /home/airflow/.local/lib/python3.7/site-packages/airflow/example_dags/example_latest_only_with_trigger.py for tasks to queue
[2022-08-07 11:03:44,998] {logging_mixin.py:115} INFO - [2022-08-07 11:03:44,997] {dagbag.py:508} INFO - Filling up the DagBag from /home/airflow/.local/lib/python3.7/site-packages/airflow/example_dags/example_latest_only_with_trigger.py
[2022-08-07 11:03:45,030] {processor.py:651} INFO - DAG(s) dict_keys(['latest_only_with_trigger']) retrieved from /home/airflow/.local/lib/python3.7/site-packages/airflow/example_dags/example_latest_only_with_trigger.py
[2022-08-07 11:03:45,152] {logging_mixin.py:115} INFO - [2022-08-07 11:03:45,151] {dag.py:2420} INFO - Sync 1 DAGs
[2022-08-07 11:03:45,281] {logging_mixin.py:115} INFO - [2022-08-07 11:03:45,280] {dag.py:2972} INFO - Setting next_dagrun for latest_only_with_trigger to 2022-08-07T07:03:45.278555+00:00, run_after=2022-08-07T11:03:45.278555+00:00
[2022-08-07 11:03:45,335] {processor.py:161} INFO - Processing /home/airflow/.local/lib/python3.7/site-packages/airflow/example_dags/example_latest_only_with_trigger.py took 0.358 seconds
[2022-08-07 11:04:15,575] {processor.py:153} INFO - Started process (PID=1675) to work on /home/airflow/.local/lib/python3.7/site-packages/airflow/example_dags/example_latest_only_with_trigger.py
[2022-08-07 11:04:15,577] {processor.py:641} INFO - Processing file /home/airflow/.local/lib/python3.7/site-packages/airflow/example_dags/example_latest_only_with_trigger.py for tasks to queue
[2022-08-07 11:04:15,579] {logging_mixin.py:115} INFO - [2022-08-07 11:04:15,579] {dagbag.py:508} INFO - Filling up the DagBag from /home/airflow/.local/lib/python3.7/site-packages/airflow/example_dags/example_latest_only_with_trigger.py
[2022-08-07 11:04:15,608] {processor.py:651} INFO - DAG(s) dict_keys(['latest_only_with_trigger']) retrieved from /home/airflow/.local/lib/python3.7/site-packages/airflow/example_dags/example_latest_only_with_trigger.py
[2022-08-07 11:04:15,774] {logging_mixin.py:115} INFO - [2022-08-07 11:04:15,774] {dag.py:2420} INFO - Sync 1 DAGs
[2022-08-07 11:04:15,927] {logging_mixin.py:115} INFO - [2022-08-07 11:04:15,927] {dag.py:2972} INFO - Setting next_dagrun for latest_only_with_trigger to 2022-08-07T07:04:15.925258+00:00, run_after=2022-08-07T11:04:15.925258+00:00
[2022-08-07 11:04:15,990] {processor.py:161} INFO - Processing /home/airflow/.local/lib/python3.7/site-packages/airflow/example_dags/example_latest_only_with_trigger.py took 0.429 seconds
[2022-08-07 11:04:46,900] {processor.py:153} INFO - Started process (PID=1727) to work on /home/airflow/.local/lib/python3.7/site-packages/airflow/example_dags/example_latest_only_with_trigger.py
[2022-08-07 11:04:46,913] {processor.py:641} INFO - Processing file /home/airflow/.local/lib/python3.7/site-packages/airflow/example_dags/example_latest_only_with_trigger.py for tasks to queue
[2022-08-07 11:04:46,915] {logging_mixin.py:115} INFO - [2022-08-07 11:04:46,915] {dagbag.py:508} INFO - Filling up the DagBag from /home/airflow/.local/lib/python3.7/site-packages/airflow/example_dags/example_latest_only_with_trigger.py
[2022-08-07 11:04:46,944] {processor.py:651} INFO - DAG(s) dict_keys(['latest_only_with_trigger']) retrieved from /home/airflow/.local/lib/python3.7/site-packages/airflow/example_dags/example_latest_only_with_trigger.py
[2022-08-07 11:04:47,053] {logging_mixin.py:115} INFO - [2022-08-07 11:04:47,052] {dag.py:2420} INFO - Sync 1 DAGs
[2022-08-07 11:04:47,187] {logging_mixin.py:115} INFO - [2022-08-07 11:04:47,187] {dag.py:2972} INFO - Setting next_dagrun for latest_only_with_trigger to 2022-08-07T07:04:47.186103+00:00, run_after=2022-08-07T11:04:47.186103+00:00
[2022-08-07 11:04:47,258] {processor.py:161} INFO - Processing /home/airflow/.local/lib/python3.7/site-packages/airflow/example_dags/example_latest_only_with_trigger.py took 0.372 seconds
[2022-08-07 11:05:17,772] {processor.py:153} INFO - Started process (PID=1779) to work on /home/airflow/.local/lib/python3.7/site-packages/airflow/example_dags/example_latest_only_with_trigger.py
[2022-08-07 11:05:17,774] {processor.py:641} INFO - Processing file /home/airflow/.local/lib/python3.7/site-packages/airflow/example_dags/example_latest_only_with_trigger.py for tasks to queue
[2022-08-07 11:05:17,776] {logging_mixin.py:115} INFO - [2022-08-07 11:05:17,776] {dagbag.py:508} INFO - Filling up the DagBag from /home/airflow/.local/lib/python3.7/site-packages/airflow/example_dags/example_latest_only_with_trigger.py
[2022-08-07 11:05:17,805] {processor.py:651} INFO - DAG(s) dict_keys(['latest_only_with_trigger']) retrieved from /home/airflow/.local/lib/python3.7/site-packages/airflow/example_dags/example_latest_only_with_trigger.py
[2022-08-07 11:05:17,943] {logging_mixin.py:115} INFO - [2022-08-07 11:05:17,943] {dag.py:2420} INFO - Sync 1 DAGs
[2022-08-07 11:05:18,082] {logging_mixin.py:115} INFO - [2022-08-07 11:05:18,081] {dag.py:2972} INFO - Setting next_dagrun for latest_only_with_trigger to 2022-08-07T07:05:18.079835+00:00, run_after=2022-08-07T11:05:18.079835+00:00
[2022-08-07 11:05:18,177] {processor.py:161} INFO - Processing /home/airflow/.local/lib/python3.7/site-packages/airflow/example_dags/example_latest_only_with_trigger.py took 0.420 seconds
[2022-08-07 11:05:48,311] {processor.py:153} INFO - Started process (PID=1822) to work on /home/airflow/.local/lib/python3.7/site-packages/airflow/example_dags/example_latest_only_with_trigger.py
[2022-08-07 11:05:48,327] {processor.py:641} INFO - Processing file /home/airflow/.local/lib/python3.7/site-packages/airflow/example_dags/example_latest_only_with_trigger.py for tasks to queue
[2022-08-07 11:05:48,330] {logging_mixin.py:115} INFO - [2022-08-07 11:05:48,330] {dagbag.py:508} INFO - Filling up the DagBag from /home/airflow/.local/lib/python3.7/site-packages/airflow/example_dags/example_latest_only_with_trigger.py
[2022-08-07 11:05:48,359] {processor.py:651} INFO - DAG(s) dict_keys(['latest_only_with_trigger']) retrieved from /home/airflow/.local/lib/python3.7/site-packages/airflow/example_dags/example_latest_only_with_trigger.py
[2022-08-07 11:05:48,460] {logging_mixin.py:115} INFO - [2022-08-07 11:05:48,459] {dag.py:2420} INFO - Sync 1 DAGs
[2022-08-07 11:05:48,574] {logging_mixin.py:115} INFO - [2022-08-07 11:05:48,573] {dag.py:2972} INFO - Setting next_dagrun for latest_only_with_trigger to 2022-08-07T07:05:48.572666+00:00, run_after=2022-08-07T11:05:48.572666+00:00
[2022-08-07 11:05:48,630] {processor.py:161} INFO - Processing /home/airflow/.local/lib/python3.7/site-packages/airflow/example_dags/example_latest_only_with_trigger.py took 0.330 seconds
[2022-08-07 11:06:18,881] {processor.py:153} INFO - Started process (PID=1874) to work on /home/airflow/.local/lib/python3.7/site-packages/airflow/example_dags/example_latest_only_with_trigger.py
[2022-08-07 11:06:18,888] {processor.py:641} INFO - Processing file /home/airflow/.local/lib/python3.7/site-packages/airflow/example_dags/example_latest_only_with_trigger.py for tasks to queue
[2022-08-07 11:06:18,890] {logging_mixin.py:115} INFO - [2022-08-07 11:06:18,890] {dagbag.py:508} INFO - Filling up the DagBag from /home/airflow/.local/lib/python3.7/site-packages/airflow/example_dags/example_latest_only_with_trigger.py
[2022-08-07 11:06:18,936] {processor.py:651} INFO - DAG(s) dict_keys(['latest_only_with_trigger']) retrieved from /home/airflow/.local/lib/python3.7/site-packages/airflow/example_dags/example_latest_only_with_trigger.py
[2022-08-07 11:06:19,081] {logging_mixin.py:115} INFO - [2022-08-07 11:06:19,081] {dag.py:2420} INFO - Sync 1 DAGs
[2022-08-07 11:06:19,265] {logging_mixin.py:115} INFO - [2022-08-07 11:06:19,265] {dag.py:2972} INFO - Setting next_dagrun for latest_only_with_trigger to 2022-08-07T07:06:19.264346+00:00, run_after=2022-08-07T11:06:19.264346+00:00
[2022-08-07 11:06:19,325] {processor.py:161} INFO - Processing /home/airflow/.local/lib/python3.7/site-packages/airflow/example_dags/example_latest_only_with_trigger.py took 0.457 seconds
[2022-08-07 11:06:50,314] {processor.py:153} INFO - Started process (PID=1926) to work on /home/airflow/.local/lib/python3.7/site-packages/airflow/example_dags/example_latest_only_with_trigger.py
[2022-08-07 11:06:50,326] {processor.py:641} INFO - Processing file /home/airflow/.local/lib/python3.7/site-packages/airflow/example_dags/example_latest_only_with_trigger.py for tasks to queue
[2022-08-07 11:06:50,329] {logging_mixin.py:115} INFO - [2022-08-07 11:06:50,329] {dagbag.py:508} INFO - Filling up the DagBag from /home/airflow/.local/lib/python3.7/site-packages/airflow/example_dags/example_latest_only_with_trigger.py
[2022-08-07 11:06:50,410] {processor.py:651} INFO - DAG(s) dict_keys(['latest_only_with_trigger']) retrieved from /home/airflow/.local/lib/python3.7/site-packages/airflow/example_dags/example_latest_only_with_trigger.py
[2022-08-07 11:06:50,578] {logging_mixin.py:115} INFO - [2022-08-07 11:06:50,577] {dag.py:2420} INFO - Sync 1 DAGs
[2022-08-07 11:06:50,749] {logging_mixin.py:115} INFO - [2022-08-07 11:06:50,749] {dag.py:2972} INFO - Setting next_dagrun for latest_only_with_trigger to 2022-08-07T07:06:50.748006+00:00, run_after=2022-08-07T11:06:50.748006+00:00
[2022-08-07 11:06:50,825] {processor.py:161} INFO - Processing /home/airflow/.local/lib/python3.7/site-packages/airflow/example_dags/example_latest_only_with_trigger.py took 0.528 seconds
[2022-08-07 11:07:21,203] {processor.py:153} INFO - Started process (PID=1976) to work on /home/airflow/.local/lib/python3.7/site-packages/airflow/example_dags/example_latest_only_with_trigger.py
[2022-08-07 11:07:21,204] {processor.py:641} INFO - Processing file /home/airflow/.local/lib/python3.7/site-packages/airflow/example_dags/example_latest_only_with_trigger.py for tasks to queue
[2022-08-07 11:07:21,206] {logging_mixin.py:115} INFO - [2022-08-07 11:07:21,206] {dagbag.py:508} INFO - Filling up the DagBag from /home/airflow/.local/lib/python3.7/site-packages/airflow/example_dags/example_latest_only_with_trigger.py
[2022-08-07 11:07:21,225] {processor.py:651} INFO - DAG(s) dict_keys(['latest_only_with_trigger']) retrieved from /home/airflow/.local/lib/python3.7/site-packages/airflow/example_dags/example_latest_only_with_trigger.py
[2022-08-07 11:07:21,333] {logging_mixin.py:115} INFO - [2022-08-07 11:07:21,333] {dag.py:2420} INFO - Sync 1 DAGs
[2022-08-07 11:07:21,448] {logging_mixin.py:115} INFO - [2022-08-07 11:07:21,448] {dag.py:2972} INFO - Setting next_dagrun for latest_only_with_trigger to 2022-08-07T07:07:21.447088+00:00, run_after=2022-08-07T11:07:21.447088+00:00
[2022-08-07 11:07:21,503] {processor.py:161} INFO - Processing /home/airflow/.local/lib/python3.7/site-packages/airflow/example_dags/example_latest_only_with_trigger.py took 0.312 seconds
[2022-08-07 11:07:51,939] {processor.py:153} INFO - Started process (PID=2021) to work on /home/airflow/.local/lib/python3.7/site-packages/airflow/example_dags/example_latest_only_with_trigger.py
[2022-08-07 11:07:51,940] {processor.py:641} INFO - Processing file /home/airflow/.local/lib/python3.7/site-packages/airflow/example_dags/example_latest_only_with_trigger.py for tasks to queue
[2022-08-07 11:07:51,942] {logging_mixin.py:115} INFO - [2022-08-07 11:07:51,942] {dagbag.py:508} INFO - Filling up the DagBag from /home/airflow/.local/lib/python3.7/site-packages/airflow/example_dags/example_latest_only_with_trigger.py
[2022-08-07 11:07:51,963] {processor.py:651} INFO - DAG(s) dict_keys(['latest_only_with_trigger']) retrieved from /home/airflow/.local/lib/python3.7/site-packages/airflow/example_dags/example_latest_only_with_trigger.py
[2022-08-07 11:07:52,053] {logging_mixin.py:115} INFO - [2022-08-07 11:07:52,053] {dag.py:2420} INFO - Sync 1 DAGs
[2022-08-07 11:07:52,132] {logging_mixin.py:115} INFO - [2022-08-07 11:07:52,132] {dag.py:2972} INFO - Setting next_dagrun for latest_only_with_trigger to 2022-08-07T07:07:52.131609+00:00, run_after=2022-08-07T11:07:52.131609+00:00
[2022-08-07 11:07:52,200] {processor.py:161} INFO - Processing /home/airflow/.local/lib/python3.7/site-packages/airflow/example_dags/example_latest_only_with_trigger.py took 0.275 seconds
[2022-08-07 11:08:22,728] {processor.py:153} INFO - Started process (PID=2074) to work on /home/airflow/.local/lib/python3.7/site-packages/airflow/example_dags/example_latest_only_with_trigger.py
[2022-08-07 11:08:22,730] {processor.py:641} INFO - Processing file /home/airflow/.local/lib/python3.7/site-packages/airflow/example_dags/example_latest_only_with_trigger.py for tasks to queue
[2022-08-07 11:08:22,731] {logging_mixin.py:115} INFO - [2022-08-07 11:08:22,731] {dagbag.py:508} INFO - Filling up the DagBag from /home/airflow/.local/lib/python3.7/site-packages/airflow/example_dags/example_latest_only_with_trigger.py
[2022-08-07 11:08:22,750] {processor.py:651} INFO - DAG(s) dict_keys(['latest_only_with_trigger']) retrieved from /home/airflow/.local/lib/python3.7/site-packages/airflow/example_dags/example_latest_only_with_trigger.py
[2022-08-07 11:08:22,831] {logging_mixin.py:115} INFO - [2022-08-07 11:08:22,831] {dag.py:2420} INFO - Sync 1 DAGs
[2022-08-07 11:08:22,906] {logging_mixin.py:115} INFO - [2022-08-07 11:08:22,905] {dag.py:2972} INFO - Setting next_dagrun for latest_only_with_trigger to 2022-08-07T07:08:22.905327+00:00, run_after=2022-08-07T11:08:22.905327+00:00
[2022-08-07 11:08:22,967] {processor.py:161} INFO - Processing /home/airflow/.local/lib/python3.7/site-packages/airflow/example_dags/example_latest_only_with_trigger.py took 0.249 seconds
[2022-08-07 11:08:53,217] {processor.py:153} INFO - Started process (PID=2126) to work on /home/airflow/.local/lib/python3.7/site-packages/airflow/example_dags/example_latest_only_with_trigger.py
[2022-08-07 11:08:53,219] {processor.py:641} INFO - Processing file /home/airflow/.local/lib/python3.7/site-packages/airflow/example_dags/example_latest_only_with_trigger.py for tasks to queue
[2022-08-07 11:08:53,221] {logging_mixin.py:115} INFO - [2022-08-07 11:08:53,221] {dagbag.py:508} INFO - Filling up the DagBag from /home/airflow/.local/lib/python3.7/site-packages/airflow/example_dags/example_latest_only_with_trigger.py
[2022-08-07 11:08:53,243] {processor.py:651} INFO - DAG(s) dict_keys(['latest_only_with_trigger']) retrieved from /home/airflow/.local/lib/python3.7/site-packages/airflow/example_dags/example_latest_only_with_trigger.py
[2022-08-07 11:08:53,355] {logging_mixin.py:115} INFO - [2022-08-07 11:08:53,355] {dag.py:2420} INFO - Sync 1 DAGs
[2022-08-07 11:08:53,458] {logging_mixin.py:115} INFO - [2022-08-07 11:08:53,458] {dag.py:2972} INFO - Setting next_dagrun for latest_only_with_trigger to 2022-08-07T07:08:53.457082+00:00, run_after=2022-08-07T11:08:53.457082+00:00
[2022-08-07 11:08:53,510] {processor.py:161} INFO - Processing /home/airflow/.local/lib/python3.7/site-packages/airflow/example_dags/example_latest_only_with_trigger.py took 0.307 seconds
[2022-08-07 11:09:24,034] {processor.py:153} INFO - Started process (PID=2179) to work on /home/airflow/.local/lib/python3.7/site-packages/airflow/example_dags/example_latest_only_with_trigger.py
[2022-08-07 11:09:24,036] {processor.py:641} INFO - Processing file /home/airflow/.local/lib/python3.7/site-packages/airflow/example_dags/example_latest_only_with_trigger.py for tasks to queue
[2022-08-07 11:09:24,038] {logging_mixin.py:115} INFO - [2022-08-07 11:09:24,038] {dagbag.py:508} INFO - Filling up the DagBag from /home/airflow/.local/lib/python3.7/site-packages/airflow/example_dags/example_latest_only_with_trigger.py
[2022-08-07 11:09:24,060] {processor.py:651} INFO - DAG(s) dict_keys(['latest_only_with_trigger']) retrieved from /home/airflow/.local/lib/python3.7/site-packages/airflow/example_dags/example_latest_only_with_trigger.py
[2022-08-07 11:09:24,166] {logging_mixin.py:115} INFO - [2022-08-07 11:09:24,165] {dag.py:2420} INFO - Sync 1 DAGs
[2022-08-07 11:09:24,281] {logging_mixin.py:115} INFO - [2022-08-07 11:09:24,280] {dag.py:2972} INFO - Setting next_dagrun for latest_only_with_trigger to 2022-08-07T07:09:24.279224+00:00, run_after=2022-08-07T11:09:24.279224+00:00
[2022-08-07 11:09:24,362] {processor.py:161} INFO - Processing /home/airflow/.local/lib/python3.7/site-packages/airflow/example_dags/example_latest_only_with_trigger.py took 0.339 seconds
[2022-08-07 11:09:54,802] {processor.py:153} INFO - Started process (PID=2222) to work on /home/airflow/.local/lib/python3.7/site-packages/airflow/example_dags/example_latest_only_with_trigger.py
[2022-08-07 11:09:54,818] {processor.py:641} INFO - Processing file /home/airflow/.local/lib/python3.7/site-packages/airflow/example_dags/example_latest_only_with_trigger.py for tasks to queue
[2022-08-07 11:09:54,819] {logging_mixin.py:115} INFO - [2022-08-07 11:09:54,819] {dagbag.py:508} INFO - Filling up the DagBag from /home/airflow/.local/lib/python3.7/site-packages/airflow/example_dags/example_latest_only_with_trigger.py
[2022-08-07 11:09:54,840] {processor.py:651} INFO - DAG(s) dict_keys(['latest_only_with_trigger']) retrieved from /home/airflow/.local/lib/python3.7/site-packages/airflow/example_dags/example_latest_only_with_trigger.py
[2022-08-07 11:09:54,946] {logging_mixin.py:115} INFO - [2022-08-07 11:09:54,946] {dag.py:2420} INFO - Sync 1 DAGs
[2022-08-07 11:09:55,060] {logging_mixin.py:115} INFO - [2022-08-07 11:09:55,059] {dag.py:2972} INFO - Setting next_dagrun for latest_only_with_trigger to 2022-08-07T07:09:55.059234+00:00, run_after=2022-08-07T11:09:55.059234+00:00
[2022-08-07 11:09:55,109] {processor.py:161} INFO - Processing /home/airflow/.local/lib/python3.7/site-packages/airflow/example_dags/example_latest_only_with_trigger.py took 0.318 seconds
[2022-08-07 11:10:25,666] {processor.py:153} INFO - Started process (PID=2276) to work on /home/airflow/.local/lib/python3.7/site-packages/airflow/example_dags/example_latest_only_with_trigger.py
[2022-08-07 11:10:25,679] {processor.py:641} INFO - Processing file /home/airflow/.local/lib/python3.7/site-packages/airflow/example_dags/example_latest_only_with_trigger.py for tasks to queue
[2022-08-07 11:10:25,681] {logging_mixin.py:115} INFO - [2022-08-07 11:10:25,681] {dagbag.py:508} INFO - Filling up the DagBag from /home/airflow/.local/lib/python3.7/site-packages/airflow/example_dags/example_latest_only_with_trigger.py
[2022-08-07 11:10:25,705] {processor.py:651} INFO - DAG(s) dict_keys(['latest_only_with_trigger']) retrieved from /home/airflow/.local/lib/python3.7/site-packages/airflow/example_dags/example_latest_only_with_trigger.py
[2022-08-07 11:10:25,816] {logging_mixin.py:115} INFO - [2022-08-07 11:10:25,816] {dag.py:2420} INFO - Sync 1 DAGs
[2022-08-07 11:10:25,912] {logging_mixin.py:115} INFO - [2022-08-07 11:10:25,911] {dag.py:2972} INFO - Setting next_dagrun for latest_only_with_trigger to 2022-08-07T07:10:25.910411+00:00, run_after=2022-08-07T11:10:25.910411+00:00
[2022-08-07 11:10:25,966] {processor.py:161} INFO - Processing /home/airflow/.local/lib/python3.7/site-packages/airflow/example_dags/example_latest_only_with_trigger.py took 0.312 seconds
[2022-08-07 11:10:56,243] {processor.py:153} INFO - Started process (PID=2327) to work on /home/airflow/.local/lib/python3.7/site-packages/airflow/example_dags/example_latest_only_with_trigger.py
[2022-08-07 11:10:56,244] {processor.py:641} INFO - Processing file /home/airflow/.local/lib/python3.7/site-packages/airflow/example_dags/example_latest_only_with_trigger.py for tasks to queue
[2022-08-07 11:10:56,247] {logging_mixin.py:115} INFO - [2022-08-07 11:10:56,246] {dagbag.py:508} INFO - Filling up the DagBag from /home/airflow/.local/lib/python3.7/site-packages/airflow/example_dags/example_latest_only_with_trigger.py
[2022-08-07 11:10:56,280] {processor.py:651} INFO - DAG(s) dict_keys(['latest_only_with_trigger']) retrieved from /home/airflow/.local/lib/python3.7/site-packages/airflow/example_dags/example_latest_only_with_trigger.py
[2022-08-07 11:10:56,408] {logging_mixin.py:115} INFO - [2022-08-07 11:10:56,407] {dag.py:2420} INFO - Sync 1 DAGs
[2022-08-07 11:10:56,538] {logging_mixin.py:115} INFO - [2022-08-07 11:10:56,537] {dag.py:2972} INFO - Setting next_dagrun for latest_only_with_trigger to 2022-08-07T07:10:56.536993+00:00, run_after=2022-08-07T11:10:56.536993+00:00
[2022-08-07 11:10:56,617] {processor.py:161} INFO - Processing /home/airflow/.local/lib/python3.7/site-packages/airflow/example_dags/example_latest_only_with_trigger.py took 0.388 seconds
[2022-08-07 11:11:27,115] {processor.py:153} INFO - Started process (PID=2379) to work on /home/airflow/.local/lib/python3.7/site-packages/airflow/example_dags/example_latest_only_with_trigger.py
[2022-08-07 11:11:27,130] {processor.py:641} INFO - Processing file /home/airflow/.local/lib/python3.7/site-packages/airflow/example_dags/example_latest_only_with_trigger.py for tasks to queue
[2022-08-07 11:11:27,131] {logging_mixin.py:115} INFO - [2022-08-07 11:11:27,131] {dagbag.py:508} INFO - Filling up the DagBag from /home/airflow/.local/lib/python3.7/site-packages/airflow/example_dags/example_latest_only_with_trigger.py
[2022-08-07 11:11:27,153] {processor.py:651} INFO - DAG(s) dict_keys(['latest_only_with_trigger']) retrieved from /home/airflow/.local/lib/python3.7/site-packages/airflow/example_dags/example_latest_only_with_trigger.py
[2022-08-07 11:11:27,260] {logging_mixin.py:115} INFO - [2022-08-07 11:11:27,260] {dag.py:2420} INFO - Sync 1 DAGs
[2022-08-07 11:11:27,381] {logging_mixin.py:115} INFO - [2022-08-07 11:11:27,380] {dag.py:2972} INFO - Setting next_dagrun for latest_only_with_trigger to 2022-08-07T07:11:27.379865+00:00, run_after=2022-08-07T11:11:27.379865+00:00
[2022-08-07 11:11:27,495] {processor.py:161} INFO - Processing /home/airflow/.local/lib/python3.7/site-packages/airflow/example_dags/example_latest_only_with_trigger.py took 0.390 seconds
[2022-08-07 11:11:58,209] {processor.py:153} INFO - Started process (PID=2431) to work on /home/airflow/.local/lib/python3.7/site-packages/airflow/example_dags/example_latest_only_with_trigger.py
[2022-08-07 11:11:58,216] {processor.py:641} INFO - Processing file /home/airflow/.local/lib/python3.7/site-packages/airflow/example_dags/example_latest_only_with_trigger.py for tasks to queue
[2022-08-07 11:11:58,219] {logging_mixin.py:115} INFO - [2022-08-07 11:11:58,218] {dagbag.py:508} INFO - Filling up the DagBag from /home/airflow/.local/lib/python3.7/site-packages/airflow/example_dags/example_latest_only_with_trigger.py
[2022-08-07 11:11:58,253] {processor.py:651} INFO - DAG(s) dict_keys(['latest_only_with_trigger']) retrieved from /home/airflow/.local/lib/python3.7/site-packages/airflow/example_dags/example_latest_only_with_trigger.py
[2022-08-07 11:11:58,352] {logging_mixin.py:115} INFO - [2022-08-07 11:11:58,352] {dag.py:2420} INFO - Sync 1 DAGs
[2022-08-07 11:11:58,429] {logging_mixin.py:115} INFO - [2022-08-07 11:11:58,429] {dag.py:2972} INFO - Setting next_dagrun for latest_only_with_trigger to 2022-08-07T07:11:58.428178+00:00, run_after=2022-08-07T11:11:58.428178+00:00
[2022-08-07 11:11:58,493] {processor.py:161} INFO - Processing /home/airflow/.local/lib/python3.7/site-packages/airflow/example_dags/example_latest_only_with_trigger.py took 0.300 seconds
[2022-08-07 11:12:28,785] {processor.py:153} INFO - Started process (PID=2483) to work on /home/airflow/.local/lib/python3.7/site-packages/airflow/example_dags/example_latest_only_with_trigger.py
[2022-08-07 11:12:28,787] {processor.py:641} INFO - Processing file /home/airflow/.local/lib/python3.7/site-packages/airflow/example_dags/example_latest_only_with_trigger.py for tasks to queue
[2022-08-07 11:12:28,788] {logging_mixin.py:115} INFO - [2022-08-07 11:12:28,788] {dagbag.py:508} INFO - Filling up the DagBag from /home/airflow/.local/lib/python3.7/site-packages/airflow/example_dags/example_latest_only_with_trigger.py
[2022-08-07 11:12:28,815] {processor.py:651} INFO - DAG(s) dict_keys(['latest_only_with_trigger']) retrieved from /home/airflow/.local/lib/python3.7/site-packages/airflow/example_dags/example_latest_only_with_trigger.py
[2022-08-07 11:12:28,946] {logging_mixin.py:115} INFO - [2022-08-07 11:12:28,945] {dag.py:2420} INFO - Sync 1 DAGs
[2022-08-07 11:12:29,048] {logging_mixin.py:115} INFO - [2022-08-07 11:12:29,047] {dag.py:2972} INFO - Setting next_dagrun for latest_only_with_trigger to 2022-08-07T07:12:29.047061+00:00, run_after=2022-08-07T11:12:29.047061+00:00
[2022-08-07 11:12:29,099] {processor.py:161} INFO - Processing /home/airflow/.local/lib/python3.7/site-packages/airflow/example_dags/example_latest_only_with_trigger.py took 0.325 seconds
[2022-08-07 11:12:59,202] {processor.py:153} INFO - Started process (PID=2535) to work on /home/airflow/.local/lib/python3.7/site-packages/airflow/example_dags/example_latest_only_with_trigger.py
[2022-08-07 11:12:59,212] {processor.py:641} INFO - Processing file /home/airflow/.local/lib/python3.7/site-packages/airflow/example_dags/example_latest_only_with_trigger.py for tasks to queue
[2022-08-07 11:12:59,215] {logging_mixin.py:115} INFO - [2022-08-07 11:12:59,215] {dagbag.py:508} INFO - Filling up the DagBag from /home/airflow/.local/lib/python3.7/site-packages/airflow/example_dags/example_latest_only_with_trigger.py
[2022-08-07 11:12:59,248] {processor.py:651} INFO - DAG(s) dict_keys(['latest_only_with_trigger']) retrieved from /home/airflow/.local/lib/python3.7/site-packages/airflow/example_dags/example_latest_only_with_trigger.py
[2022-08-07 11:12:59,362] {logging_mixin.py:115} INFO - [2022-08-07 11:12:59,362] {dag.py:2420} INFO - Sync 1 DAGs
[2022-08-07 11:12:59,447] {logging_mixin.py:115} INFO - [2022-08-07 11:12:59,447] {dag.py:2972} INFO - Setting next_dagrun for latest_only_with_trigger to 2022-08-07T07:12:59.446509+00:00, run_after=2022-08-07T11:12:59.446509+00:00
[2022-08-07 11:12:59,491] {processor.py:161} INFO - Processing /home/airflow/.local/lib/python3.7/site-packages/airflow/example_dags/example_latest_only_with_trigger.py took 0.306 seconds
[2022-08-07 11:13:29,926] {processor.py:153} INFO - Started process (PID=2587) to work on /home/airflow/.local/lib/python3.7/site-packages/airflow/example_dags/example_latest_only_with_trigger.py
[2022-08-07 11:13:29,930] {processor.py:641} INFO - Processing file /home/airflow/.local/lib/python3.7/site-packages/airflow/example_dags/example_latest_only_with_trigger.py for tasks to queue
[2022-08-07 11:13:29,932] {logging_mixin.py:115} INFO - [2022-08-07 11:13:29,932] {dagbag.py:508} INFO - Filling up the DagBag from /home/airflow/.local/lib/python3.7/site-packages/airflow/example_dags/example_latest_only_with_trigger.py
[2022-08-07 11:13:29,960] {processor.py:651} INFO - DAG(s) dict_keys(['latest_only_with_trigger']) retrieved from /home/airflow/.local/lib/python3.7/site-packages/airflow/example_dags/example_latest_only_with_trigger.py
[2022-08-07 11:13:30,075] {logging_mixin.py:115} INFO - [2022-08-07 11:13:30,074] {dag.py:2420} INFO - Sync 1 DAGs
[2022-08-07 11:13:30,195] {logging_mixin.py:115} INFO - [2022-08-07 11:13:30,194] {dag.py:2972} INFO - Setting next_dagrun for latest_only_with_trigger to 2022-08-07T07:13:30.193723+00:00, run_after=2022-08-07T11:13:30.193723+00:00
[2022-08-07 11:13:30,265] {processor.py:161} INFO - Processing /home/airflow/.local/lib/python3.7/site-packages/airflow/example_dags/example_latest_only_with_trigger.py took 0.353 seconds
[2022-08-07 11:14:00,602] {processor.py:153} INFO - Started process (PID=2636) to work on /home/airflow/.local/lib/python3.7/site-packages/airflow/example_dags/example_latest_only_with_trigger.py
[2022-08-07 11:14:00,604] {processor.py:641} INFO - Processing file /home/airflow/.local/lib/python3.7/site-packages/airflow/example_dags/example_latest_only_with_trigger.py for tasks to queue
[2022-08-07 11:14:00,606] {logging_mixin.py:115} INFO - [2022-08-07 11:14:00,606] {dagbag.py:508} INFO - Filling up the DagBag from /home/airflow/.local/lib/python3.7/site-packages/airflow/example_dags/example_latest_only_with_trigger.py
[2022-08-07 11:14:00,633] {processor.py:651} INFO - DAG(s) dict_keys(['latest_only_with_trigger']) retrieved from /home/airflow/.local/lib/python3.7/site-packages/airflow/example_dags/example_latest_only_with_trigger.py
[2022-08-07 11:14:00,796] {logging_mixin.py:115} INFO - [2022-08-07 11:14:00,795] {dag.py:2420} INFO - Sync 1 DAGs
[2022-08-07 11:14:00,909] {logging_mixin.py:115} INFO - [2022-08-07 11:14:00,909] {dag.py:2972} INFO - Setting next_dagrun for latest_only_with_trigger to 2022-08-07T07:14:00.908456+00:00, run_after=2022-08-07T11:14:00.908456+00:00
[2022-08-07 11:14:00,952] {processor.py:161} INFO - Processing /home/airflow/.local/lib/python3.7/site-packages/airflow/example_dags/example_latest_only_with_trigger.py took 0.364 seconds
[2022-08-07 11:14:31,182] {processor.py:153} INFO - Started process (PID=2683) to work on /home/airflow/.local/lib/python3.7/site-packages/airflow/example_dags/example_latest_only_with_trigger.py
[2022-08-07 11:14:31,183] {processor.py:641} INFO - Processing file /home/airflow/.local/lib/python3.7/site-packages/airflow/example_dags/example_latest_only_with_trigger.py for tasks to queue
[2022-08-07 11:14:31,185] {logging_mixin.py:115} INFO - [2022-08-07 11:14:31,184] {dagbag.py:508} INFO - Filling up the DagBag from /home/airflow/.local/lib/python3.7/site-packages/airflow/example_dags/example_latest_only_with_trigger.py
[2022-08-07 11:14:31,207] {processor.py:651} INFO - DAG(s) dict_keys(['latest_only_with_trigger']) retrieved from /home/airflow/.local/lib/python3.7/site-packages/airflow/example_dags/example_latest_only_with_trigger.py
[2022-08-07 11:14:31,293] {logging_mixin.py:115} INFO - [2022-08-07 11:14:31,293] {dag.py:2420} INFO - Sync 1 DAGs
[2022-08-07 11:14:31,375] {logging_mixin.py:115} INFO - [2022-08-07 11:14:31,375] {dag.py:2972} INFO - Setting next_dagrun for latest_only_with_trigger to 2022-08-07T07:14:31.374575+00:00, run_after=2022-08-07T11:14:31.374575+00:00
[2022-08-07 11:14:31,413] {processor.py:161} INFO - Processing /home/airflow/.local/lib/python3.7/site-packages/airflow/example_dags/example_latest_only_with_trigger.py took 0.242 seconds
[2022-08-07 11:15:01,473] {processor.py:153} INFO - Started process (PID=2735) to work on /home/airflow/.local/lib/python3.7/site-packages/airflow/example_dags/example_latest_only_with_trigger.py
[2022-08-07 11:15:01,475] {processor.py:641} INFO - Processing file /home/airflow/.local/lib/python3.7/site-packages/airflow/example_dags/example_latest_only_with_trigger.py for tasks to queue
[2022-08-07 11:15:01,477] {logging_mixin.py:115} INFO - [2022-08-07 11:15:01,477] {dagbag.py:508} INFO - Filling up the DagBag from /home/airflow/.local/lib/python3.7/site-packages/airflow/example_dags/example_latest_only_with_trigger.py
[2022-08-07 11:15:01,507] {processor.py:651} INFO - DAG(s) dict_keys(['latest_only_with_trigger']) retrieved from /home/airflow/.local/lib/python3.7/site-packages/airflow/example_dags/example_latest_only_with_trigger.py
[2022-08-07 11:15:01,614] {logging_mixin.py:115} INFO - [2022-08-07 11:15:01,614] {dag.py:2420} INFO - Sync 1 DAGs
[2022-08-07 11:15:01,719] {logging_mixin.py:115} INFO - [2022-08-07 11:15:01,719] {dag.py:2972} INFO - Setting next_dagrun for latest_only_with_trigger to 2022-08-07T07:15:01.718168+00:00, run_after=2022-08-07T11:15:01.718168+00:00
[2022-08-07 11:15:01,760] {processor.py:161} INFO - Processing /home/airflow/.local/lib/python3.7/site-packages/airflow/example_dags/example_latest_only_with_trigger.py took 0.301 seconds
[2022-08-07 11:15:32,602] {processor.py:153} INFO - Started process (PID=2789) to work on /home/airflow/.local/lib/python3.7/site-packages/airflow/example_dags/example_latest_only_with_trigger.py
[2022-08-07 11:15:32,604] {processor.py:641} INFO - Processing file /home/airflow/.local/lib/python3.7/site-packages/airflow/example_dags/example_latest_only_with_trigger.py for tasks to queue
[2022-08-07 11:15:32,606] {logging_mixin.py:115} INFO - [2022-08-07 11:15:32,606] {dagbag.py:508} INFO - Filling up the DagBag from /home/airflow/.local/lib/python3.7/site-packages/airflow/example_dags/example_latest_only_with_trigger.py
[2022-08-07 11:15:32,637] {processor.py:651} INFO - DAG(s) dict_keys(['latest_only_with_trigger']) retrieved from /home/airflow/.local/lib/python3.7/site-packages/airflow/example_dags/example_latest_only_with_trigger.py
[2022-08-07 11:15:32,760] {logging_mixin.py:115} INFO - [2022-08-07 11:15:32,760] {dag.py:2420} INFO - Sync 1 DAGs
[2022-08-07 11:15:32,879] {logging_mixin.py:115} INFO - [2022-08-07 11:15:32,879] {dag.py:2972} INFO - Setting next_dagrun for latest_only_with_trigger to 2022-08-07T07:15:32.878205+00:00, run_after=2022-08-07T11:15:32.878205+00:00
[2022-08-07 11:15:32,936] {processor.py:161} INFO - Processing /home/airflow/.local/lib/python3.7/site-packages/airflow/example_dags/example_latest_only_with_trigger.py took 0.351 seconds
[2022-08-07 11:16:03,296] {processor.py:153} INFO - Started process (PID=2842) to work on /home/airflow/.local/lib/python3.7/site-packages/airflow/example_dags/example_latest_only_with_trigger.py
[2022-08-07 11:16:03,313] {processor.py:641} INFO - Processing file /home/airflow/.local/lib/python3.7/site-packages/airflow/example_dags/example_latest_only_with_trigger.py for tasks to queue
[2022-08-07 11:16:03,315] {logging_mixin.py:115} INFO - [2022-08-07 11:16:03,315] {dagbag.py:508} INFO - Filling up the DagBag from /home/airflow/.local/lib/python3.7/site-packages/airflow/example_dags/example_latest_only_with_trigger.py
[2022-08-07 11:16:03,359] {processor.py:651} INFO - DAG(s) dict_keys(['latest_only_with_trigger']) retrieved from /home/airflow/.local/lib/python3.7/site-packages/airflow/example_dags/example_latest_only_with_trigger.py
[2022-08-07 11:16:03,553] {logging_mixin.py:115} INFO - [2022-08-07 11:16:03,552] {dag.py:2420} INFO - Sync 1 DAGs
[2022-08-07 11:16:03,669] {logging_mixin.py:115} INFO - [2022-08-07 11:16:03,669] {dag.py:2972} INFO - Setting next_dagrun for latest_only_with_trigger to 2022-08-07T07:16:03.668106+00:00, run_after=2022-08-07T11:16:03.668106+00:00
[2022-08-07 11:16:03,747] {processor.py:161} INFO - Processing /home/airflow/.local/lib/python3.7/site-packages/airflow/example_dags/example_latest_only_with_trigger.py took 0.469 seconds
[2022-08-07 11:16:34,239] {processor.py:153} INFO - Started process (PID=2885) to work on /home/airflow/.local/lib/python3.7/site-packages/airflow/example_dags/example_latest_only_with_trigger.py
[2022-08-07 11:16:34,241] {processor.py:641} INFO - Processing file /home/airflow/.local/lib/python3.7/site-packages/airflow/example_dags/example_latest_only_with_trigger.py for tasks to queue
[2022-08-07 11:16:34,243] {logging_mixin.py:115} INFO - [2022-08-07 11:16:34,243] {dagbag.py:508} INFO - Filling up the DagBag from /home/airflow/.local/lib/python3.7/site-packages/airflow/example_dags/example_latest_only_with_trigger.py
[2022-08-07 11:16:34,269] {processor.py:651} INFO - DAG(s) dict_keys(['latest_only_with_trigger']) retrieved from /home/airflow/.local/lib/python3.7/site-packages/airflow/example_dags/example_latest_only_with_trigger.py
[2022-08-07 11:16:34,386] {logging_mixin.py:115} INFO - [2022-08-07 11:16:34,385] {dag.py:2420} INFO - Sync 1 DAGs
[2022-08-07 11:16:34,506] {logging_mixin.py:115} INFO - [2022-08-07 11:16:34,505] {dag.py:2972} INFO - Setting next_dagrun for latest_only_with_trigger to 2022-08-07T07:16:34.504796+00:00, run_after=2022-08-07T11:16:34.504796+00:00
[2022-08-07 11:16:34,555] {processor.py:161} INFO - Processing /home/airflow/.local/lib/python3.7/site-packages/airflow/example_dags/example_latest_only_with_trigger.py took 0.328 seconds
[2022-08-07 11:17:04,955] {processor.py:153} INFO - Started process (PID=2938) to work on /home/airflow/.local/lib/python3.7/site-packages/airflow/example_dags/example_latest_only_with_trigger.py
[2022-08-07 11:17:04,957] {processor.py:641} INFO - Processing file /home/airflow/.local/lib/python3.7/site-packages/airflow/example_dags/example_latest_only_with_trigger.py for tasks to queue
[2022-08-07 11:17:04,959] {logging_mixin.py:115} INFO - [2022-08-07 11:17:04,958] {dagbag.py:508} INFO - Filling up the DagBag from /home/airflow/.local/lib/python3.7/site-packages/airflow/example_dags/example_latest_only_with_trigger.py
[2022-08-07 11:17:04,983] {processor.py:651} INFO - DAG(s) dict_keys(['latest_only_with_trigger']) retrieved from /home/airflow/.local/lib/python3.7/site-packages/airflow/example_dags/example_latest_only_with_trigger.py
[2022-08-07 11:17:05,104] {logging_mixin.py:115} INFO - [2022-08-07 11:17:05,103] {dag.py:2420} INFO - Sync 1 DAGs
[2022-08-07 11:17:05,227] {logging_mixin.py:115} INFO - [2022-08-07 11:17:05,226] {dag.py:2972} INFO - Setting next_dagrun for latest_only_with_trigger to 2022-08-07T07:17:05.225870+00:00, run_after=2022-08-07T11:17:05.225870+00:00
[2022-08-07 11:17:05,284] {processor.py:161} INFO - Processing /home/airflow/.local/lib/python3.7/site-packages/airflow/example_dags/example_latest_only_with_trigger.py took 0.342 seconds
[2022-08-07 11:17:35,396] {processor.py:153} INFO - Started process (PID=2990) to work on /home/airflow/.local/lib/python3.7/site-packages/airflow/example_dags/example_latest_only_with_trigger.py
[2022-08-07 11:17:35,397] {processor.py:641} INFO - Processing file /home/airflow/.local/lib/python3.7/site-packages/airflow/example_dags/example_latest_only_with_trigger.py for tasks to queue
[2022-08-07 11:17:35,399] {logging_mixin.py:115} INFO - [2022-08-07 11:17:35,399] {dagbag.py:508} INFO - Filling up the DagBag from /home/airflow/.local/lib/python3.7/site-packages/airflow/example_dags/example_latest_only_with_trigger.py
[2022-08-07 11:17:35,418] {processor.py:651} INFO - DAG(s) dict_keys(['latest_only_with_trigger']) retrieved from /home/airflow/.local/lib/python3.7/site-packages/airflow/example_dags/example_latest_only_with_trigger.py
[2022-08-07 11:17:35,514] {logging_mixin.py:115} INFO - [2022-08-07 11:17:35,514] {dag.py:2420} INFO - Sync 1 DAGs
[2022-08-07 11:17:35,616] {logging_mixin.py:115} INFO - [2022-08-07 11:17:35,616] {dag.py:2972} INFO - Setting next_dagrun for latest_only_with_trigger to 2022-08-07T07:17:35.615508+00:00, run_after=2022-08-07T11:17:35.615508+00:00
[2022-08-07 11:17:35,660] {processor.py:161} INFO - Processing /home/airflow/.local/lib/python3.7/site-packages/airflow/example_dags/example_latest_only_with_trigger.py took 0.275 seconds
[2022-08-07 11:18:06,264] {processor.py:153} INFO - Started process (PID=3042) to work on /home/airflow/.local/lib/python3.7/site-packages/airflow/example_dags/example_latest_only_with_trigger.py
[2022-08-07 11:18:06,266] {processor.py:641} INFO - Processing file /home/airflow/.local/lib/python3.7/site-packages/airflow/example_dags/example_latest_only_with_trigger.py for tasks to queue
[2022-08-07 11:18:06,268] {logging_mixin.py:115} INFO - [2022-08-07 11:18:06,268] {dagbag.py:508} INFO - Filling up the DagBag from /home/airflow/.local/lib/python3.7/site-packages/airflow/example_dags/example_latest_only_with_trigger.py
[2022-08-07 11:18:06,295] {processor.py:651} INFO - DAG(s) dict_keys(['latest_only_with_trigger']) retrieved from /home/airflow/.local/lib/python3.7/site-packages/airflow/example_dags/example_latest_only_with_trigger.py
[2022-08-07 11:18:06,413] {logging_mixin.py:115} INFO - [2022-08-07 11:18:06,412] {dag.py:2420} INFO - Sync 1 DAGs
[2022-08-07 11:18:06,583] {logging_mixin.py:115} INFO - [2022-08-07 11:18:06,583] {dag.py:2972} INFO - Setting next_dagrun for latest_only_with_trigger to 2022-08-07T07:18:06.581980+00:00, run_after=2022-08-07T11:18:06.581980+00:00
[2022-08-07 11:18:06,647] {processor.py:161} INFO - Processing /home/airflow/.local/lib/python3.7/site-packages/airflow/example_dags/example_latest_only_with_trigger.py took 0.395 seconds
[2022-08-07 11:18:36,794] {processor.py:153} INFO - Started process (PID=3094) to work on /home/airflow/.local/lib/python3.7/site-packages/airflow/example_dags/example_latest_only_with_trigger.py
[2022-08-07 11:18:36,796] {processor.py:641} INFO - Processing file /home/airflow/.local/lib/python3.7/site-packages/airflow/example_dags/example_latest_only_with_trigger.py for tasks to queue
[2022-08-07 11:18:36,799] {logging_mixin.py:115} INFO - [2022-08-07 11:18:36,798] {dagbag.py:508} INFO - Filling up the DagBag from /home/airflow/.local/lib/python3.7/site-packages/airflow/example_dags/example_latest_only_with_trigger.py
[2022-08-07 11:18:36,826] {processor.py:651} INFO - DAG(s) dict_keys(['latest_only_with_trigger']) retrieved from /home/airflow/.local/lib/python3.7/site-packages/airflow/example_dags/example_latest_only_with_trigger.py
[2022-08-07 11:18:36,935] {logging_mixin.py:115} INFO - [2022-08-07 11:18:36,934] {dag.py:2420} INFO - Sync 1 DAGs
[2022-08-07 11:18:37,089] {logging_mixin.py:115} INFO - [2022-08-07 11:18:37,089] {dag.py:2972} INFO - Setting next_dagrun for latest_only_with_trigger to 2022-08-07T07:18:37.088382+00:00, run_after=2022-08-07T11:18:37.088382+00:00
[2022-08-07 11:18:37,181] {processor.py:161} INFO - Processing /home/airflow/.local/lib/python3.7/site-packages/airflow/example_dags/example_latest_only_with_trigger.py took 0.401 seconds
[2022-08-07 11:19:07,929] {processor.py:153} INFO - Started process (PID=3144) to work on /home/airflow/.local/lib/python3.7/site-packages/airflow/example_dags/example_latest_only_with_trigger.py
[2022-08-07 11:19:07,931] {processor.py:641} INFO - Processing file /home/airflow/.local/lib/python3.7/site-packages/airflow/example_dags/example_latest_only_with_trigger.py for tasks to queue
[2022-08-07 11:19:07,934] {logging_mixin.py:115} INFO - [2022-08-07 11:19:07,933] {dagbag.py:508} INFO - Filling up the DagBag from /home/airflow/.local/lib/python3.7/site-packages/airflow/example_dags/example_latest_only_with_trigger.py
[2022-08-07 11:19:07,970] {processor.py:651} INFO - DAG(s) dict_keys(['latest_only_with_trigger']) retrieved from /home/airflow/.local/lib/python3.7/site-packages/airflow/example_dags/example_latest_only_with_trigger.py
[2022-08-07 11:19:08,190] {logging_mixin.py:115} INFO - [2022-08-07 11:19:08,189] {dag.py:2420} INFO - Sync 1 DAGs
[2022-08-07 11:19:08,324] {logging_mixin.py:115} INFO - [2022-08-07 11:19:08,324] {dag.py:2972} INFO - Setting next_dagrun for latest_only_with_trigger to 2022-08-07T07:19:08.322990+00:00, run_after=2022-08-07T11:19:08.322990+00:00
[2022-08-07 11:19:08,367] {processor.py:161} INFO - Processing /home/airflow/.local/lib/python3.7/site-packages/airflow/example_dags/example_latest_only_with_trigger.py took 0.458 seconds
[2022-08-07 11:19:38,647] {processor.py:153} INFO - Started process (PID=3189) to work on /home/airflow/.local/lib/python3.7/site-packages/airflow/example_dags/example_latest_only_with_trigger.py
[2022-08-07 11:19:38,649] {processor.py:641} INFO - Processing file /home/airflow/.local/lib/python3.7/site-packages/airflow/example_dags/example_latest_only_with_trigger.py for tasks to queue
[2022-08-07 11:19:38,651] {logging_mixin.py:115} INFO - [2022-08-07 11:19:38,650] {dagbag.py:508} INFO - Filling up the DagBag from /home/airflow/.local/lib/python3.7/site-packages/airflow/example_dags/example_latest_only_with_trigger.py
[2022-08-07 11:19:38,677] {processor.py:651} INFO - DAG(s) dict_keys(['latest_only_with_trigger']) retrieved from /home/airflow/.local/lib/python3.7/site-packages/airflow/example_dags/example_latest_only_with_trigger.py
[2022-08-07 11:19:38,794] {logging_mixin.py:115} INFO - [2022-08-07 11:19:38,794] {dag.py:2420} INFO - Sync 1 DAGs
[2022-08-07 11:19:38,908] {logging_mixin.py:115} INFO - [2022-08-07 11:19:38,907] {dag.py:2972} INFO - Setting next_dagrun for latest_only_with_trigger to 2022-08-07T07:19:38.906650+00:00, run_after=2022-08-07T11:19:38.906650+00:00
[2022-08-07 11:19:38,963] {processor.py:161} INFO - Processing /home/airflow/.local/lib/python3.7/site-packages/airflow/example_dags/example_latest_only_with_trigger.py took 0.329 seconds
[2022-08-07 11:20:09,623] {processor.py:153} INFO - Started process (PID=3241) to work on /home/airflow/.local/lib/python3.7/site-packages/airflow/example_dags/example_latest_only_with_trigger.py
[2022-08-07 11:20:09,625] {processor.py:641} INFO - Processing file /home/airflow/.local/lib/python3.7/site-packages/airflow/example_dags/example_latest_only_with_trigger.py for tasks to queue
[2022-08-07 11:20:09,627] {logging_mixin.py:115} INFO - [2022-08-07 11:20:09,626] {dagbag.py:508} INFO - Filling up the DagBag from /home/airflow/.local/lib/python3.7/site-packages/airflow/example_dags/example_latest_only_with_trigger.py
[2022-08-07 11:20:09,649] {processor.py:651} INFO - DAG(s) dict_keys(['latest_only_with_trigger']) retrieved from /home/airflow/.local/lib/python3.7/site-packages/airflow/example_dags/example_latest_only_with_trigger.py
[2022-08-07 11:20:09,754] {logging_mixin.py:115} INFO - [2022-08-07 11:20:09,754] {dag.py:2420} INFO - Sync 1 DAGs
[2022-08-07 11:20:09,835] {logging_mixin.py:115} INFO - [2022-08-07 11:20:09,834] {dag.py:2972} INFO - Setting next_dagrun for latest_only_with_trigger to 2022-08-07T07:20:09.833981+00:00, run_after=2022-08-07T11:20:09.833981+00:00
[2022-08-07 11:20:09,872] {processor.py:161} INFO - Processing /home/airflow/.local/lib/python3.7/site-packages/airflow/example_dags/example_latest_only_with_trigger.py took 0.263 seconds
