[2022-08-07 10:45:26,908] {processor.py:153} INFO - Started process (PID=73) to work on /home/airflow/.local/lib/python3.7/site-packages/airflow/example_dags/example_task_group.py
[2022-08-07 10:45:26,909] {processor.py:641} INFO - Processing file /home/airflow/.local/lib/python3.7/site-packages/airflow/example_dags/example_task_group.py for tasks to queue
[2022-08-07 10:45:26,911] {logging_mixin.py:115} INFO - [2022-08-07 10:45:26,911] {dagbag.py:508} INFO - Filling up the DagBag from /home/airflow/.local/lib/python3.7/site-packages/airflow/example_dags/example_task_group.py
[2022-08-07 10:45:26,936] {processor.py:651} INFO - DAG(s) dict_keys(['example_task_group']) retrieved from /home/airflow/.local/lib/python3.7/site-packages/airflow/example_dags/example_task_group.py
[2022-08-07 10:45:27,226] {logging_mixin.py:115} INFO - [2022-08-07 10:45:27,226] {manager.py:508} INFO - Created Permission View: can read on DAG:example_task_group
[2022-08-07 10:45:27,267] {logging_mixin.py:115} INFO - [2022-08-07 10:45:27,267] {manager.py:508} INFO - Created Permission View: can delete on DAG:example_task_group
[2022-08-07 10:45:27,297] {logging_mixin.py:115} INFO - [2022-08-07 10:45:27,297] {manager.py:508} INFO - Created Permission View: can edit on DAG:example_task_group
[2022-08-07 10:45:27,298] {logging_mixin.py:115} INFO - [2022-08-07 10:45:27,298] {dag.py:2420} INFO - Sync 1 DAGs
[2022-08-07 10:45:27,339] {logging_mixin.py:115} INFO - [2022-08-07 10:45:27,338] {dag.py:2439} INFO - Creating ORM DAG for example_task_group
[2022-08-07 10:45:27,389] {logging_mixin.py:115} INFO - [2022-08-07 10:45:27,388] {dag.py:2972} INFO - Setting next_dagrun for example_task_group to 2022-08-06T10:45:27.388076+00:00, run_after=2022-08-07T10:45:27.388076+00:00
[2022-08-07 10:45:27,439] {processor.py:161} INFO - Processing /home/airflow/.local/lib/python3.7/site-packages/airflow/example_dags/example_task_group.py took 0.540 seconds
[2022-08-07 10:46:11,162] {processor.py:153} INFO - Started process (PID=124) to work on /home/airflow/.local/lib/python3.7/site-packages/airflow/example_dags/example_task_group.py
[2022-08-07 10:46:11,199] {processor.py:641} INFO - Processing file /home/airflow/.local/lib/python3.7/site-packages/airflow/example_dags/example_task_group.py for tasks to queue
[2022-08-07 10:46:11,201] {logging_mixin.py:115} INFO - [2022-08-07 10:46:11,200] {dagbag.py:508} INFO - Filling up the DagBag from /home/airflow/.local/lib/python3.7/site-packages/airflow/example_dags/example_task_group.py
[2022-08-07 10:46:11,539] {processor.py:651} INFO - DAG(s) dict_keys(['example_task_group']) retrieved from /home/airflow/.local/lib/python3.7/site-packages/airflow/example_dags/example_task_group.py
[2022-08-07 10:46:14,103] {logging_mixin.py:115} INFO - [2022-08-07 10:46:14,102] {dag.py:2420} INFO - Sync 1 DAGs
[2022-08-07 10:46:14,970] {logging_mixin.py:115} INFO - [2022-08-07 10:46:14,969] {dag.py:2972} INFO - Setting next_dagrun for example_task_group to 2022-08-06T10:46:14.966917+00:00, run_after=2022-08-07T10:46:14.966917+00:00
[2022-08-07 10:46:15,291] {processor.py:161} INFO - Processing /home/airflow/.local/lib/python3.7/site-packages/airflow/example_dags/example_task_group.py took 4.181 seconds
[2022-08-07 10:48:22,995] {processor.py:153} INFO - Started process (PID=184) to work on /home/airflow/.local/lib/python3.7/site-packages/airflow/example_dags/example_task_group.py
[2022-08-07 10:48:23,033] {processor.py:641} INFO - Processing file /home/airflow/.local/lib/python3.7/site-packages/airflow/example_dags/example_task_group.py for tasks to queue
[2022-08-07 10:48:23,035] {logging_mixin.py:115} INFO - [2022-08-07 10:48:23,035] {dagbag.py:508} INFO - Filling up the DagBag from /home/airflow/.local/lib/python3.7/site-packages/airflow/example_dags/example_task_group.py
[2022-08-07 10:48:23,113] {processor.py:651} INFO - DAG(s) dict_keys(['example_task_group']) retrieved from /home/airflow/.local/lib/python3.7/site-packages/airflow/example_dags/example_task_group.py
[2022-08-07 10:48:23,302] {logging_mixin.py:115} INFO - [2022-08-07 10:48:23,302] {dag.py:2420} INFO - Sync 1 DAGs
[2022-08-07 10:48:23,545] {logging_mixin.py:115} INFO - [2022-08-07 10:48:23,545] {dag.py:2972} INFO - Setting next_dagrun for example_task_group to 2022-08-06T10:48:23.544125+00:00, run_after=2022-08-07T10:48:23.544125+00:00
[2022-08-07 10:48:23,656] {processor.py:161} INFO - Processing /home/airflow/.local/lib/python3.7/site-packages/airflow/example_dags/example_task_group.py took 0.719 seconds
[2022-08-07 10:48:54,460] {processor.py:153} INFO - Started process (PID=229) to work on /home/airflow/.local/lib/python3.7/site-packages/airflow/example_dags/example_task_group.py
[2022-08-07 10:48:54,462] {processor.py:641} INFO - Processing file /home/airflow/.local/lib/python3.7/site-packages/airflow/example_dags/example_task_group.py for tasks to queue
[2022-08-07 10:48:54,464] {logging_mixin.py:115} INFO - [2022-08-07 10:48:54,463] {dagbag.py:508} INFO - Filling up the DagBag from /home/airflow/.local/lib/python3.7/site-packages/airflow/example_dags/example_task_group.py
[2022-08-07 10:48:54,486] {processor.py:651} INFO - DAG(s) dict_keys(['example_task_group']) retrieved from /home/airflow/.local/lib/python3.7/site-packages/airflow/example_dags/example_task_group.py
[2022-08-07 10:48:54,567] {logging_mixin.py:115} INFO - [2022-08-07 10:48:54,567] {dag.py:2420} INFO - Sync 1 DAGs
[2022-08-07 10:48:54,644] {logging_mixin.py:115} INFO - [2022-08-07 10:48:54,643] {dag.py:2972} INFO - Setting next_dagrun for example_task_group to 2022-08-06T10:48:54.643185+00:00, run_after=2022-08-07T10:48:54.643185+00:00
[2022-08-07 10:48:54,678] {processor.py:161} INFO - Processing /home/airflow/.local/lib/python3.7/site-packages/airflow/example_dags/example_task_group.py took 0.227 seconds
[2022-08-07 10:49:25,010] {processor.py:153} INFO - Started process (PID=281) to work on /home/airflow/.local/lib/python3.7/site-packages/airflow/example_dags/example_task_group.py
[2022-08-07 10:49:25,028] {processor.py:641} INFO - Processing file /home/airflow/.local/lib/python3.7/site-packages/airflow/example_dags/example_task_group.py for tasks to queue
[2022-08-07 10:49:25,030] {logging_mixin.py:115} INFO - [2022-08-07 10:49:25,029] {dagbag.py:508} INFO - Filling up the DagBag from /home/airflow/.local/lib/python3.7/site-packages/airflow/example_dags/example_task_group.py
[2022-08-07 10:49:25,052] {processor.py:651} INFO - DAG(s) dict_keys(['example_task_group']) retrieved from /home/airflow/.local/lib/python3.7/site-packages/airflow/example_dags/example_task_group.py
[2022-08-07 10:49:25,153] {logging_mixin.py:115} INFO - [2022-08-07 10:49:25,153] {dag.py:2420} INFO - Sync 1 DAGs
[2022-08-07 10:49:25,234] {logging_mixin.py:115} INFO - [2022-08-07 10:49:25,234] {dag.py:2972} INFO - Setting next_dagrun for example_task_group to 2022-08-06T10:49:25.233771+00:00, run_after=2022-08-07T10:49:25.233771+00:00
[2022-08-07 10:49:25,286] {processor.py:161} INFO - Processing /home/airflow/.local/lib/python3.7/site-packages/airflow/example_dags/example_task_group.py took 0.285 seconds
[2022-08-07 10:49:55,404] {processor.py:153} INFO - Started process (PID=333) to work on /home/airflow/.local/lib/python3.7/site-packages/airflow/example_dags/example_task_group.py
[2022-08-07 10:49:55,406] {processor.py:641} INFO - Processing file /home/airflow/.local/lib/python3.7/site-packages/airflow/example_dags/example_task_group.py for tasks to queue
[2022-08-07 10:49:55,408] {logging_mixin.py:115} INFO - [2022-08-07 10:49:55,408] {dagbag.py:508} INFO - Filling up the DagBag from /home/airflow/.local/lib/python3.7/site-packages/airflow/example_dags/example_task_group.py
[2022-08-07 10:49:55,433] {processor.py:651} INFO - DAG(s) dict_keys(['example_task_group']) retrieved from /home/airflow/.local/lib/python3.7/site-packages/airflow/example_dags/example_task_group.py
[2022-08-07 10:49:55,526] {logging_mixin.py:115} INFO - [2022-08-07 10:49:55,525] {dag.py:2420} INFO - Sync 1 DAGs
[2022-08-07 10:49:55,606] {logging_mixin.py:115} INFO - [2022-08-07 10:49:55,606] {dag.py:2972} INFO - Setting next_dagrun for example_task_group to 2022-08-06T10:49:55.605239+00:00, run_after=2022-08-07T10:49:55.605239+00:00
[2022-08-07 10:49:55,645] {processor.py:161} INFO - Processing /home/airflow/.local/lib/python3.7/site-packages/airflow/example_dags/example_task_group.py took 0.251 seconds
[2022-08-07 10:50:26,387] {processor.py:153} INFO - Started process (PID=391) to work on /home/airflow/.local/lib/python3.7/site-packages/airflow/example_dags/example_task_group.py
[2022-08-07 10:50:26,388] {processor.py:641} INFO - Processing file /home/airflow/.local/lib/python3.7/site-packages/airflow/example_dags/example_task_group.py for tasks to queue
[2022-08-07 10:50:26,391] {logging_mixin.py:115} INFO - [2022-08-07 10:50:26,390] {dagbag.py:508} INFO - Filling up the DagBag from /home/airflow/.local/lib/python3.7/site-packages/airflow/example_dags/example_task_group.py
[2022-08-07 10:50:26,425] {processor.py:651} INFO - DAG(s) dict_keys(['example_task_group']) retrieved from /home/airflow/.local/lib/python3.7/site-packages/airflow/example_dags/example_task_group.py
[2022-08-07 10:50:26,537] {logging_mixin.py:115} INFO - [2022-08-07 10:50:26,537] {dag.py:2420} INFO - Sync 1 DAGs
[2022-08-07 10:50:26,642] {logging_mixin.py:115} INFO - [2022-08-07 10:50:26,642] {dag.py:2972} INFO - Setting next_dagrun for example_task_group to 2022-08-06T10:50:26.641712+00:00, run_after=2022-08-07T10:50:26.641712+00:00
[2022-08-07 10:50:26,686] {processor.py:161} INFO - Processing /home/airflow/.local/lib/python3.7/site-packages/airflow/example_dags/example_task_group.py took 0.309 seconds
[2022-08-07 10:50:57,505] {processor.py:153} INFO - Started process (PID=443) to work on /home/airflow/.local/lib/python3.7/site-packages/airflow/example_dags/example_task_group.py
[2022-08-07 10:50:57,506] {processor.py:641} INFO - Processing file /home/airflow/.local/lib/python3.7/site-packages/airflow/example_dags/example_task_group.py for tasks to queue
[2022-08-07 10:50:57,508] {logging_mixin.py:115} INFO - [2022-08-07 10:50:57,508] {dagbag.py:508} INFO - Filling up the DagBag from /home/airflow/.local/lib/python3.7/site-packages/airflow/example_dags/example_task_group.py
[2022-08-07 10:50:57,537] {processor.py:651} INFO - DAG(s) dict_keys(['example_task_group']) retrieved from /home/airflow/.local/lib/python3.7/site-packages/airflow/example_dags/example_task_group.py
[2022-08-07 10:50:57,654] {logging_mixin.py:115} INFO - [2022-08-07 10:50:57,654] {dag.py:2420} INFO - Sync 1 DAGs
[2022-08-07 10:50:57,754] {logging_mixin.py:115} INFO - [2022-08-07 10:50:57,753] {dag.py:2972} INFO - Setting next_dagrun for example_task_group to 2022-08-06T10:50:57.752980+00:00, run_after=2022-08-07T10:50:57.752980+00:00
[2022-08-07 10:50:57,791] {processor.py:161} INFO - Processing /home/airflow/.local/lib/python3.7/site-packages/airflow/example_dags/example_task_group.py took 0.297 seconds
[2022-08-07 10:51:28,114] {processor.py:153} INFO - Started process (PID=487) to work on /home/airflow/.local/lib/python3.7/site-packages/airflow/example_dags/example_task_group.py
[2022-08-07 10:51:28,115] {processor.py:641} INFO - Processing file /home/airflow/.local/lib/python3.7/site-packages/airflow/example_dags/example_task_group.py for tasks to queue
[2022-08-07 10:51:28,118] {logging_mixin.py:115} INFO - [2022-08-07 10:51:28,117] {dagbag.py:508} INFO - Filling up the DagBag from /home/airflow/.local/lib/python3.7/site-packages/airflow/example_dags/example_task_group.py
[2022-08-07 10:51:28,152] {processor.py:651} INFO - DAG(s) dict_keys(['example_task_group']) retrieved from /home/airflow/.local/lib/python3.7/site-packages/airflow/example_dags/example_task_group.py
[2022-08-07 10:51:28,333] {logging_mixin.py:115} INFO - [2022-08-07 10:51:28,333] {dag.py:2420} INFO - Sync 1 DAGs
[2022-08-07 10:51:28,480] {logging_mixin.py:115} INFO - [2022-08-07 10:51:28,479] {dag.py:2972} INFO - Setting next_dagrun for example_task_group to 2022-08-06T10:51:28.478798+00:00, run_after=2022-08-07T10:51:28.478798+00:00
[2022-08-07 10:51:28,563] {processor.py:161} INFO - Processing /home/airflow/.local/lib/python3.7/site-packages/airflow/example_dags/example_task_group.py took 0.461 seconds
[2022-08-07 10:51:59,082] {processor.py:153} INFO - Started process (PID=539) to work on /home/airflow/.local/lib/python3.7/site-packages/airflow/example_dags/example_task_group.py
[2022-08-07 10:51:59,090] {processor.py:641} INFO - Processing file /home/airflow/.local/lib/python3.7/site-packages/airflow/example_dags/example_task_group.py for tasks to queue
[2022-08-07 10:51:59,111] {logging_mixin.py:115} INFO - [2022-08-07 10:51:59,111] {dagbag.py:508} INFO - Filling up the DagBag from /home/airflow/.local/lib/python3.7/site-packages/airflow/example_dags/example_task_group.py
[2022-08-07 10:51:59,315] {processor.py:651} INFO - DAG(s) dict_keys(['example_task_group']) retrieved from /home/airflow/.local/lib/python3.7/site-packages/airflow/example_dags/example_task_group.py
[2022-08-07 10:51:59,499] {logging_mixin.py:115} INFO - [2022-08-07 10:51:59,499] {dag.py:2420} INFO - Sync 1 DAGs
[2022-08-07 10:51:59,616] {logging_mixin.py:115} INFO - [2022-08-07 10:51:59,615] {dag.py:2972} INFO - Setting next_dagrun for example_task_group to 2022-08-06T10:51:59.614466+00:00, run_after=2022-08-07T10:51:59.614466+00:00
[2022-08-07 10:51:59,675] {processor.py:161} INFO - Processing /home/airflow/.local/lib/python3.7/site-packages/airflow/example_dags/example_task_group.py took 0.628 seconds
[2022-08-07 10:52:36,815] {processor.py:153} INFO - Started process (PID=592) to work on /home/airflow/.local/lib/python3.7/site-packages/airflow/example_dags/example_task_group.py
[2022-08-07 10:52:36,817] {processor.py:641} INFO - Processing file /home/airflow/.local/lib/python3.7/site-packages/airflow/example_dags/example_task_group.py for tasks to queue
[2022-08-07 10:52:36,819] {logging_mixin.py:115} INFO - [2022-08-07 10:52:36,819] {dagbag.py:508} INFO - Filling up the DagBag from /home/airflow/.local/lib/python3.7/site-packages/airflow/example_dags/example_task_group.py
[2022-08-07 10:52:37,032] {processor.py:651} INFO - DAG(s) dict_keys(['example_task_group']) retrieved from /home/airflow/.local/lib/python3.7/site-packages/airflow/example_dags/example_task_group.py
[2022-08-07 10:52:38,102] {logging_mixin.py:115} INFO - [2022-08-07 10:52:38,100] {dag.py:2420} INFO - Sync 1 DAGs
[2022-08-07 10:52:38,449] {logging_mixin.py:115} INFO - [2022-08-07 10:52:38,449] {dag.py:2972} INFO - Setting next_dagrun for example_task_group to 2022-08-06T10:52:38.434670+00:00, run_after=2022-08-07T10:52:38.434670+00:00
[2022-08-07 10:52:38,768] {processor.py:161} INFO - Processing /home/airflow/.local/lib/python3.7/site-packages/airflow/example_dags/example_task_group.py took 1.979 seconds
[2022-08-07 10:53:36,102] {processor.py:153} INFO - Started process (PID=635) to work on /home/airflow/.local/lib/python3.7/site-packages/airflow/example_dags/example_task_group.py
[2022-08-07 10:53:36,104] {processor.py:641} INFO - Processing file /home/airflow/.local/lib/python3.7/site-packages/airflow/example_dags/example_task_group.py for tasks to queue
[2022-08-07 10:53:36,105] {logging_mixin.py:115} INFO - [2022-08-07 10:53:36,105] {dagbag.py:508} INFO - Filling up the DagBag from /home/airflow/.local/lib/python3.7/site-packages/airflow/example_dags/example_task_group.py
[2022-08-07 10:53:36,132] {processor.py:651} INFO - DAG(s) dict_keys(['example_task_group']) retrieved from /home/airflow/.local/lib/python3.7/site-packages/airflow/example_dags/example_task_group.py
[2022-08-07 10:53:36,229] {logging_mixin.py:115} INFO - [2022-08-07 10:53:36,228] {dag.py:2420} INFO - Sync 1 DAGs
[2022-08-07 10:53:36,337] {logging_mixin.py:115} INFO - [2022-08-07 10:53:36,337] {dag.py:2972} INFO - Setting next_dagrun for example_task_group to 2022-08-06T10:53:36.336380+00:00, run_after=2022-08-07T10:53:36.336380+00:00
[2022-08-07 10:53:36,387] {processor.py:161} INFO - Processing /home/airflow/.local/lib/python3.7/site-packages/airflow/example_dags/example_task_group.py took 0.295 seconds
[2022-08-07 10:54:06,854] {processor.py:153} INFO - Started process (PID=688) to work on /home/airflow/.local/lib/python3.7/site-packages/airflow/example_dags/example_task_group.py
[2022-08-07 10:54:06,855] {processor.py:641} INFO - Processing file /home/airflow/.local/lib/python3.7/site-packages/airflow/example_dags/example_task_group.py for tasks to queue
[2022-08-07 10:54:06,857] {logging_mixin.py:115} INFO - [2022-08-07 10:54:06,856] {dagbag.py:508} INFO - Filling up the DagBag from /home/airflow/.local/lib/python3.7/site-packages/airflow/example_dags/example_task_group.py
[2022-08-07 10:54:06,886] {processor.py:651} INFO - DAG(s) dict_keys(['example_task_group']) retrieved from /home/airflow/.local/lib/python3.7/site-packages/airflow/example_dags/example_task_group.py
[2022-08-07 10:54:06,990] {logging_mixin.py:115} INFO - [2022-08-07 10:54:06,990] {dag.py:2420} INFO - Sync 1 DAGs
[2022-08-07 10:54:07,067] {logging_mixin.py:115} INFO - [2022-08-07 10:54:07,066] {dag.py:2972} INFO - Setting next_dagrun for example_task_group to 2022-08-06T10:54:07.066099+00:00, run_after=2022-08-07T10:54:07.066099+00:00
[2022-08-07 10:54:07,102] {processor.py:161} INFO - Processing /home/airflow/.local/lib/python3.7/site-packages/airflow/example_dags/example_task_group.py took 0.259 seconds
[2022-08-07 10:54:37,385] {processor.py:153} INFO - Started process (PID=740) to work on /home/airflow/.local/lib/python3.7/site-packages/airflow/example_dags/example_task_group.py
[2022-08-07 10:54:37,386] {processor.py:641} INFO - Processing file /home/airflow/.local/lib/python3.7/site-packages/airflow/example_dags/example_task_group.py for tasks to queue
[2022-08-07 10:54:37,388] {logging_mixin.py:115} INFO - [2022-08-07 10:54:37,388] {dagbag.py:508} INFO - Filling up the DagBag from /home/airflow/.local/lib/python3.7/site-packages/airflow/example_dags/example_task_group.py
[2022-08-07 10:54:37,410] {processor.py:651} INFO - DAG(s) dict_keys(['example_task_group']) retrieved from /home/airflow/.local/lib/python3.7/site-packages/airflow/example_dags/example_task_group.py
[2022-08-07 10:54:37,484] {logging_mixin.py:115} INFO - [2022-08-07 10:54:37,484] {dag.py:2420} INFO - Sync 1 DAGs
[2022-08-07 10:54:37,546] {logging_mixin.py:115} INFO - [2022-08-07 10:54:37,546] {dag.py:2972} INFO - Setting next_dagrun for example_task_group to 2022-08-06T10:54:37.545559+00:00, run_after=2022-08-07T10:54:37.545559+00:00
[2022-08-07 10:54:37,583] {processor.py:161} INFO - Processing /home/airflow/.local/lib/python3.7/site-packages/airflow/example_dags/example_task_group.py took 0.207 seconds
[2022-08-07 10:55:08,249] {processor.py:153} INFO - Started process (PID=792) to work on /home/airflow/.local/lib/python3.7/site-packages/airflow/example_dags/example_task_group.py
[2022-08-07 10:55:08,250] {processor.py:641} INFO - Processing file /home/airflow/.local/lib/python3.7/site-packages/airflow/example_dags/example_task_group.py for tasks to queue
[2022-08-07 10:55:08,251] {logging_mixin.py:115} INFO - [2022-08-07 10:55:08,251] {dagbag.py:508} INFO - Filling up the DagBag from /home/airflow/.local/lib/python3.7/site-packages/airflow/example_dags/example_task_group.py
[2022-08-07 10:55:08,275] {processor.py:651} INFO - DAG(s) dict_keys(['example_task_group']) retrieved from /home/airflow/.local/lib/python3.7/site-packages/airflow/example_dags/example_task_group.py
[2022-08-07 10:55:08,349] {logging_mixin.py:115} INFO - [2022-08-07 10:55:08,349] {dag.py:2420} INFO - Sync 1 DAGs
[2022-08-07 10:55:08,421] {logging_mixin.py:115} INFO - [2022-08-07 10:55:08,420] {dag.py:2972} INFO - Setting next_dagrun for example_task_group to 2022-08-06T10:55:08.420059+00:00, run_after=2022-08-07T10:55:08.420059+00:00
[2022-08-07 10:55:08,456] {processor.py:161} INFO - Processing /home/airflow/.local/lib/python3.7/site-packages/airflow/example_dags/example_task_group.py took 0.216 seconds
[2022-08-07 10:55:38,562] {processor.py:153} INFO - Started process (PID=844) to work on /home/airflow/.local/lib/python3.7/site-packages/airflow/example_dags/example_task_group.py
[2022-08-07 10:55:38,564] {processor.py:641} INFO - Processing file /home/airflow/.local/lib/python3.7/site-packages/airflow/example_dags/example_task_group.py for tasks to queue
[2022-08-07 10:55:38,565] {logging_mixin.py:115} INFO - [2022-08-07 10:55:38,565] {dagbag.py:508} INFO - Filling up the DagBag from /home/airflow/.local/lib/python3.7/site-packages/airflow/example_dags/example_task_group.py
[2022-08-07 10:55:38,593] {processor.py:651} INFO - DAG(s) dict_keys(['example_task_group']) retrieved from /home/airflow/.local/lib/python3.7/site-packages/airflow/example_dags/example_task_group.py
[2022-08-07 10:55:38,708] {logging_mixin.py:115} INFO - [2022-08-07 10:55:38,707] {dag.py:2420} INFO - Sync 1 DAGs
[2022-08-07 10:55:38,785] {logging_mixin.py:115} INFO - [2022-08-07 10:55:38,784] {dag.py:2972} INFO - Setting next_dagrun for example_task_group to 2022-08-06T10:55:38.783983+00:00, run_after=2022-08-07T10:55:38.783983+00:00
[2022-08-07 10:55:38,826] {processor.py:161} INFO - Processing /home/airflow/.local/lib/python3.7/site-packages/airflow/example_dags/example_task_group.py took 0.274 seconds
[2022-08-07 10:56:09,197] {processor.py:153} INFO - Started process (PID=896) to work on /home/airflow/.local/lib/python3.7/site-packages/airflow/example_dags/example_task_group.py
[2022-08-07 10:56:09,199] {processor.py:641} INFO - Processing file /home/airflow/.local/lib/python3.7/site-packages/airflow/example_dags/example_task_group.py for tasks to queue
[2022-08-07 10:56:09,200] {logging_mixin.py:115} INFO - [2022-08-07 10:56:09,200] {dagbag.py:508} INFO - Filling up the DagBag from /home/airflow/.local/lib/python3.7/site-packages/airflow/example_dags/example_task_group.py
[2022-08-07 10:56:09,223] {processor.py:651} INFO - DAG(s) dict_keys(['example_task_group']) retrieved from /home/airflow/.local/lib/python3.7/site-packages/airflow/example_dags/example_task_group.py
[2022-08-07 10:56:09,303] {logging_mixin.py:115} INFO - [2022-08-07 10:56:09,303] {dag.py:2420} INFO - Sync 1 DAGs
[2022-08-07 10:56:09,378] {logging_mixin.py:115} INFO - [2022-08-07 10:56:09,377] {dag.py:2972} INFO - Setting next_dagrun for example_task_group to 2022-08-06T10:56:09.377131+00:00, run_after=2022-08-07T10:56:09.377131+00:00
[2022-08-07 10:56:09,410] {processor.py:161} INFO - Processing /home/airflow/.local/lib/python3.7/site-packages/airflow/example_dags/example_task_group.py took 0.224 seconds
[2022-08-07 10:56:40,353] {processor.py:153} INFO - Started process (PID=948) to work on /home/airflow/.local/lib/python3.7/site-packages/airflow/example_dags/example_task_group.py
[2022-08-07 10:56:40,355] {processor.py:641} INFO - Processing file /home/airflow/.local/lib/python3.7/site-packages/airflow/example_dags/example_task_group.py for tasks to queue
[2022-08-07 10:56:40,356] {logging_mixin.py:115} INFO - [2022-08-07 10:56:40,356] {dagbag.py:508} INFO - Filling up the DagBag from /home/airflow/.local/lib/python3.7/site-packages/airflow/example_dags/example_task_group.py
[2022-08-07 10:56:40,381] {processor.py:651} INFO - DAG(s) dict_keys(['example_task_group']) retrieved from /home/airflow/.local/lib/python3.7/site-packages/airflow/example_dags/example_task_group.py
[2022-08-07 10:56:40,470] {logging_mixin.py:115} INFO - [2022-08-07 10:56:40,470] {dag.py:2420} INFO - Sync 1 DAGs
[2022-08-07 10:56:40,545] {logging_mixin.py:115} INFO - [2022-08-07 10:56:40,545] {dag.py:2972} INFO - Setting next_dagrun for example_task_group to 2022-08-06T10:56:40.544930+00:00, run_after=2022-08-07T10:56:40.544930+00:00
[2022-08-07 10:56:40,580] {processor.py:161} INFO - Processing /home/airflow/.local/lib/python3.7/site-packages/airflow/example_dags/example_task_group.py took 0.236 seconds
[2022-08-07 10:57:11,503] {processor.py:153} INFO - Started process (PID=998) to work on /home/airflow/.local/lib/python3.7/site-packages/airflow/example_dags/example_task_group.py
[2022-08-07 10:57:11,505] {processor.py:641} INFO - Processing file /home/airflow/.local/lib/python3.7/site-packages/airflow/example_dags/example_task_group.py for tasks to queue
[2022-08-07 10:57:11,506] {logging_mixin.py:115} INFO - [2022-08-07 10:57:11,506] {dagbag.py:508} INFO - Filling up the DagBag from /home/airflow/.local/lib/python3.7/site-packages/airflow/example_dags/example_task_group.py
[2022-08-07 10:57:11,530] {processor.py:651} INFO - DAG(s) dict_keys(['example_task_group']) retrieved from /home/airflow/.local/lib/python3.7/site-packages/airflow/example_dags/example_task_group.py
[2022-08-07 10:57:11,632] {logging_mixin.py:115} INFO - [2022-08-07 10:57:11,632] {dag.py:2420} INFO - Sync 1 DAGs
[2022-08-07 10:57:11,711] {logging_mixin.py:115} INFO - [2022-08-07 10:57:11,710] {dag.py:2972} INFO - Setting next_dagrun for example_task_group to 2022-08-06T10:57:11.710167+00:00, run_after=2022-08-07T10:57:11.710167+00:00
[2022-08-07 10:57:11,750] {processor.py:161} INFO - Processing /home/airflow/.local/lib/python3.7/site-packages/airflow/example_dags/example_task_group.py took 0.257 seconds
[2022-08-07 10:57:42,705] {processor.py:153} INFO - Started process (PID=1050) to work on /home/airflow/.local/lib/python3.7/site-packages/airflow/example_dags/example_task_group.py
[2022-08-07 10:57:42,707] {processor.py:641} INFO - Processing file /home/airflow/.local/lib/python3.7/site-packages/airflow/example_dags/example_task_group.py for tasks to queue
[2022-08-07 10:57:42,710] {logging_mixin.py:115} INFO - [2022-08-07 10:57:42,709] {dagbag.py:508} INFO - Filling up the DagBag from /home/airflow/.local/lib/python3.7/site-packages/airflow/example_dags/example_task_group.py
[2022-08-07 10:57:42,738] {processor.py:651} INFO - DAG(s) dict_keys(['example_task_group']) retrieved from /home/airflow/.local/lib/python3.7/site-packages/airflow/example_dags/example_task_group.py
[2022-08-07 10:57:42,870] {logging_mixin.py:115} INFO - [2022-08-07 10:57:42,869] {dag.py:2420} INFO - Sync 1 DAGs
[2022-08-07 10:57:43,033] {logging_mixin.py:115} INFO - [2022-08-07 10:57:43,033] {dag.py:2972} INFO - Setting next_dagrun for example_task_group to 2022-08-06T10:57:43.031970+00:00, run_after=2022-08-07T10:57:43.031970+00:00
[2022-08-07 10:57:43,079] {processor.py:161} INFO - Processing /home/airflow/.local/lib/python3.7/site-packages/airflow/example_dags/example_task_group.py took 0.387 seconds
[2022-08-07 10:58:13,441] {processor.py:153} INFO - Started process (PID=1102) to work on /home/airflow/.local/lib/python3.7/site-packages/airflow/example_dags/example_task_group.py
[2022-08-07 10:58:13,443] {processor.py:641} INFO - Processing file /home/airflow/.local/lib/python3.7/site-packages/airflow/example_dags/example_task_group.py for tasks to queue
[2022-08-07 10:58:13,444] {logging_mixin.py:115} INFO - [2022-08-07 10:58:13,444] {dagbag.py:508} INFO - Filling up the DagBag from /home/airflow/.local/lib/python3.7/site-packages/airflow/example_dags/example_task_group.py
[2022-08-07 10:58:13,472] {processor.py:651} INFO - DAG(s) dict_keys(['example_task_group']) retrieved from /home/airflow/.local/lib/python3.7/site-packages/airflow/example_dags/example_task_group.py
[2022-08-07 10:58:13,603] {logging_mixin.py:115} INFO - [2022-08-07 10:58:13,603] {dag.py:2420} INFO - Sync 1 DAGs
[2022-08-07 10:58:13,724] {logging_mixin.py:115} INFO - [2022-08-07 10:58:13,724] {dag.py:2972} INFO - Setting next_dagrun for example_task_group to 2022-08-06T10:58:13.723170+00:00, run_after=2022-08-07T10:58:13.723170+00:00
[2022-08-07 10:58:13,786] {processor.py:161} INFO - Processing /home/airflow/.local/lib/python3.7/site-packages/airflow/example_dags/example_task_group.py took 0.356 seconds
[2022-08-07 10:58:44,525] {processor.py:153} INFO - Started process (PID=1154) to work on /home/airflow/.local/lib/python3.7/site-packages/airflow/example_dags/example_task_group.py
[2022-08-07 10:58:44,527] {processor.py:641} INFO - Processing file /home/airflow/.local/lib/python3.7/site-packages/airflow/example_dags/example_task_group.py for tasks to queue
[2022-08-07 10:58:44,529] {logging_mixin.py:115} INFO - [2022-08-07 10:58:44,529] {dagbag.py:508} INFO - Filling up the DagBag from /home/airflow/.local/lib/python3.7/site-packages/airflow/example_dags/example_task_group.py
[2022-08-07 10:58:44,553] {processor.py:651} INFO - DAG(s) dict_keys(['example_task_group']) retrieved from /home/airflow/.local/lib/python3.7/site-packages/airflow/example_dags/example_task_group.py
[2022-08-07 10:58:44,702] {logging_mixin.py:115} INFO - [2022-08-07 10:58:44,702] {dag.py:2420} INFO - Sync 1 DAGs
[2022-08-07 10:58:44,850] {logging_mixin.py:115} INFO - [2022-08-07 10:58:44,850] {dag.py:2972} INFO - Setting next_dagrun for example_task_group to 2022-08-06T10:58:44.849179+00:00, run_after=2022-08-07T10:58:44.849179+00:00
[2022-08-07 10:58:44,901] {processor.py:161} INFO - Processing /home/airflow/.local/lib/python3.7/site-packages/airflow/example_dags/example_task_group.py took 0.388 seconds
[2022-08-07 10:59:15,229] {processor.py:153} INFO - Started process (PID=1197) to work on /home/airflow/.local/lib/python3.7/site-packages/airflow/example_dags/example_task_group.py
[2022-08-07 10:59:15,230] {processor.py:641} INFO - Processing file /home/airflow/.local/lib/python3.7/site-packages/airflow/example_dags/example_task_group.py for tasks to queue
[2022-08-07 10:59:15,232] {logging_mixin.py:115} INFO - [2022-08-07 10:59:15,232] {dagbag.py:508} INFO - Filling up the DagBag from /home/airflow/.local/lib/python3.7/site-packages/airflow/example_dags/example_task_group.py
[2022-08-07 10:59:15,255] {processor.py:651} INFO - DAG(s) dict_keys(['example_task_group']) retrieved from /home/airflow/.local/lib/python3.7/site-packages/airflow/example_dags/example_task_group.py
[2022-08-07 10:59:15,367] {logging_mixin.py:115} INFO - [2022-08-07 10:59:15,367] {dag.py:2420} INFO - Sync 1 DAGs
[2022-08-07 10:59:15,478] {logging_mixin.py:115} INFO - [2022-08-07 10:59:15,478] {dag.py:2972} INFO - Setting next_dagrun for example_task_group to 2022-08-06T10:59:15.477499+00:00, run_after=2022-08-07T10:59:15.477499+00:00
[2022-08-07 10:59:15,525] {processor.py:161} INFO - Processing /home/airflow/.local/lib/python3.7/site-packages/airflow/example_dags/example_task_group.py took 0.308 seconds
[2022-08-07 10:59:45,954] {processor.py:153} INFO - Started process (PID=1248) to work on /home/airflow/.local/lib/python3.7/site-packages/airflow/example_dags/example_task_group.py
[2022-08-07 10:59:45,956] {processor.py:641} INFO - Processing file /home/airflow/.local/lib/python3.7/site-packages/airflow/example_dags/example_task_group.py for tasks to queue
[2022-08-07 10:59:45,957] {logging_mixin.py:115} INFO - [2022-08-07 10:59:45,957] {dagbag.py:508} INFO - Filling up the DagBag from /home/airflow/.local/lib/python3.7/site-packages/airflow/example_dags/example_task_group.py
[2022-08-07 10:59:45,983] {processor.py:651} INFO - DAG(s) dict_keys(['example_task_group']) retrieved from /home/airflow/.local/lib/python3.7/site-packages/airflow/example_dags/example_task_group.py
[2022-08-07 10:59:46,077] {logging_mixin.py:115} INFO - [2022-08-07 10:59:46,076] {dag.py:2420} INFO - Sync 1 DAGs
[2022-08-07 10:59:46,170] {logging_mixin.py:115} INFO - [2022-08-07 10:59:46,170] {dag.py:2972} INFO - Setting next_dagrun for example_task_group to 2022-08-06T10:59:46.169432+00:00, run_after=2022-08-07T10:59:46.169432+00:00
[2022-08-07 10:59:46,217] {processor.py:161} INFO - Processing /home/airflow/.local/lib/python3.7/site-packages/airflow/example_dags/example_task_group.py took 0.272 seconds
[2022-08-07 11:00:16,971] {processor.py:153} INFO - Started process (PID=1300) to work on /home/airflow/.local/lib/python3.7/site-packages/airflow/example_dags/example_task_group.py
[2022-08-07 11:00:16,973] {processor.py:641} INFO - Processing file /home/airflow/.local/lib/python3.7/site-packages/airflow/example_dags/example_task_group.py for tasks to queue
[2022-08-07 11:00:16,974] {logging_mixin.py:115} INFO - [2022-08-07 11:00:16,974] {dagbag.py:508} INFO - Filling up the DagBag from /home/airflow/.local/lib/python3.7/site-packages/airflow/example_dags/example_task_group.py
[2022-08-07 11:00:16,997] {processor.py:651} INFO - DAG(s) dict_keys(['example_task_group']) retrieved from /home/airflow/.local/lib/python3.7/site-packages/airflow/example_dags/example_task_group.py
[2022-08-07 11:00:17,094] {logging_mixin.py:115} INFO - [2022-08-07 11:00:17,094] {dag.py:2420} INFO - Sync 1 DAGs
[2022-08-07 11:00:17,178] {logging_mixin.py:115} INFO - [2022-08-07 11:00:17,177] {dag.py:2972} INFO - Setting next_dagrun for example_task_group to 2022-08-06T11:00:17.177256+00:00, run_after=2022-08-07T11:00:17.177256+00:00
[2022-08-07 11:00:17,215] {processor.py:161} INFO - Processing /home/airflow/.local/lib/python3.7/site-packages/airflow/example_dags/example_task_group.py took 0.255 seconds
[2022-08-07 11:00:47,604] {processor.py:153} INFO - Started process (PID=1351) to work on /home/airflow/.local/lib/python3.7/site-packages/airflow/example_dags/example_task_group.py
[2022-08-07 11:00:47,606] {processor.py:641} INFO - Processing file /home/airflow/.local/lib/python3.7/site-packages/airflow/example_dags/example_task_group.py for tasks to queue
[2022-08-07 11:00:47,609] {logging_mixin.py:115} INFO - [2022-08-07 11:00:47,609] {dagbag.py:508} INFO - Filling up the DagBag from /home/airflow/.local/lib/python3.7/site-packages/airflow/example_dags/example_task_group.py
[2022-08-07 11:00:47,647] {processor.py:651} INFO - DAG(s) dict_keys(['example_task_group']) retrieved from /home/airflow/.local/lib/python3.7/site-packages/airflow/example_dags/example_task_group.py
[2022-08-07 11:00:47,774] {logging_mixin.py:115} INFO - [2022-08-07 11:00:47,774] {dag.py:2420} INFO - Sync 1 DAGs
[2022-08-07 11:00:47,942] {logging_mixin.py:115} INFO - [2022-08-07 11:00:47,942] {dag.py:2972} INFO - Setting next_dagrun for example_task_group to 2022-08-06T11:00:47.940785+00:00, run_after=2022-08-07T11:00:47.940785+00:00
[2022-08-07 11:00:48,050] {processor.py:161} INFO - Processing /home/airflow/.local/lib/python3.7/site-packages/airflow/example_dags/example_task_group.py took 0.461 seconds
[2022-08-07 11:01:18,960] {processor.py:153} INFO - Started process (PID=1403) to work on /home/airflow/.local/lib/python3.7/site-packages/airflow/example_dags/example_task_group.py
[2022-08-07 11:01:18,961] {processor.py:641} INFO - Processing file /home/airflow/.local/lib/python3.7/site-packages/airflow/example_dags/example_task_group.py for tasks to queue
[2022-08-07 11:01:18,963] {logging_mixin.py:115} INFO - [2022-08-07 11:01:18,963] {dagbag.py:508} INFO - Filling up the DagBag from /home/airflow/.local/lib/python3.7/site-packages/airflow/example_dags/example_task_group.py
[2022-08-07 11:01:18,991] {processor.py:651} INFO - DAG(s) dict_keys(['example_task_group']) retrieved from /home/airflow/.local/lib/python3.7/site-packages/airflow/example_dags/example_task_group.py
[2022-08-07 11:01:19,101] {logging_mixin.py:115} INFO - [2022-08-07 11:01:19,100] {dag.py:2420} INFO - Sync 1 DAGs
[2022-08-07 11:01:19,234] {logging_mixin.py:115} INFO - [2022-08-07 11:01:19,233] {dag.py:2972} INFO - Setting next_dagrun for example_task_group to 2022-08-06T11:01:19.232642+00:00, run_after=2022-08-07T11:01:19.232642+00:00
[2022-08-07 11:01:19,285] {processor.py:161} INFO - Processing /home/airflow/.local/lib/python3.7/site-packages/airflow/example_dags/example_task_group.py took 0.336 seconds
[2022-08-07 11:01:49,771] {processor.py:153} INFO - Started process (PID=1446) to work on /home/airflow/.local/lib/python3.7/site-packages/airflow/example_dags/example_task_group.py
[2022-08-07 11:01:49,773] {processor.py:641} INFO - Processing file /home/airflow/.local/lib/python3.7/site-packages/airflow/example_dags/example_task_group.py for tasks to queue
[2022-08-07 11:01:49,776] {logging_mixin.py:115} INFO - [2022-08-07 11:01:49,776] {dagbag.py:508} INFO - Filling up the DagBag from /home/airflow/.local/lib/python3.7/site-packages/airflow/example_dags/example_task_group.py
[2022-08-07 11:01:49,816] {processor.py:651} INFO - DAG(s) dict_keys(['example_task_group']) retrieved from /home/airflow/.local/lib/python3.7/site-packages/airflow/example_dags/example_task_group.py
[2022-08-07 11:01:49,981] {logging_mixin.py:115} INFO - [2022-08-07 11:01:49,981] {dag.py:2420} INFO - Sync 1 DAGs
[2022-08-07 11:01:50,100] {logging_mixin.py:115} INFO - [2022-08-07 11:01:50,100] {dag.py:2972} INFO - Setting next_dagrun for example_task_group to 2022-08-06T11:01:50.099228+00:00, run_after=2022-08-07T11:01:50.099228+00:00
[2022-08-07 11:01:50,151] {processor.py:161} INFO - Processing /home/airflow/.local/lib/python3.7/site-packages/airflow/example_dags/example_task_group.py took 0.396 seconds
[2022-08-07 11:02:20,234] {processor.py:153} INFO - Started process (PID=1497) to work on /home/airflow/.local/lib/python3.7/site-packages/airflow/example_dags/example_task_group.py
[2022-08-07 11:02:20,235] {processor.py:641} INFO - Processing file /home/airflow/.local/lib/python3.7/site-packages/airflow/example_dags/example_task_group.py for tasks to queue
[2022-08-07 11:02:20,237] {logging_mixin.py:115} INFO - [2022-08-07 11:02:20,237] {dagbag.py:508} INFO - Filling up the DagBag from /home/airflow/.local/lib/python3.7/site-packages/airflow/example_dags/example_task_group.py
[2022-08-07 11:02:20,261] {processor.py:651} INFO - DAG(s) dict_keys(['example_task_group']) retrieved from /home/airflow/.local/lib/python3.7/site-packages/airflow/example_dags/example_task_group.py
[2022-08-07 11:02:20,340] {logging_mixin.py:115} INFO - [2022-08-07 11:02:20,339] {dag.py:2420} INFO - Sync 1 DAGs
[2022-08-07 11:02:20,433] {logging_mixin.py:115} INFO - [2022-08-07 11:02:20,433] {dag.py:2972} INFO - Setting next_dagrun for example_task_group to 2022-08-06T11:02:20.432192+00:00, run_after=2022-08-07T11:02:20.432192+00:00
[2022-08-07 11:02:20,481] {processor.py:161} INFO - Processing /home/airflow/.local/lib/python3.7/site-packages/airflow/example_dags/example_task_group.py took 0.258 seconds
[2022-08-07 11:02:50,993] {processor.py:153} INFO - Started process (PID=1547) to work on /home/airflow/.local/lib/python3.7/site-packages/airflow/example_dags/example_task_group.py
[2022-08-07 11:02:50,996] {processor.py:641} INFO - Processing file /home/airflow/.local/lib/python3.7/site-packages/airflow/example_dags/example_task_group.py for tasks to queue
[2022-08-07 11:02:50,999] {logging_mixin.py:115} INFO - [2022-08-07 11:02:50,999] {dagbag.py:508} INFO - Filling up the DagBag from /home/airflow/.local/lib/python3.7/site-packages/airflow/example_dags/example_task_group.py
[2022-08-07 11:02:51,052] {processor.py:651} INFO - DAG(s) dict_keys(['example_task_group']) retrieved from /home/airflow/.local/lib/python3.7/site-packages/airflow/example_dags/example_task_group.py
[2022-08-07 11:02:51,218] {logging_mixin.py:115} INFO - [2022-08-07 11:02:51,218] {dag.py:2420} INFO - Sync 1 DAGs
[2022-08-07 11:02:51,371] {logging_mixin.py:115} INFO - [2022-08-07 11:02:51,370] {dag.py:2972} INFO - Setting next_dagrun for example_task_group to 2022-08-06T11:02:51.369551+00:00, run_after=2022-08-07T11:02:51.369551+00:00
[2022-08-07 11:02:51,440] {processor.py:161} INFO - Processing /home/airflow/.local/lib/python3.7/site-packages/airflow/example_dags/example_task_group.py took 0.466 seconds
[2022-08-07 11:03:21,811] {processor.py:153} INFO - Started process (PID=1599) to work on /home/airflow/.local/lib/python3.7/site-packages/airflow/example_dags/example_task_group.py
[2022-08-07 11:03:21,813] {processor.py:641} INFO - Processing file /home/airflow/.local/lib/python3.7/site-packages/airflow/example_dags/example_task_group.py for tasks to queue
[2022-08-07 11:03:21,815] {logging_mixin.py:115} INFO - [2022-08-07 11:03:21,815] {dagbag.py:508} INFO - Filling up the DagBag from /home/airflow/.local/lib/python3.7/site-packages/airflow/example_dags/example_task_group.py
[2022-08-07 11:03:21,844] {processor.py:651} INFO - DAG(s) dict_keys(['example_task_group']) retrieved from /home/airflow/.local/lib/python3.7/site-packages/airflow/example_dags/example_task_group.py
[2022-08-07 11:03:21,953] {logging_mixin.py:115} INFO - [2022-08-07 11:03:21,952] {dag.py:2420} INFO - Sync 1 DAGs
[2022-08-07 11:03:22,135] {logging_mixin.py:115} INFO - [2022-08-07 11:03:22,135] {dag.py:2972} INFO - Setting next_dagrun for example_task_group to 2022-08-06T11:03:22.129412+00:00, run_after=2022-08-07T11:03:22.129412+00:00
[2022-08-07 11:03:22,190] {processor.py:161} INFO - Processing /home/airflow/.local/lib/python3.7/site-packages/airflow/example_dags/example_task_group.py took 0.392 seconds
[2022-08-07 11:03:52,785] {processor.py:153} INFO - Started process (PID=1651) to work on /home/airflow/.local/lib/python3.7/site-packages/airflow/example_dags/example_task_group.py
[2022-08-07 11:03:52,787] {processor.py:641} INFO - Processing file /home/airflow/.local/lib/python3.7/site-packages/airflow/example_dags/example_task_group.py for tasks to queue
[2022-08-07 11:03:52,790] {logging_mixin.py:115} INFO - [2022-08-07 11:03:52,789] {dagbag.py:508} INFO - Filling up the DagBag from /home/airflow/.local/lib/python3.7/site-packages/airflow/example_dags/example_task_group.py
[2022-08-07 11:03:52,834] {processor.py:651} INFO - DAG(s) dict_keys(['example_task_group']) retrieved from /home/airflow/.local/lib/python3.7/site-packages/airflow/example_dags/example_task_group.py
[2022-08-07 11:03:52,980] {logging_mixin.py:115} INFO - [2022-08-07 11:03:52,980] {dag.py:2420} INFO - Sync 1 DAGs
[2022-08-07 11:03:53,118] {logging_mixin.py:115} INFO - [2022-08-07 11:03:53,118] {dag.py:2972} INFO - Setting next_dagrun for example_task_group to 2022-08-06T11:03:53.116928+00:00, run_after=2022-08-07T11:03:53.116928+00:00
[2022-08-07 11:03:53,169] {processor.py:161} INFO - Processing /home/airflow/.local/lib/python3.7/site-packages/airflow/example_dags/example_task_group.py took 0.400 seconds
[2022-08-07 11:04:23,477] {processor.py:153} INFO - Started process (PID=1694) to work on /home/airflow/.local/lib/python3.7/site-packages/airflow/example_dags/example_task_group.py
[2022-08-07 11:04:23,478] {processor.py:641} INFO - Processing file /home/airflow/.local/lib/python3.7/site-packages/airflow/example_dags/example_task_group.py for tasks to queue
[2022-08-07 11:04:23,480] {logging_mixin.py:115} INFO - [2022-08-07 11:04:23,480] {dagbag.py:508} INFO - Filling up the DagBag from /home/airflow/.local/lib/python3.7/site-packages/airflow/example_dags/example_task_group.py
[2022-08-07 11:04:23,505] {processor.py:651} INFO - DAG(s) dict_keys(['example_task_group']) retrieved from /home/airflow/.local/lib/python3.7/site-packages/airflow/example_dags/example_task_group.py
[2022-08-07 11:04:23,600] {logging_mixin.py:115} INFO - [2022-08-07 11:04:23,600] {dag.py:2420} INFO - Sync 1 DAGs
[2022-08-07 11:04:23,692] {logging_mixin.py:115} INFO - [2022-08-07 11:04:23,691] {dag.py:2972} INFO - Setting next_dagrun for example_task_group to 2022-08-06T11:04:23.691039+00:00, run_after=2022-08-07T11:04:23.691039+00:00
[2022-08-07 11:04:23,737] {processor.py:161} INFO - Processing /home/airflow/.local/lib/python3.7/site-packages/airflow/example_dags/example_task_group.py took 0.271 seconds
[2022-08-07 11:04:54,203] {processor.py:153} INFO - Started process (PID=1744) to work on /home/airflow/.local/lib/python3.7/site-packages/airflow/example_dags/example_task_group.py
[2022-08-07 11:04:54,204] {processor.py:641} INFO - Processing file /home/airflow/.local/lib/python3.7/site-packages/airflow/example_dags/example_task_group.py for tasks to queue
[2022-08-07 11:04:54,206] {logging_mixin.py:115} INFO - [2022-08-07 11:04:54,205] {dagbag.py:508} INFO - Filling up the DagBag from /home/airflow/.local/lib/python3.7/site-packages/airflow/example_dags/example_task_group.py
[2022-08-07 11:04:54,231] {processor.py:651} INFO - DAG(s) dict_keys(['example_task_group']) retrieved from /home/airflow/.local/lib/python3.7/site-packages/airflow/example_dags/example_task_group.py
[2022-08-07 11:04:54,322] {logging_mixin.py:115} INFO - [2022-08-07 11:04:54,322] {dag.py:2420} INFO - Sync 1 DAGs
[2022-08-07 11:04:54,409] {logging_mixin.py:115} INFO - [2022-08-07 11:04:54,408] {dag.py:2972} INFO - Setting next_dagrun for example_task_group to 2022-08-06T11:04:54.407962+00:00, run_after=2022-08-07T11:04:54.407962+00:00
[2022-08-07 11:04:54,445] {processor.py:161} INFO - Processing /home/airflow/.local/lib/python3.7/site-packages/airflow/example_dags/example_task_group.py took 0.254 seconds
[2022-08-07 11:05:24,987] {processor.py:153} INFO - Started process (PID=1792) to work on /home/airflow/.local/lib/python3.7/site-packages/airflow/example_dags/example_task_group.py
[2022-08-07 11:05:24,988] {processor.py:641} INFO - Processing file /home/airflow/.local/lib/python3.7/site-packages/airflow/example_dags/example_task_group.py for tasks to queue
[2022-08-07 11:05:24,991] {logging_mixin.py:115} INFO - [2022-08-07 11:05:24,990] {dagbag.py:508} INFO - Filling up the DagBag from /home/airflow/.local/lib/python3.7/site-packages/airflow/example_dags/example_task_group.py
[2022-08-07 11:05:25,020] {processor.py:651} INFO - DAG(s) dict_keys(['example_task_group']) retrieved from /home/airflow/.local/lib/python3.7/site-packages/airflow/example_dags/example_task_group.py
[2022-08-07 11:05:25,138] {logging_mixin.py:115} INFO - [2022-08-07 11:05:25,138] {dag.py:2420} INFO - Sync 1 DAGs
[2022-08-07 11:05:25,309] {logging_mixin.py:115} INFO - [2022-08-07 11:05:25,308] {dag.py:2972} INFO - Setting next_dagrun for example_task_group to 2022-08-06T11:05:25.307669+00:00, run_after=2022-08-07T11:05:25.307669+00:00
[2022-08-07 11:05:25,366] {processor.py:161} INFO - Processing /home/airflow/.local/lib/python3.7/site-packages/airflow/example_dags/example_task_group.py took 0.392 seconds
[2022-08-07 11:05:55,662] {processor.py:153} INFO - Started process (PID=1843) to work on /home/airflow/.local/lib/python3.7/site-packages/airflow/example_dags/example_task_group.py
[2022-08-07 11:05:55,664] {processor.py:641} INFO - Processing file /home/airflow/.local/lib/python3.7/site-packages/airflow/example_dags/example_task_group.py for tasks to queue
[2022-08-07 11:05:55,667] {logging_mixin.py:115} INFO - [2022-08-07 11:05:55,667] {dagbag.py:508} INFO - Filling up the DagBag from /home/airflow/.local/lib/python3.7/site-packages/airflow/example_dags/example_task_group.py
[2022-08-07 11:05:55,725] {processor.py:651} INFO - DAG(s) dict_keys(['example_task_group']) retrieved from /home/airflow/.local/lib/python3.7/site-packages/airflow/example_dags/example_task_group.py
[2022-08-07 11:05:55,922] {logging_mixin.py:115} INFO - [2022-08-07 11:05:55,920] {dag.py:2420} INFO - Sync 1 DAGs
[2022-08-07 11:05:56,124] {logging_mixin.py:115} INFO - [2022-08-07 11:05:56,123] {dag.py:2972} INFO - Setting next_dagrun for example_task_group to 2022-08-06T11:05:56.122222+00:00, run_after=2022-08-07T11:05:56.122222+00:00
[2022-08-07 11:05:56,217] {processor.py:161} INFO - Processing /home/airflow/.local/lib/python3.7/site-packages/airflow/example_dags/example_task_group.py took 0.590 seconds
[2022-08-07 11:06:26,431] {processor.py:153} INFO - Started process (PID=1886) to work on /home/airflow/.local/lib/python3.7/site-packages/airflow/example_dags/example_task_group.py
[2022-08-07 11:06:26,441] {processor.py:641} INFO - Processing file /home/airflow/.local/lib/python3.7/site-packages/airflow/example_dags/example_task_group.py for tasks to queue
[2022-08-07 11:06:26,444] {logging_mixin.py:115} INFO - [2022-08-07 11:06:26,443] {dagbag.py:508} INFO - Filling up the DagBag from /home/airflow/.local/lib/python3.7/site-packages/airflow/example_dags/example_task_group.py
[2022-08-07 11:06:26,477] {processor.py:651} INFO - DAG(s) dict_keys(['example_task_group']) retrieved from /home/airflow/.local/lib/python3.7/site-packages/airflow/example_dags/example_task_group.py
[2022-08-07 11:06:26,597] {logging_mixin.py:115} INFO - [2022-08-07 11:06:26,597] {dag.py:2420} INFO - Sync 1 DAGs
[2022-08-07 11:06:26,705] {logging_mixin.py:115} INFO - [2022-08-07 11:06:26,705] {dag.py:2972} INFO - Setting next_dagrun for example_task_group to 2022-08-06T11:06:26.704052+00:00, run_after=2022-08-07T11:06:26.704052+00:00
[2022-08-07 11:06:26,747] {processor.py:161} INFO - Processing /home/airflow/.local/lib/python3.7/site-packages/airflow/example_dags/example_task_group.py took 0.331 seconds
[2022-08-07 11:06:57,282] {processor.py:153} INFO - Started process (PID=1938) to work on /home/airflow/.local/lib/python3.7/site-packages/airflow/example_dags/example_task_group.py
[2022-08-07 11:06:57,284] {processor.py:641} INFO - Processing file /home/airflow/.local/lib/python3.7/site-packages/airflow/example_dags/example_task_group.py for tasks to queue
[2022-08-07 11:06:57,286] {logging_mixin.py:115} INFO - [2022-08-07 11:06:57,285] {dagbag.py:508} INFO - Filling up the DagBag from /home/airflow/.local/lib/python3.7/site-packages/airflow/example_dags/example_task_group.py
[2022-08-07 11:06:57,314] {processor.py:651} INFO - DAG(s) dict_keys(['example_task_group']) retrieved from /home/airflow/.local/lib/python3.7/site-packages/airflow/example_dags/example_task_group.py
[2022-08-07 11:06:57,436] {logging_mixin.py:115} INFO - [2022-08-07 11:06:57,436] {dag.py:2420} INFO - Sync 1 DAGs
[2022-08-07 11:06:57,549] {logging_mixin.py:115} INFO - [2022-08-07 11:06:57,548] {dag.py:2972} INFO - Setting next_dagrun for example_task_group to 2022-08-06T11:06:57.547602+00:00, run_after=2022-08-07T11:06:57.547602+00:00
[2022-08-07 11:06:57,597] {processor.py:161} INFO - Processing /home/airflow/.local/lib/python3.7/site-packages/airflow/example_dags/example_task_group.py took 0.328 seconds
[2022-08-07 11:07:27,952] {processor.py:153} INFO - Started process (PID=1990) to work on /home/airflow/.local/lib/python3.7/site-packages/airflow/example_dags/example_task_group.py
[2022-08-07 11:07:27,954] {processor.py:641} INFO - Processing file /home/airflow/.local/lib/python3.7/site-packages/airflow/example_dags/example_task_group.py for tasks to queue
[2022-08-07 11:07:27,956] {logging_mixin.py:115} INFO - [2022-08-07 11:07:27,955] {dagbag.py:508} INFO - Filling up the DagBag from /home/airflow/.local/lib/python3.7/site-packages/airflow/example_dags/example_task_group.py
[2022-08-07 11:07:27,987] {processor.py:651} INFO - DAG(s) dict_keys(['example_task_group']) retrieved from /home/airflow/.local/lib/python3.7/site-packages/airflow/example_dags/example_task_group.py
[2022-08-07 11:07:28,101] {logging_mixin.py:115} INFO - [2022-08-07 11:07:28,101] {dag.py:2420} INFO - Sync 1 DAGs
[2022-08-07 11:07:28,223] {logging_mixin.py:115} INFO - [2022-08-07 11:07:28,222] {dag.py:2972} INFO - Setting next_dagrun for example_task_group to 2022-08-06T11:07:28.221935+00:00, run_after=2022-08-07T11:07:28.221935+00:00
[2022-08-07 11:07:28,275] {processor.py:161} INFO - Processing /home/airflow/.local/lib/python3.7/site-packages/airflow/example_dags/example_task_group.py took 0.336 seconds
[2022-08-07 11:07:59,616] {processor.py:153} INFO - Started process (PID=2043) to work on /home/airflow/.local/lib/python3.7/site-packages/airflow/example_dags/example_task_group.py
[2022-08-07 11:07:59,617] {processor.py:641} INFO - Processing file /home/airflow/.local/lib/python3.7/site-packages/airflow/example_dags/example_task_group.py for tasks to queue
[2022-08-07 11:07:59,620] {logging_mixin.py:115} INFO - [2022-08-07 11:07:59,619] {dagbag.py:508} INFO - Filling up the DagBag from /home/airflow/.local/lib/python3.7/site-packages/airflow/example_dags/example_task_group.py
[2022-08-07 11:07:59,655] {processor.py:651} INFO - DAG(s) dict_keys(['example_task_group']) retrieved from /home/airflow/.local/lib/python3.7/site-packages/airflow/example_dags/example_task_group.py
[2022-08-07 11:07:59,814] {logging_mixin.py:115} INFO - [2022-08-07 11:07:59,814] {dag.py:2420} INFO - Sync 1 DAGs
[2022-08-07 11:07:59,978] {logging_mixin.py:115} INFO - [2022-08-07 11:07:59,978] {dag.py:2972} INFO - Setting next_dagrun for example_task_group to 2022-08-06T11:07:59.977661+00:00, run_after=2022-08-07T11:07:59.977661+00:00
[2022-08-07 11:08:00,027] {processor.py:161} INFO - Processing /home/airflow/.local/lib/python3.7/site-packages/airflow/example_dags/example_task_group.py took 0.425 seconds
[2022-08-07 11:08:30,146] {processor.py:153} INFO - Started process (PID=2093) to work on /home/airflow/.local/lib/python3.7/site-packages/airflow/example_dags/example_task_group.py
[2022-08-07 11:08:30,148] {processor.py:641} INFO - Processing file /home/airflow/.local/lib/python3.7/site-packages/airflow/example_dags/example_task_group.py for tasks to queue
[2022-08-07 11:08:30,150] {logging_mixin.py:115} INFO - [2022-08-07 11:08:30,150] {dagbag.py:508} INFO - Filling up the DagBag from /home/airflow/.local/lib/python3.7/site-packages/airflow/example_dags/example_task_group.py
[2022-08-07 11:08:30,178] {processor.py:651} INFO - DAG(s) dict_keys(['example_task_group']) retrieved from /home/airflow/.local/lib/python3.7/site-packages/airflow/example_dags/example_task_group.py
[2022-08-07 11:08:30,278] {logging_mixin.py:115} INFO - [2022-08-07 11:08:30,277] {dag.py:2420} INFO - Sync 1 DAGs
[2022-08-07 11:08:30,363] {logging_mixin.py:115} INFO - [2022-08-07 11:08:30,363] {dag.py:2972} INFO - Setting next_dagrun for example_task_group to 2022-08-06T11:08:30.362468+00:00, run_after=2022-08-07T11:08:30.362468+00:00
[2022-08-07 11:08:30,401] {processor.py:161} INFO - Processing /home/airflow/.local/lib/python3.7/site-packages/airflow/example_dags/example_task_group.py took 0.268 seconds
[2022-08-07 11:09:01,051] {processor.py:153} INFO - Started process (PID=2136) to work on /home/airflow/.local/lib/python3.7/site-packages/airflow/example_dags/example_task_group.py
[2022-08-07 11:09:01,052] {processor.py:641} INFO - Processing file /home/airflow/.local/lib/python3.7/site-packages/airflow/example_dags/example_task_group.py for tasks to queue
[2022-08-07 11:09:01,054] {logging_mixin.py:115} INFO - [2022-08-07 11:09:01,054] {dagbag.py:508} INFO - Filling up the DagBag from /home/airflow/.local/lib/python3.7/site-packages/airflow/example_dags/example_task_group.py
[2022-08-07 11:09:01,080] {processor.py:651} INFO - DAG(s) dict_keys(['example_task_group']) retrieved from /home/airflow/.local/lib/python3.7/site-packages/airflow/example_dags/example_task_group.py
[2022-08-07 11:09:01,189] {logging_mixin.py:115} INFO - [2022-08-07 11:09:01,188] {dag.py:2420} INFO - Sync 1 DAGs
[2022-08-07 11:09:01,290] {logging_mixin.py:115} INFO - [2022-08-07 11:09:01,289] {dag.py:2972} INFO - Setting next_dagrun for example_task_group to 2022-08-06T11:09:01.288678+00:00, run_after=2022-08-07T11:09:01.288678+00:00
[2022-08-07 11:09:01,336] {processor.py:161} INFO - Processing /home/airflow/.local/lib/python3.7/site-packages/airflow/example_dags/example_task_group.py took 0.296 seconds
[2022-08-07 11:09:31,722] {processor.py:153} INFO - Started process (PID=2189) to work on /home/airflow/.local/lib/python3.7/site-packages/airflow/example_dags/example_task_group.py
[2022-08-07 11:09:31,734] {processor.py:641} INFO - Processing file /home/airflow/.local/lib/python3.7/site-packages/airflow/example_dags/example_task_group.py for tasks to queue
[2022-08-07 11:09:31,736] {logging_mixin.py:115} INFO - [2022-08-07 11:09:31,736] {dagbag.py:508} INFO - Filling up the DagBag from /home/airflow/.local/lib/python3.7/site-packages/airflow/example_dags/example_task_group.py
[2022-08-07 11:09:31,766] {processor.py:651} INFO - DAG(s) dict_keys(['example_task_group']) retrieved from /home/airflow/.local/lib/python3.7/site-packages/airflow/example_dags/example_task_group.py
[2022-08-07 11:09:31,880] {logging_mixin.py:115} INFO - [2022-08-07 11:09:31,880] {dag.py:2420} INFO - Sync 1 DAGs
[2022-08-07 11:09:31,993] {logging_mixin.py:115} INFO - [2022-08-07 11:09:31,992] {dag.py:2972} INFO - Setting next_dagrun for example_task_group to 2022-08-06T11:09:31.990984+00:00, run_after=2022-08-07T11:09:31.990984+00:00
[2022-08-07 11:09:32,042] {processor.py:161} INFO - Processing /home/airflow/.local/lib/python3.7/site-packages/airflow/example_dags/example_task_group.py took 0.331 seconds
[2022-08-07 11:10:02,636] {processor.py:153} INFO - Started process (PID=2242) to work on /home/airflow/.local/lib/python3.7/site-packages/airflow/example_dags/example_task_group.py
[2022-08-07 11:10:02,637] {processor.py:641} INFO - Processing file /home/airflow/.local/lib/python3.7/site-packages/airflow/example_dags/example_task_group.py for tasks to queue
[2022-08-07 11:10:02,638] {logging_mixin.py:115} INFO - [2022-08-07 11:10:02,638] {dagbag.py:508} INFO - Filling up the DagBag from /home/airflow/.local/lib/python3.7/site-packages/airflow/example_dags/example_task_group.py
[2022-08-07 11:10:02,658] {processor.py:651} INFO - DAG(s) dict_keys(['example_task_group']) retrieved from /home/airflow/.local/lib/python3.7/site-packages/airflow/example_dags/example_task_group.py
[2022-08-07 11:10:02,743] {logging_mixin.py:115} INFO - [2022-08-07 11:10:02,743] {dag.py:2420} INFO - Sync 1 DAGs
[2022-08-07 11:10:02,833] {logging_mixin.py:115} INFO - [2022-08-07 11:10:02,832] {dag.py:2972} INFO - Setting next_dagrun for example_task_group to 2022-08-06T11:10:02.831810+00:00, run_after=2022-08-07T11:10:02.831810+00:00
[2022-08-07 11:10:02,876] {processor.py:161} INFO - Processing /home/airflow/.local/lib/python3.7/site-packages/airflow/example_dags/example_task_group.py took 0.249 seconds
[2022-08-07 11:10:33,134] {processor.py:153} INFO - Started process (PID=2295) to work on /home/airflow/.local/lib/python3.7/site-packages/airflow/example_dags/example_task_group.py
[2022-08-07 11:10:33,149] {processor.py:641} INFO - Processing file /home/airflow/.local/lib/python3.7/site-packages/airflow/example_dags/example_task_group.py for tasks to queue
[2022-08-07 11:10:33,152] {logging_mixin.py:115} INFO - [2022-08-07 11:10:33,151] {dagbag.py:508} INFO - Filling up the DagBag from /home/airflow/.local/lib/python3.7/site-packages/airflow/example_dags/example_task_group.py
[2022-08-07 11:10:33,214] {processor.py:651} INFO - DAG(s) dict_keys(['example_task_group']) retrieved from /home/airflow/.local/lib/python3.7/site-packages/airflow/example_dags/example_task_group.py
[2022-08-07 11:10:33,368] {logging_mixin.py:115} INFO - [2022-08-07 11:10:33,367] {dag.py:2420} INFO - Sync 1 DAGs
[2022-08-07 11:10:33,480] {logging_mixin.py:115} INFO - [2022-08-07 11:10:33,479] {dag.py:2972} INFO - Setting next_dagrun for example_task_group to 2022-08-06T11:10:33.478326+00:00, run_after=2022-08-07T11:10:33.478326+00:00
[2022-08-07 11:10:33,538] {processor.py:161} INFO - Processing /home/airflow/.local/lib/python3.7/site-packages/airflow/example_dags/example_task_group.py took 0.434 seconds
[2022-08-07 11:11:03,729] {processor.py:153} INFO - Started process (PID=2346) to work on /home/airflow/.local/lib/python3.7/site-packages/airflow/example_dags/example_task_group.py
[2022-08-07 11:11:03,731] {processor.py:641} INFO - Processing file /home/airflow/.local/lib/python3.7/site-packages/airflow/example_dags/example_task_group.py for tasks to queue
[2022-08-07 11:11:03,734] {logging_mixin.py:115} INFO - [2022-08-07 11:11:03,733] {dagbag.py:508} INFO - Filling up the DagBag from /home/airflow/.local/lib/python3.7/site-packages/airflow/example_dags/example_task_group.py
[2022-08-07 11:11:03,776] {processor.py:651} INFO - DAG(s) dict_keys(['example_task_group']) retrieved from /home/airflow/.local/lib/python3.7/site-packages/airflow/example_dags/example_task_group.py
[2022-08-07 11:11:03,937] {logging_mixin.py:115} INFO - [2022-08-07 11:11:03,936] {dag.py:2420} INFO - Sync 1 DAGs
[2022-08-07 11:11:04,066] {logging_mixin.py:115} INFO - [2022-08-07 11:11:04,065] {dag.py:2972} INFO - Setting next_dagrun for example_task_group to 2022-08-06T11:11:04.065006+00:00, run_after=2022-08-07T11:11:04.065006+00:00
[2022-08-07 11:11:04,132] {processor.py:161} INFO - Processing /home/airflow/.local/lib/python3.7/site-packages/airflow/example_dags/example_task_group.py took 0.417 seconds
[2022-08-07 11:11:34,582] {processor.py:153} INFO - Started process (PID=2398) to work on /home/airflow/.local/lib/python3.7/site-packages/airflow/example_dags/example_task_group.py
[2022-08-07 11:11:34,590] {processor.py:641} INFO - Processing file /home/airflow/.local/lib/python3.7/site-packages/airflow/example_dags/example_task_group.py for tasks to queue
[2022-08-07 11:11:34,593] {logging_mixin.py:115} INFO - [2022-08-07 11:11:34,592] {dagbag.py:508} INFO - Filling up the DagBag from /home/airflow/.local/lib/python3.7/site-packages/airflow/example_dags/example_task_group.py
[2022-08-07 11:11:34,628] {processor.py:651} INFO - DAG(s) dict_keys(['example_task_group']) retrieved from /home/airflow/.local/lib/python3.7/site-packages/airflow/example_dags/example_task_group.py
[2022-08-07 11:11:34,756] {logging_mixin.py:115} INFO - [2022-08-07 11:11:34,756] {dag.py:2420} INFO - Sync 1 DAGs
[2022-08-07 11:11:34,875] {logging_mixin.py:115} INFO - [2022-08-07 11:11:34,875] {dag.py:2972} INFO - Setting next_dagrun for example_task_group to 2022-08-06T11:11:34.874108+00:00, run_after=2022-08-07T11:11:34.874108+00:00
[2022-08-07 11:11:35,002] {processor.py:161} INFO - Processing /home/airflow/.local/lib/python3.7/site-packages/airflow/example_dags/example_task_group.py took 0.434 seconds
[2022-08-07 11:12:05,587] {processor.py:153} INFO - Started process (PID=2450) to work on /home/airflow/.local/lib/python3.7/site-packages/airflow/example_dags/example_task_group.py
[2022-08-07 11:12:05,600] {processor.py:641} INFO - Processing file /home/airflow/.local/lib/python3.7/site-packages/airflow/example_dags/example_task_group.py for tasks to queue
[2022-08-07 11:12:05,604] {logging_mixin.py:115} INFO - [2022-08-07 11:12:05,603] {dagbag.py:508} INFO - Filling up the DagBag from /home/airflow/.local/lib/python3.7/site-packages/airflow/example_dags/example_task_group.py
[2022-08-07 11:12:05,648] {processor.py:651} INFO - DAG(s) dict_keys(['example_task_group']) retrieved from /home/airflow/.local/lib/python3.7/site-packages/airflow/example_dags/example_task_group.py
[2022-08-07 11:12:05,783] {logging_mixin.py:115} INFO - [2022-08-07 11:12:05,782] {dag.py:2420} INFO - Sync 1 DAGs
[2022-08-07 11:12:05,905] {logging_mixin.py:115} INFO - [2022-08-07 11:12:05,905] {dag.py:2972} INFO - Setting next_dagrun for example_task_group to 2022-08-06T11:12:05.904493+00:00, run_after=2022-08-07T11:12:05.904493+00:00
[2022-08-07 11:12:05,982] {processor.py:161} INFO - Processing /home/airflow/.local/lib/python3.7/site-packages/airflow/example_dags/example_task_group.py took 0.413 seconds
[2022-08-07 11:12:36,302] {processor.py:153} INFO - Started process (PID=2493) to work on /home/airflow/.local/lib/python3.7/site-packages/airflow/example_dags/example_task_group.py
[2022-08-07 11:12:36,305] {processor.py:641} INFO - Processing file /home/airflow/.local/lib/python3.7/site-packages/airflow/example_dags/example_task_group.py for tasks to queue
[2022-08-07 11:12:36,313] {logging_mixin.py:115} INFO - [2022-08-07 11:12:36,312] {dagbag.py:508} INFO - Filling up the DagBag from /home/airflow/.local/lib/python3.7/site-packages/airflow/example_dags/example_task_group.py
[2022-08-07 11:12:36,364] {processor.py:651} INFO - DAG(s) dict_keys(['example_task_group']) retrieved from /home/airflow/.local/lib/python3.7/site-packages/airflow/example_dags/example_task_group.py
[2022-08-07 11:12:36,507] {logging_mixin.py:115} INFO - [2022-08-07 11:12:36,506] {dag.py:2420} INFO - Sync 1 DAGs
[2022-08-07 11:12:36,632] {logging_mixin.py:115} INFO - [2022-08-07 11:12:36,631] {dag.py:2972} INFO - Setting next_dagrun for example_task_group to 2022-08-06T11:12:36.630842+00:00, run_after=2022-08-07T11:12:36.630842+00:00
[2022-08-07 11:12:36,715] {processor.py:161} INFO - Processing /home/airflow/.local/lib/python3.7/site-packages/airflow/example_dags/example_task_group.py took 0.429 seconds
[2022-08-07 11:13:07,231] {processor.py:153} INFO - Started process (PID=2545) to work on /home/airflow/.local/lib/python3.7/site-packages/airflow/example_dags/example_task_group.py
[2022-08-07 11:13:07,240] {processor.py:641} INFO - Processing file /home/airflow/.local/lib/python3.7/site-packages/airflow/example_dags/example_task_group.py for tasks to queue
[2022-08-07 11:13:07,242] {logging_mixin.py:115} INFO - [2022-08-07 11:13:07,242] {dagbag.py:508} INFO - Filling up the DagBag from /home/airflow/.local/lib/python3.7/site-packages/airflow/example_dags/example_task_group.py
[2022-08-07 11:13:07,290] {processor.py:651} INFO - DAG(s) dict_keys(['example_task_group']) retrieved from /home/airflow/.local/lib/python3.7/site-packages/airflow/example_dags/example_task_group.py
[2022-08-07 11:13:07,408] {logging_mixin.py:115} INFO - [2022-08-07 11:13:07,407] {dag.py:2420} INFO - Sync 1 DAGs
[2022-08-07 11:13:07,503] {logging_mixin.py:115} INFO - [2022-08-07 11:13:07,502] {dag.py:2972} INFO - Setting next_dagrun for example_task_group to 2022-08-06T11:13:07.501865+00:00, run_after=2022-08-07T11:13:07.501865+00:00
[2022-08-07 11:13:07,566] {processor.py:161} INFO - Processing /home/airflow/.local/lib/python3.7/site-packages/airflow/example_dags/example_task_group.py took 0.349 seconds
[2022-08-07 11:13:37,872] {processor.py:153} INFO - Started process (PID=2597) to work on /home/airflow/.local/lib/python3.7/site-packages/airflow/example_dags/example_task_group.py
[2022-08-07 11:13:37,884] {processor.py:641} INFO - Processing file /home/airflow/.local/lib/python3.7/site-packages/airflow/example_dags/example_task_group.py for tasks to queue
[2022-08-07 11:13:37,886] {logging_mixin.py:115} INFO - [2022-08-07 11:13:37,886] {dagbag.py:508} INFO - Filling up the DagBag from /home/airflow/.local/lib/python3.7/site-packages/airflow/example_dags/example_task_group.py
[2022-08-07 11:13:37,924] {processor.py:651} INFO - DAG(s) dict_keys(['example_task_group']) retrieved from /home/airflow/.local/lib/python3.7/site-packages/airflow/example_dags/example_task_group.py
[2022-08-07 11:13:38,029] {logging_mixin.py:115} INFO - [2022-08-07 11:13:38,029] {dag.py:2420} INFO - Sync 1 DAGs
[2022-08-07 11:13:38,128] {logging_mixin.py:115} INFO - [2022-08-07 11:13:38,127] {dag.py:2972} INFO - Setting next_dagrun for example_task_group to 2022-08-06T11:13:38.126574+00:00, run_after=2022-08-07T11:13:38.126574+00:00
[2022-08-07 11:13:38,178] {processor.py:161} INFO - Processing /home/airflow/.local/lib/python3.7/site-packages/airflow/example_dags/example_task_group.py took 0.320 seconds
[2022-08-07 11:14:08,320] {processor.py:153} INFO - Started process (PID=2649) to work on /home/airflow/.local/lib/python3.7/site-packages/airflow/example_dags/example_task_group.py
[2022-08-07 11:14:08,322] {processor.py:641} INFO - Processing file /home/airflow/.local/lib/python3.7/site-packages/airflow/example_dags/example_task_group.py for tasks to queue
[2022-08-07 11:14:08,323] {logging_mixin.py:115} INFO - [2022-08-07 11:14:08,323] {dagbag.py:508} INFO - Filling up the DagBag from /home/airflow/.local/lib/python3.7/site-packages/airflow/example_dags/example_task_group.py
[2022-08-07 11:14:08,348] {processor.py:651} INFO - DAG(s) dict_keys(['example_task_group']) retrieved from /home/airflow/.local/lib/python3.7/site-packages/airflow/example_dags/example_task_group.py
[2022-08-07 11:14:08,437] {logging_mixin.py:115} INFO - [2022-08-07 11:14:08,436] {dag.py:2420} INFO - Sync 1 DAGs
[2022-08-07 11:14:08,518] {logging_mixin.py:115} INFO - [2022-08-07 11:14:08,517] {dag.py:2972} INFO - Setting next_dagrun for example_task_group to 2022-08-06T11:14:08.517263+00:00, run_after=2022-08-07T11:14:08.517263+00:00
[2022-08-07 11:14:08,556] {processor.py:161} INFO - Processing /home/airflow/.local/lib/python3.7/site-packages/airflow/example_dags/example_task_group.py took 0.246 seconds
[2022-08-07 11:14:39,140] {processor.py:153} INFO - Started process (PID=2703) to work on /home/airflow/.local/lib/python3.7/site-packages/airflow/example_dags/example_task_group.py
[2022-08-07 11:14:39,142] {processor.py:641} INFO - Processing file /home/airflow/.local/lib/python3.7/site-packages/airflow/example_dags/example_task_group.py for tasks to queue
[2022-08-07 11:14:39,144] {logging_mixin.py:115} INFO - [2022-08-07 11:14:39,144] {dagbag.py:508} INFO - Filling up the DagBag from /home/airflow/.local/lib/python3.7/site-packages/airflow/example_dags/example_task_group.py
[2022-08-07 11:14:39,173] {processor.py:651} INFO - DAG(s) dict_keys(['example_task_group']) retrieved from /home/airflow/.local/lib/python3.7/site-packages/airflow/example_dags/example_task_group.py
[2022-08-07 11:14:39,299] {logging_mixin.py:115} INFO - [2022-08-07 11:14:39,299] {dag.py:2420} INFO - Sync 1 DAGs
[2022-08-07 11:14:39,434] {logging_mixin.py:115} INFO - [2022-08-07 11:14:39,433] {dag.py:2972} INFO - Setting next_dagrun for example_task_group to 2022-08-06T11:14:39.432595+00:00, run_after=2022-08-07T11:14:39.432595+00:00
[2022-08-07 11:14:39,481] {processor.py:161} INFO - Processing /home/airflow/.local/lib/python3.7/site-packages/airflow/example_dags/example_task_group.py took 0.353 seconds
[2022-08-07 11:15:10,100] {processor.py:153} INFO - Started process (PID=2755) to work on /home/airflow/.local/lib/python3.7/site-packages/airflow/example_dags/example_task_group.py
[2022-08-07 11:15:10,102] {processor.py:641} INFO - Processing file /home/airflow/.local/lib/python3.7/site-packages/airflow/example_dags/example_task_group.py for tasks to queue
[2022-08-07 11:15:10,105] {logging_mixin.py:115} INFO - [2022-08-07 11:15:10,105] {dagbag.py:508} INFO - Filling up the DagBag from /home/airflow/.local/lib/python3.7/site-packages/airflow/example_dags/example_task_group.py
[2022-08-07 11:15:10,150] {processor.py:651} INFO - DAG(s) dict_keys(['example_task_group']) retrieved from /home/airflow/.local/lib/python3.7/site-packages/airflow/example_dags/example_task_group.py
[2022-08-07 11:15:10,290] {logging_mixin.py:115} INFO - [2022-08-07 11:15:10,290] {dag.py:2420} INFO - Sync 1 DAGs
[2022-08-07 11:15:10,466] {logging_mixin.py:115} INFO - [2022-08-07 11:15:10,465] {dag.py:2972} INFO - Setting next_dagrun for example_task_group to 2022-08-06T11:15:10.464571+00:00, run_after=2022-08-07T11:15:10.464571+00:00
[2022-08-07 11:15:10,554] {processor.py:161} INFO - Processing /home/airflow/.local/lib/python3.7/site-packages/airflow/example_dags/example_task_group.py took 0.466 seconds
[2022-08-07 11:15:40,743] {processor.py:153} INFO - Started process (PID=2799) to work on /home/airflow/.local/lib/python3.7/site-packages/airflow/example_dags/example_task_group.py
[2022-08-07 11:15:40,766] {processor.py:641} INFO - Processing file /home/airflow/.local/lib/python3.7/site-packages/airflow/example_dags/example_task_group.py for tasks to queue
[2022-08-07 11:15:40,768] {logging_mixin.py:115} INFO - [2022-08-07 11:15:40,768] {dagbag.py:508} INFO - Filling up the DagBag from /home/airflow/.local/lib/python3.7/site-packages/airflow/example_dags/example_task_group.py
[2022-08-07 11:15:40,825] {processor.py:651} INFO - DAG(s) dict_keys(['example_task_group']) retrieved from /home/airflow/.local/lib/python3.7/site-packages/airflow/example_dags/example_task_group.py
[2022-08-07 11:15:40,950] {logging_mixin.py:115} INFO - [2022-08-07 11:15:40,949] {dag.py:2420} INFO - Sync 1 DAGs
[2022-08-07 11:15:41,052] {logging_mixin.py:115} INFO - [2022-08-07 11:15:41,052] {dag.py:2972} INFO - Setting next_dagrun for example_task_group to 2022-08-06T11:15:41.050993+00:00, run_after=2022-08-07T11:15:41.050993+00:00
[2022-08-07 11:15:41,097] {processor.py:161} INFO - Processing /home/airflow/.local/lib/python3.7/site-packages/airflow/example_dags/example_task_group.py took 0.370 seconds
[2022-08-07 11:16:11,350] {processor.py:153} INFO - Started process (PID=2850) to work on /home/airflow/.local/lib/python3.7/site-packages/airflow/example_dags/example_task_group.py
[2022-08-07 11:16:11,364] {processor.py:641} INFO - Processing file /home/airflow/.local/lib/python3.7/site-packages/airflow/example_dags/example_task_group.py for tasks to queue
[2022-08-07 11:16:11,366] {logging_mixin.py:115} INFO - [2022-08-07 11:16:11,365] {dagbag.py:508} INFO - Filling up the DagBag from /home/airflow/.local/lib/python3.7/site-packages/airflow/example_dags/example_task_group.py
[2022-08-07 11:16:11,410] {processor.py:651} INFO - DAG(s) dict_keys(['example_task_group']) retrieved from /home/airflow/.local/lib/python3.7/site-packages/airflow/example_dags/example_task_group.py
[2022-08-07 11:16:11,560] {logging_mixin.py:115} INFO - [2022-08-07 11:16:11,560] {dag.py:2420} INFO - Sync 1 DAGs
[2022-08-07 11:16:11,685] {logging_mixin.py:115} INFO - [2022-08-07 11:16:11,685] {dag.py:2972} INFO - Setting next_dagrun for example_task_group to 2022-08-06T11:16:11.684049+00:00, run_after=2022-08-07T11:16:11.684049+00:00
[2022-08-07 11:16:11,741] {processor.py:161} INFO - Processing /home/airflow/.local/lib/python3.7/site-packages/airflow/example_dags/example_task_group.py took 0.431 seconds
[2022-08-07 11:16:42,239] {processor.py:153} INFO - Started process (PID=2902) to work on /home/airflow/.local/lib/python3.7/site-packages/airflow/example_dags/example_task_group.py
[2022-08-07 11:16:42,241] {processor.py:641} INFO - Processing file /home/airflow/.local/lib/python3.7/site-packages/airflow/example_dags/example_task_group.py for tasks to queue
[2022-08-07 11:16:42,243] {logging_mixin.py:115} INFO - [2022-08-07 11:16:42,243] {dagbag.py:508} INFO - Filling up the DagBag from /home/airflow/.local/lib/python3.7/site-packages/airflow/example_dags/example_task_group.py
[2022-08-07 11:16:42,278] {processor.py:651} INFO - DAG(s) dict_keys(['example_task_group']) retrieved from /home/airflow/.local/lib/python3.7/site-packages/airflow/example_dags/example_task_group.py
[2022-08-07 11:16:42,395] {logging_mixin.py:115} INFO - [2022-08-07 11:16:42,395] {dag.py:2420} INFO - Sync 1 DAGs
[2022-08-07 11:16:42,506] {logging_mixin.py:115} INFO - [2022-08-07 11:16:42,506] {dag.py:2972} INFO - Setting next_dagrun for example_task_group to 2022-08-06T11:16:42.505809+00:00, run_after=2022-08-07T11:16:42.505809+00:00
[2022-08-07 11:16:42,549] {processor.py:161} INFO - Processing /home/airflow/.local/lib/python3.7/site-packages/airflow/example_dags/example_task_group.py took 0.325 seconds
[2022-08-07 11:17:13,758] {processor.py:153} INFO - Started process (PID=2955) to work on /home/airflow/.local/lib/python3.7/site-packages/airflow/example_dags/example_task_group.py
[2022-08-07 11:17:13,761] {processor.py:641} INFO - Processing file /home/airflow/.local/lib/python3.7/site-packages/airflow/example_dags/example_task_group.py for tasks to queue
[2022-08-07 11:17:13,763] {logging_mixin.py:115} INFO - [2022-08-07 11:17:13,763] {dagbag.py:508} INFO - Filling up the DagBag from /home/airflow/.local/lib/python3.7/site-packages/airflow/example_dags/example_task_group.py
[2022-08-07 11:17:13,816] {processor.py:651} INFO - DAG(s) dict_keys(['example_task_group']) retrieved from /home/airflow/.local/lib/python3.7/site-packages/airflow/example_dags/example_task_group.py
[2022-08-07 11:17:13,980] {logging_mixin.py:115} INFO - [2022-08-07 11:17:13,980] {dag.py:2420} INFO - Sync 1 DAGs
[2022-08-07 11:17:14,111] {logging_mixin.py:115} INFO - [2022-08-07 11:17:14,111] {dag.py:2972} INFO - Setting next_dagrun for example_task_group to 2022-08-06T11:17:14.110057+00:00, run_after=2022-08-07T11:17:14.110057+00:00
[2022-08-07 11:17:14,183] {processor.py:161} INFO - Processing /home/airflow/.local/lib/python3.7/site-packages/airflow/example_dags/example_task_group.py took 0.443 seconds
[2022-08-07 11:17:44,514] {processor.py:153} INFO - Started process (PID=3007) to work on /home/airflow/.local/lib/python3.7/site-packages/airflow/example_dags/example_task_group.py
[2022-08-07 11:17:44,516] {processor.py:641} INFO - Processing file /home/airflow/.local/lib/python3.7/site-packages/airflow/example_dags/example_task_group.py for tasks to queue
[2022-08-07 11:17:44,518] {logging_mixin.py:115} INFO - [2022-08-07 11:17:44,518] {dagbag.py:508} INFO - Filling up the DagBag from /home/airflow/.local/lib/python3.7/site-packages/airflow/example_dags/example_task_group.py
[2022-08-07 11:17:44,552] {processor.py:651} INFO - DAG(s) dict_keys(['example_task_group']) retrieved from /home/airflow/.local/lib/python3.7/site-packages/airflow/example_dags/example_task_group.py
[2022-08-07 11:17:44,681] {logging_mixin.py:115} INFO - [2022-08-07 11:17:44,680] {dag.py:2420} INFO - Sync 1 DAGs
[2022-08-07 11:17:44,831] {logging_mixin.py:115} INFO - [2022-08-07 11:17:44,831] {dag.py:2972} INFO - Setting next_dagrun for example_task_group to 2022-08-06T11:17:44.830208+00:00, run_after=2022-08-07T11:17:44.830208+00:00
[2022-08-07 11:17:44,887] {processor.py:161} INFO - Processing /home/airflow/.local/lib/python3.7/site-packages/airflow/example_dags/example_task_group.py took 0.386 seconds
[2022-08-07 11:18:15,233] {processor.py:153} INFO - Started process (PID=3057) to work on /home/airflow/.local/lib/python3.7/site-packages/airflow/example_dags/example_task_group.py
[2022-08-07 11:18:15,235] {processor.py:641} INFO - Processing file /home/airflow/.local/lib/python3.7/site-packages/airflow/example_dags/example_task_group.py for tasks to queue
[2022-08-07 11:18:15,238] {logging_mixin.py:115} INFO - [2022-08-07 11:18:15,237] {dagbag.py:508} INFO - Filling up the DagBag from /home/airflow/.local/lib/python3.7/site-packages/airflow/example_dags/example_task_group.py
[2022-08-07 11:18:15,277] {processor.py:651} INFO - DAG(s) dict_keys(['example_task_group']) retrieved from /home/airflow/.local/lib/python3.7/site-packages/airflow/example_dags/example_task_group.py
[2022-08-07 11:18:15,395] {logging_mixin.py:115} INFO - [2022-08-07 11:18:15,395] {dag.py:2420} INFO - Sync 1 DAGs
[2022-08-07 11:18:15,483] {logging_mixin.py:115} INFO - [2022-08-07 11:18:15,482] {dag.py:2972} INFO - Setting next_dagrun for example_task_group to 2022-08-06T11:18:15.481420+00:00, run_after=2022-08-07T11:18:15.481420+00:00
[2022-08-07 11:18:15,531] {processor.py:161} INFO - Processing /home/airflow/.local/lib/python3.7/site-packages/airflow/example_dags/example_task_group.py took 0.314 seconds
[2022-08-07 11:18:46,118] {processor.py:153} INFO - Started process (PID=3102) to work on /home/airflow/.local/lib/python3.7/site-packages/airflow/example_dags/example_task_group.py
[2022-08-07 11:18:46,120] {processor.py:641} INFO - Processing file /home/airflow/.local/lib/python3.7/site-packages/airflow/example_dags/example_task_group.py for tasks to queue
[2022-08-07 11:18:46,123] {logging_mixin.py:115} INFO - [2022-08-07 11:18:46,122] {dagbag.py:508} INFO - Filling up the DagBag from /home/airflow/.local/lib/python3.7/site-packages/airflow/example_dags/example_task_group.py
[2022-08-07 11:18:46,156] {processor.py:651} INFO - DAG(s) dict_keys(['example_task_group']) retrieved from /home/airflow/.local/lib/python3.7/site-packages/airflow/example_dags/example_task_group.py
[2022-08-07 11:18:46,281] {logging_mixin.py:115} INFO - [2022-08-07 11:18:46,281] {dag.py:2420} INFO - Sync 1 DAGs
[2022-08-07 11:18:46,448] {logging_mixin.py:115} INFO - [2022-08-07 11:18:46,447] {dag.py:2972} INFO - Setting next_dagrun for example_task_group to 2022-08-06T11:18:46.444349+00:00, run_after=2022-08-07T11:18:46.444349+00:00
[2022-08-07 11:18:46,603] {processor.py:161} INFO - Processing /home/airflow/.local/lib/python3.7/site-packages/airflow/example_dags/example_task_group.py took 0.499 seconds
[2022-08-07 11:19:16,796] {processor.py:153} INFO - Started process (PID=3154) to work on /home/airflow/.local/lib/python3.7/site-packages/airflow/example_dags/example_task_group.py
[2022-08-07 11:19:16,797] {processor.py:641} INFO - Processing file /home/airflow/.local/lib/python3.7/site-packages/airflow/example_dags/example_task_group.py for tasks to queue
[2022-08-07 11:19:16,799] {logging_mixin.py:115} INFO - [2022-08-07 11:19:16,799] {dagbag.py:508} INFO - Filling up the DagBag from /home/airflow/.local/lib/python3.7/site-packages/airflow/example_dags/example_task_group.py
[2022-08-07 11:19:16,827] {processor.py:651} INFO - DAG(s) dict_keys(['example_task_group']) retrieved from /home/airflow/.local/lib/python3.7/site-packages/airflow/example_dags/example_task_group.py
[2022-08-07 11:19:16,917] {logging_mixin.py:115} INFO - [2022-08-07 11:19:16,917] {dag.py:2420} INFO - Sync 1 DAGs
[2022-08-07 11:19:16,993] {logging_mixin.py:115} INFO - [2022-08-07 11:19:16,993] {dag.py:2972} INFO - Setting next_dagrun for example_task_group to 2022-08-06T11:19:16.992764+00:00, run_after=2022-08-07T11:19:16.992764+00:00
[2022-08-07 11:19:17,029] {processor.py:161} INFO - Processing /home/airflow/.local/lib/python3.7/site-packages/airflow/example_dags/example_task_group.py took 0.245 seconds
[2022-08-07 11:19:47,873] {processor.py:153} INFO - Started process (PID=3206) to work on /home/airflow/.local/lib/python3.7/site-packages/airflow/example_dags/example_task_group.py
[2022-08-07 11:19:47,875] {processor.py:641} INFO - Processing file /home/airflow/.local/lib/python3.7/site-packages/airflow/example_dags/example_task_group.py for tasks to queue
[2022-08-07 11:19:47,877] {logging_mixin.py:115} INFO - [2022-08-07 11:19:47,877] {dagbag.py:508} INFO - Filling up the DagBag from /home/airflow/.local/lib/python3.7/site-packages/airflow/example_dags/example_task_group.py
[2022-08-07 11:19:47,910] {processor.py:651} INFO - DAG(s) dict_keys(['example_task_group']) retrieved from /home/airflow/.local/lib/python3.7/site-packages/airflow/example_dags/example_task_group.py
[2022-08-07 11:19:48,032] {logging_mixin.py:115} INFO - [2022-08-07 11:19:48,032] {dag.py:2420} INFO - Sync 1 DAGs
[2022-08-07 11:19:48,130] {logging_mixin.py:115} INFO - [2022-08-07 11:19:48,130] {dag.py:2972} INFO - Setting next_dagrun for example_task_group to 2022-08-06T11:19:48.129363+00:00, run_after=2022-08-07T11:19:48.129363+00:00
[2022-08-07 11:19:48,184] {processor.py:161} INFO - Processing /home/airflow/.local/lib/python3.7/site-packages/airflow/example_dags/example_task_group.py took 0.325 seconds
[2022-08-07 11:20:18,639] {processor.py:153} INFO - Started process (PID=3258) to work on /home/airflow/.local/lib/python3.7/site-packages/airflow/example_dags/example_task_group.py
[2022-08-07 11:20:18,641] {processor.py:641} INFO - Processing file /home/airflow/.local/lib/python3.7/site-packages/airflow/example_dags/example_task_group.py for tasks to queue
[2022-08-07 11:20:18,644] {logging_mixin.py:115} INFO - [2022-08-07 11:20:18,643] {dagbag.py:508} INFO - Filling up the DagBag from /home/airflow/.local/lib/python3.7/site-packages/airflow/example_dags/example_task_group.py
[2022-08-07 11:20:18,691] {processor.py:651} INFO - DAG(s) dict_keys(['example_task_group']) retrieved from /home/airflow/.local/lib/python3.7/site-packages/airflow/example_dags/example_task_group.py
[2022-08-07 11:20:18,866] {logging_mixin.py:115} INFO - [2022-08-07 11:20:18,865] {dag.py:2420} INFO - Sync 1 DAGs
[2022-08-07 11:20:18,994] {logging_mixin.py:115} INFO - [2022-08-07 11:20:18,994] {dag.py:2972} INFO - Setting next_dagrun for example_task_group to 2022-08-06T11:20:18.993004+00:00, run_after=2022-08-07T11:20:18.993004+00:00
[2022-08-07 11:20:19,065] {processor.py:161} INFO - Processing /home/airflow/.local/lib/python3.7/site-packages/airflow/example_dags/example_task_group.py took 0.441 seconds
