[2022-08-07 10:45:32,212] {processor.py:153} INFO - Started process (PID=87) to work on /home/airflow/.local/lib/python3.7/site-packages/airflow/example_dags/example_complex.py
[2022-08-07 10:45:32,214] {processor.py:641} INFO - Processing file /home/airflow/.local/lib/python3.7/site-packages/airflow/example_dags/example_complex.py for tasks to queue
[2022-08-07 10:45:32,216] {logging_mixin.py:115} INFO - [2022-08-07 10:45:32,216] {dagbag.py:508} INFO - Filling up the DagBag from /home/airflow/.local/lib/python3.7/site-packages/airflow/example_dags/example_complex.py
[2022-08-07 10:45:32,274] {processor.py:651} INFO - DAG(s) dict_keys(['example_complex']) retrieved from /home/airflow/.local/lib/python3.7/site-packages/airflow/example_dags/example_complex.py
[2022-08-07 10:45:32,570] {logging_mixin.py:115} INFO - [2022-08-07 10:45:32,570] {manager.py:508} INFO - Created Permission View: can read on DAG:example_complex
[2022-08-07 10:45:32,606] {logging_mixin.py:115} INFO - [2022-08-07 10:45:32,606] {manager.py:508} INFO - Created Permission View: can delete on DAG:example_complex
[2022-08-07 10:45:32,633] {logging_mixin.py:115} INFO - [2022-08-07 10:45:32,633] {manager.py:508} INFO - Created Permission View: can edit on DAG:example_complex
[2022-08-07 10:45:32,634] {logging_mixin.py:115} INFO - [2022-08-07 10:45:32,634] {dag.py:2420} INFO - Sync 1 DAGs
[2022-08-07 10:45:32,671] {logging_mixin.py:115} INFO - [2022-08-07 10:45:32,671] {dag.py:2439} INFO - Creating ORM DAG for example_complex
[2022-08-07 10:45:32,725] {logging_mixin.py:115} INFO - [2022-08-07 10:45:32,724] {dag.py:2972} INFO - Setting next_dagrun for example_complex to None, run_after=None
[2022-08-07 10:45:32,780] {processor.py:161} INFO - Processing /home/airflow/.local/lib/python3.7/site-packages/airflow/example_dags/example_complex.py took 0.581 seconds
[2022-08-07 10:47:52,639] {processor.py:153} INFO - Started process (PID=155) to work on /home/airflow/.local/lib/python3.7/site-packages/airflow/example_dags/example_complex.py
[2022-08-07 10:47:52,651] {processor.py:641} INFO - Processing file /home/airflow/.local/lib/python3.7/site-packages/airflow/example_dags/example_complex.py for tasks to queue
[2022-08-07 10:47:52,653] {logging_mixin.py:115} INFO - [2022-08-07 10:47:52,653] {dagbag.py:508} INFO - Filling up the DagBag from /home/airflow/.local/lib/python3.7/site-packages/airflow/example_dags/example_complex.py
[2022-08-07 10:47:52,773] {processor.py:651} INFO - DAG(s) dict_keys(['example_complex']) retrieved from /home/airflow/.local/lib/python3.7/site-packages/airflow/example_dags/example_complex.py
[2022-08-07 10:47:53,164] {logging_mixin.py:115} INFO - [2022-08-07 10:47:53,164] {dag.py:2420} INFO - Sync 1 DAGs
[2022-08-07 10:47:53,687] {logging_mixin.py:115} INFO - [2022-08-07 10:47:53,687] {dag.py:2972} INFO - Setting next_dagrun for example_complex to None, run_after=None
[2022-08-07 10:47:54,108] {processor.py:161} INFO - Processing /home/airflow/.local/lib/python3.7/site-packages/airflow/example_dags/example_complex.py took 1.483 seconds
[2022-08-07 10:48:30,887] {processor.py:153} INFO - Started process (PID=200) to work on /home/airflow/.local/lib/python3.7/site-packages/airflow/example_dags/example_complex.py
[2022-08-07 10:48:30,894] {processor.py:641} INFO - Processing file /home/airflow/.local/lib/python3.7/site-packages/airflow/example_dags/example_complex.py for tasks to queue
[2022-08-07 10:48:30,902] {logging_mixin.py:115} INFO - [2022-08-07 10:48:30,898] {dagbag.py:508} INFO - Filling up the DagBag from /home/airflow/.local/lib/python3.7/site-packages/airflow/example_dags/example_complex.py
[2022-08-07 10:48:31,021] {processor.py:651} INFO - DAG(s) dict_keys(['example_complex']) retrieved from /home/airflow/.local/lib/python3.7/site-packages/airflow/example_dags/example_complex.py
[2022-08-07 10:48:31,298] {logging_mixin.py:115} INFO - [2022-08-07 10:48:31,298] {dag.py:2420} INFO - Sync 1 DAGs
[2022-08-07 10:48:31,468] {logging_mixin.py:115} INFO - [2022-08-07 10:48:31,468] {dag.py:2972} INFO - Setting next_dagrun for example_complex to None, run_after=None
[2022-08-07 10:48:31,542] {processor.py:161} INFO - Processing /home/airflow/.local/lib/python3.7/site-packages/airflow/example_dags/example_complex.py took 0.681 seconds
[2022-08-07 10:49:02,012] {processor.py:153} INFO - Started process (PID=252) to work on /home/airflow/.local/lib/python3.7/site-packages/airflow/example_dags/example_complex.py
[2022-08-07 10:49:02,015] {processor.py:641} INFO - Processing file /home/airflow/.local/lib/python3.7/site-packages/airflow/example_dags/example_complex.py for tasks to queue
[2022-08-07 10:49:02,025] {logging_mixin.py:115} INFO - [2022-08-07 10:49:02,017] {dagbag.py:508} INFO - Filling up the DagBag from /home/airflow/.local/lib/python3.7/site-packages/airflow/example_dags/example_complex.py
[2022-08-07 10:49:02,158] {processor.py:651} INFO - DAG(s) dict_keys(['example_complex']) retrieved from /home/airflow/.local/lib/python3.7/site-packages/airflow/example_dags/example_complex.py
[2022-08-07 10:49:02,342] {logging_mixin.py:115} INFO - [2022-08-07 10:49:02,342] {dag.py:2420} INFO - Sync 1 DAGs
[2022-08-07 10:49:02,461] {logging_mixin.py:115} INFO - [2022-08-07 10:49:02,461] {dag.py:2972} INFO - Setting next_dagrun for example_complex to None, run_after=None
[2022-08-07 10:49:02,510] {processor.py:161} INFO - Processing /home/airflow/.local/lib/python3.7/site-packages/airflow/example_dags/example_complex.py took 0.511 seconds
[2022-08-07 10:49:33,419] {processor.py:153} INFO - Started process (PID=304) to work on /home/airflow/.local/lib/python3.7/site-packages/airflow/example_dags/example_complex.py
[2022-08-07 10:49:33,420] {processor.py:641} INFO - Processing file /home/airflow/.local/lib/python3.7/site-packages/airflow/example_dags/example_complex.py for tasks to queue
[2022-08-07 10:49:33,423] {logging_mixin.py:115} INFO - [2022-08-07 10:49:33,422] {dagbag.py:508} INFO - Filling up the DagBag from /home/airflow/.local/lib/python3.7/site-packages/airflow/example_dags/example_complex.py
[2022-08-07 10:49:33,475] {processor.py:651} INFO - DAG(s) dict_keys(['example_complex']) retrieved from /home/airflow/.local/lib/python3.7/site-packages/airflow/example_dags/example_complex.py
[2022-08-07 10:49:33,579] {logging_mixin.py:115} INFO - [2022-08-07 10:49:33,579] {dag.py:2420} INFO - Sync 1 DAGs
[2022-08-07 10:49:33,660] {logging_mixin.py:115} INFO - [2022-08-07 10:49:33,660] {dag.py:2972} INFO - Setting next_dagrun for example_complex to None, run_after=None
[2022-08-07 10:49:33,697] {processor.py:161} INFO - Processing /home/airflow/.local/lib/python3.7/site-packages/airflow/example_dags/example_complex.py took 0.287 seconds
[2022-08-07 10:50:03,854] {processor.py:153} INFO - Started process (PID=355) to work on /home/airflow/.local/lib/python3.7/site-packages/airflow/example_dags/example_complex.py
[2022-08-07 10:50:03,856] {processor.py:641} INFO - Processing file /home/airflow/.local/lib/python3.7/site-packages/airflow/example_dags/example_complex.py for tasks to queue
[2022-08-07 10:50:03,857] {logging_mixin.py:115} INFO - [2022-08-07 10:50:03,857] {dagbag.py:508} INFO - Filling up the DagBag from /home/airflow/.local/lib/python3.7/site-packages/airflow/example_dags/example_complex.py
[2022-08-07 10:50:03,906] {processor.py:651} INFO - DAG(s) dict_keys(['example_complex']) retrieved from /home/airflow/.local/lib/python3.7/site-packages/airflow/example_dags/example_complex.py
[2022-08-07 10:50:04,007] {logging_mixin.py:115} INFO - [2022-08-07 10:50:04,007] {dag.py:2420} INFO - Sync 1 DAGs
[2022-08-07 10:50:04,080] {logging_mixin.py:115} INFO - [2022-08-07 10:50:04,080] {dag.py:2972} INFO - Setting next_dagrun for example_complex to None, run_after=None
[2022-08-07 10:50:04,114] {processor.py:161} INFO - Processing /home/airflow/.local/lib/python3.7/site-packages/airflow/example_dags/example_complex.py took 0.267 seconds
[2022-08-07 10:50:34,831] {processor.py:153} INFO - Started process (PID=407) to work on /home/airflow/.local/lib/python3.7/site-packages/airflow/example_dags/example_complex.py
[2022-08-07 10:50:34,832] {processor.py:641} INFO - Processing file /home/airflow/.local/lib/python3.7/site-packages/airflow/example_dags/example_complex.py for tasks to queue
[2022-08-07 10:50:34,834] {logging_mixin.py:115} INFO - [2022-08-07 10:50:34,834] {dagbag.py:508} INFO - Filling up the DagBag from /home/airflow/.local/lib/python3.7/site-packages/airflow/example_dags/example_complex.py
[2022-08-07 10:50:34,916] {processor.py:651} INFO - DAG(s) dict_keys(['example_complex']) retrieved from /home/airflow/.local/lib/python3.7/site-packages/airflow/example_dags/example_complex.py
[2022-08-07 10:50:35,047] {logging_mixin.py:115} INFO - [2022-08-07 10:50:35,046] {dag.py:2420} INFO - Sync 1 DAGs
[2022-08-07 10:50:35,127] {logging_mixin.py:115} INFO - [2022-08-07 10:50:35,126] {dag.py:2972} INFO - Setting next_dagrun for example_complex to None, run_after=None
[2022-08-07 10:50:35,166] {processor.py:161} INFO - Processing /home/airflow/.local/lib/python3.7/site-packages/airflow/example_dags/example_complex.py took 0.347 seconds
[2022-08-07 10:51:05,521] {processor.py:153} INFO - Started process (PID=459) to work on /home/airflow/.local/lib/python3.7/site-packages/airflow/example_dags/example_complex.py
[2022-08-07 10:51:05,523] {processor.py:641} INFO - Processing file /home/airflow/.local/lib/python3.7/site-packages/airflow/example_dags/example_complex.py for tasks to queue
[2022-08-07 10:51:05,525] {logging_mixin.py:115} INFO - [2022-08-07 10:51:05,525] {dagbag.py:508} INFO - Filling up the DagBag from /home/airflow/.local/lib/python3.7/site-packages/airflow/example_dags/example_complex.py
[2022-08-07 10:51:05,614] {processor.py:651} INFO - DAG(s) dict_keys(['example_complex']) retrieved from /home/airflow/.local/lib/python3.7/site-packages/airflow/example_dags/example_complex.py
[2022-08-07 10:51:05,838] {logging_mixin.py:115} INFO - [2022-08-07 10:51:05,835] {dag.py:2420} INFO - Sync 1 DAGs
[2022-08-07 10:51:05,987] {logging_mixin.py:115} INFO - [2022-08-07 10:51:05,986] {dag.py:2972} INFO - Setting next_dagrun for example_complex to None, run_after=None
[2022-08-07 10:51:06,045] {processor.py:161} INFO - Processing /home/airflow/.local/lib/python3.7/site-packages/airflow/example_dags/example_complex.py took 0.535 seconds
[2022-08-07 10:51:36,440] {processor.py:153} INFO - Started process (PID=510) to work on /home/airflow/.local/lib/python3.7/site-packages/airflow/example_dags/example_complex.py
[2022-08-07 10:51:36,441] {processor.py:641} INFO - Processing file /home/airflow/.local/lib/python3.7/site-packages/airflow/example_dags/example_complex.py for tasks to queue
[2022-08-07 10:51:36,443] {logging_mixin.py:115} INFO - [2022-08-07 10:51:36,443] {dagbag.py:508} INFO - Filling up the DagBag from /home/airflow/.local/lib/python3.7/site-packages/airflow/example_dags/example_complex.py
[2022-08-07 10:51:36,500] {processor.py:651} INFO - DAG(s) dict_keys(['example_complex']) retrieved from /home/airflow/.local/lib/python3.7/site-packages/airflow/example_dags/example_complex.py
[2022-08-07 10:51:36,609] {logging_mixin.py:115} INFO - [2022-08-07 10:51:36,608] {dag.py:2420} INFO - Sync 1 DAGs
[2022-08-07 10:51:36,697] {logging_mixin.py:115} INFO - [2022-08-07 10:51:36,696] {dag.py:2972} INFO - Setting next_dagrun for example_complex to None, run_after=None
[2022-08-07 10:51:36,742] {processor.py:161} INFO - Processing /home/airflow/.local/lib/python3.7/site-packages/airflow/example_dags/example_complex.py took 0.314 seconds
[2022-08-07 10:52:08,795] {processor.py:153} INFO - Started process (PID=563) to work on /home/airflow/.local/lib/python3.7/site-packages/airflow/example_dags/example_complex.py
[2022-08-07 10:52:08,805] {processor.py:641} INFO - Processing file /home/airflow/.local/lib/python3.7/site-packages/airflow/example_dags/example_complex.py for tasks to queue
[2022-08-07 10:52:08,807] {logging_mixin.py:115} INFO - [2022-08-07 10:52:08,807] {dagbag.py:508} INFO - Filling up the DagBag from /home/airflow/.local/lib/python3.7/site-packages/airflow/example_dags/example_complex.py
[2022-08-07 10:52:09,016] {processor.py:651} INFO - DAG(s) dict_keys(['example_complex']) retrieved from /home/airflow/.local/lib/python3.7/site-packages/airflow/example_dags/example_complex.py
[2022-08-07 10:52:09,449] {logging_mixin.py:115} INFO - [2022-08-07 10:52:09,449] {dag.py:2420} INFO - Sync 1 DAGs
[2022-08-07 10:52:09,672] {logging_mixin.py:115} INFO - [2022-08-07 10:52:09,671] {dag.py:2972} INFO - Setting next_dagrun for example_complex to None, run_after=None
[2022-08-07 10:52:09,762] {processor.py:161} INFO - Processing /home/airflow/.local/lib/python3.7/site-packages/airflow/example_dags/example_complex.py took 1.031 seconds
[2022-08-07 10:53:32,298] {processor.py:153} INFO - Started process (PID=618) to work on /home/airflow/.local/lib/python3.7/site-packages/airflow/example_dags/example_complex.py
[2022-08-07 10:53:32,300] {processor.py:641} INFO - Processing file /home/airflow/.local/lib/python3.7/site-packages/airflow/example_dags/example_complex.py for tasks to queue
[2022-08-07 10:53:32,302] {logging_mixin.py:115} INFO - [2022-08-07 10:53:32,301] {dagbag.py:508} INFO - Filling up the DagBag from /home/airflow/.local/lib/python3.7/site-packages/airflow/example_dags/example_complex.py
[2022-08-07 10:53:32,371] {processor.py:651} INFO - DAG(s) dict_keys(['example_complex']) retrieved from /home/airflow/.local/lib/python3.7/site-packages/airflow/example_dags/example_complex.py
[2022-08-07 10:53:32,532] {logging_mixin.py:115} INFO - [2022-08-07 10:53:32,532] {dag.py:2420} INFO - Sync 1 DAGs
[2022-08-07 10:53:32,652] {logging_mixin.py:115} INFO - [2022-08-07 10:53:32,652] {dag.py:2972} INFO - Setting next_dagrun for example_complex to None, run_after=None
[2022-08-07 10:53:32,706] {processor.py:161} INFO - Processing /home/airflow/.local/lib/python3.7/site-packages/airflow/example_dags/example_complex.py took 0.419 seconds
[2022-08-07 10:54:03,148] {processor.py:153} INFO - Started process (PID=671) to work on /home/airflow/.local/lib/python3.7/site-packages/airflow/example_dags/example_complex.py
[2022-08-07 10:54:03,150] {processor.py:641} INFO - Processing file /home/airflow/.local/lib/python3.7/site-packages/airflow/example_dags/example_complex.py for tasks to queue
[2022-08-07 10:54:03,151] {logging_mixin.py:115} INFO - [2022-08-07 10:54:03,151] {dagbag.py:508} INFO - Filling up the DagBag from /home/airflow/.local/lib/python3.7/site-packages/airflow/example_dags/example_complex.py
[2022-08-07 10:54:03,208] {processor.py:651} INFO - DAG(s) dict_keys(['example_complex']) retrieved from /home/airflow/.local/lib/python3.7/site-packages/airflow/example_dags/example_complex.py
[2022-08-07 10:54:03,343] {logging_mixin.py:115} INFO - [2022-08-07 10:54:03,342] {dag.py:2420} INFO - Sync 1 DAGs
[2022-08-07 10:54:03,423] {logging_mixin.py:115} INFO - [2022-08-07 10:54:03,423] {dag.py:2972} INFO - Setting next_dagrun for example_complex to None, run_after=None
[2022-08-07 10:54:03,457] {processor.py:161} INFO - Processing /home/airflow/.local/lib/python3.7/site-packages/airflow/example_dags/example_complex.py took 0.319 seconds
[2022-08-07 10:54:33,679] {processor.py:153} INFO - Started process (PID=723) to work on /home/airflow/.local/lib/python3.7/site-packages/airflow/example_dags/example_complex.py
[2022-08-07 10:54:33,681] {processor.py:641} INFO - Processing file /home/airflow/.local/lib/python3.7/site-packages/airflow/example_dags/example_complex.py for tasks to queue
[2022-08-07 10:54:33,683] {logging_mixin.py:115} INFO - [2022-08-07 10:54:33,682] {dagbag.py:508} INFO - Filling up the DagBag from /home/airflow/.local/lib/python3.7/site-packages/airflow/example_dags/example_complex.py
[2022-08-07 10:54:33,735] {processor.py:651} INFO - DAG(s) dict_keys(['example_complex']) retrieved from /home/airflow/.local/lib/python3.7/site-packages/airflow/example_dags/example_complex.py
[2022-08-07 10:54:33,842] {logging_mixin.py:115} INFO - [2022-08-07 10:54:33,841] {dag.py:2420} INFO - Sync 1 DAGs
[2022-08-07 10:54:33,922] {logging_mixin.py:115} INFO - [2022-08-07 10:54:33,922] {dag.py:2972} INFO - Setting next_dagrun for example_complex to None, run_after=None
[2022-08-07 10:54:33,963] {processor.py:161} INFO - Processing /home/airflow/.local/lib/python3.7/site-packages/airflow/example_dags/example_complex.py took 0.294 seconds
[2022-08-07 10:55:04,915] {processor.py:153} INFO - Started process (PID=775) to work on /home/airflow/.local/lib/python3.7/site-packages/airflow/example_dags/example_complex.py
[2022-08-07 10:55:04,917] {processor.py:641} INFO - Processing file /home/airflow/.local/lib/python3.7/site-packages/airflow/example_dags/example_complex.py for tasks to queue
[2022-08-07 10:55:04,919] {logging_mixin.py:115} INFO - [2022-08-07 10:55:04,919] {dagbag.py:508} INFO - Filling up the DagBag from /home/airflow/.local/lib/python3.7/site-packages/airflow/example_dags/example_complex.py
[2022-08-07 10:55:04,995] {processor.py:651} INFO - DAG(s) dict_keys(['example_complex']) retrieved from /home/airflow/.local/lib/python3.7/site-packages/airflow/example_dags/example_complex.py
[2022-08-07 10:55:05,140] {logging_mixin.py:115} INFO - [2022-08-07 10:55:05,140] {dag.py:2420} INFO - Sync 1 DAGs
[2022-08-07 10:55:05,256] {logging_mixin.py:115} INFO - [2022-08-07 10:55:05,256] {dag.py:2972} INFO - Setting next_dagrun for example_complex to None, run_after=None
[2022-08-07 10:55:05,303] {processor.py:161} INFO - Processing /home/airflow/.local/lib/python3.7/site-packages/airflow/example_dags/example_complex.py took 0.400 seconds
[2022-08-07 10:55:35,692] {processor.py:153} INFO - Started process (PID=827) to work on /home/airflow/.local/lib/python3.7/site-packages/airflow/example_dags/example_complex.py
[2022-08-07 10:55:35,694] {processor.py:641} INFO - Processing file /home/airflow/.local/lib/python3.7/site-packages/airflow/example_dags/example_complex.py for tasks to queue
[2022-08-07 10:55:35,696] {logging_mixin.py:115} INFO - [2022-08-07 10:55:35,695] {dagbag.py:508} INFO - Filling up the DagBag from /home/airflow/.local/lib/python3.7/site-packages/airflow/example_dags/example_complex.py
[2022-08-07 10:55:35,767] {processor.py:651} INFO - DAG(s) dict_keys(['example_complex']) retrieved from /home/airflow/.local/lib/python3.7/site-packages/airflow/example_dags/example_complex.py
[2022-08-07 10:55:35,884] {logging_mixin.py:115} INFO - [2022-08-07 10:55:35,883] {dag.py:2420} INFO - Sync 1 DAGs
[2022-08-07 10:55:35,964] {logging_mixin.py:115} INFO - [2022-08-07 10:55:35,963] {dag.py:2972} INFO - Setting next_dagrun for example_complex to None, run_after=None
[2022-08-07 10:55:36,000] {processor.py:161} INFO - Processing /home/airflow/.local/lib/python3.7/site-packages/airflow/example_dags/example_complex.py took 0.322 seconds
[2022-08-07 10:56:06,370] {processor.py:153} INFO - Started process (PID=879) to work on /home/airflow/.local/lib/python3.7/site-packages/airflow/example_dags/example_complex.py
[2022-08-07 10:56:06,372] {processor.py:641} INFO - Processing file /home/airflow/.local/lib/python3.7/site-packages/airflow/example_dags/example_complex.py for tasks to queue
[2022-08-07 10:56:06,374] {logging_mixin.py:115} INFO - [2022-08-07 10:56:06,374] {dagbag.py:508} INFO - Filling up the DagBag from /home/airflow/.local/lib/python3.7/site-packages/airflow/example_dags/example_complex.py
[2022-08-07 10:56:06,451] {processor.py:651} INFO - DAG(s) dict_keys(['example_complex']) retrieved from /home/airflow/.local/lib/python3.7/site-packages/airflow/example_dags/example_complex.py
[2022-08-07 10:56:06,610] {logging_mixin.py:115} INFO - [2022-08-07 10:56:06,609] {dag.py:2420} INFO - Sync 1 DAGs
[2022-08-07 10:56:06,721] {logging_mixin.py:115} INFO - [2022-08-07 10:56:06,721] {dag.py:2972} INFO - Setting next_dagrun for example_complex to None, run_after=None
[2022-08-07 10:56:06,766] {processor.py:161} INFO - Processing /home/airflow/.local/lib/python3.7/site-packages/airflow/example_dags/example_complex.py took 0.408 seconds
[2022-08-07 10:56:37,043] {processor.py:153} INFO - Started process (PID=931) to work on /home/airflow/.local/lib/python3.7/site-packages/airflow/example_dags/example_complex.py
[2022-08-07 10:56:37,044] {processor.py:641} INFO - Processing file /home/airflow/.local/lib/python3.7/site-packages/airflow/example_dags/example_complex.py for tasks to queue
[2022-08-07 10:56:37,046] {logging_mixin.py:115} INFO - [2022-08-07 10:56:37,046] {dagbag.py:508} INFO - Filling up the DagBag from /home/airflow/.local/lib/python3.7/site-packages/airflow/example_dags/example_complex.py
[2022-08-07 10:56:37,116] {processor.py:651} INFO - DAG(s) dict_keys(['example_complex']) retrieved from /home/airflow/.local/lib/python3.7/site-packages/airflow/example_dags/example_complex.py
[2022-08-07 10:56:37,255] {logging_mixin.py:115} INFO - [2022-08-07 10:56:37,254] {dag.py:2420} INFO - Sync 1 DAGs
[2022-08-07 10:56:37,369] {logging_mixin.py:115} INFO - [2022-08-07 10:56:37,369] {dag.py:2972} INFO - Setting next_dagrun for example_complex to None, run_after=None
[2022-08-07 10:56:37,418] {processor.py:161} INFO - Processing /home/airflow/.local/lib/python3.7/site-packages/airflow/example_dags/example_complex.py took 0.388 seconds
[2022-08-07 10:57:07,522] {processor.py:153} INFO - Started process (PID=983) to work on /home/airflow/.local/lib/python3.7/site-packages/airflow/example_dags/example_complex.py
[2022-08-07 10:57:07,523] {processor.py:641} INFO - Processing file /home/airflow/.local/lib/python3.7/site-packages/airflow/example_dags/example_complex.py for tasks to queue
[2022-08-07 10:57:07,524] {logging_mixin.py:115} INFO - [2022-08-07 10:57:07,524] {dagbag.py:508} INFO - Filling up the DagBag from /home/airflow/.local/lib/python3.7/site-packages/airflow/example_dags/example_complex.py
[2022-08-07 10:57:07,577] {processor.py:651} INFO - DAG(s) dict_keys(['example_complex']) retrieved from /home/airflow/.local/lib/python3.7/site-packages/airflow/example_dags/example_complex.py
[2022-08-07 10:57:07,678] {logging_mixin.py:115} INFO - [2022-08-07 10:57:07,678] {dag.py:2420} INFO - Sync 1 DAGs
[2022-08-07 10:57:07,745] {logging_mixin.py:115} INFO - [2022-08-07 10:57:07,745] {dag.py:2972} INFO - Setting next_dagrun for example_complex to None, run_after=None
[2022-08-07 10:57:07,777] {processor.py:161} INFO - Processing /home/airflow/.local/lib/python3.7/site-packages/airflow/example_dags/example_complex.py took 0.264 seconds
[2022-08-07 10:57:38,737] {processor.py:153} INFO - Started process (PID=1035) to work on /home/airflow/.local/lib/python3.7/site-packages/airflow/example_dags/example_complex.py
[2022-08-07 10:57:38,738] {processor.py:641} INFO - Processing file /home/airflow/.local/lib/python3.7/site-packages/airflow/example_dags/example_complex.py for tasks to queue
[2022-08-07 10:57:38,740] {logging_mixin.py:115} INFO - [2022-08-07 10:57:38,740] {dagbag.py:508} INFO - Filling up the DagBag from /home/airflow/.local/lib/python3.7/site-packages/airflow/example_dags/example_complex.py
[2022-08-07 10:57:38,807] {processor.py:651} INFO - DAG(s) dict_keys(['example_complex']) retrieved from /home/airflow/.local/lib/python3.7/site-packages/airflow/example_dags/example_complex.py
[2022-08-07 10:57:38,942] {logging_mixin.py:115} INFO - [2022-08-07 10:57:38,942] {dag.py:2420} INFO - Sync 1 DAGs
[2022-08-07 10:57:39,027] {logging_mixin.py:115} INFO - [2022-08-07 10:57:39,027] {dag.py:2972} INFO - Setting next_dagrun for example_complex to None, run_after=None
[2022-08-07 10:57:39,074] {processor.py:161} INFO - Processing /home/airflow/.local/lib/python3.7/site-packages/airflow/example_dags/example_complex.py took 0.347 seconds
[2022-08-07 10:58:09,878] {processor.py:153} INFO - Started process (PID=1087) to work on /home/airflow/.local/lib/python3.7/site-packages/airflow/example_dags/example_complex.py
[2022-08-07 10:58:09,880] {processor.py:641} INFO - Processing file /home/airflow/.local/lib/python3.7/site-packages/airflow/example_dags/example_complex.py for tasks to queue
[2022-08-07 10:58:09,883] {logging_mixin.py:115} INFO - [2022-08-07 10:58:09,882] {dagbag.py:508} INFO - Filling up the DagBag from /home/airflow/.local/lib/python3.7/site-packages/airflow/example_dags/example_complex.py
[2022-08-07 10:58:09,975] {processor.py:651} INFO - DAG(s) dict_keys(['example_complex']) retrieved from /home/airflow/.local/lib/python3.7/site-packages/airflow/example_dags/example_complex.py
[2022-08-07 10:58:10,231] {logging_mixin.py:115} INFO - [2022-08-07 10:58:10,231] {dag.py:2420} INFO - Sync 1 DAGs
[2022-08-07 10:58:10,407] {logging_mixin.py:115} INFO - [2022-08-07 10:58:10,406] {dag.py:2972} INFO - Setting next_dagrun for example_complex to None, run_after=None
[2022-08-07 10:58:10,610] {processor.py:161} INFO - Processing /home/airflow/.local/lib/python3.7/site-packages/airflow/example_dags/example_complex.py took 0.748 seconds
[2022-08-07 10:58:41,400] {processor.py:153} INFO - Started process (PID=1136) to work on /home/airflow/.local/lib/python3.7/site-packages/airflow/example_dags/example_complex.py
[2022-08-07 10:58:41,401] {processor.py:641} INFO - Processing file /home/airflow/.local/lib/python3.7/site-packages/airflow/example_dags/example_complex.py for tasks to queue
[2022-08-07 10:58:41,403] {logging_mixin.py:115} INFO - [2022-08-07 10:58:41,403] {dagbag.py:508} INFO - Filling up the DagBag from /home/airflow/.local/lib/python3.7/site-packages/airflow/example_dags/example_complex.py
[2022-08-07 10:58:41,488] {processor.py:651} INFO - DAG(s) dict_keys(['example_complex']) retrieved from /home/airflow/.local/lib/python3.7/site-packages/airflow/example_dags/example_complex.py
[2022-08-07 10:58:41,618] {logging_mixin.py:115} INFO - [2022-08-07 10:58:41,618] {dag.py:2420} INFO - Sync 1 DAGs
[2022-08-07 10:58:41,736] {logging_mixin.py:115} INFO - [2022-08-07 10:58:41,736] {dag.py:2972} INFO - Setting next_dagrun for example_complex to None, run_after=None
[2022-08-07 10:58:41,778] {processor.py:161} INFO - Processing /home/airflow/.local/lib/python3.7/site-packages/airflow/example_dags/example_complex.py took 0.422 seconds
[2022-08-07 10:59:12,007] {processor.py:153} INFO - Started process (PID=1182) to work on /home/airflow/.local/lib/python3.7/site-packages/airflow/example_dags/example_complex.py
[2022-08-07 10:59:12,009] {processor.py:641} INFO - Processing file /home/airflow/.local/lib/python3.7/site-packages/airflow/example_dags/example_complex.py for tasks to queue
[2022-08-07 10:59:12,011] {logging_mixin.py:115} INFO - [2022-08-07 10:59:12,010] {dagbag.py:508} INFO - Filling up the DagBag from /home/airflow/.local/lib/python3.7/site-packages/airflow/example_dags/example_complex.py
[2022-08-07 10:59:12,079] {processor.py:651} INFO - DAG(s) dict_keys(['example_complex']) retrieved from /home/airflow/.local/lib/python3.7/site-packages/airflow/example_dags/example_complex.py
[2022-08-07 10:59:12,222] {logging_mixin.py:115} INFO - [2022-08-07 10:59:12,222] {dag.py:2420} INFO - Sync 1 DAGs
[2022-08-07 10:59:12,325] {logging_mixin.py:115} INFO - [2022-08-07 10:59:12,325] {dag.py:2972} INFO - Setting next_dagrun for example_complex to None, run_after=None
[2022-08-07 10:59:12,369] {processor.py:161} INFO - Processing /home/airflow/.local/lib/python3.7/site-packages/airflow/example_dags/example_complex.py took 0.373 seconds
[2022-08-07 10:59:42,542] {processor.py:153} INFO - Started process (PID=1234) to work on /home/airflow/.local/lib/python3.7/site-packages/airflow/example_dags/example_complex.py
[2022-08-07 10:59:42,556] {processor.py:641} INFO - Processing file /home/airflow/.local/lib/python3.7/site-packages/airflow/example_dags/example_complex.py for tasks to queue
[2022-08-07 10:59:42,559] {logging_mixin.py:115} INFO - [2022-08-07 10:59:42,558] {dagbag.py:508} INFO - Filling up the DagBag from /home/airflow/.local/lib/python3.7/site-packages/airflow/example_dags/example_complex.py
[2022-08-07 10:59:42,642] {processor.py:651} INFO - DAG(s) dict_keys(['example_complex']) retrieved from /home/airflow/.local/lib/python3.7/site-packages/airflow/example_dags/example_complex.py
[2022-08-07 10:59:42,810] {logging_mixin.py:115} INFO - [2022-08-07 10:59:42,810] {dag.py:2420} INFO - Sync 1 DAGs
[2022-08-07 10:59:42,905] {logging_mixin.py:115} INFO - [2022-08-07 10:59:42,905] {dag.py:2972} INFO - Setting next_dagrun for example_complex to None, run_after=None
[2022-08-07 10:59:42,988] {processor.py:161} INFO - Processing /home/airflow/.local/lib/python3.7/site-packages/airflow/example_dags/example_complex.py took 0.476 seconds
[2022-08-07 11:00:13,368] {processor.py:153} INFO - Started process (PID=1286) to work on /home/airflow/.local/lib/python3.7/site-packages/airflow/example_dags/example_complex.py
[2022-08-07 11:00:13,370] {processor.py:641} INFO - Processing file /home/airflow/.local/lib/python3.7/site-packages/airflow/example_dags/example_complex.py for tasks to queue
[2022-08-07 11:00:13,372] {logging_mixin.py:115} INFO - [2022-08-07 11:00:13,371] {dagbag.py:508} INFO - Filling up the DagBag from /home/airflow/.local/lib/python3.7/site-packages/airflow/example_dags/example_complex.py
[2022-08-07 11:00:13,464] {processor.py:651} INFO - DAG(s) dict_keys(['example_complex']) retrieved from /home/airflow/.local/lib/python3.7/site-packages/airflow/example_dags/example_complex.py
[2022-08-07 11:00:13,796] {logging_mixin.py:115} INFO - [2022-08-07 11:00:13,796] {dag.py:2420} INFO - Sync 1 DAGs
[2022-08-07 11:00:13,937] {logging_mixin.py:115} INFO - [2022-08-07 11:00:13,936] {dag.py:2972} INFO - Setting next_dagrun for example_complex to None, run_after=None
[2022-08-07 11:00:14,003] {processor.py:161} INFO - Processing /home/airflow/.local/lib/python3.7/site-packages/airflow/example_dags/example_complex.py took 0.649 seconds
[2022-08-07 11:00:44,452] {processor.py:153} INFO - Started process (PID=1338) to work on /home/airflow/.local/lib/python3.7/site-packages/airflow/example_dags/example_complex.py
[2022-08-07 11:00:44,454] {processor.py:641} INFO - Processing file /home/airflow/.local/lib/python3.7/site-packages/airflow/example_dags/example_complex.py for tasks to queue
[2022-08-07 11:00:44,455] {logging_mixin.py:115} INFO - [2022-08-07 11:00:44,455] {dagbag.py:508} INFO - Filling up the DagBag from /home/airflow/.local/lib/python3.7/site-packages/airflow/example_dags/example_complex.py
[2022-08-07 11:00:44,515] {processor.py:651} INFO - DAG(s) dict_keys(['example_complex']) retrieved from /home/airflow/.local/lib/python3.7/site-packages/airflow/example_dags/example_complex.py
[2022-08-07 11:00:44,641] {logging_mixin.py:115} INFO - [2022-08-07 11:00:44,640] {dag.py:2420} INFO - Sync 1 DAGs
[2022-08-07 11:00:44,766] {logging_mixin.py:115} INFO - [2022-08-07 11:00:44,766] {dag.py:2972} INFO - Setting next_dagrun for example_complex to None, run_after=None
[2022-08-07 11:00:44,819] {processor.py:161} INFO - Processing /home/airflow/.local/lib/python3.7/site-packages/airflow/example_dags/example_complex.py took 0.380 seconds
[2022-08-07 11:01:15,472] {processor.py:153} INFO - Started process (PID=1381) to work on /home/airflow/.local/lib/python3.7/site-packages/airflow/example_dags/example_complex.py
[2022-08-07 11:01:15,473] {processor.py:641} INFO - Processing file /home/airflow/.local/lib/python3.7/site-packages/airflow/example_dags/example_complex.py for tasks to queue
[2022-08-07 11:01:15,475] {logging_mixin.py:115} INFO - [2022-08-07 11:01:15,475] {dagbag.py:508} INFO - Filling up the DagBag from /home/airflow/.local/lib/python3.7/site-packages/airflow/example_dags/example_complex.py
[2022-08-07 11:01:15,531] {processor.py:651} INFO - DAG(s) dict_keys(['example_complex']) retrieved from /home/airflow/.local/lib/python3.7/site-packages/airflow/example_dags/example_complex.py
[2022-08-07 11:01:15,674] {logging_mixin.py:115} INFO - [2022-08-07 11:01:15,673] {dag.py:2420} INFO - Sync 1 DAGs
[2022-08-07 11:01:15,766] {logging_mixin.py:115} INFO - [2022-08-07 11:01:15,766] {dag.py:2972} INFO - Setting next_dagrun for example_complex to None, run_after=None
[2022-08-07 11:01:15,818] {processor.py:161} INFO - Processing /home/airflow/.local/lib/python3.7/site-packages/airflow/example_dags/example_complex.py took 0.356 seconds
[2022-08-07 11:01:46,584] {processor.py:153} INFO - Started process (PID=1433) to work on /home/airflow/.local/lib/python3.7/site-packages/airflow/example_dags/example_complex.py
[2022-08-07 11:01:46,586] {processor.py:641} INFO - Processing file /home/airflow/.local/lib/python3.7/site-packages/airflow/example_dags/example_complex.py for tasks to queue
[2022-08-07 11:01:46,588] {logging_mixin.py:115} INFO - [2022-08-07 11:01:46,588] {dagbag.py:508} INFO - Filling up the DagBag from /home/airflow/.local/lib/python3.7/site-packages/airflow/example_dags/example_complex.py
[2022-08-07 11:01:46,688] {processor.py:651} INFO - DAG(s) dict_keys(['example_complex']) retrieved from /home/airflow/.local/lib/python3.7/site-packages/airflow/example_dags/example_complex.py
[2022-08-07 11:01:46,948] {logging_mixin.py:115} INFO - [2022-08-07 11:01:46,947] {dag.py:2420} INFO - Sync 1 DAGs
[2022-08-07 11:01:47,126] {logging_mixin.py:115} INFO - [2022-08-07 11:01:47,126] {dag.py:2972} INFO - Setting next_dagrun for example_complex to None, run_after=None
[2022-08-07 11:01:47,209] {processor.py:161} INFO - Processing /home/airflow/.local/lib/python3.7/site-packages/airflow/example_dags/example_complex.py took 0.640 seconds
[2022-08-07 11:02:18,064] {processor.py:153} INFO - Started process (PID=1486) to work on /home/airflow/.local/lib/python3.7/site-packages/airflow/example_dags/example_complex.py
[2022-08-07 11:02:18,065] {processor.py:641} INFO - Processing file /home/airflow/.local/lib/python3.7/site-packages/airflow/example_dags/example_complex.py for tasks to queue
[2022-08-07 11:02:18,067] {logging_mixin.py:115} INFO - [2022-08-07 11:02:18,067] {dagbag.py:508} INFO - Filling up the DagBag from /home/airflow/.local/lib/python3.7/site-packages/airflow/example_dags/example_complex.py
[2022-08-07 11:02:18,133] {processor.py:651} INFO - DAG(s) dict_keys(['example_complex']) retrieved from /home/airflow/.local/lib/python3.7/site-packages/airflow/example_dags/example_complex.py
[2022-08-07 11:02:18,286] {logging_mixin.py:115} INFO - [2022-08-07 11:02:18,286] {dag.py:2420} INFO - Sync 1 DAGs
[2022-08-07 11:02:18,392] {logging_mixin.py:115} INFO - [2022-08-07 11:02:18,392] {dag.py:2972} INFO - Setting next_dagrun for example_complex to None, run_after=None
[2022-08-07 11:02:18,434] {processor.py:161} INFO - Processing /home/airflow/.local/lib/python3.7/site-packages/airflow/example_dags/example_complex.py took 0.380 seconds
[2022-08-07 11:02:48,700] {processor.py:153} INFO - Started process (PID=1538) to work on /home/airflow/.local/lib/python3.7/site-packages/airflow/example_dags/example_complex.py
[2022-08-07 11:02:48,703] {processor.py:641} INFO - Processing file /home/airflow/.local/lib/python3.7/site-packages/airflow/example_dags/example_complex.py for tasks to queue
[2022-08-07 11:02:48,705] {logging_mixin.py:115} INFO - [2022-08-07 11:02:48,705] {dagbag.py:508} INFO - Filling up the DagBag from /home/airflow/.local/lib/python3.7/site-packages/airflow/example_dags/example_complex.py
[2022-08-07 11:02:48,794] {processor.py:651} INFO - DAG(s) dict_keys(['example_complex']) retrieved from /home/airflow/.local/lib/python3.7/site-packages/airflow/example_dags/example_complex.py
[2022-08-07 11:02:49,031] {logging_mixin.py:115} INFO - [2022-08-07 11:02:49,030] {dag.py:2420} INFO - Sync 1 DAGs
[2022-08-07 11:02:49,178] {logging_mixin.py:115} INFO - [2022-08-07 11:02:49,177] {dag.py:2972} INFO - Setting next_dagrun for example_complex to None, run_after=None
[2022-08-07 11:02:49,237] {processor.py:161} INFO - Processing /home/airflow/.local/lib/python3.7/site-packages/airflow/example_dags/example_complex.py took 0.550 seconds
[2022-08-07 11:03:19,633] {processor.py:153} INFO - Started process (PID=1590) to work on /home/airflow/.local/lib/python3.7/site-packages/airflow/example_dags/example_complex.py
[2022-08-07 11:03:19,635] {processor.py:641} INFO - Processing file /home/airflow/.local/lib/python3.7/site-packages/airflow/example_dags/example_complex.py for tasks to queue
[2022-08-07 11:03:19,637] {logging_mixin.py:115} INFO - [2022-08-07 11:03:19,637] {dagbag.py:508} INFO - Filling up the DagBag from /home/airflow/.local/lib/python3.7/site-packages/airflow/example_dags/example_complex.py
[2022-08-07 11:03:19,698] {processor.py:651} INFO - DAG(s) dict_keys(['example_complex']) retrieved from /home/airflow/.local/lib/python3.7/site-packages/airflow/example_dags/example_complex.py
[2022-08-07 11:03:19,821] {logging_mixin.py:115} INFO - [2022-08-07 11:03:19,820] {dag.py:2420} INFO - Sync 1 DAGs
[2022-08-07 11:03:19,920] {logging_mixin.py:115} INFO - [2022-08-07 11:03:19,920] {dag.py:2972} INFO - Setting next_dagrun for example_complex to None, run_after=None
[2022-08-07 11:03:19,962] {processor.py:161} INFO - Processing /home/airflow/.local/lib/python3.7/site-packages/airflow/example_dags/example_complex.py took 0.342 seconds
[2022-08-07 11:03:50,576] {processor.py:153} INFO - Started process (PID=1640) to work on /home/airflow/.local/lib/python3.7/site-packages/airflow/example_dags/example_complex.py
[2022-08-07 11:03:50,578] {processor.py:641} INFO - Processing file /home/airflow/.local/lib/python3.7/site-packages/airflow/example_dags/example_complex.py for tasks to queue
[2022-08-07 11:03:50,580] {logging_mixin.py:115} INFO - [2022-08-07 11:03:50,580] {dagbag.py:508} INFO - Filling up the DagBag from /home/airflow/.local/lib/python3.7/site-packages/airflow/example_dags/example_complex.py
[2022-08-07 11:03:50,675] {processor.py:651} INFO - DAG(s) dict_keys(['example_complex']) retrieved from /home/airflow/.local/lib/python3.7/site-packages/airflow/example_dags/example_complex.py
[2022-08-07 11:03:50,844] {logging_mixin.py:115} INFO - [2022-08-07 11:03:50,844] {dag.py:2420} INFO - Sync 1 DAGs
[2022-08-07 11:03:50,967] {logging_mixin.py:115} INFO - [2022-08-07 11:03:50,967] {dag.py:2972} INFO - Setting next_dagrun for example_complex to None, run_after=None
[2022-08-07 11:03:51,014] {processor.py:161} INFO - Processing /home/airflow/.local/lib/python3.7/site-packages/airflow/example_dags/example_complex.py took 0.454 seconds
[2022-08-07 11:04:21,536] {processor.py:153} INFO - Started process (PID=1685) to work on /home/airflow/.local/lib/python3.7/site-packages/airflow/example_dags/example_complex.py
[2022-08-07 11:04:21,538] {processor.py:641} INFO - Processing file /home/airflow/.local/lib/python3.7/site-packages/airflow/example_dags/example_complex.py for tasks to queue
[2022-08-07 11:04:21,542] {logging_mixin.py:115} INFO - [2022-08-07 11:04:21,541] {dagbag.py:508} INFO - Filling up the DagBag from /home/airflow/.local/lib/python3.7/site-packages/airflow/example_dags/example_complex.py
[2022-08-07 11:04:21,649] {processor.py:651} INFO - DAG(s) dict_keys(['example_complex']) retrieved from /home/airflow/.local/lib/python3.7/site-packages/airflow/example_dags/example_complex.py
[2022-08-07 11:04:21,834] {logging_mixin.py:115} INFO - [2022-08-07 11:04:21,834] {dag.py:2420} INFO - Sync 1 DAGs
[2022-08-07 11:04:21,946] {logging_mixin.py:115} INFO - [2022-08-07 11:04:21,946] {dag.py:2972} INFO - Setting next_dagrun for example_complex to None, run_after=None
[2022-08-07 11:04:21,992] {processor.py:161} INFO - Processing /home/airflow/.local/lib/python3.7/site-packages/airflow/example_dags/example_complex.py took 0.473 seconds
[2022-08-07 11:04:53,428] {processor.py:153} INFO - Started process (PID=1739) to work on /home/airflow/.local/lib/python3.7/site-packages/airflow/example_dags/example_complex.py
[2022-08-07 11:04:53,429] {processor.py:641} INFO - Processing file /home/airflow/.local/lib/python3.7/site-packages/airflow/example_dags/example_complex.py for tasks to queue
[2022-08-07 11:04:53,431] {logging_mixin.py:115} INFO - [2022-08-07 11:04:53,431] {dagbag.py:508} INFO - Filling up the DagBag from /home/airflow/.local/lib/python3.7/site-packages/airflow/example_dags/example_complex.py
[2022-08-07 11:04:53,488] {processor.py:651} INFO - DAG(s) dict_keys(['example_complex']) retrieved from /home/airflow/.local/lib/python3.7/site-packages/airflow/example_dags/example_complex.py
[2022-08-07 11:04:53,612] {logging_mixin.py:115} INFO - [2022-08-07 11:04:53,611] {dag.py:2420} INFO - Sync 1 DAGs
[2022-08-07 11:04:53,702] {logging_mixin.py:115} INFO - [2022-08-07 11:04:53,702] {dag.py:2972} INFO - Setting next_dagrun for example_complex to None, run_after=None
[2022-08-07 11:04:53,746] {processor.py:161} INFO - Processing /home/airflow/.local/lib/python3.7/site-packages/airflow/example_dags/example_complex.py took 0.329 seconds
[2022-08-07 11:05:25,155] {processor.py:153} INFO - Started process (PID=1793) to work on /home/airflow/.local/lib/python3.7/site-packages/airflow/example_dags/example_complex.py
[2022-08-07 11:05:25,157] {processor.py:641} INFO - Processing file /home/airflow/.local/lib/python3.7/site-packages/airflow/example_dags/example_complex.py for tasks to queue
[2022-08-07 11:05:25,160] {logging_mixin.py:115} INFO - [2022-08-07 11:05:25,159] {dagbag.py:508} INFO - Filling up the DagBag from /home/airflow/.local/lib/python3.7/site-packages/airflow/example_dags/example_complex.py
[2022-08-07 11:05:25,246] {processor.py:651} INFO - DAG(s) dict_keys(['example_complex']) retrieved from /home/airflow/.local/lib/python3.7/site-packages/airflow/example_dags/example_complex.py
[2022-08-07 11:05:25,399] {logging_mixin.py:115} INFO - [2022-08-07 11:05:25,398] {dag.py:2420} INFO - Sync 1 DAGs
[2022-08-07 11:05:25,509] {logging_mixin.py:115} INFO - [2022-08-07 11:05:25,509] {dag.py:2972} INFO - Setting next_dagrun for example_complex to None, run_after=None
[2022-08-07 11:05:25,567] {processor.py:161} INFO - Processing /home/airflow/.local/lib/python3.7/site-packages/airflow/example_dags/example_complex.py took 0.427 seconds
[2022-08-07 11:05:56,337] {processor.py:153} INFO - Started process (PID=1845) to work on /home/airflow/.local/lib/python3.7/site-packages/airflow/example_dags/example_complex.py
[2022-08-07 11:05:56,340] {processor.py:641} INFO - Processing file /home/airflow/.local/lib/python3.7/site-packages/airflow/example_dags/example_complex.py for tasks to queue
[2022-08-07 11:05:56,343] {logging_mixin.py:115} INFO - [2022-08-07 11:05:56,342] {dagbag.py:508} INFO - Filling up the DagBag from /home/airflow/.local/lib/python3.7/site-packages/airflow/example_dags/example_complex.py
[2022-08-07 11:05:56,433] {processor.py:651} INFO - DAG(s) dict_keys(['example_complex']) retrieved from /home/airflow/.local/lib/python3.7/site-packages/airflow/example_dags/example_complex.py
[2022-08-07 11:05:56,588] {logging_mixin.py:115} INFO - [2022-08-07 11:05:56,588] {dag.py:2420} INFO - Sync 1 DAGs
[2022-08-07 11:05:56,706] {logging_mixin.py:115} INFO - [2022-08-07 11:05:56,705] {dag.py:2972} INFO - Setting next_dagrun for example_complex to None, run_after=None
[2022-08-07 11:05:56,838] {processor.py:161} INFO - Processing /home/airflow/.local/lib/python3.7/site-packages/airflow/example_dags/example_complex.py took 0.517 seconds
[2022-08-07 11:06:27,664] {processor.py:153} INFO - Started process (PID=1888) to work on /home/airflow/.local/lib/python3.7/site-packages/airflow/example_dags/example_complex.py
[2022-08-07 11:06:27,679] {processor.py:641} INFO - Processing file /home/airflow/.local/lib/python3.7/site-packages/airflow/example_dags/example_complex.py for tasks to queue
[2022-08-07 11:06:27,681] {logging_mixin.py:115} INFO - [2022-08-07 11:06:27,681] {dagbag.py:508} INFO - Filling up the DagBag from /home/airflow/.local/lib/python3.7/site-packages/airflow/example_dags/example_complex.py
[2022-08-07 11:06:27,773] {processor.py:651} INFO - DAG(s) dict_keys(['example_complex']) retrieved from /home/airflow/.local/lib/python3.7/site-packages/airflow/example_dags/example_complex.py
[2022-08-07 11:06:27,915] {logging_mixin.py:115} INFO - [2022-08-07 11:06:27,915] {dag.py:2420} INFO - Sync 1 DAGs
[2022-08-07 11:06:28,004] {logging_mixin.py:115} INFO - [2022-08-07 11:06:28,004] {dag.py:2972} INFO - Setting next_dagrun for example_complex to None, run_after=None
[2022-08-07 11:06:28,043] {processor.py:161} INFO - Processing /home/airflow/.local/lib/python3.7/site-packages/airflow/example_dags/example_complex.py took 0.392 seconds
[2022-08-07 11:06:58,646] {processor.py:153} INFO - Started process (PID=1940) to work on /home/airflow/.local/lib/python3.7/site-packages/airflow/example_dags/example_complex.py
[2022-08-07 11:06:58,647] {processor.py:641} INFO - Processing file /home/airflow/.local/lib/python3.7/site-packages/airflow/example_dags/example_complex.py for tasks to queue
[2022-08-07 11:06:58,649] {logging_mixin.py:115} INFO - [2022-08-07 11:06:58,648] {dagbag.py:508} INFO - Filling up the DagBag from /home/airflow/.local/lib/python3.7/site-packages/airflow/example_dags/example_complex.py
[2022-08-07 11:06:58,725] {processor.py:651} INFO - DAG(s) dict_keys(['example_complex']) retrieved from /home/airflow/.local/lib/python3.7/site-packages/airflow/example_dags/example_complex.py
[2022-08-07 11:06:58,872] {logging_mixin.py:115} INFO - [2022-08-07 11:06:58,872] {dag.py:2420} INFO - Sync 1 DAGs
[2022-08-07 11:06:58,976] {logging_mixin.py:115} INFO - [2022-08-07 11:06:58,976] {dag.py:2972} INFO - Setting next_dagrun for example_complex to None, run_after=None
[2022-08-07 11:06:59,019] {processor.py:161} INFO - Processing /home/airflow/.local/lib/python3.7/site-packages/airflow/example_dags/example_complex.py took 0.383 seconds
[2022-08-07 11:07:29,255] {processor.py:153} INFO - Started process (PID=1992) to work on /home/airflow/.local/lib/python3.7/site-packages/airflow/example_dags/example_complex.py
[2022-08-07 11:07:29,257] {processor.py:641} INFO - Processing file /home/airflow/.local/lib/python3.7/site-packages/airflow/example_dags/example_complex.py for tasks to queue
[2022-08-07 11:07:29,260] {logging_mixin.py:115} INFO - [2022-08-07 11:07:29,259] {dagbag.py:508} INFO - Filling up the DagBag from /home/airflow/.local/lib/python3.7/site-packages/airflow/example_dags/example_complex.py
[2022-08-07 11:07:29,320] {processor.py:651} INFO - DAG(s) dict_keys(['example_complex']) retrieved from /home/airflow/.local/lib/python3.7/site-packages/airflow/example_dags/example_complex.py
[2022-08-07 11:07:29,476] {logging_mixin.py:115} INFO - [2022-08-07 11:07:29,476] {dag.py:2420} INFO - Sync 1 DAGs
[2022-08-07 11:07:29,596] {logging_mixin.py:115} INFO - [2022-08-07 11:07:29,596] {dag.py:2972} INFO - Setting next_dagrun for example_complex to None, run_after=None
[2022-08-07 11:07:29,639] {processor.py:161} INFO - Processing /home/airflow/.local/lib/python3.7/site-packages/airflow/example_dags/example_complex.py took 0.395 seconds
[2022-08-07 11:08:00,103] {processor.py:153} INFO - Started process (PID=2045) to work on /home/airflow/.local/lib/python3.7/site-packages/airflow/example_dags/example_complex.py
[2022-08-07 11:08:00,105] {processor.py:641} INFO - Processing file /home/airflow/.local/lib/python3.7/site-packages/airflow/example_dags/example_complex.py for tasks to queue
[2022-08-07 11:08:00,108] {logging_mixin.py:115} INFO - [2022-08-07 11:08:00,108] {dagbag.py:508} INFO - Filling up the DagBag from /home/airflow/.local/lib/python3.7/site-packages/airflow/example_dags/example_complex.py
[2022-08-07 11:08:00,206] {processor.py:651} INFO - DAG(s) dict_keys(['example_complex']) retrieved from /home/airflow/.local/lib/python3.7/site-packages/airflow/example_dags/example_complex.py
[2022-08-07 11:08:00,407] {logging_mixin.py:115} INFO - [2022-08-07 11:08:00,407] {dag.py:2420} INFO - Sync 1 DAGs
[2022-08-07 11:08:00,565] {logging_mixin.py:115} INFO - [2022-08-07 11:08:00,565] {dag.py:2972} INFO - Setting next_dagrun for example_complex to None, run_after=None
[2022-08-07 11:08:00,624] {processor.py:161} INFO - Processing /home/airflow/.local/lib/python3.7/site-packages/airflow/example_dags/example_complex.py took 0.542 seconds
[2022-08-07 11:08:31,487] {processor.py:153} INFO - Started process (PID=2097) to work on /home/airflow/.local/lib/python3.7/site-packages/airflow/example_dags/example_complex.py
[2022-08-07 11:08:31,489] {processor.py:641} INFO - Processing file /home/airflow/.local/lib/python3.7/site-packages/airflow/example_dags/example_complex.py for tasks to queue
[2022-08-07 11:08:31,491] {logging_mixin.py:115} INFO - [2022-08-07 11:08:31,491] {dagbag.py:508} INFO - Filling up the DagBag from /home/airflow/.local/lib/python3.7/site-packages/airflow/example_dags/example_complex.py
[2022-08-07 11:08:31,577] {processor.py:651} INFO - DAG(s) dict_keys(['example_complex']) retrieved from /home/airflow/.local/lib/python3.7/site-packages/airflow/example_dags/example_complex.py
[2022-08-07 11:08:31,722] {logging_mixin.py:115} INFO - [2022-08-07 11:08:31,721] {dag.py:2420} INFO - Sync 1 DAGs
[2022-08-07 11:08:31,833] {logging_mixin.py:115} INFO - [2022-08-07 11:08:31,832] {dag.py:2972} INFO - Setting next_dagrun for example_complex to None, run_after=None
[2022-08-07 11:08:31,870] {processor.py:161} INFO - Processing /home/airflow/.local/lib/python3.7/site-packages/airflow/example_dags/example_complex.py took 0.396 seconds
[2022-08-07 11:09:02,680] {processor.py:153} INFO - Started process (PID=2148) to work on /home/airflow/.local/lib/python3.7/site-packages/airflow/example_dags/example_complex.py
[2022-08-07 11:09:02,682] {processor.py:641} INFO - Processing file /home/airflow/.local/lib/python3.7/site-packages/airflow/example_dags/example_complex.py for tasks to queue
[2022-08-07 11:09:02,684] {logging_mixin.py:115} INFO - [2022-08-07 11:09:02,684] {dagbag.py:508} INFO - Filling up the DagBag from /home/airflow/.local/lib/python3.7/site-packages/airflow/example_dags/example_complex.py
[2022-08-07 11:09:02,752] {processor.py:651} INFO - DAG(s) dict_keys(['example_complex']) retrieved from /home/airflow/.local/lib/python3.7/site-packages/airflow/example_dags/example_complex.py
[2022-08-07 11:09:02,896] {logging_mixin.py:115} INFO - [2022-08-07 11:09:02,896] {dag.py:2420} INFO - Sync 1 DAGs
[2022-08-07 11:09:03,012] {logging_mixin.py:115} INFO - [2022-08-07 11:09:03,012] {dag.py:2972} INFO - Setting next_dagrun for example_complex to None, run_after=None
[2022-08-07 11:09:03,052] {processor.py:161} INFO - Processing /home/airflow/.local/lib/python3.7/site-packages/airflow/example_dags/example_complex.py took 0.385 seconds
[2022-08-07 11:09:33,471] {processor.py:153} INFO - Started process (PID=2193) to work on /home/airflow/.local/lib/python3.7/site-packages/airflow/example_dags/example_complex.py
[2022-08-07 11:09:33,472] {processor.py:641} INFO - Processing file /home/airflow/.local/lib/python3.7/site-packages/airflow/example_dags/example_complex.py for tasks to queue
[2022-08-07 11:09:33,475] {logging_mixin.py:115} INFO - [2022-08-07 11:09:33,474] {dagbag.py:508} INFO - Filling up the DagBag from /home/airflow/.local/lib/python3.7/site-packages/airflow/example_dags/example_complex.py
[2022-08-07 11:09:33,536] {processor.py:651} INFO - DAG(s) dict_keys(['example_complex']) retrieved from /home/airflow/.local/lib/python3.7/site-packages/airflow/example_dags/example_complex.py
[2022-08-07 11:09:33,687] {logging_mixin.py:115} INFO - [2022-08-07 11:09:33,687] {dag.py:2420} INFO - Sync 1 DAGs
[2022-08-07 11:09:33,830] {logging_mixin.py:115} INFO - [2022-08-07 11:09:33,830] {dag.py:2972} INFO - Setting next_dagrun for example_complex to None, run_after=None
[2022-08-07 11:09:33,886] {processor.py:161} INFO - Processing /home/airflow/.local/lib/python3.7/site-packages/airflow/example_dags/example_complex.py took 0.429 seconds
[2022-08-07 11:10:04,234] {processor.py:153} INFO - Started process (PID=2246) to work on /home/airflow/.local/lib/python3.7/site-packages/airflow/example_dags/example_complex.py
[2022-08-07 11:10:04,250] {processor.py:641} INFO - Processing file /home/airflow/.local/lib/python3.7/site-packages/airflow/example_dags/example_complex.py for tasks to queue
[2022-08-07 11:10:04,252] {logging_mixin.py:115} INFO - [2022-08-07 11:10:04,252] {dagbag.py:508} INFO - Filling up the DagBag from /home/airflow/.local/lib/python3.7/site-packages/airflow/example_dags/example_complex.py
[2022-08-07 11:10:04,297] {processor.py:651} INFO - DAG(s) dict_keys(['example_complex']) retrieved from /home/airflow/.local/lib/python3.7/site-packages/airflow/example_dags/example_complex.py
[2022-08-07 11:10:04,396] {logging_mixin.py:115} INFO - [2022-08-07 11:10:04,396] {dag.py:2420} INFO - Sync 1 DAGs
[2022-08-07 11:10:04,465] {logging_mixin.py:115} INFO - [2022-08-07 11:10:04,465] {dag.py:2972} INFO - Setting next_dagrun for example_complex to None, run_after=None
[2022-08-07 11:10:04,507] {processor.py:161} INFO - Processing /home/airflow/.local/lib/python3.7/site-packages/airflow/example_dags/example_complex.py took 0.282 seconds
[2022-08-07 11:10:35,468] {processor.py:153} INFO - Started process (PID=2300) to work on /home/airflow/.local/lib/python3.7/site-packages/airflow/example_dags/example_complex.py
[2022-08-07 11:10:35,470] {processor.py:641} INFO - Processing file /home/airflow/.local/lib/python3.7/site-packages/airflow/example_dags/example_complex.py for tasks to queue
[2022-08-07 11:10:35,471] {logging_mixin.py:115} INFO - [2022-08-07 11:10:35,471] {dagbag.py:508} INFO - Filling up the DagBag from /home/airflow/.local/lib/python3.7/site-packages/airflow/example_dags/example_complex.py
[2022-08-07 11:10:35,527] {processor.py:651} INFO - DAG(s) dict_keys(['example_complex']) retrieved from /home/airflow/.local/lib/python3.7/site-packages/airflow/example_dags/example_complex.py
[2022-08-07 11:10:35,649] {logging_mixin.py:115} INFO - [2022-08-07 11:10:35,648] {dag.py:2420} INFO - Sync 1 DAGs
[2022-08-07 11:10:35,733] {logging_mixin.py:115} INFO - [2022-08-07 11:10:35,733] {dag.py:2972} INFO - Setting next_dagrun for example_complex to None, run_after=None
[2022-08-07 11:10:35,769] {processor.py:161} INFO - Processing /home/airflow/.local/lib/python3.7/site-packages/airflow/example_dags/example_complex.py took 0.314 seconds
[2022-08-07 11:11:05,999] {processor.py:153} INFO - Started process (PID=2351) to work on /home/airflow/.local/lib/python3.7/site-packages/airflow/example_dags/example_complex.py
[2022-08-07 11:11:06,001] {processor.py:641} INFO - Processing file /home/airflow/.local/lib/python3.7/site-packages/airflow/example_dags/example_complex.py for tasks to queue
[2022-08-07 11:11:06,002] {logging_mixin.py:115} INFO - [2022-08-07 11:11:06,002] {dagbag.py:508} INFO - Filling up the DagBag from /home/airflow/.local/lib/python3.7/site-packages/airflow/example_dags/example_complex.py
[2022-08-07 11:11:06,057] {processor.py:651} INFO - DAG(s) dict_keys(['example_complex']) retrieved from /home/airflow/.local/lib/python3.7/site-packages/airflow/example_dags/example_complex.py
[2022-08-07 11:11:06,171] {logging_mixin.py:115} INFO - [2022-08-07 11:11:06,171] {dag.py:2420} INFO - Sync 1 DAGs
[2022-08-07 11:11:06,263] {logging_mixin.py:115} INFO - [2022-08-07 11:11:06,262] {dag.py:2972} INFO - Setting next_dagrun for example_complex to None, run_after=None
[2022-08-07 11:11:06,303] {processor.py:161} INFO - Processing /home/airflow/.local/lib/python3.7/site-packages/airflow/example_dags/example_complex.py took 0.314 seconds
[2022-08-07 11:11:36,927] {processor.py:153} INFO - Started process (PID=2403) to work on /home/airflow/.local/lib/python3.7/site-packages/airflow/example_dags/example_complex.py
[2022-08-07 11:11:36,929] {processor.py:641} INFO - Processing file /home/airflow/.local/lib/python3.7/site-packages/airflow/example_dags/example_complex.py for tasks to queue
[2022-08-07 11:11:36,931] {logging_mixin.py:115} INFO - [2022-08-07 11:11:36,930] {dagbag.py:508} INFO - Filling up the DagBag from /home/airflow/.local/lib/python3.7/site-packages/airflow/example_dags/example_complex.py
[2022-08-07 11:11:36,997] {processor.py:651} INFO - DAG(s) dict_keys(['example_complex']) retrieved from /home/airflow/.local/lib/python3.7/site-packages/airflow/example_dags/example_complex.py
[2022-08-07 11:11:37,106] {logging_mixin.py:115} INFO - [2022-08-07 11:11:37,106] {dag.py:2420} INFO - Sync 1 DAGs
[2022-08-07 11:11:37,188] {logging_mixin.py:115} INFO - [2022-08-07 11:11:37,187] {dag.py:2972} INFO - Setting next_dagrun for example_complex to None, run_after=None
[2022-08-07 11:11:37,236] {processor.py:161} INFO - Processing /home/airflow/.local/lib/python3.7/site-packages/airflow/example_dags/example_complex.py took 0.321 seconds
[2022-08-07 11:12:07,467] {processor.py:153} INFO - Started process (PID=2455) to work on /home/airflow/.local/lib/python3.7/site-packages/airflow/example_dags/example_complex.py
[2022-08-07 11:12:07,468] {processor.py:641} INFO - Processing file /home/airflow/.local/lib/python3.7/site-packages/airflow/example_dags/example_complex.py for tasks to queue
[2022-08-07 11:12:07,470] {logging_mixin.py:115} INFO - [2022-08-07 11:12:07,469] {dagbag.py:508} INFO - Filling up the DagBag from /home/airflow/.local/lib/python3.7/site-packages/airflow/example_dags/example_complex.py
[2022-08-07 11:12:07,529] {processor.py:651} INFO - DAG(s) dict_keys(['example_complex']) retrieved from /home/airflow/.local/lib/python3.7/site-packages/airflow/example_dags/example_complex.py
[2022-08-07 11:12:07,674] {logging_mixin.py:115} INFO - [2022-08-07 11:12:07,674] {dag.py:2420} INFO - Sync 1 DAGs
[2022-08-07 11:12:07,782] {logging_mixin.py:115} INFO - [2022-08-07 11:12:07,782] {dag.py:2972} INFO - Setting next_dagrun for example_complex to None, run_after=None
[2022-08-07 11:12:07,823] {processor.py:161} INFO - Processing /home/airflow/.local/lib/python3.7/site-packages/airflow/example_dags/example_complex.py took 0.366 seconds
[2022-08-07 11:12:38,449] {processor.py:153} INFO - Started process (PID=2505) to work on /home/airflow/.local/lib/python3.7/site-packages/airflow/example_dags/example_complex.py
[2022-08-07 11:12:38,451] {processor.py:641} INFO - Processing file /home/airflow/.local/lib/python3.7/site-packages/airflow/example_dags/example_complex.py for tasks to queue
[2022-08-07 11:12:38,453] {logging_mixin.py:115} INFO - [2022-08-07 11:12:38,453] {dagbag.py:508} INFO - Filling up the DagBag from /home/airflow/.local/lib/python3.7/site-packages/airflow/example_dags/example_complex.py
[2022-08-07 11:12:38,511] {processor.py:651} INFO - DAG(s) dict_keys(['example_complex']) retrieved from /home/airflow/.local/lib/python3.7/site-packages/airflow/example_dags/example_complex.py
[2022-08-07 11:12:38,629] {logging_mixin.py:115} INFO - [2022-08-07 11:12:38,629] {dag.py:2420} INFO - Sync 1 DAGs
[2022-08-07 11:12:38,716] {logging_mixin.py:115} INFO - [2022-08-07 11:12:38,716] {dag.py:2972} INFO - Setting next_dagrun for example_complex to None, run_after=None
[2022-08-07 11:12:38,757] {processor.py:161} INFO - Processing /home/airflow/.local/lib/python3.7/site-packages/airflow/example_dags/example_complex.py took 0.326 seconds
[2022-08-07 11:13:08,932] {processor.py:153} INFO - Started process (PID=2550) to work on /home/airflow/.local/lib/python3.7/site-packages/airflow/example_dags/example_complex.py
[2022-08-07 11:13:08,951] {processor.py:641} INFO - Processing file /home/airflow/.local/lib/python3.7/site-packages/airflow/example_dags/example_complex.py for tasks to queue
[2022-08-07 11:13:08,953] {logging_mixin.py:115} INFO - [2022-08-07 11:13:08,953] {dagbag.py:508} INFO - Filling up the DagBag from /home/airflow/.local/lib/python3.7/site-packages/airflow/example_dags/example_complex.py
[2022-08-07 11:13:09,007] {processor.py:651} INFO - DAG(s) dict_keys(['example_complex']) retrieved from /home/airflow/.local/lib/python3.7/site-packages/airflow/example_dags/example_complex.py
[2022-08-07 11:13:09,125] {logging_mixin.py:115} INFO - [2022-08-07 11:13:09,125] {dag.py:2420} INFO - Sync 1 DAGs
[2022-08-07 11:13:09,222] {logging_mixin.py:115} INFO - [2022-08-07 11:13:09,222] {dag.py:2972} INFO - Setting next_dagrun for example_complex to None, run_after=None
[2022-08-07 11:13:09,305] {processor.py:161} INFO - Processing /home/airflow/.local/lib/python3.7/site-packages/airflow/example_dags/example_complex.py took 0.383 seconds
[2022-08-07 11:13:39,544] {processor.py:153} INFO - Started process (PID=2602) to work on /home/airflow/.local/lib/python3.7/site-packages/airflow/example_dags/example_complex.py
[2022-08-07 11:13:39,546] {processor.py:641} INFO - Processing file /home/airflow/.local/lib/python3.7/site-packages/airflow/example_dags/example_complex.py for tasks to queue
[2022-08-07 11:13:39,547] {logging_mixin.py:115} INFO - [2022-08-07 11:13:39,547] {dagbag.py:508} INFO - Filling up the DagBag from /home/airflow/.local/lib/python3.7/site-packages/airflow/example_dags/example_complex.py
[2022-08-07 11:13:39,610] {processor.py:651} INFO - DAG(s) dict_keys(['example_complex']) retrieved from /home/airflow/.local/lib/python3.7/site-packages/airflow/example_dags/example_complex.py
[2022-08-07 11:13:39,793] {logging_mixin.py:115} INFO - [2022-08-07 11:13:39,792] {dag.py:2420} INFO - Sync 1 DAGs
[2022-08-07 11:13:39,911] {logging_mixin.py:115} INFO - [2022-08-07 11:13:39,911] {dag.py:2972} INFO - Setting next_dagrun for example_complex to None, run_after=None
[2022-08-07 11:13:39,960] {processor.py:161} INFO - Processing /home/airflow/.local/lib/python3.7/site-packages/airflow/example_dags/example_complex.py took 0.426 seconds
[2022-08-07 11:14:10,517] {processor.py:153} INFO - Started process (PID=2654) to work on /home/airflow/.local/lib/python3.7/site-packages/airflow/example_dags/example_complex.py
[2022-08-07 11:14:10,519] {processor.py:641} INFO - Processing file /home/airflow/.local/lib/python3.7/site-packages/airflow/example_dags/example_complex.py for tasks to queue
[2022-08-07 11:14:10,521] {logging_mixin.py:115} INFO - [2022-08-07 11:14:10,521] {dagbag.py:508} INFO - Filling up the DagBag from /home/airflow/.local/lib/python3.7/site-packages/airflow/example_dags/example_complex.py
[2022-08-07 11:14:10,583] {processor.py:651} INFO - DAG(s) dict_keys(['example_complex']) retrieved from /home/airflow/.local/lib/python3.7/site-packages/airflow/example_dags/example_complex.py
[2022-08-07 11:14:10,690] {logging_mixin.py:115} INFO - [2022-08-07 11:14:10,690] {dag.py:2420} INFO - Sync 1 DAGs
[2022-08-07 11:14:10,767] {logging_mixin.py:115} INFO - [2022-08-07 11:14:10,767] {dag.py:2972} INFO - Setting next_dagrun for example_complex to None, run_after=None
[2022-08-07 11:14:10,801] {processor.py:161} INFO - Processing /home/airflow/.local/lib/python3.7/site-packages/airflow/example_dags/example_complex.py took 0.297 seconds
[2022-08-07 11:14:41,489] {processor.py:153} INFO - Started process (PID=2708) to work on /home/airflow/.local/lib/python3.7/site-packages/airflow/example_dags/example_complex.py
[2022-08-07 11:14:41,492] {processor.py:641} INFO - Processing file /home/airflow/.local/lib/python3.7/site-packages/airflow/example_dags/example_complex.py for tasks to queue
[2022-08-07 11:14:41,495] {logging_mixin.py:115} INFO - [2022-08-07 11:14:41,494] {dagbag.py:508} INFO - Filling up the DagBag from /home/airflow/.local/lib/python3.7/site-packages/airflow/example_dags/example_complex.py
[2022-08-07 11:14:41,564] {processor.py:651} INFO - DAG(s) dict_keys(['example_complex']) retrieved from /home/airflow/.local/lib/python3.7/site-packages/airflow/example_dags/example_complex.py
[2022-08-07 11:14:41,676] {logging_mixin.py:115} INFO - [2022-08-07 11:14:41,675] {dag.py:2420} INFO - Sync 1 DAGs
[2022-08-07 11:14:41,763] {logging_mixin.py:115} INFO - [2022-08-07 11:14:41,762] {dag.py:2972} INFO - Setting next_dagrun for example_complex to None, run_after=None
[2022-08-07 11:14:41,819] {processor.py:161} INFO - Processing /home/airflow/.local/lib/python3.7/site-packages/airflow/example_dags/example_complex.py took 0.343 seconds
[2022-08-07 11:15:12,610] {processor.py:153} INFO - Started process (PID=2760) to work on /home/airflow/.local/lib/python3.7/site-packages/airflow/example_dags/example_complex.py
[2022-08-07 11:15:12,612] {processor.py:641} INFO - Processing file /home/airflow/.local/lib/python3.7/site-packages/airflow/example_dags/example_complex.py for tasks to queue
[2022-08-07 11:15:12,614] {logging_mixin.py:115} INFO - [2022-08-07 11:15:12,614] {dagbag.py:508} INFO - Filling up the DagBag from /home/airflow/.local/lib/python3.7/site-packages/airflow/example_dags/example_complex.py
[2022-08-07 11:15:12,699] {processor.py:651} INFO - DAG(s) dict_keys(['example_complex']) retrieved from /home/airflow/.local/lib/python3.7/site-packages/airflow/example_dags/example_complex.py
[2022-08-07 11:15:12,849] {logging_mixin.py:115} INFO - [2022-08-07 11:15:12,849] {dag.py:2420} INFO - Sync 1 DAGs
[2022-08-07 11:15:12,935] {logging_mixin.py:115} INFO - [2022-08-07 11:15:12,934] {dag.py:2972} INFO - Setting next_dagrun for example_complex to None, run_after=None
[2022-08-07 11:15:12,976] {processor.py:161} INFO - Processing /home/airflow/.local/lib/python3.7/site-packages/airflow/example_dags/example_complex.py took 0.380 seconds
[2022-08-07 11:15:43,952] {processor.py:153} INFO - Started process (PID=2814) to work on /home/airflow/.local/lib/python3.7/site-packages/airflow/example_dags/example_complex.py
[2022-08-07 11:15:43,956] {processor.py:641} INFO - Processing file /home/airflow/.local/lib/python3.7/site-packages/airflow/example_dags/example_complex.py for tasks to queue
[2022-08-07 11:15:43,959] {logging_mixin.py:115} INFO - [2022-08-07 11:15:43,958] {dagbag.py:508} INFO - Filling up the DagBag from /home/airflow/.local/lib/python3.7/site-packages/airflow/example_dags/example_complex.py
[2022-08-07 11:15:44,076] {processor.py:651} INFO - DAG(s) dict_keys(['example_complex']) retrieved from /home/airflow/.local/lib/python3.7/site-packages/airflow/example_dags/example_complex.py
[2022-08-07 11:15:44,302] {logging_mixin.py:115} INFO - [2022-08-07 11:15:44,301] {dag.py:2420} INFO - Sync 1 DAGs
[2022-08-07 11:15:44,459] {logging_mixin.py:115} INFO - [2022-08-07 11:15:44,459] {dag.py:2972} INFO - Setting next_dagrun for example_complex to None, run_after=None
[2022-08-07 11:15:44,534] {processor.py:161} INFO - Processing /home/airflow/.local/lib/python3.7/site-packages/airflow/example_dags/example_complex.py took 0.598 seconds
[2022-08-07 11:16:14,850] {processor.py:153} INFO - Started process (PID=2857) to work on /home/airflow/.local/lib/python3.7/site-packages/airflow/example_dags/example_complex.py
[2022-08-07 11:16:14,858] {processor.py:641} INFO - Processing file /home/airflow/.local/lib/python3.7/site-packages/airflow/example_dags/example_complex.py for tasks to queue
[2022-08-07 11:16:14,861] {logging_mixin.py:115} INFO - [2022-08-07 11:16:14,860] {dagbag.py:508} INFO - Filling up the DagBag from /home/airflow/.local/lib/python3.7/site-packages/airflow/example_dags/example_complex.py
[2022-08-07 11:16:14,982] {processor.py:651} INFO - DAG(s) dict_keys(['example_complex']) retrieved from /home/airflow/.local/lib/python3.7/site-packages/airflow/example_dags/example_complex.py
[2022-08-07 11:16:15,159] {logging_mixin.py:115} INFO - [2022-08-07 11:16:15,158] {dag.py:2420} INFO - Sync 1 DAGs
[2022-08-07 11:16:15,273] {logging_mixin.py:115} INFO - [2022-08-07 11:16:15,273] {dag.py:2972} INFO - Setting next_dagrun for example_complex to None, run_after=None
[2022-08-07 11:16:15,340] {processor.py:161} INFO - Processing /home/airflow/.local/lib/python3.7/site-packages/airflow/example_dags/example_complex.py took 0.514 seconds
[2022-08-07 11:16:45,510] {processor.py:153} INFO - Started process (PID=2909) to work on /home/airflow/.local/lib/python3.7/site-packages/airflow/example_dags/example_complex.py
[2022-08-07 11:16:45,512] {processor.py:641} INFO - Processing file /home/airflow/.local/lib/python3.7/site-packages/airflow/example_dags/example_complex.py for tasks to queue
[2022-08-07 11:16:45,514] {logging_mixin.py:115} INFO - [2022-08-07 11:16:45,514] {dagbag.py:508} INFO - Filling up the DagBag from /home/airflow/.local/lib/python3.7/site-packages/airflow/example_dags/example_complex.py
[2022-08-07 11:16:45,630] {processor.py:651} INFO - DAG(s) dict_keys(['example_complex']) retrieved from /home/airflow/.local/lib/python3.7/site-packages/airflow/example_dags/example_complex.py
[2022-08-07 11:16:45,799] {logging_mixin.py:115} INFO - [2022-08-07 11:16:45,798] {dag.py:2420} INFO - Sync 1 DAGs
[2022-08-07 11:16:45,917] {logging_mixin.py:115} INFO - [2022-08-07 11:16:45,917] {dag.py:2972} INFO - Setting next_dagrun for example_complex to None, run_after=None
[2022-08-07 11:16:45,966] {processor.py:161} INFO - Processing /home/airflow/.local/lib/python3.7/site-packages/airflow/example_dags/example_complex.py took 0.477 seconds
[2022-08-07 11:17:16,070] {processor.py:153} INFO - Started process (PID=2962) to work on /home/airflow/.local/lib/python3.7/site-packages/airflow/example_dags/example_complex.py
[2022-08-07 11:17:16,072] {processor.py:641} INFO - Processing file /home/airflow/.local/lib/python3.7/site-packages/airflow/example_dags/example_complex.py for tasks to queue
[2022-08-07 11:17:16,074] {logging_mixin.py:115} INFO - [2022-08-07 11:17:16,074] {dagbag.py:508} INFO - Filling up the DagBag from /home/airflow/.local/lib/python3.7/site-packages/airflow/example_dags/example_complex.py
[2022-08-07 11:17:16,164] {processor.py:651} INFO - DAG(s) dict_keys(['example_complex']) retrieved from /home/airflow/.local/lib/python3.7/site-packages/airflow/example_dags/example_complex.py
[2022-08-07 11:17:16,338] {logging_mixin.py:115} INFO - [2022-08-07 11:17:16,338] {dag.py:2420} INFO - Sync 1 DAGs
[2022-08-07 11:17:16,446] {logging_mixin.py:115} INFO - [2022-08-07 11:17:16,446] {dag.py:2972} INFO - Setting next_dagrun for example_complex to None, run_after=None
[2022-08-07 11:17:16,503] {processor.py:161} INFO - Processing /home/airflow/.local/lib/python3.7/site-packages/airflow/example_dags/example_complex.py took 0.447 seconds
[2022-08-07 11:17:47,088] {processor.py:153} INFO - Started process (PID=3013) to work on /home/airflow/.local/lib/python3.7/site-packages/airflow/example_dags/example_complex.py
[2022-08-07 11:17:47,090] {processor.py:641} INFO - Processing file /home/airflow/.local/lib/python3.7/site-packages/airflow/example_dags/example_complex.py for tasks to queue
[2022-08-07 11:17:47,092] {logging_mixin.py:115} INFO - [2022-08-07 11:17:47,092] {dagbag.py:508} INFO - Filling up the DagBag from /home/airflow/.local/lib/python3.7/site-packages/airflow/example_dags/example_complex.py
[2022-08-07 11:17:47,172] {processor.py:651} INFO - DAG(s) dict_keys(['example_complex']) retrieved from /home/airflow/.local/lib/python3.7/site-packages/airflow/example_dags/example_complex.py
[2022-08-07 11:17:47,327] {logging_mixin.py:115} INFO - [2022-08-07 11:17:47,326] {dag.py:2420} INFO - Sync 1 DAGs
[2022-08-07 11:17:47,444] {logging_mixin.py:115} INFO - [2022-08-07 11:17:47,443] {dag.py:2972} INFO - Setting next_dagrun for example_complex to None, run_after=None
[2022-08-07 11:17:47,499] {processor.py:161} INFO - Processing /home/airflow/.local/lib/python3.7/site-packages/airflow/example_dags/example_complex.py took 0.425 seconds
[2022-08-07 11:18:17,882] {processor.py:153} INFO - Started process (PID=3065) to work on /home/airflow/.local/lib/python3.7/site-packages/airflow/example_dags/example_complex.py
[2022-08-07 11:18:17,883] {processor.py:641} INFO - Processing file /home/airflow/.local/lib/python3.7/site-packages/airflow/example_dags/example_complex.py for tasks to queue
[2022-08-07 11:18:17,886] {logging_mixin.py:115} INFO - [2022-08-07 11:18:17,885] {dagbag.py:508} INFO - Filling up the DagBag from /home/airflow/.local/lib/python3.7/site-packages/airflow/example_dags/example_complex.py
[2022-08-07 11:18:18,021] {processor.py:651} INFO - DAG(s) dict_keys(['example_complex']) retrieved from /home/airflow/.local/lib/python3.7/site-packages/airflow/example_dags/example_complex.py
[2022-08-07 11:18:18,157] {logging_mixin.py:115} INFO - [2022-08-07 11:18:18,157] {dag.py:2420} INFO - Sync 1 DAGs
[2022-08-07 11:18:18,294] {logging_mixin.py:115} INFO - [2022-08-07 11:18:18,293] {dag.py:2972} INFO - Setting next_dagrun for example_complex to None, run_after=None
[2022-08-07 11:18:18,339] {processor.py:161} INFO - Processing /home/airflow/.local/lib/python3.7/site-packages/airflow/example_dags/example_complex.py took 0.472 seconds
[2022-08-07 11:18:49,003] {processor.py:153} INFO - Started process (PID=3108) to work on /home/airflow/.local/lib/python3.7/site-packages/airflow/example_dags/example_complex.py
[2022-08-07 11:18:49,005] {processor.py:641} INFO - Processing file /home/airflow/.local/lib/python3.7/site-packages/airflow/example_dags/example_complex.py for tasks to queue
[2022-08-07 11:18:49,007] {logging_mixin.py:115} INFO - [2022-08-07 11:18:49,007] {dagbag.py:508} INFO - Filling up the DagBag from /home/airflow/.local/lib/python3.7/site-packages/airflow/example_dags/example_complex.py
[2022-08-07 11:18:49,094] {processor.py:651} INFO - DAG(s) dict_keys(['example_complex']) retrieved from /home/airflow/.local/lib/python3.7/site-packages/airflow/example_dags/example_complex.py
[2022-08-07 11:18:49,433] {logging_mixin.py:115} INFO - [2022-08-07 11:18:49,432] {dag.py:2420} INFO - Sync 1 DAGs
[2022-08-07 11:18:49,597] {logging_mixin.py:115} INFO - [2022-08-07 11:18:49,597] {dag.py:2972} INFO - Setting next_dagrun for example_complex to None, run_after=None
[2022-08-07 11:18:49,684] {processor.py:161} INFO - Processing /home/airflow/.local/lib/python3.7/site-packages/airflow/example_dags/example_complex.py took 0.697 seconds
[2022-08-07 11:19:20,158] {processor.py:153} INFO - Started process (PID=3160) to work on /home/airflow/.local/lib/python3.7/site-packages/airflow/example_dags/example_complex.py
[2022-08-07 11:19:20,160] {processor.py:641} INFO - Processing file /home/airflow/.local/lib/python3.7/site-packages/airflow/example_dags/example_complex.py for tasks to queue
[2022-08-07 11:19:20,162] {logging_mixin.py:115} INFO - [2022-08-07 11:19:20,162] {dagbag.py:508} INFO - Filling up the DagBag from /home/airflow/.local/lib/python3.7/site-packages/airflow/example_dags/example_complex.py
[2022-08-07 11:19:20,250] {processor.py:651} INFO - DAG(s) dict_keys(['example_complex']) retrieved from /home/airflow/.local/lib/python3.7/site-packages/airflow/example_dags/example_complex.py
[2022-08-07 11:19:20,395] {logging_mixin.py:115} INFO - [2022-08-07 11:19:20,395] {dag.py:2420} INFO - Sync 1 DAGs
[2022-08-07 11:19:20,480] {logging_mixin.py:115} INFO - [2022-08-07 11:19:20,480] {dag.py:2972} INFO - Setting next_dagrun for example_complex to None, run_after=None
[2022-08-07 11:19:20,515] {processor.py:161} INFO - Processing /home/airflow/.local/lib/python3.7/site-packages/airflow/example_dags/example_complex.py took 0.371 seconds
[2022-08-07 11:19:51,103] {processor.py:153} INFO - Started process (PID=3212) to work on /home/airflow/.local/lib/python3.7/site-packages/airflow/example_dags/example_complex.py
[2022-08-07 11:19:51,105] {processor.py:641} INFO - Processing file /home/airflow/.local/lib/python3.7/site-packages/airflow/example_dags/example_complex.py for tasks to queue
[2022-08-07 11:19:51,108] {logging_mixin.py:115} INFO - [2022-08-07 11:19:51,107] {dagbag.py:508} INFO - Filling up the DagBag from /home/airflow/.local/lib/python3.7/site-packages/airflow/example_dags/example_complex.py
[2022-08-07 11:19:51,176] {processor.py:651} INFO - DAG(s) dict_keys(['example_complex']) retrieved from /home/airflow/.local/lib/python3.7/site-packages/airflow/example_dags/example_complex.py
[2022-08-07 11:19:51,339] {logging_mixin.py:115} INFO - [2022-08-07 11:19:51,339] {dag.py:2420} INFO - Sync 1 DAGs
[2022-08-07 11:19:51,437] {logging_mixin.py:115} INFO - [2022-08-07 11:19:51,437] {dag.py:2972} INFO - Setting next_dagrun for example_complex to None, run_after=None
[2022-08-07 11:19:51,487] {processor.py:161} INFO - Processing /home/airflow/.local/lib/python3.7/site-packages/airflow/example_dags/example_complex.py took 0.397 seconds
[2022-08-07 11:20:22,114] {processor.py:153} INFO - Started process (PID=3264) to work on /home/airflow/.local/lib/python3.7/site-packages/airflow/example_dags/example_complex.py
[2022-08-07 11:20:22,115] {processor.py:641} INFO - Processing file /home/airflow/.local/lib/python3.7/site-packages/airflow/example_dags/example_complex.py for tasks to queue
[2022-08-07 11:20:22,117] {logging_mixin.py:115} INFO - [2022-08-07 11:20:22,117] {dagbag.py:508} INFO - Filling up the DagBag from /home/airflow/.local/lib/python3.7/site-packages/airflow/example_dags/example_complex.py
[2022-08-07 11:20:22,209] {processor.py:651} INFO - DAG(s) dict_keys(['example_complex']) retrieved from /home/airflow/.local/lib/python3.7/site-packages/airflow/example_dags/example_complex.py
[2022-08-07 11:20:22,331] {logging_mixin.py:115} INFO - [2022-08-07 11:20:22,330] {dag.py:2420} INFO - Sync 1 DAGs
[2022-08-07 11:20:22,415] {logging_mixin.py:115} INFO - [2022-08-07 11:20:22,414] {dag.py:2972} INFO - Setting next_dagrun for example_complex to None, run_after=None
[2022-08-07 11:20:22,461] {processor.py:161} INFO - Processing /home/airflow/.local/lib/python3.7/site-packages/airflow/example_dags/example_complex.py took 0.361 seconds
