[2022-08-07 10:45:22,046] {processor.py:153} INFO - Started process (PID=64) to work on /home/airflow/.local/lib/python3.7/site-packages/airflow/example_dags/example_short_circuit_operator.py
[2022-08-07 10:45:22,052] {processor.py:641} INFO - Processing file /home/airflow/.local/lib/python3.7/site-packages/airflow/example_dags/example_short_circuit_operator.py for tasks to queue
[2022-08-07 10:45:22,055] {logging_mixin.py:115} INFO - [2022-08-07 10:45:22,054] {dagbag.py:508} INFO - Filling up the DagBag from /home/airflow/.local/lib/python3.7/site-packages/airflow/example_dags/example_short_circuit_operator.py
[2022-08-07 10:45:22,220] {processor.py:651} INFO - DAG(s) dict_keys(['example_short_circuit_operator']) retrieved from /home/airflow/.local/lib/python3.7/site-packages/airflow/example_dags/example_short_circuit_operator.py
[2022-08-07 10:45:23,038] {logging_mixin.py:115} INFO - [2022-08-07 10:45:23,037] {manager.py:508} INFO - Created Permission View: can read on DAG:example_short_circuit_operator
[2022-08-07 10:45:23,096] {logging_mixin.py:115} INFO - [2022-08-07 10:45:23,095] {manager.py:508} INFO - Created Permission View: can delete on DAG:example_short_circuit_operator
[2022-08-07 10:45:23,135] {logging_mixin.py:115} INFO - [2022-08-07 10:45:23,134] {manager.py:508} INFO - Created Permission View: can edit on DAG:example_short_circuit_operator
[2022-08-07 10:45:23,137] {logging_mixin.py:115} INFO - [2022-08-07 10:45:23,136] {dag.py:2420} INFO - Sync 1 DAGs
[2022-08-07 10:45:23,189] {logging_mixin.py:115} INFO - [2022-08-07 10:45:23,188] {dag.py:2439} INFO - Creating ORM DAG for example_short_circuit_operator
[2022-08-07 10:45:23,306] {logging_mixin.py:115} INFO - [2022-08-07 10:45:23,306] {dag.py:2972} INFO - Setting next_dagrun for example_short_circuit_operator to 2022-08-06T10:45:23.305567+00:00, run_after=2022-08-07T10:45:23.305567+00:00
[2022-08-07 10:45:23,432] {processor.py:161} INFO - Processing /home/airflow/.local/lib/python3.7/site-packages/airflow/example_dags/example_short_circuit_operator.py took 1.410 seconds
[2022-08-07 10:46:00,055] {processor.py:153} INFO - Started process (PID=107) to work on /home/airflow/.local/lib/python3.7/site-packages/airflow/example_dags/example_short_circuit_operator.py
[2022-08-07 10:46:00,079] {processor.py:641} INFO - Processing file /home/airflow/.local/lib/python3.7/site-packages/airflow/example_dags/example_short_circuit_operator.py for tasks to queue
[2022-08-07 10:46:00,082] {logging_mixin.py:115} INFO - [2022-08-07 10:46:00,082] {dagbag.py:508} INFO - Filling up the DagBag from /home/airflow/.local/lib/python3.7/site-packages/airflow/example_dags/example_short_circuit_operator.py
[2022-08-07 10:46:00,242] {processor.py:651} INFO - DAG(s) dict_keys(['example_short_circuit_operator']) retrieved from /home/airflow/.local/lib/python3.7/site-packages/airflow/example_dags/example_short_circuit_operator.py
[2022-08-07 10:46:00,972] {logging_mixin.py:115} INFO - [2022-08-07 10:46:00,971] {dag.py:2420} INFO - Sync 1 DAGs
[2022-08-07 10:46:01,554] {logging_mixin.py:115} INFO - [2022-08-07 10:46:01,554] {dag.py:2972} INFO - Setting next_dagrun for example_short_circuit_operator to 2022-08-06T10:46:01.549935+00:00, run_after=2022-08-07T10:46:01.549935+00:00
[2022-08-07 10:46:01,989] {processor.py:161} INFO - Processing /home/airflow/.local/lib/python3.7/site-packages/airflow/example_dags/example_short_circuit_operator.py took 1.991 seconds
[2022-08-07 10:48:00,935] {processor.py:153} INFO - Started process (PID=168) to work on /home/airflow/.local/lib/python3.7/site-packages/airflow/example_dags/example_short_circuit_operator.py
[2022-08-07 10:48:00,943] {processor.py:641} INFO - Processing file /home/airflow/.local/lib/python3.7/site-packages/airflow/example_dags/example_short_circuit_operator.py for tasks to queue
[2022-08-07 10:48:00,945] {logging_mixin.py:115} INFO - [2022-08-07 10:48:00,944] {dagbag.py:508} INFO - Filling up the DagBag from /home/airflow/.local/lib/python3.7/site-packages/airflow/example_dags/example_short_circuit_operator.py
[2022-08-07 10:48:00,990] {processor.py:651} INFO - DAG(s) dict_keys(['example_short_circuit_operator']) retrieved from /home/airflow/.local/lib/python3.7/site-packages/airflow/example_dags/example_short_circuit_operator.py
[2022-08-07 10:48:01,152] {logging_mixin.py:115} INFO - [2022-08-07 10:48:01,151] {dag.py:2420} INFO - Sync 1 DAGs
[2022-08-07 10:48:01,488] {logging_mixin.py:115} INFO - [2022-08-07 10:48:01,487] {dag.py:2972} INFO - Setting next_dagrun for example_short_circuit_operator to 2022-08-06T10:48:01.486883+00:00, run_after=2022-08-07T10:48:01.486883+00:00
[2022-08-07 10:48:01,771] {processor.py:161} INFO - Processing /home/airflow/.local/lib/python3.7/site-packages/airflow/example_dags/example_short_circuit_operator.py took 0.855 seconds
[2022-08-07 10:48:36,086] {processor.py:153} INFO - Started process (PID=211) to work on /home/airflow/.local/lib/python3.7/site-packages/airflow/example_dags/example_short_circuit_operator.py
[2022-08-07 10:48:36,088] {processor.py:641} INFO - Processing file /home/airflow/.local/lib/python3.7/site-packages/airflow/example_dags/example_short_circuit_operator.py for tasks to queue
[2022-08-07 10:48:36,090] {logging_mixin.py:115} INFO - [2022-08-07 10:48:36,090] {dagbag.py:508} INFO - Filling up the DagBag from /home/airflow/.local/lib/python3.7/site-packages/airflow/example_dags/example_short_circuit_operator.py
[2022-08-07 10:48:36,137] {processor.py:651} INFO - DAG(s) dict_keys(['example_short_circuit_operator']) retrieved from /home/airflow/.local/lib/python3.7/site-packages/airflow/example_dags/example_short_circuit_operator.py
[2022-08-07 10:48:36,417] {logging_mixin.py:115} INFO - [2022-08-07 10:48:36,417] {dag.py:2420} INFO - Sync 1 DAGs
[2022-08-07 10:48:36,610] {logging_mixin.py:115} INFO - [2022-08-07 10:48:36,609] {dag.py:2972} INFO - Setting next_dagrun for example_short_circuit_operator to 2022-08-06T10:48:36.596904+00:00, run_after=2022-08-07T10:48:36.596904+00:00
[2022-08-07 10:48:36,755] {processor.py:161} INFO - Processing /home/airflow/.local/lib/python3.7/site-packages/airflow/example_dags/example_short_circuit_operator.py took 0.694 seconds
[2022-08-07 10:49:06,860] {processor.py:153} INFO - Started process (PID=263) to work on /home/airflow/.local/lib/python3.7/site-packages/airflow/example_dags/example_short_circuit_operator.py
[2022-08-07 10:49:06,861] {processor.py:641} INFO - Processing file /home/airflow/.local/lib/python3.7/site-packages/airflow/example_dags/example_short_circuit_operator.py for tasks to queue
[2022-08-07 10:49:06,862] {logging_mixin.py:115} INFO - [2022-08-07 10:49:06,862] {dagbag.py:508} INFO - Filling up the DagBag from /home/airflow/.local/lib/python3.7/site-packages/airflow/example_dags/example_short_circuit_operator.py
[2022-08-07 10:49:06,890] {processor.py:651} INFO - DAG(s) dict_keys(['example_short_circuit_operator']) retrieved from /home/airflow/.local/lib/python3.7/site-packages/airflow/example_dags/example_short_circuit_operator.py
[2022-08-07 10:49:06,965] {logging_mixin.py:115} INFO - [2022-08-07 10:49:06,965] {dag.py:2420} INFO - Sync 1 DAGs
[2022-08-07 10:49:07,036] {logging_mixin.py:115} INFO - [2022-08-07 10:49:07,035] {dag.py:2972} INFO - Setting next_dagrun for example_short_circuit_operator to 2022-08-06T10:49:07.034948+00:00, run_after=2022-08-07T10:49:07.034948+00:00
[2022-08-07 10:49:07,072] {processor.py:161} INFO - Processing /home/airflow/.local/lib/python3.7/site-packages/airflow/example_dags/example_short_circuit_operator.py took 0.221 seconds
[2022-08-07 10:49:37,117] {processor.py:153} INFO - Started process (PID=313) to work on /home/airflow/.local/lib/python3.7/site-packages/airflow/example_dags/example_short_circuit_operator.py
[2022-08-07 10:49:37,119] {processor.py:641} INFO - Processing file /home/airflow/.local/lib/python3.7/site-packages/airflow/example_dags/example_short_circuit_operator.py for tasks to queue
[2022-08-07 10:49:37,120] {logging_mixin.py:115} INFO - [2022-08-07 10:49:37,120] {dagbag.py:508} INFO - Filling up the DagBag from /home/airflow/.local/lib/python3.7/site-packages/airflow/example_dags/example_short_circuit_operator.py
[2022-08-07 10:49:37,146] {processor.py:651} INFO - DAG(s) dict_keys(['example_short_circuit_operator']) retrieved from /home/airflow/.local/lib/python3.7/site-packages/airflow/example_dags/example_short_circuit_operator.py
[2022-08-07 10:49:37,217] {logging_mixin.py:115} INFO - [2022-08-07 10:49:37,217] {dag.py:2420} INFO - Sync 1 DAGs
[2022-08-07 10:49:37,283] {logging_mixin.py:115} INFO - [2022-08-07 10:49:37,283] {dag.py:2972} INFO - Setting next_dagrun for example_short_circuit_operator to 2022-08-06T10:49:37.282368+00:00, run_after=2022-08-07T10:49:37.282368+00:00
[2022-08-07 10:49:37,319] {processor.py:161} INFO - Processing /home/airflow/.local/lib/python3.7/site-packages/airflow/example_dags/example_short_circuit_operator.py took 0.211 seconds
[2022-08-07 10:50:07,512] {processor.py:153} INFO - Started process (PID=365) to work on /home/airflow/.local/lib/python3.7/site-packages/airflow/example_dags/example_short_circuit_operator.py
[2022-08-07 10:50:07,513] {processor.py:641} INFO - Processing file /home/airflow/.local/lib/python3.7/site-packages/airflow/example_dags/example_short_circuit_operator.py for tasks to queue
[2022-08-07 10:50:07,515] {logging_mixin.py:115} INFO - [2022-08-07 10:50:07,514] {dagbag.py:508} INFO - Filling up the DagBag from /home/airflow/.local/lib/python3.7/site-packages/airflow/example_dags/example_short_circuit_operator.py
[2022-08-07 10:50:07,542] {processor.py:651} INFO - DAG(s) dict_keys(['example_short_circuit_operator']) retrieved from /home/airflow/.local/lib/python3.7/site-packages/airflow/example_dags/example_short_circuit_operator.py
[2022-08-07 10:50:07,628] {logging_mixin.py:115} INFO - [2022-08-07 10:50:07,628] {dag.py:2420} INFO - Sync 1 DAGs
[2022-08-07 10:50:07,693] {logging_mixin.py:115} INFO - [2022-08-07 10:50:07,693] {dag.py:2972} INFO - Setting next_dagrun for example_short_circuit_operator to 2022-08-06T10:50:07.692473+00:00, run_after=2022-08-07T10:50:07.692473+00:00
[2022-08-07 10:50:07,724] {processor.py:161} INFO - Processing /home/airflow/.local/lib/python3.7/site-packages/airflow/example_dags/example_short_circuit_operator.py took 0.222 seconds
[2022-08-07 10:50:37,811] {processor.py:153} INFO - Started process (PID=411) to work on /home/airflow/.local/lib/python3.7/site-packages/airflow/example_dags/example_short_circuit_operator.py
[2022-08-07 10:50:37,813] {processor.py:641} INFO - Processing file /home/airflow/.local/lib/python3.7/site-packages/airflow/example_dags/example_short_circuit_operator.py for tasks to queue
[2022-08-07 10:50:37,814] {logging_mixin.py:115} INFO - [2022-08-07 10:50:37,814] {dagbag.py:508} INFO - Filling up the DagBag from /home/airflow/.local/lib/python3.7/site-packages/airflow/example_dags/example_short_circuit_operator.py
[2022-08-07 10:50:37,847] {processor.py:651} INFO - DAG(s) dict_keys(['example_short_circuit_operator']) retrieved from /home/airflow/.local/lib/python3.7/site-packages/airflow/example_dags/example_short_circuit_operator.py
[2022-08-07 10:50:37,946] {logging_mixin.py:115} INFO - [2022-08-07 10:50:37,945] {dag.py:2420} INFO - Sync 1 DAGs
[2022-08-07 10:50:38,038] {logging_mixin.py:115} INFO - [2022-08-07 10:50:38,037] {dag.py:2972} INFO - Setting next_dagrun for example_short_circuit_operator to 2022-08-06T10:50:38.036396+00:00, run_after=2022-08-07T10:50:38.036396+00:00
[2022-08-07 10:50:38,087] {processor.py:161} INFO - Processing /home/airflow/.local/lib/python3.7/site-packages/airflow/example_dags/example_short_circuit_operator.py took 0.285 seconds
[2022-08-07 10:51:08,550] {processor.py:153} INFO - Started process (PID=463) to work on /home/airflow/.local/lib/python3.7/site-packages/airflow/example_dags/example_short_circuit_operator.py
[2022-08-07 10:51:08,552] {processor.py:641} INFO - Processing file /home/airflow/.local/lib/python3.7/site-packages/airflow/example_dags/example_short_circuit_operator.py for tasks to queue
[2022-08-07 10:51:08,554] {logging_mixin.py:115} INFO - [2022-08-07 10:51:08,554] {dagbag.py:508} INFO - Filling up the DagBag from /home/airflow/.local/lib/python3.7/site-packages/airflow/example_dags/example_short_circuit_operator.py
[2022-08-07 10:51:08,628] {processor.py:651} INFO - DAG(s) dict_keys(['example_short_circuit_operator']) retrieved from /home/airflow/.local/lib/python3.7/site-packages/airflow/example_dags/example_short_circuit_operator.py
[2022-08-07 10:51:08,803] {logging_mixin.py:115} INFO - [2022-08-07 10:51:08,802] {dag.py:2420} INFO - Sync 1 DAGs
[2022-08-07 10:51:08,917] {logging_mixin.py:115} INFO - [2022-08-07 10:51:08,917] {dag.py:2972} INFO - Setting next_dagrun for example_short_circuit_operator to 2022-08-06T10:51:08.916272+00:00, run_after=2022-08-07T10:51:08.916272+00:00
[2022-08-07 10:51:08,964] {processor.py:161} INFO - Processing /home/airflow/.local/lib/python3.7/site-packages/airflow/example_dags/example_short_circuit_operator.py took 0.428 seconds
[2022-08-07 10:51:39,345] {processor.py:153} INFO - Started process (PID=514) to work on /home/airflow/.local/lib/python3.7/site-packages/airflow/example_dags/example_short_circuit_operator.py
[2022-08-07 10:51:39,347] {processor.py:641} INFO - Processing file /home/airflow/.local/lib/python3.7/site-packages/airflow/example_dags/example_short_circuit_operator.py for tasks to queue
[2022-08-07 10:51:39,348] {logging_mixin.py:115} INFO - [2022-08-07 10:51:39,348] {dagbag.py:508} INFO - Filling up the DagBag from /home/airflow/.local/lib/python3.7/site-packages/airflow/example_dags/example_short_circuit_operator.py
[2022-08-07 10:51:39,383] {processor.py:651} INFO - DAG(s) dict_keys(['example_short_circuit_operator']) retrieved from /home/airflow/.local/lib/python3.7/site-packages/airflow/example_dags/example_short_circuit_operator.py
[2022-08-07 10:51:39,519] {logging_mixin.py:115} INFO - [2022-08-07 10:51:39,519] {dag.py:2420} INFO - Sync 1 DAGs
[2022-08-07 10:51:39,653] {logging_mixin.py:115} INFO - [2022-08-07 10:51:39,653] {dag.py:2972} INFO - Setting next_dagrun for example_short_circuit_operator to 2022-08-06T10:51:39.652228+00:00, run_after=2022-08-07T10:51:39.652228+00:00
[2022-08-07 10:51:39,712] {processor.py:161} INFO - Processing /home/airflow/.local/lib/python3.7/site-packages/airflow/example_dags/example_short_circuit_operator.py took 0.377 seconds
[2022-08-07 10:52:09,879] {processor.py:153} INFO - Started process (PID=565) to work on /home/airflow/.local/lib/python3.7/site-packages/airflow/example_dags/example_short_circuit_operator.py
[2022-08-07 10:52:09,881] {processor.py:641} INFO - Processing file /home/airflow/.local/lib/python3.7/site-packages/airflow/example_dags/example_short_circuit_operator.py for tasks to queue
[2022-08-07 10:52:09,884] {logging_mixin.py:115} INFO - [2022-08-07 10:52:09,883] {dagbag.py:508} INFO - Filling up the DagBag from /home/airflow/.local/lib/python3.7/site-packages/airflow/example_dags/example_short_circuit_operator.py
[2022-08-07 10:52:09,944] {processor.py:651} INFO - DAG(s) dict_keys(['example_short_circuit_operator']) retrieved from /home/airflow/.local/lib/python3.7/site-packages/airflow/example_dags/example_short_circuit_operator.py
[2022-08-07 10:52:10,169] {logging_mixin.py:115} INFO - [2022-08-07 10:52:10,169] {dag.py:2420} INFO - Sync 1 DAGs
[2022-08-07 10:52:10,451] {logging_mixin.py:115} INFO - [2022-08-07 10:52:10,450] {dag.py:2972} INFO - Setting next_dagrun for example_short_circuit_operator to 2022-08-06T10:52:10.435360+00:00, run_after=2022-08-07T10:52:10.435360+00:00
[2022-08-07 10:52:10,516] {processor.py:161} INFO - Processing /home/airflow/.local/lib/python3.7/site-packages/airflow/example_dags/example_short_circuit_operator.py took 0.651 seconds
[2022-08-07 10:52:52,843] {processor.py:153} INFO - Started process (PID=608) to work on /home/airflow/.local/lib/python3.7/site-packages/airflow/example_dags/example_short_circuit_operator.py
[2022-08-07 10:52:52,944] {processor.py:641} INFO - Processing file /home/airflow/.local/lib/python3.7/site-packages/airflow/example_dags/example_short_circuit_operator.py for tasks to queue
[2022-08-07 10:52:52,977] {logging_mixin.py:115} INFO - [2022-08-07 10:52:52,976] {dagbag.py:508} INFO - Filling up the DagBag from /home/airflow/.local/lib/python3.7/site-packages/airflow/example_dags/example_short_circuit_operator.py
[2022-08-07 10:52:53,412] {processor.py:651} INFO - DAG(s) dict_keys(['example_short_circuit_operator']) retrieved from /home/airflow/.local/lib/python3.7/site-packages/airflow/example_dags/example_short_circuit_operator.py
[2022-08-07 10:52:57,915] {logging_mixin.py:115} INFO - [2022-08-07 10:52:57,736] {dag.py:2420} INFO - Sync 1 DAGs
[2022-08-07 10:53:29,367] {logging_mixin.py:115} INFO - [2022-08-07 10:53:29,365] {dag.py:2972} INFO - Setting next_dagrun for example_short_circuit_operator to 2022-08-06T10:53:29.362773+00:00, run_after=2022-08-07T10:53:29.362773+00:00
[2022-08-07 10:53:30,053] {processor.py:161} INFO - Processing /home/airflow/.local/lib/python3.7/site-packages/airflow/example_dags/example_short_circuit_operator.py took 37.248 seconds
[2022-08-07 10:54:00,209] {processor.py:153} INFO - Started process (PID=663) to work on /home/airflow/.local/lib/python3.7/site-packages/airflow/example_dags/example_short_circuit_operator.py
[2022-08-07 10:54:00,211] {processor.py:641} INFO - Processing file /home/airflow/.local/lib/python3.7/site-packages/airflow/example_dags/example_short_circuit_operator.py for tasks to queue
[2022-08-07 10:54:00,215] {logging_mixin.py:115} INFO - [2022-08-07 10:54:00,215] {dagbag.py:508} INFO - Filling up the DagBag from /home/airflow/.local/lib/python3.7/site-packages/airflow/example_dags/example_short_circuit_operator.py
[2022-08-07 10:54:00,262] {processor.py:651} INFO - DAG(s) dict_keys(['example_short_circuit_operator']) retrieved from /home/airflow/.local/lib/python3.7/site-packages/airflow/example_dags/example_short_circuit_operator.py
[2022-08-07 10:54:00,388] {logging_mixin.py:115} INFO - [2022-08-07 10:54:00,387] {dag.py:2420} INFO - Sync 1 DAGs
[2022-08-07 10:54:00,529] {logging_mixin.py:115} INFO - [2022-08-07 10:54:00,528] {dag.py:2972} INFO - Setting next_dagrun for example_short_circuit_operator to 2022-08-06T10:54:00.527528+00:00, run_after=2022-08-07T10:54:00.527528+00:00
[2022-08-07 10:54:00,577] {processor.py:161} INFO - Processing /home/airflow/.local/lib/python3.7/site-packages/airflow/example_dags/example_short_circuit_operator.py took 0.383 seconds
[2022-08-07 10:54:30,737] {processor.py:153} INFO - Started process (PID=715) to work on /home/airflow/.local/lib/python3.7/site-packages/airflow/example_dags/example_short_circuit_operator.py
[2022-08-07 10:54:30,738] {processor.py:641} INFO - Processing file /home/airflow/.local/lib/python3.7/site-packages/airflow/example_dags/example_short_circuit_operator.py for tasks to queue
[2022-08-07 10:54:30,740] {logging_mixin.py:115} INFO - [2022-08-07 10:54:30,740] {dagbag.py:508} INFO - Filling up the DagBag from /home/airflow/.local/lib/python3.7/site-packages/airflow/example_dags/example_short_circuit_operator.py
[2022-08-07 10:54:30,775] {processor.py:651} INFO - DAG(s) dict_keys(['example_short_circuit_operator']) retrieved from /home/airflow/.local/lib/python3.7/site-packages/airflow/example_dags/example_short_circuit_operator.py
[2022-08-07 10:54:30,885] {logging_mixin.py:115} INFO - [2022-08-07 10:54:30,885] {dag.py:2420} INFO - Sync 1 DAGs
[2022-08-07 10:54:31,000] {logging_mixin.py:115} INFO - [2022-08-07 10:54:31,000] {dag.py:2972} INFO - Setting next_dagrun for example_short_circuit_operator to 2022-08-06T10:54:30.999077+00:00, run_after=2022-08-07T10:54:30.999077+00:00
[2022-08-07 10:54:31,069] {processor.py:161} INFO - Processing /home/airflow/.local/lib/python3.7/site-packages/airflow/example_dags/example_short_circuit_operator.py took 0.343 seconds
[2022-08-07 10:55:01,212] {processor.py:153} INFO - Started process (PID=767) to work on /home/airflow/.local/lib/python3.7/site-packages/airflow/example_dags/example_short_circuit_operator.py
[2022-08-07 10:55:01,213] {processor.py:641} INFO - Processing file /home/airflow/.local/lib/python3.7/site-packages/airflow/example_dags/example_short_circuit_operator.py for tasks to queue
[2022-08-07 10:55:01,215] {logging_mixin.py:115} INFO - [2022-08-07 10:55:01,214] {dagbag.py:508} INFO - Filling up the DagBag from /home/airflow/.local/lib/python3.7/site-packages/airflow/example_dags/example_short_circuit_operator.py
[2022-08-07 10:55:01,250] {processor.py:651} INFO - DAG(s) dict_keys(['example_short_circuit_operator']) retrieved from /home/airflow/.local/lib/python3.7/site-packages/airflow/example_dags/example_short_circuit_operator.py
[2022-08-07 10:55:01,336] {logging_mixin.py:115} INFO - [2022-08-07 10:55:01,336] {dag.py:2420} INFO - Sync 1 DAGs
[2022-08-07 10:55:01,416] {logging_mixin.py:115} INFO - [2022-08-07 10:55:01,416] {dag.py:2972} INFO - Setting next_dagrun for example_short_circuit_operator to 2022-08-06T10:55:01.415384+00:00, run_after=2022-08-07T10:55:01.415384+00:00
[2022-08-07 10:55:01,476] {processor.py:161} INFO - Processing /home/airflow/.local/lib/python3.7/site-packages/airflow/example_dags/example_short_circuit_operator.py took 0.276 seconds
[2022-08-07 10:55:31,696] {processor.py:153} INFO - Started process (PID=819) to work on /home/airflow/.local/lib/python3.7/site-packages/airflow/example_dags/example_short_circuit_operator.py
[2022-08-07 10:55:31,698] {processor.py:641} INFO - Processing file /home/airflow/.local/lib/python3.7/site-packages/airflow/example_dags/example_short_circuit_operator.py for tasks to queue
[2022-08-07 10:55:31,700] {logging_mixin.py:115} INFO - [2022-08-07 10:55:31,699] {dagbag.py:508} INFO - Filling up the DagBag from /home/airflow/.local/lib/python3.7/site-packages/airflow/example_dags/example_short_circuit_operator.py
[2022-08-07 10:55:31,732] {processor.py:651} INFO - DAG(s) dict_keys(['example_short_circuit_operator']) retrieved from /home/airflow/.local/lib/python3.7/site-packages/airflow/example_dags/example_short_circuit_operator.py
[2022-08-07 10:55:31,857] {logging_mixin.py:115} INFO - [2022-08-07 10:55:31,856] {dag.py:2420} INFO - Sync 1 DAGs
[2022-08-07 10:55:31,939] {logging_mixin.py:115} INFO - [2022-08-07 10:55:31,939] {dag.py:2972} INFO - Setting next_dagrun for example_short_circuit_operator to 2022-08-06T10:55:31.938002+00:00, run_after=2022-08-07T10:55:31.938002+00:00
[2022-08-07 10:55:31,983] {processor.py:161} INFO - Processing /home/airflow/.local/lib/python3.7/site-packages/airflow/example_dags/example_short_circuit_operator.py took 0.296 seconds
[2022-08-07 10:56:02,268] {processor.py:153} INFO - Started process (PID=868) to work on /home/airflow/.local/lib/python3.7/site-packages/airflow/example_dags/example_short_circuit_operator.py
[2022-08-07 10:56:02,269] {processor.py:641} INFO - Processing file /home/airflow/.local/lib/python3.7/site-packages/airflow/example_dags/example_short_circuit_operator.py for tasks to queue
[2022-08-07 10:56:02,270] {logging_mixin.py:115} INFO - [2022-08-07 10:56:02,270] {dagbag.py:508} INFO - Filling up the DagBag from /home/airflow/.local/lib/python3.7/site-packages/airflow/example_dags/example_short_circuit_operator.py
[2022-08-07 10:56:02,304] {processor.py:651} INFO - DAG(s) dict_keys(['example_short_circuit_operator']) retrieved from /home/airflow/.local/lib/python3.7/site-packages/airflow/example_dags/example_short_circuit_operator.py
[2022-08-07 10:56:02,448] {logging_mixin.py:115} INFO - [2022-08-07 10:56:02,447] {dag.py:2420} INFO - Sync 1 DAGs
[2022-08-07 10:56:02,566] {logging_mixin.py:115} INFO - [2022-08-07 10:56:02,565] {dag.py:2972} INFO - Setting next_dagrun for example_short_circuit_operator to 2022-08-06T10:56:02.564571+00:00, run_after=2022-08-07T10:56:02.564571+00:00
[2022-08-07 10:56:02,614] {processor.py:161} INFO - Processing /home/airflow/.local/lib/python3.7/site-packages/airflow/example_dags/example_short_circuit_operator.py took 0.356 seconds
[2022-08-07 10:56:32,922] {processor.py:153} INFO - Started process (PID=920) to work on /home/airflow/.local/lib/python3.7/site-packages/airflow/example_dags/example_short_circuit_operator.py
[2022-08-07 10:56:32,923] {processor.py:641} INFO - Processing file /home/airflow/.local/lib/python3.7/site-packages/airflow/example_dags/example_short_circuit_operator.py for tasks to queue
[2022-08-07 10:56:32,925] {logging_mixin.py:115} INFO - [2022-08-07 10:56:32,925] {dagbag.py:508} INFO - Filling up the DagBag from /home/airflow/.local/lib/python3.7/site-packages/airflow/example_dags/example_short_circuit_operator.py
[2022-08-07 10:56:32,963] {processor.py:651} INFO - DAG(s) dict_keys(['example_short_circuit_operator']) retrieved from /home/airflow/.local/lib/python3.7/site-packages/airflow/example_dags/example_short_circuit_operator.py
[2022-08-07 10:56:33,119] {logging_mixin.py:115} INFO - [2022-08-07 10:56:33,118] {dag.py:2420} INFO - Sync 1 DAGs
[2022-08-07 10:56:33,269] {logging_mixin.py:115} INFO - [2022-08-07 10:56:33,268] {dag.py:2972} INFO - Setting next_dagrun for example_short_circuit_operator to 2022-08-06T10:56:33.267761+00:00, run_after=2022-08-07T10:56:33.267761+00:00
[2022-08-07 10:56:33,330] {processor.py:161} INFO - Processing /home/airflow/.local/lib/python3.7/site-packages/airflow/example_dags/example_short_circuit_operator.py took 0.419 seconds
[2022-08-07 10:57:04,131] {processor.py:153} INFO - Started process (PID=972) to work on /home/airflow/.local/lib/python3.7/site-packages/airflow/example_dags/example_short_circuit_operator.py
[2022-08-07 10:57:04,137] {processor.py:641} INFO - Processing file /home/airflow/.local/lib/python3.7/site-packages/airflow/example_dags/example_short_circuit_operator.py for tasks to queue
[2022-08-07 10:57:04,139] {logging_mixin.py:115} INFO - [2022-08-07 10:57:04,138] {dagbag.py:508} INFO - Filling up the DagBag from /home/airflow/.local/lib/python3.7/site-packages/airflow/example_dags/example_short_circuit_operator.py
[2022-08-07 10:57:04,169] {processor.py:651} INFO - DAG(s) dict_keys(['example_short_circuit_operator']) retrieved from /home/airflow/.local/lib/python3.7/site-packages/airflow/example_dags/example_short_circuit_operator.py
[2022-08-07 10:57:04,260] {logging_mixin.py:115} INFO - [2022-08-07 10:57:04,259] {dag.py:2420} INFO - Sync 1 DAGs
[2022-08-07 10:57:04,338] {logging_mixin.py:115} INFO - [2022-08-07 10:57:04,337] {dag.py:2972} INFO - Setting next_dagrun for example_short_circuit_operator to 2022-08-06T10:57:04.336670+00:00, run_after=2022-08-07T10:57:04.336670+00:00
[2022-08-07 10:57:04,382] {processor.py:161} INFO - Processing /home/airflow/.local/lib/python3.7/site-packages/airflow/example_dags/example_short_circuit_operator.py took 0.259 seconds
[2022-08-07 10:57:35,317] {processor.py:153} INFO - Started process (PID=1017) to work on /home/airflow/.local/lib/python3.7/site-packages/airflow/example_dags/example_short_circuit_operator.py
[2022-08-07 10:57:35,344] {processor.py:641} INFO - Processing file /home/airflow/.local/lib/python3.7/site-packages/airflow/example_dags/example_short_circuit_operator.py for tasks to queue
[2022-08-07 10:57:35,346] {logging_mixin.py:115} INFO - [2022-08-07 10:57:35,345] {dagbag.py:508} INFO - Filling up the DagBag from /home/airflow/.local/lib/python3.7/site-packages/airflow/example_dags/example_short_circuit_operator.py
[2022-08-07 10:57:35,374] {processor.py:651} INFO - DAG(s) dict_keys(['example_short_circuit_operator']) retrieved from /home/airflow/.local/lib/python3.7/site-packages/airflow/example_dags/example_short_circuit_operator.py
[2022-08-07 10:57:35,462] {logging_mixin.py:115} INFO - [2022-08-07 10:57:35,462] {dag.py:2420} INFO - Sync 1 DAGs
[2022-08-07 10:57:35,535] {logging_mixin.py:115} INFO - [2022-08-07 10:57:35,534] {dag.py:2972} INFO - Setting next_dagrun for example_short_circuit_operator to 2022-08-06T10:57:35.534194+00:00, run_after=2022-08-07T10:57:35.534194+00:00
[2022-08-07 10:57:35,575] {processor.py:161} INFO - Processing /home/airflow/.local/lib/python3.7/site-packages/airflow/example_dags/example_short_circuit_operator.py took 0.271 seconds
[2022-08-07 10:58:06,203] {processor.py:153} INFO - Started process (PID=1069) to work on /home/airflow/.local/lib/python3.7/site-packages/airflow/example_dags/example_short_circuit_operator.py
[2022-08-07 10:58:06,231] {processor.py:641} INFO - Processing file /home/airflow/.local/lib/python3.7/site-packages/airflow/example_dags/example_short_circuit_operator.py for tasks to queue
[2022-08-07 10:58:06,234] {logging_mixin.py:115} INFO - [2022-08-07 10:58:06,234] {dagbag.py:508} INFO - Filling up the DagBag from /home/airflow/.local/lib/python3.7/site-packages/airflow/example_dags/example_short_circuit_operator.py
[2022-08-07 10:58:06,285] {processor.py:651} INFO - DAG(s) dict_keys(['example_short_circuit_operator']) retrieved from /home/airflow/.local/lib/python3.7/site-packages/airflow/example_dags/example_short_circuit_operator.py
[2022-08-07 10:58:06,414] {logging_mixin.py:115} INFO - [2022-08-07 10:58:06,413] {dag.py:2420} INFO - Sync 1 DAGs
[2022-08-07 10:58:06,537] {logging_mixin.py:115} INFO - [2022-08-07 10:58:06,536] {dag.py:2972} INFO - Setting next_dagrun for example_short_circuit_operator to 2022-08-06T10:58:06.535465+00:00, run_after=2022-08-07T10:58:06.535465+00:00
[2022-08-07 10:58:06,592] {processor.py:161} INFO - Processing /home/airflow/.local/lib/python3.7/site-packages/airflow/example_dags/example_short_circuit_operator.py took 0.408 seconds
[2022-08-07 10:58:36,878] {processor.py:153} INFO - Started process (PID=1121) to work on /home/airflow/.local/lib/python3.7/site-packages/airflow/example_dags/example_short_circuit_operator.py
[2022-08-07 10:58:36,905] {processor.py:641} INFO - Processing file /home/airflow/.local/lib/python3.7/site-packages/airflow/example_dags/example_short_circuit_operator.py for tasks to queue
[2022-08-07 10:58:36,907] {logging_mixin.py:115} INFO - [2022-08-07 10:58:36,907] {dagbag.py:508} INFO - Filling up the DagBag from /home/airflow/.local/lib/python3.7/site-packages/airflow/example_dags/example_short_circuit_operator.py
[2022-08-07 10:58:36,936] {processor.py:651} INFO - DAG(s) dict_keys(['example_short_circuit_operator']) retrieved from /home/airflow/.local/lib/python3.7/site-packages/airflow/example_dags/example_short_circuit_operator.py
[2022-08-07 10:58:37,022] {logging_mixin.py:115} INFO - [2022-08-07 10:58:37,021] {dag.py:2420} INFO - Sync 1 DAGs
[2022-08-07 10:58:37,097] {logging_mixin.py:115} INFO - [2022-08-07 10:58:37,097] {dag.py:2972} INFO - Setting next_dagrun for example_short_circuit_operator to 2022-08-06T10:58:37.096926+00:00, run_after=2022-08-07T10:58:37.096926+00:00
[2022-08-07 10:58:37,132] {processor.py:161} INFO - Processing /home/airflow/.local/lib/python3.7/site-packages/airflow/example_dags/example_short_circuit_operator.py took 0.264 seconds
[2022-08-07 10:59:07,283] {processor.py:153} INFO - Started process (PID=1173) to work on /home/airflow/.local/lib/python3.7/site-packages/airflow/example_dags/example_short_circuit_operator.py
[2022-08-07 10:59:07,284] {processor.py:641} INFO - Processing file /home/airflow/.local/lib/python3.7/site-packages/airflow/example_dags/example_short_circuit_operator.py for tasks to queue
[2022-08-07 10:59:07,286] {logging_mixin.py:115} INFO - [2022-08-07 10:59:07,286] {dagbag.py:508} INFO - Filling up the DagBag from /home/airflow/.local/lib/python3.7/site-packages/airflow/example_dags/example_short_circuit_operator.py
[2022-08-07 10:59:07,322] {processor.py:651} INFO - DAG(s) dict_keys(['example_short_circuit_operator']) retrieved from /home/airflow/.local/lib/python3.7/site-packages/airflow/example_dags/example_short_circuit_operator.py
[2022-08-07 10:59:07,408] {logging_mixin.py:115} INFO - [2022-08-07 10:59:07,408] {dag.py:2420} INFO - Sync 1 DAGs
[2022-08-07 10:59:07,482] {logging_mixin.py:115} INFO - [2022-08-07 10:59:07,482] {dag.py:2972} INFO - Setting next_dagrun for example_short_circuit_operator to 2022-08-06T10:59:07.481785+00:00, run_after=2022-08-07T10:59:07.481785+00:00
[2022-08-07 10:59:07,517] {processor.py:161} INFO - Processing /home/airflow/.local/lib/python3.7/site-packages/airflow/example_dags/example_short_circuit_operator.py took 0.244 seconds
[2022-08-07 10:59:37,667] {processor.py:153} INFO - Started process (PID=1225) to work on /home/airflow/.local/lib/python3.7/site-packages/airflow/example_dags/example_short_circuit_operator.py
[2022-08-07 10:59:37,678] {processor.py:641} INFO - Processing file /home/airflow/.local/lib/python3.7/site-packages/airflow/example_dags/example_short_circuit_operator.py for tasks to queue
[2022-08-07 10:59:37,680] {logging_mixin.py:115} INFO - [2022-08-07 10:59:37,680] {dagbag.py:508} INFO - Filling up the DagBag from /home/airflow/.local/lib/python3.7/site-packages/airflow/example_dags/example_short_circuit_operator.py
[2022-08-07 10:59:37,791] {processor.py:651} INFO - DAG(s) dict_keys(['example_short_circuit_operator']) retrieved from /home/airflow/.local/lib/python3.7/site-packages/airflow/example_dags/example_short_circuit_operator.py
[2022-08-07 10:59:38,014] {logging_mixin.py:115} INFO - [2022-08-07 10:59:38,014] {dag.py:2420} INFO - Sync 1 DAGs
[2022-08-07 10:59:38,165] {logging_mixin.py:115} INFO - [2022-08-07 10:59:38,165] {dag.py:2972} INFO - Setting next_dagrun for example_short_circuit_operator to 2022-08-06T10:59:38.164210+00:00, run_after=2022-08-07T10:59:38.164210+00:00
[2022-08-07 10:59:38,230] {processor.py:161} INFO - Processing /home/airflow/.local/lib/python3.7/site-packages/airflow/example_dags/example_short_circuit_operator.py took 0.585 seconds
[2022-08-07 11:00:08,580] {processor.py:153} INFO - Started process (PID=1275) to work on /home/airflow/.local/lib/python3.7/site-packages/airflow/example_dags/example_short_circuit_operator.py
[2022-08-07 11:00:08,581] {processor.py:641} INFO - Processing file /home/airflow/.local/lib/python3.7/site-packages/airflow/example_dags/example_short_circuit_operator.py for tasks to queue
[2022-08-07 11:00:08,583] {logging_mixin.py:115} INFO - [2022-08-07 11:00:08,583] {dagbag.py:508} INFO - Filling up the DagBag from /home/airflow/.local/lib/python3.7/site-packages/airflow/example_dags/example_short_circuit_operator.py
[2022-08-07 11:00:08,631] {processor.py:651} INFO - DAG(s) dict_keys(['example_short_circuit_operator']) retrieved from /home/airflow/.local/lib/python3.7/site-packages/airflow/example_dags/example_short_circuit_operator.py
[2022-08-07 11:00:08,779] {logging_mixin.py:115} INFO - [2022-08-07 11:00:08,778] {dag.py:2420} INFO - Sync 1 DAGs
[2022-08-07 11:00:08,888] {logging_mixin.py:115} INFO - [2022-08-07 11:00:08,888] {dag.py:2972} INFO - Setting next_dagrun for example_short_circuit_operator to 2022-08-06T11:00:08.887863+00:00, run_after=2022-08-07T11:00:08.887863+00:00
[2022-08-07 11:00:08,942] {processor.py:161} INFO - Processing /home/airflow/.local/lib/python3.7/site-packages/airflow/example_dags/example_short_circuit_operator.py took 0.383 seconds
[2022-08-07 11:00:39,584] {processor.py:153} INFO - Started process (PID=1319) to work on /home/airflow/.local/lib/python3.7/site-packages/airflow/example_dags/example_short_circuit_operator.py
[2022-08-07 11:00:39,586] {processor.py:641} INFO - Processing file /home/airflow/.local/lib/python3.7/site-packages/airflow/example_dags/example_short_circuit_operator.py for tasks to queue
[2022-08-07 11:00:39,588] {logging_mixin.py:115} INFO - [2022-08-07 11:00:39,587] {dagbag.py:508} INFO - Filling up the DagBag from /home/airflow/.local/lib/python3.7/site-packages/airflow/example_dags/example_short_circuit_operator.py
[2022-08-07 11:00:39,624] {processor.py:651} INFO - DAG(s) dict_keys(['example_short_circuit_operator']) retrieved from /home/airflow/.local/lib/python3.7/site-packages/airflow/example_dags/example_short_circuit_operator.py
[2022-08-07 11:00:39,721] {logging_mixin.py:115} INFO - [2022-08-07 11:00:39,721] {dag.py:2420} INFO - Sync 1 DAGs
[2022-08-07 11:00:39,807] {logging_mixin.py:115} INFO - [2022-08-07 11:00:39,807] {dag.py:2972} INFO - Setting next_dagrun for example_short_circuit_operator to 2022-08-06T11:00:39.806582+00:00, run_after=2022-08-07T11:00:39.806582+00:00
[2022-08-07 11:00:39,848] {processor.py:161} INFO - Processing /home/airflow/.local/lib/python3.7/site-packages/airflow/example_dags/example_short_circuit_operator.py took 0.274 seconds
[2022-08-07 11:01:09,971] {processor.py:153} INFO - Started process (PID=1371) to work on /home/airflow/.local/lib/python3.7/site-packages/airflow/example_dags/example_short_circuit_operator.py
[2022-08-07 11:01:09,973] {processor.py:641} INFO - Processing file /home/airflow/.local/lib/python3.7/site-packages/airflow/example_dags/example_short_circuit_operator.py for tasks to queue
[2022-08-07 11:01:09,975] {logging_mixin.py:115} INFO - [2022-08-07 11:01:09,975] {dagbag.py:508} INFO - Filling up the DagBag from /home/airflow/.local/lib/python3.7/site-packages/airflow/example_dags/example_short_circuit_operator.py
[2022-08-07 11:01:10,023] {processor.py:651} INFO - DAG(s) dict_keys(['example_short_circuit_operator']) retrieved from /home/airflow/.local/lib/python3.7/site-packages/airflow/example_dags/example_short_circuit_operator.py
[2022-08-07 11:01:10,146] {logging_mixin.py:115} INFO - [2022-08-07 11:01:10,146] {dag.py:2420} INFO - Sync 1 DAGs
[2022-08-07 11:01:10,245] {logging_mixin.py:115} INFO - [2022-08-07 11:01:10,245] {dag.py:2972} INFO - Setting next_dagrun for example_short_circuit_operator to 2022-08-06T11:01:10.244548+00:00, run_after=2022-08-07T11:01:10.244548+00:00
[2022-08-07 11:01:10,295] {processor.py:161} INFO - Processing /home/airflow/.local/lib/python3.7/site-packages/airflow/example_dags/example_short_circuit_operator.py took 0.338 seconds
[2022-08-07 11:01:40,761] {processor.py:153} INFO - Started process (PID=1423) to work on /home/airflow/.local/lib/python3.7/site-packages/airflow/example_dags/example_short_circuit_operator.py
[2022-08-07 11:01:40,763] {processor.py:641} INFO - Processing file /home/airflow/.local/lib/python3.7/site-packages/airflow/example_dags/example_short_circuit_operator.py for tasks to queue
[2022-08-07 11:01:40,765] {logging_mixin.py:115} INFO - [2022-08-07 11:01:40,765] {dagbag.py:508} INFO - Filling up the DagBag from /home/airflow/.local/lib/python3.7/site-packages/airflow/example_dags/example_short_circuit_operator.py
[2022-08-07 11:01:40,853] {processor.py:651} INFO - DAG(s) dict_keys(['example_short_circuit_operator']) retrieved from /home/airflow/.local/lib/python3.7/site-packages/airflow/example_dags/example_short_circuit_operator.py
[2022-08-07 11:01:41,278] {logging_mixin.py:115} INFO - [2022-08-07 11:01:41,277] {dag.py:2420} INFO - Sync 1 DAGs
[2022-08-07 11:01:41,545] {logging_mixin.py:115} INFO - [2022-08-07 11:01:41,544] {dag.py:2972} INFO - Setting next_dagrun for example_short_circuit_operator to 2022-08-06T11:01:41.543195+00:00, run_after=2022-08-07T11:01:41.543195+00:00
[2022-08-07 11:01:41,636] {processor.py:161} INFO - Processing /home/airflow/.local/lib/python3.7/site-packages/airflow/example_dags/example_short_circuit_operator.py took 0.897 seconds
[2022-08-07 11:02:12,467] {processor.py:153} INFO - Started process (PID=1475) to work on /home/airflow/.local/lib/python3.7/site-packages/airflow/example_dags/example_short_circuit_operator.py
[2022-08-07 11:02:12,495] {processor.py:641} INFO - Processing file /home/airflow/.local/lib/python3.7/site-packages/airflow/example_dags/example_short_circuit_operator.py for tasks to queue
[2022-08-07 11:02:12,497] {logging_mixin.py:115} INFO - [2022-08-07 11:02:12,496] {dagbag.py:508} INFO - Filling up the DagBag from /home/airflow/.local/lib/python3.7/site-packages/airflow/example_dags/example_short_circuit_operator.py
[2022-08-07 11:02:12,544] {processor.py:651} INFO - DAG(s) dict_keys(['example_short_circuit_operator']) retrieved from /home/airflow/.local/lib/python3.7/site-packages/airflow/example_dags/example_short_circuit_operator.py
[2022-08-07 11:02:12,664] {logging_mixin.py:115} INFO - [2022-08-07 11:02:12,663] {dag.py:2420} INFO - Sync 1 DAGs
[2022-08-07 11:02:12,783] {logging_mixin.py:115} INFO - [2022-08-07 11:02:12,782] {dag.py:2972} INFO - Setting next_dagrun for example_short_circuit_operator to 2022-08-06T11:02:12.781647+00:00, run_after=2022-08-07T11:02:12.781647+00:00
[2022-08-07 11:02:12,867] {processor.py:161} INFO - Processing /home/airflow/.local/lib/python3.7/site-packages/airflow/example_dags/example_short_circuit_operator.py took 0.413 seconds
[2022-08-07 11:02:43,208] {processor.py:153} INFO - Started process (PID=1525) to work on /home/airflow/.local/lib/python3.7/site-packages/airflow/example_dags/example_short_circuit_operator.py
[2022-08-07 11:02:43,235] {processor.py:641} INFO - Processing file /home/airflow/.local/lib/python3.7/site-packages/airflow/example_dags/example_short_circuit_operator.py for tasks to queue
[2022-08-07 11:02:43,237] {logging_mixin.py:115} INFO - [2022-08-07 11:02:43,236] {dagbag.py:508} INFO - Filling up the DagBag from /home/airflow/.local/lib/python3.7/site-packages/airflow/example_dags/example_short_circuit_operator.py
[2022-08-07 11:02:43,263] {processor.py:651} INFO - DAG(s) dict_keys(['example_short_circuit_operator']) retrieved from /home/airflow/.local/lib/python3.7/site-packages/airflow/example_dags/example_short_circuit_operator.py
[2022-08-07 11:02:43,346] {logging_mixin.py:115} INFO - [2022-08-07 11:02:43,346] {dag.py:2420} INFO - Sync 1 DAGs
[2022-08-07 11:02:43,415] {logging_mixin.py:115} INFO - [2022-08-07 11:02:43,415] {dag.py:2972} INFO - Setting next_dagrun for example_short_circuit_operator to 2022-08-06T11:02:43.415062+00:00, run_after=2022-08-07T11:02:43.415062+00:00
[2022-08-07 11:02:43,459] {processor.py:161} INFO - Processing /home/airflow/.local/lib/python3.7/site-packages/airflow/example_dags/example_short_circuit_operator.py took 0.260 seconds
[2022-08-07 11:03:14,010] {processor.py:153} INFO - Started process (PID=1570) to work on /home/airflow/.local/lib/python3.7/site-packages/airflow/example_dags/example_short_circuit_operator.py
[2022-08-07 11:03:14,012] {processor.py:641} INFO - Processing file /home/airflow/.local/lib/python3.7/site-packages/airflow/example_dags/example_short_circuit_operator.py for tasks to queue
[2022-08-07 11:03:14,013] {logging_mixin.py:115} INFO - [2022-08-07 11:03:14,013] {dagbag.py:508} INFO - Filling up the DagBag from /home/airflow/.local/lib/python3.7/site-packages/airflow/example_dags/example_short_circuit_operator.py
[2022-08-07 11:03:14,050] {processor.py:651} INFO - DAG(s) dict_keys(['example_short_circuit_operator']) retrieved from /home/airflow/.local/lib/python3.7/site-packages/airflow/example_dags/example_short_circuit_operator.py
[2022-08-07 11:03:14,164] {logging_mixin.py:115} INFO - [2022-08-07 11:03:14,164] {dag.py:2420} INFO - Sync 1 DAGs
[2022-08-07 11:03:14,266] {logging_mixin.py:115} INFO - [2022-08-07 11:03:14,266] {dag.py:2972} INFO - Setting next_dagrun for example_short_circuit_operator to 2022-08-06T11:03:14.265623+00:00, run_after=2022-08-07T11:03:14.265623+00:00
[2022-08-07 11:03:14,313] {processor.py:161} INFO - Processing /home/airflow/.local/lib/python3.7/site-packages/airflow/example_dags/example_short_circuit_operator.py took 0.314 seconds
[2022-08-07 11:03:44,978] {processor.py:153} INFO - Started process (PID=1622) to work on /home/airflow/.local/lib/python3.7/site-packages/airflow/example_dags/example_short_circuit_operator.py
[2022-08-07 11:03:44,980] {processor.py:641} INFO - Processing file /home/airflow/.local/lib/python3.7/site-packages/airflow/example_dags/example_short_circuit_operator.py for tasks to queue
[2022-08-07 11:03:44,981] {logging_mixin.py:115} INFO - [2022-08-07 11:03:44,981] {dagbag.py:508} INFO - Filling up the DagBag from /home/airflow/.local/lib/python3.7/site-packages/airflow/example_dags/example_short_circuit_operator.py
[2022-08-07 11:03:45,033] {processor.py:651} INFO - DAG(s) dict_keys(['example_short_circuit_operator']) retrieved from /home/airflow/.local/lib/python3.7/site-packages/airflow/example_dags/example_short_circuit_operator.py
[2022-08-07 11:03:45,164] {logging_mixin.py:115} INFO - [2022-08-07 11:03:45,164] {dag.py:2420} INFO - Sync 1 DAGs
[2022-08-07 11:03:45,272] {logging_mixin.py:115} INFO - [2022-08-07 11:03:45,272] {dag.py:2972} INFO - Setting next_dagrun for example_short_circuit_operator to 2022-08-06T11:03:45.271252+00:00, run_after=2022-08-07T11:03:45.271252+00:00
[2022-08-07 11:03:45,317] {processor.py:161} INFO - Processing /home/airflow/.local/lib/python3.7/site-packages/airflow/example_dags/example_short_circuit_operator.py took 0.355 seconds
[2022-08-07 11:04:15,559] {processor.py:153} INFO - Started process (PID=1674) to work on /home/airflow/.local/lib/python3.7/site-packages/airflow/example_dags/example_short_circuit_operator.py
[2022-08-07 11:04:15,560] {processor.py:641} INFO - Processing file /home/airflow/.local/lib/python3.7/site-packages/airflow/example_dags/example_short_circuit_operator.py for tasks to queue
[2022-08-07 11:04:15,563] {logging_mixin.py:115} INFO - [2022-08-07 11:04:15,562] {dagbag.py:508} INFO - Filling up the DagBag from /home/airflow/.local/lib/python3.7/site-packages/airflow/example_dags/example_short_circuit_operator.py
[2022-08-07 11:04:15,608] {processor.py:651} INFO - DAG(s) dict_keys(['example_short_circuit_operator']) retrieved from /home/airflow/.local/lib/python3.7/site-packages/airflow/example_dags/example_short_circuit_operator.py
[2022-08-07 11:04:15,755] {logging_mixin.py:115} INFO - [2022-08-07 11:04:15,755] {dag.py:2420} INFO - Sync 1 DAGs
[2022-08-07 11:04:15,909] {logging_mixin.py:115} INFO - [2022-08-07 11:04:15,908] {dag.py:2972} INFO - Setting next_dagrun for example_short_circuit_operator to 2022-08-06T11:04:15.907297+00:00, run_after=2022-08-07T11:04:15.907297+00:00
[2022-08-07 11:04:15,979] {processor.py:161} INFO - Processing /home/airflow/.local/lib/python3.7/site-packages/airflow/example_dags/example_short_circuit_operator.py took 0.435 seconds
[2022-08-07 11:04:46,885] {processor.py:153} INFO - Started process (PID=1726) to work on /home/airflow/.local/lib/python3.7/site-packages/airflow/example_dags/example_short_circuit_operator.py
[2022-08-07 11:04:46,913] {processor.py:641} INFO - Processing file /home/airflow/.local/lib/python3.7/site-packages/airflow/example_dags/example_short_circuit_operator.py for tasks to queue
[2022-08-07 11:04:46,915] {logging_mixin.py:115} INFO - [2022-08-07 11:04:46,915] {dagbag.py:508} INFO - Filling up the DagBag from /home/airflow/.local/lib/python3.7/site-packages/airflow/example_dags/example_short_circuit_operator.py
[2022-08-07 11:04:46,961] {processor.py:651} INFO - DAG(s) dict_keys(['example_short_circuit_operator']) retrieved from /home/airflow/.local/lib/python3.7/site-packages/airflow/example_dags/example_short_circuit_operator.py
[2022-08-07 11:04:47,080] {logging_mixin.py:115} INFO - [2022-08-07 11:04:47,079] {dag.py:2420} INFO - Sync 1 DAGs
[2022-08-07 11:04:47,187] {logging_mixin.py:115} INFO - [2022-08-07 11:04:47,187] {dag.py:2972} INFO - Setting next_dagrun for example_short_circuit_operator to 2022-08-06T11:04:47.186101+00:00, run_after=2022-08-07T11:04:47.186101+00:00
[2022-08-07 11:04:47,262] {processor.py:161} INFO - Processing /home/airflow/.local/lib/python3.7/site-packages/airflow/example_dags/example_short_circuit_operator.py took 0.388 seconds
[2022-08-07 11:05:17,736] {processor.py:153} INFO - Started process (PID=1778) to work on /home/airflow/.local/lib/python3.7/site-packages/airflow/example_dags/example_short_circuit_operator.py
[2022-08-07 11:05:17,741] {processor.py:641} INFO - Processing file /home/airflow/.local/lib/python3.7/site-packages/airflow/example_dags/example_short_circuit_operator.py for tasks to queue
[2022-08-07 11:05:17,744] {logging_mixin.py:115} INFO - [2022-08-07 11:05:17,744] {dagbag.py:508} INFO - Filling up the DagBag from /home/airflow/.local/lib/python3.7/site-packages/airflow/example_dags/example_short_circuit_operator.py
[2022-08-07 11:05:17,808] {processor.py:651} INFO - DAG(s) dict_keys(['example_short_circuit_operator']) retrieved from /home/airflow/.local/lib/python3.7/site-packages/airflow/example_dags/example_short_circuit_operator.py
[2022-08-07 11:05:17,983] {logging_mixin.py:115} INFO - [2022-08-07 11:05:17,982] {dag.py:2420} INFO - Sync 1 DAGs
[2022-08-07 11:05:18,158] {logging_mixin.py:115} INFO - [2022-08-07 11:05:18,157] {dag.py:2972} INFO - Setting next_dagrun for example_short_circuit_operator to 2022-08-06T11:05:18.156364+00:00, run_after=2022-08-07T11:05:18.156364+00:00
[2022-08-07 11:05:18,235] {processor.py:161} INFO - Processing /home/airflow/.local/lib/python3.7/site-packages/airflow/example_dags/example_short_circuit_operator.py took 0.515 seconds
[2022-08-07 11:05:48,300] {processor.py:153} INFO - Started process (PID=1821) to work on /home/airflow/.local/lib/python3.7/site-packages/airflow/example_dags/example_short_circuit_operator.py
[2022-08-07 11:05:48,327] {processor.py:641} INFO - Processing file /home/airflow/.local/lib/python3.7/site-packages/airflow/example_dags/example_short_circuit_operator.py for tasks to queue
[2022-08-07 11:05:48,330] {logging_mixin.py:115} INFO - [2022-08-07 11:05:48,330] {dagbag.py:508} INFO - Filling up the DagBag from /home/airflow/.local/lib/python3.7/site-packages/airflow/example_dags/example_short_circuit_operator.py
[2022-08-07 11:05:48,379] {processor.py:651} INFO - DAG(s) dict_keys(['example_short_circuit_operator']) retrieved from /home/airflow/.local/lib/python3.7/site-packages/airflow/example_dags/example_short_circuit_operator.py
[2022-08-07 11:05:48,485] {logging_mixin.py:115} INFO - [2022-08-07 11:05:48,485] {dag.py:2420} INFO - Sync 1 DAGs
[2022-08-07 11:05:48,611] {logging_mixin.py:115} INFO - [2022-08-07 11:05:48,611] {dag.py:2972} INFO - Setting next_dagrun for example_short_circuit_operator to 2022-08-06T11:05:48.609840+00:00, run_after=2022-08-07T11:05:48.609840+00:00
[2022-08-07 11:05:48,654] {processor.py:161} INFO - Processing /home/airflow/.local/lib/python3.7/site-packages/airflow/example_dags/example_short_circuit_operator.py took 0.366 seconds
[2022-08-07 11:06:18,869] {processor.py:153} INFO - Started process (PID=1873) to work on /home/airflow/.local/lib/python3.7/site-packages/airflow/example_dags/example_short_circuit_operator.py
[2022-08-07 11:06:18,871] {processor.py:641} INFO - Processing file /home/airflow/.local/lib/python3.7/site-packages/airflow/example_dags/example_short_circuit_operator.py for tasks to queue
[2022-08-07 11:06:18,883] {logging_mixin.py:115} INFO - [2022-08-07 11:06:18,883] {dagbag.py:508} INFO - Filling up the DagBag from /home/airflow/.local/lib/python3.7/site-packages/airflow/example_dags/example_short_circuit_operator.py
[2022-08-07 11:06:18,946] {processor.py:651} INFO - DAG(s) dict_keys(['example_short_circuit_operator']) retrieved from /home/airflow/.local/lib/python3.7/site-packages/airflow/example_dags/example_short_circuit_operator.py
[2022-08-07 11:06:19,098] {logging_mixin.py:115} INFO - [2022-08-07 11:06:19,097] {dag.py:2420} INFO - Sync 1 DAGs
[2022-08-07 11:06:19,228] {logging_mixin.py:115} INFO - [2022-08-07 11:06:19,227] {dag.py:2972} INFO - Setting next_dagrun for example_short_circuit_operator to 2022-08-06T11:06:19.226744+00:00, run_after=2022-08-07T11:06:19.226744+00:00
[2022-08-07 11:06:19,284] {processor.py:161} INFO - Processing /home/airflow/.local/lib/python3.7/site-packages/airflow/example_dags/example_short_circuit_operator.py took 0.442 seconds
[2022-08-07 11:06:50,290] {processor.py:153} INFO - Started process (PID=1925) to work on /home/airflow/.local/lib/python3.7/site-packages/airflow/example_dags/example_short_circuit_operator.py
[2022-08-07 11:06:50,293] {processor.py:641} INFO - Processing file /home/airflow/.local/lib/python3.7/site-packages/airflow/example_dags/example_short_circuit_operator.py for tasks to queue
[2022-08-07 11:06:50,296] {logging_mixin.py:115} INFO - [2022-08-07 11:06:50,295] {dagbag.py:508} INFO - Filling up the DagBag from /home/airflow/.local/lib/python3.7/site-packages/airflow/example_dags/example_short_circuit_operator.py
[2022-08-07 11:06:50,403] {processor.py:651} INFO - DAG(s) dict_keys(['example_short_circuit_operator']) retrieved from /home/airflow/.local/lib/python3.7/site-packages/airflow/example_dags/example_short_circuit_operator.py
[2022-08-07 11:06:50,747] {logging_mixin.py:115} INFO - [2022-08-07 11:06:50,747] {dag.py:2420} INFO - Sync 1 DAGs
[2022-08-07 11:06:51,001] {logging_mixin.py:115} INFO - [2022-08-07 11:06:51,000] {dag.py:2972} INFO - Setting next_dagrun for example_short_circuit_operator to 2022-08-06T11:06:50.999389+00:00, run_after=2022-08-07T11:06:50.999389+00:00
[2022-08-07 11:06:51,093] {processor.py:161} INFO - Processing /home/airflow/.local/lib/python3.7/site-packages/airflow/example_dags/example_short_circuit_operator.py took 0.837 seconds
[2022-08-07 11:07:21,190] {processor.py:153} INFO - Started process (PID=1975) to work on /home/airflow/.local/lib/python3.7/site-packages/airflow/example_dags/example_short_circuit_operator.py
[2022-08-07 11:07:21,192] {processor.py:641} INFO - Processing file /home/airflow/.local/lib/python3.7/site-packages/airflow/example_dags/example_short_circuit_operator.py for tasks to queue
[2022-08-07 11:07:21,194] {logging_mixin.py:115} INFO - [2022-08-07 11:07:21,193] {dagbag.py:508} INFO - Filling up the DagBag from /home/airflow/.local/lib/python3.7/site-packages/airflow/example_dags/example_short_circuit_operator.py
[2022-08-07 11:07:21,229] {processor.py:651} INFO - DAG(s) dict_keys(['example_short_circuit_operator']) retrieved from /home/airflow/.local/lib/python3.7/site-packages/airflow/example_dags/example_short_circuit_operator.py
[2022-08-07 11:07:21,390] {logging_mixin.py:115} INFO - [2022-08-07 11:07:21,389] {dag.py:2420} INFO - Sync 1 DAGs
[2022-08-07 11:07:21,489] {logging_mixin.py:115} INFO - [2022-08-07 11:07:21,489] {dag.py:2972} INFO - Setting next_dagrun for example_short_circuit_operator to 2022-08-06T11:07:21.488465+00:00, run_after=2022-08-07T11:07:21.488465+00:00
[2022-08-07 11:07:21,534] {processor.py:161} INFO - Processing /home/airflow/.local/lib/python3.7/site-packages/airflow/example_dags/example_short_circuit_operator.py took 0.354 seconds
[2022-08-07 11:07:51,924] {processor.py:153} INFO - Started process (PID=2020) to work on /home/airflow/.local/lib/python3.7/site-packages/airflow/example_dags/example_short_circuit_operator.py
[2022-08-07 11:07:51,926] {processor.py:641} INFO - Processing file /home/airflow/.local/lib/python3.7/site-packages/airflow/example_dags/example_short_circuit_operator.py for tasks to queue
[2022-08-07 11:07:51,927] {logging_mixin.py:115} INFO - [2022-08-07 11:07:51,927] {dagbag.py:508} INFO - Filling up the DagBag from /home/airflow/.local/lib/python3.7/site-packages/airflow/example_dags/example_short_circuit_operator.py
[2022-08-07 11:07:51,966] {processor.py:651} INFO - DAG(s) dict_keys(['example_short_circuit_operator']) retrieved from /home/airflow/.local/lib/python3.7/site-packages/airflow/example_dags/example_short_circuit_operator.py
[2022-08-07 11:07:52,059] {logging_mixin.py:115} INFO - [2022-08-07 11:07:52,059] {dag.py:2420} INFO - Sync 1 DAGs
[2022-08-07 11:07:52,137] {logging_mixin.py:115} INFO - [2022-08-07 11:07:52,136] {dag.py:2972} INFO - Setting next_dagrun for example_short_circuit_operator to 2022-08-06T11:07:52.136031+00:00, run_after=2022-08-07T11:07:52.136031+00:00
[2022-08-07 11:07:52,202] {processor.py:161} INFO - Processing /home/airflow/.local/lib/python3.7/site-packages/airflow/example_dags/example_short_circuit_operator.py took 0.292 seconds
[2022-08-07 11:08:22,717] {processor.py:153} INFO - Started process (PID=2073) to work on /home/airflow/.local/lib/python3.7/site-packages/airflow/example_dags/example_short_circuit_operator.py
[2022-08-07 11:08:22,718] {processor.py:641} INFO - Processing file /home/airflow/.local/lib/python3.7/site-packages/airflow/example_dags/example_short_circuit_operator.py for tasks to queue
[2022-08-07 11:08:22,720] {logging_mixin.py:115} INFO - [2022-08-07 11:08:22,720] {dagbag.py:508} INFO - Filling up the DagBag from /home/airflow/.local/lib/python3.7/site-packages/airflow/example_dags/example_short_circuit_operator.py
[2022-08-07 11:08:22,752] {processor.py:651} INFO - DAG(s) dict_keys(['example_short_circuit_operator']) retrieved from /home/airflow/.local/lib/python3.7/site-packages/airflow/example_dags/example_short_circuit_operator.py
[2022-08-07 11:08:22,838] {logging_mixin.py:115} INFO - [2022-08-07 11:08:22,838] {dag.py:2420} INFO - Sync 1 DAGs
[2022-08-07 11:08:22,911] {logging_mixin.py:115} INFO - [2022-08-07 11:08:22,911] {dag.py:2972} INFO - Setting next_dagrun for example_short_circuit_operator to 2022-08-06T11:08:22.910965+00:00, run_after=2022-08-07T11:08:22.910965+00:00
[2022-08-07 11:08:22,969] {processor.py:161} INFO - Processing /home/airflow/.local/lib/python3.7/site-packages/airflow/example_dags/example_short_circuit_operator.py took 0.262 seconds
[2022-08-07 11:08:53,198] {processor.py:153} INFO - Started process (PID=2125) to work on /home/airflow/.local/lib/python3.7/site-packages/airflow/example_dags/example_short_circuit_operator.py
[2022-08-07 11:08:53,201] {processor.py:641} INFO - Processing file /home/airflow/.local/lib/python3.7/site-packages/airflow/example_dags/example_short_circuit_operator.py for tasks to queue
[2022-08-07 11:08:53,203] {logging_mixin.py:115} INFO - [2022-08-07 11:08:53,203] {dagbag.py:508} INFO - Filling up the DagBag from /home/airflow/.local/lib/python3.7/site-packages/airflow/example_dags/example_short_circuit_operator.py
[2022-08-07 11:08:53,241] {processor.py:651} INFO - DAG(s) dict_keys(['example_short_circuit_operator']) retrieved from /home/airflow/.local/lib/python3.7/site-packages/airflow/example_dags/example_short_circuit_operator.py
[2022-08-07 11:08:53,362] {logging_mixin.py:115} INFO - [2022-08-07 11:08:53,362] {dag.py:2420} INFO - Sync 1 DAGs
[2022-08-07 11:08:53,478] {logging_mixin.py:115} INFO - [2022-08-07 11:08:53,477] {dag.py:2972} INFO - Setting next_dagrun for example_short_circuit_operator to 2022-08-06T11:08:53.476673+00:00, run_after=2022-08-07T11:08:53.476673+00:00
[2022-08-07 11:08:53,531] {processor.py:161} INFO - Processing /home/airflow/.local/lib/python3.7/site-packages/airflow/example_dags/example_short_circuit_operator.py took 0.345 seconds
[2022-08-07 11:09:24,021] {processor.py:153} INFO - Started process (PID=2178) to work on /home/airflow/.local/lib/python3.7/site-packages/airflow/example_dags/example_short_circuit_operator.py
[2022-08-07 11:09:24,023] {processor.py:641} INFO - Processing file /home/airflow/.local/lib/python3.7/site-packages/airflow/example_dags/example_short_circuit_operator.py for tasks to queue
[2022-08-07 11:09:24,025] {logging_mixin.py:115} INFO - [2022-08-07 11:09:24,025] {dagbag.py:508} INFO - Filling up the DagBag from /home/airflow/.local/lib/python3.7/site-packages/airflow/example_dags/example_short_circuit_operator.py
[2022-08-07 11:09:24,062] {processor.py:651} INFO - DAG(s) dict_keys(['example_short_circuit_operator']) retrieved from /home/airflow/.local/lib/python3.7/site-packages/airflow/example_dags/example_short_circuit_operator.py
[2022-08-07 11:09:24,173] {logging_mixin.py:115} INFO - [2022-08-07 11:09:24,173] {dag.py:2420} INFO - Sync 1 DAGs
[2022-08-07 11:09:24,292] {logging_mixin.py:115} INFO - [2022-08-07 11:09:24,291] {dag.py:2972} INFO - Setting next_dagrun for example_short_circuit_operator to 2022-08-06T11:09:24.290016+00:00, run_after=2022-08-07T11:09:24.290016+00:00
[2022-08-07 11:09:24,375] {processor.py:161} INFO - Processing /home/airflow/.local/lib/python3.7/site-packages/airflow/example_dags/example_short_circuit_operator.py took 0.366 seconds
[2022-08-07 11:09:54,790] {processor.py:153} INFO - Started process (PID=2221) to work on /home/airflow/.local/lib/python3.7/site-packages/airflow/example_dags/example_short_circuit_operator.py
[2022-08-07 11:09:54,818] {processor.py:641} INFO - Processing file /home/airflow/.local/lib/python3.7/site-packages/airflow/example_dags/example_short_circuit_operator.py for tasks to queue
[2022-08-07 11:09:54,819] {logging_mixin.py:115} INFO - [2022-08-07 11:09:54,819] {dagbag.py:508} INFO - Filling up the DagBag from /home/airflow/.local/lib/python3.7/site-packages/airflow/example_dags/example_short_circuit_operator.py
[2022-08-07 11:09:54,856] {processor.py:651} INFO - DAG(s) dict_keys(['example_short_circuit_operator']) retrieved from /home/airflow/.local/lib/python3.7/site-packages/airflow/example_dags/example_short_circuit_operator.py
[2022-08-07 11:09:54,995] {logging_mixin.py:115} INFO - [2022-08-07 11:09:54,994] {dag.py:2420} INFO - Sync 1 DAGs
[2022-08-07 11:09:55,111] {logging_mixin.py:115} INFO - [2022-08-07 11:09:55,110] {dag.py:2972} INFO - Setting next_dagrun for example_short_circuit_operator to 2022-08-06T11:09:55.109949+00:00, run_after=2022-08-07T11:09:55.109949+00:00
[2022-08-07 11:09:55,167] {processor.py:161} INFO - Processing /home/airflow/.local/lib/python3.7/site-packages/airflow/example_dags/example_short_circuit_operator.py took 0.387 seconds
[2022-08-07 11:10:25,651] {processor.py:153} INFO - Started process (PID=2275) to work on /home/airflow/.local/lib/python3.7/site-packages/airflow/example_dags/example_short_circuit_operator.py
[2022-08-07 11:10:25,678] {processor.py:641} INFO - Processing file /home/airflow/.local/lib/python3.7/site-packages/airflow/example_dags/example_short_circuit_operator.py for tasks to queue
[2022-08-07 11:10:25,680] {logging_mixin.py:115} INFO - [2022-08-07 11:10:25,680] {dagbag.py:508} INFO - Filling up the DagBag from /home/airflow/.local/lib/python3.7/site-packages/airflow/example_dags/example_short_circuit_operator.py
[2022-08-07 11:10:25,716] {processor.py:651} INFO - DAG(s) dict_keys(['example_short_circuit_operator']) retrieved from /home/airflow/.local/lib/python3.7/site-packages/airflow/example_dags/example_short_circuit_operator.py
[2022-08-07 11:10:25,815] {logging_mixin.py:115} INFO - [2022-08-07 11:10:25,815] {dag.py:2420} INFO - Sync 1 DAGs
[2022-08-07 11:10:25,909] {logging_mixin.py:115} INFO - [2022-08-07 11:10:25,908] {dag.py:2972} INFO - Setting next_dagrun for example_short_circuit_operator to 2022-08-06T11:10:25.907831+00:00, run_after=2022-08-07T11:10:25.907831+00:00
[2022-08-07 11:10:25,962] {processor.py:161} INFO - Processing /home/airflow/.local/lib/python3.7/site-packages/airflow/example_dags/example_short_circuit_operator.py took 0.322 seconds
[2022-08-07 11:10:56,225] {processor.py:153} INFO - Started process (PID=2326) to work on /home/airflow/.local/lib/python3.7/site-packages/airflow/example_dags/example_short_circuit_operator.py
[2022-08-07 11:10:56,227] {processor.py:641} INFO - Processing file /home/airflow/.local/lib/python3.7/site-packages/airflow/example_dags/example_short_circuit_operator.py for tasks to queue
[2022-08-07 11:10:56,229] {logging_mixin.py:115} INFO - [2022-08-07 11:10:56,228] {dagbag.py:508} INFO - Filling up the DagBag from /home/airflow/.local/lib/python3.7/site-packages/airflow/example_dags/example_short_circuit_operator.py
[2022-08-07 11:10:56,279] {processor.py:651} INFO - DAG(s) dict_keys(['example_short_circuit_operator']) retrieved from /home/airflow/.local/lib/python3.7/site-packages/airflow/example_dags/example_short_circuit_operator.py
[2022-08-07 11:10:56,412] {logging_mixin.py:115} INFO - [2022-08-07 11:10:56,412] {dag.py:2420} INFO - Sync 1 DAGs
[2022-08-07 11:10:56,532] {logging_mixin.py:115} INFO - [2022-08-07 11:10:56,531] {dag.py:2972} INFO - Setting next_dagrun for example_short_circuit_operator to 2022-08-06T11:10:56.530273+00:00, run_after=2022-08-07T11:10:56.530273+00:00
[2022-08-07 11:10:56,597] {processor.py:161} INFO - Processing /home/airflow/.local/lib/python3.7/site-packages/airflow/example_dags/example_short_circuit_operator.py took 0.388 seconds
[2022-08-07 11:11:27,102] {processor.py:153} INFO - Started process (PID=2378) to work on /home/airflow/.local/lib/python3.7/site-packages/airflow/example_dags/example_short_circuit_operator.py
[2022-08-07 11:11:27,130] {processor.py:641} INFO - Processing file /home/airflow/.local/lib/python3.7/site-packages/airflow/example_dags/example_short_circuit_operator.py for tasks to queue
[2022-08-07 11:11:27,132] {logging_mixin.py:115} INFO - [2022-08-07 11:11:27,131] {dagbag.py:508} INFO - Filling up the DagBag from /home/airflow/.local/lib/python3.7/site-packages/airflow/example_dags/example_short_circuit_operator.py
[2022-08-07 11:11:27,167] {processor.py:651} INFO - DAG(s) dict_keys(['example_short_circuit_operator']) retrieved from /home/airflow/.local/lib/python3.7/site-packages/airflow/example_dags/example_short_circuit_operator.py
[2022-08-07 11:11:27,271] {logging_mixin.py:115} INFO - [2022-08-07 11:11:27,271] {dag.py:2420} INFO - Sync 1 DAGs
[2022-08-07 11:11:27,397] {logging_mixin.py:115} INFO - [2022-08-07 11:11:27,396] {dag.py:2972} INFO - Setting next_dagrun for example_short_circuit_operator to 2022-08-06T11:11:27.395224+00:00, run_after=2022-08-07T11:11:27.395224+00:00
[2022-08-07 11:11:27,492] {processor.py:161} INFO - Processing /home/airflow/.local/lib/python3.7/site-packages/airflow/example_dags/example_short_circuit_operator.py took 0.401 seconds
[2022-08-07 11:11:58,188] {processor.py:153} INFO - Started process (PID=2430) to work on /home/airflow/.local/lib/python3.7/site-packages/airflow/example_dags/example_short_circuit_operator.py
[2022-08-07 11:11:58,216] {processor.py:641} INFO - Processing file /home/airflow/.local/lib/python3.7/site-packages/airflow/example_dags/example_short_circuit_operator.py for tasks to queue
[2022-08-07 11:11:58,219] {logging_mixin.py:115} INFO - [2022-08-07 11:11:58,219] {dagbag.py:508} INFO - Filling up the DagBag from /home/airflow/.local/lib/python3.7/site-packages/airflow/example_dags/example_short_circuit_operator.py
[2022-08-07 11:11:58,274] {processor.py:651} INFO - DAG(s) dict_keys(['example_short_circuit_operator']) retrieved from /home/airflow/.local/lib/python3.7/site-packages/airflow/example_dags/example_short_circuit_operator.py
[2022-08-07 11:11:58,377] {logging_mixin.py:115} INFO - [2022-08-07 11:11:58,377] {dag.py:2420} INFO - Sync 1 DAGs
[2022-08-07 11:11:58,456] {logging_mixin.py:115} INFO - [2022-08-07 11:11:58,456] {dag.py:2972} INFO - Setting next_dagrun for example_short_circuit_operator to 2022-08-06T11:11:58.455473+00:00, run_after=2022-08-07T11:11:58.455473+00:00
[2022-08-07 11:11:58,498] {processor.py:161} INFO - Processing /home/airflow/.local/lib/python3.7/site-packages/airflow/example_dags/example_short_circuit_operator.py took 0.323 seconds
[2022-08-07 11:12:28,772] {processor.py:153} INFO - Started process (PID=2482) to work on /home/airflow/.local/lib/python3.7/site-packages/airflow/example_dags/example_short_circuit_operator.py
[2022-08-07 11:12:28,773] {processor.py:641} INFO - Processing file /home/airflow/.local/lib/python3.7/site-packages/airflow/example_dags/example_short_circuit_operator.py for tasks to queue
[2022-08-07 11:12:28,775] {logging_mixin.py:115} INFO - [2022-08-07 11:12:28,775] {dagbag.py:508} INFO - Filling up the DagBag from /home/airflow/.local/lib/python3.7/site-packages/airflow/example_dags/example_short_circuit_operator.py
[2022-08-07 11:12:28,819] {processor.py:651} INFO - DAG(s) dict_keys(['example_short_circuit_operator']) retrieved from /home/airflow/.local/lib/python3.7/site-packages/airflow/example_dags/example_short_circuit_operator.py
[2022-08-07 11:12:28,960] {logging_mixin.py:115} INFO - [2022-08-07 11:12:28,959] {dag.py:2420} INFO - Sync 1 DAGs
[2022-08-07 11:12:29,069] {logging_mixin.py:115} INFO - [2022-08-07 11:12:29,069] {dag.py:2972} INFO - Setting next_dagrun for example_short_circuit_operator to 2022-08-06T11:12:29.068294+00:00, run_after=2022-08-07T11:12:29.068294+00:00
[2022-08-07 11:12:29,115] {processor.py:161} INFO - Processing /home/airflow/.local/lib/python3.7/site-packages/airflow/example_dags/example_short_circuit_operator.py took 0.356 seconds
[2022-08-07 11:12:59,184] {processor.py:153} INFO - Started process (PID=2534) to work on /home/airflow/.local/lib/python3.7/site-packages/airflow/example_dags/example_short_circuit_operator.py
[2022-08-07 11:12:59,212] {processor.py:641} INFO - Processing file /home/airflow/.local/lib/python3.7/site-packages/airflow/example_dags/example_short_circuit_operator.py for tasks to queue
[2022-08-07 11:12:59,215] {logging_mixin.py:115} INFO - [2022-08-07 11:12:59,215] {dagbag.py:508} INFO - Filling up the DagBag from /home/airflow/.local/lib/python3.7/site-packages/airflow/example_dags/example_short_circuit_operator.py
[2022-08-07 11:12:59,269] {processor.py:651} INFO - DAG(s) dict_keys(['example_short_circuit_operator']) retrieved from /home/airflow/.local/lib/python3.7/site-packages/airflow/example_dags/example_short_circuit_operator.py
[2022-08-07 11:12:59,387] {logging_mixin.py:115} INFO - [2022-08-07 11:12:59,387] {dag.py:2420} INFO - Sync 1 DAGs
[2022-08-07 11:12:59,468] {logging_mixin.py:115} INFO - [2022-08-07 11:12:59,468] {dag.py:2972} INFO - Setting next_dagrun for example_short_circuit_operator to 2022-08-06T11:12:59.467641+00:00, run_after=2022-08-07T11:12:59.467641+00:00
[2022-08-07 11:12:59,510] {processor.py:161} INFO - Processing /home/airflow/.local/lib/python3.7/site-packages/airflow/example_dags/example_short_circuit_operator.py took 0.339 seconds
[2022-08-07 11:13:29,908] {processor.py:153} INFO - Started process (PID=2586) to work on /home/airflow/.local/lib/python3.7/site-packages/airflow/example_dags/example_short_circuit_operator.py
[2022-08-07 11:13:29,910] {processor.py:641} INFO - Processing file /home/airflow/.local/lib/python3.7/site-packages/airflow/example_dags/example_short_circuit_operator.py for tasks to queue
[2022-08-07 11:13:29,911] {logging_mixin.py:115} INFO - [2022-08-07 11:13:29,911] {dagbag.py:508} INFO - Filling up the DagBag from /home/airflow/.local/lib/python3.7/site-packages/airflow/example_dags/example_short_circuit_operator.py
[2022-08-07 11:13:29,950] {processor.py:651} INFO - DAG(s) dict_keys(['example_short_circuit_operator']) retrieved from /home/airflow/.local/lib/python3.7/site-packages/airflow/example_dags/example_short_circuit_operator.py
[2022-08-07 11:13:30,070] {logging_mixin.py:115} INFO - [2022-08-07 11:13:30,070] {dag.py:2420} INFO - Sync 1 DAGs
[2022-08-07 11:13:30,188] {logging_mixin.py:115} INFO - [2022-08-07 11:13:30,188] {dag.py:2972} INFO - Setting next_dagrun for example_short_circuit_operator to 2022-08-06T11:13:30.187181+00:00, run_after=2022-08-07T11:13:30.187181+00:00
[2022-08-07 11:13:30,253] {processor.py:161} INFO - Processing /home/airflow/.local/lib/python3.7/site-packages/airflow/example_dags/example_short_circuit_operator.py took 0.358 seconds
[2022-08-07 11:14:00,586] {processor.py:153} INFO - Started process (PID=2635) to work on /home/airflow/.local/lib/python3.7/site-packages/airflow/example_dags/example_short_circuit_operator.py
[2022-08-07 11:14:00,587] {processor.py:641} INFO - Processing file /home/airflow/.local/lib/python3.7/site-packages/airflow/example_dags/example_short_circuit_operator.py for tasks to queue
[2022-08-07 11:14:00,589] {logging_mixin.py:115} INFO - [2022-08-07 11:14:00,588] {dagbag.py:508} INFO - Filling up the DagBag from /home/airflow/.local/lib/python3.7/site-packages/airflow/example_dags/example_short_circuit_operator.py
[2022-08-07 11:14:00,633] {processor.py:651} INFO - DAG(s) dict_keys(['example_short_circuit_operator']) retrieved from /home/airflow/.local/lib/python3.7/site-packages/airflow/example_dags/example_short_circuit_operator.py
[2022-08-07 11:14:00,797] {logging_mixin.py:115} INFO - [2022-08-07 11:14:00,796] {dag.py:2420} INFO - Sync 1 DAGs
[2022-08-07 11:14:00,902] {logging_mixin.py:115} INFO - [2022-08-07 11:14:00,901] {dag.py:2972} INFO - Setting next_dagrun for example_short_circuit_operator to 2022-08-06T11:14:00.900675+00:00, run_after=2022-08-07T11:14:00.900675+00:00
[2022-08-07 11:14:00,943] {processor.py:161} INFO - Processing /home/airflow/.local/lib/python3.7/site-packages/airflow/example_dags/example_short_circuit_operator.py took 0.370 seconds
[2022-08-07 11:14:31,170] {processor.py:153} INFO - Started process (PID=2682) to work on /home/airflow/.local/lib/python3.7/site-packages/airflow/example_dags/example_short_circuit_operator.py
[2022-08-07 11:14:31,171] {processor.py:641} INFO - Processing file /home/airflow/.local/lib/python3.7/site-packages/airflow/example_dags/example_short_circuit_operator.py for tasks to queue
[2022-08-07 11:14:31,173] {logging_mixin.py:115} INFO - [2022-08-07 11:14:31,173] {dagbag.py:508} INFO - Filling up the DagBag from /home/airflow/.local/lib/python3.7/site-packages/airflow/example_dags/example_short_circuit_operator.py
[2022-08-07 11:14:31,208] {processor.py:651} INFO - DAG(s) dict_keys(['example_short_circuit_operator']) retrieved from /home/airflow/.local/lib/python3.7/site-packages/airflow/example_dags/example_short_circuit_operator.py
[2022-08-07 11:14:31,300] {logging_mixin.py:115} INFO - [2022-08-07 11:14:31,300] {dag.py:2420} INFO - Sync 1 DAGs
[2022-08-07 11:14:31,380] {logging_mixin.py:115} INFO - [2022-08-07 11:14:31,380] {dag.py:2972} INFO - Setting next_dagrun for example_short_circuit_operator to 2022-08-06T11:14:31.379271+00:00, run_after=2022-08-07T11:14:31.379271+00:00
[2022-08-07 11:14:31,416] {processor.py:161} INFO - Processing /home/airflow/.local/lib/python3.7/site-packages/airflow/example_dags/example_short_circuit_operator.py took 0.256 seconds
[2022-08-07 11:15:01,813] {processor.py:153} INFO - Started process (PID=2736) to work on /home/airflow/.local/lib/python3.7/site-packages/airflow/example_dags/example_short_circuit_operator.py
[2022-08-07 11:15:01,815] {processor.py:641} INFO - Processing file /home/airflow/.local/lib/python3.7/site-packages/airflow/example_dags/example_short_circuit_operator.py for tasks to queue
[2022-08-07 11:15:01,817] {logging_mixin.py:115} INFO - [2022-08-07 11:15:01,817] {dagbag.py:508} INFO - Filling up the DagBag from /home/airflow/.local/lib/python3.7/site-packages/airflow/example_dags/example_short_circuit_operator.py
[2022-08-07 11:15:01,864] {processor.py:651} INFO - DAG(s) dict_keys(['example_short_circuit_operator']) retrieved from /home/airflow/.local/lib/python3.7/site-packages/airflow/example_dags/example_short_circuit_operator.py
[2022-08-07 11:15:01,998] {logging_mixin.py:115} INFO - [2022-08-07 11:15:01,997] {dag.py:2420} INFO - Sync 1 DAGs
[2022-08-07 11:15:02,107] {logging_mixin.py:115} INFO - [2022-08-07 11:15:02,107] {dag.py:2972} INFO - Setting next_dagrun for example_short_circuit_operator to 2022-08-06T11:15:02.106947+00:00, run_after=2022-08-07T11:15:02.106947+00:00
[2022-08-07 11:15:02,149] {processor.py:161} INFO - Processing /home/airflow/.local/lib/python3.7/site-packages/airflow/example_dags/example_short_circuit_operator.py took 0.349 seconds
[2022-08-07 11:15:32,586] {processor.py:153} INFO - Started process (PID=2788) to work on /home/airflow/.local/lib/python3.7/site-packages/airflow/example_dags/example_short_circuit_operator.py
[2022-08-07 11:15:32,588] {processor.py:641} INFO - Processing file /home/airflow/.local/lib/python3.7/site-packages/airflow/example_dags/example_short_circuit_operator.py for tasks to queue
[2022-08-07 11:15:32,591] {logging_mixin.py:115} INFO - [2022-08-07 11:15:32,590] {dagbag.py:508} INFO - Filling up the DagBag from /home/airflow/.local/lib/python3.7/site-packages/airflow/example_dags/example_short_circuit_operator.py
[2022-08-07 11:15:32,639] {processor.py:651} INFO - DAG(s) dict_keys(['example_short_circuit_operator']) retrieved from /home/airflow/.local/lib/python3.7/site-packages/airflow/example_dags/example_short_circuit_operator.py
[2022-08-07 11:15:32,772] {logging_mixin.py:115} INFO - [2022-08-07 11:15:32,772] {dag.py:2420} INFO - Sync 1 DAGs
[2022-08-07 11:15:32,911] {logging_mixin.py:115} INFO - [2022-08-07 11:15:32,910] {dag.py:2972} INFO - Setting next_dagrun for example_short_circuit_operator to 2022-08-06T11:15:32.909371+00:00, run_after=2022-08-07T11:15:32.909371+00:00
[2022-08-07 11:15:32,969] {processor.py:161} INFO - Processing /home/airflow/.local/lib/python3.7/site-packages/airflow/example_dags/example_short_circuit_operator.py took 0.414 seconds
[2022-08-07 11:16:03,285] {processor.py:153} INFO - Started process (PID=2841) to work on /home/airflow/.local/lib/python3.7/site-packages/airflow/example_dags/example_short_circuit_operator.py
[2022-08-07 11:16:03,317] {processor.py:641} INFO - Processing file /home/airflow/.local/lib/python3.7/site-packages/airflow/example_dags/example_short_circuit_operator.py for tasks to queue
[2022-08-07 11:16:03,319] {logging_mixin.py:115} INFO - [2022-08-07 11:16:03,319] {dagbag.py:508} INFO - Filling up the DagBag from /home/airflow/.local/lib/python3.7/site-packages/airflow/example_dags/example_short_circuit_operator.py
[2022-08-07 11:16:03,412] {processor.py:651} INFO - DAG(s) dict_keys(['example_short_circuit_operator']) retrieved from /home/airflow/.local/lib/python3.7/site-packages/airflow/example_dags/example_short_circuit_operator.py
[2022-08-07 11:16:03,587] {logging_mixin.py:115} INFO - [2022-08-07 11:16:03,587] {dag.py:2420} INFO - Sync 1 DAGs
[2022-08-07 11:16:03,707] {logging_mixin.py:115} INFO - [2022-08-07 11:16:03,707] {dag.py:2972} INFO - Setting next_dagrun for example_short_circuit_operator to 2022-08-06T11:16:03.705881+00:00, run_after=2022-08-07T11:16:03.705881+00:00
[2022-08-07 11:16:03,774] {processor.py:161} INFO - Processing /home/airflow/.local/lib/python3.7/site-packages/airflow/example_dags/example_short_circuit_operator.py took 0.527 seconds
[2022-08-07 11:16:34,215] {processor.py:153} INFO - Started process (PID=2884) to work on /home/airflow/.local/lib/python3.7/site-packages/airflow/example_dags/example_short_circuit_operator.py
[2022-08-07 11:16:34,219] {processor.py:641} INFO - Processing file /home/airflow/.local/lib/python3.7/site-packages/airflow/example_dags/example_short_circuit_operator.py for tasks to queue
[2022-08-07 11:16:34,221] {logging_mixin.py:115} INFO - [2022-08-07 11:16:34,220] {dagbag.py:508} INFO - Filling up the DagBag from /home/airflow/.local/lib/python3.7/site-packages/airflow/example_dags/example_short_circuit_operator.py
[2022-08-07 11:16:34,265] {processor.py:651} INFO - DAG(s) dict_keys(['example_short_circuit_operator']) retrieved from /home/airflow/.local/lib/python3.7/site-packages/airflow/example_dags/example_short_circuit_operator.py
[2022-08-07 11:16:34,394] {logging_mixin.py:115} INFO - [2022-08-07 11:16:34,394] {dag.py:2420} INFO - Sync 1 DAGs
[2022-08-07 11:16:34,506] {logging_mixin.py:115} INFO - [2022-08-07 11:16:34,505] {dag.py:2972} INFO - Setting next_dagrun for example_short_circuit_operator to 2022-08-06T11:16:34.504569+00:00, run_after=2022-08-07T11:16:34.504569+00:00
[2022-08-07 11:16:34,551] {processor.py:161} INFO - Processing /home/airflow/.local/lib/python3.7/site-packages/airflow/example_dags/example_short_circuit_operator.py took 0.351 seconds
[2022-08-07 11:17:04,943] {processor.py:153} INFO - Started process (PID=2937) to work on /home/airflow/.local/lib/python3.7/site-packages/airflow/example_dags/example_short_circuit_operator.py
[2022-08-07 11:17:04,944] {processor.py:641} INFO - Processing file /home/airflow/.local/lib/python3.7/site-packages/airflow/example_dags/example_short_circuit_operator.py for tasks to queue
[2022-08-07 11:17:04,947] {logging_mixin.py:115} INFO - [2022-08-07 11:17:04,947] {dagbag.py:508} INFO - Filling up the DagBag from /home/airflow/.local/lib/python3.7/site-packages/airflow/example_dags/example_short_circuit_operator.py
[2022-08-07 11:17:04,993] {processor.py:651} INFO - DAG(s) dict_keys(['example_short_circuit_operator']) retrieved from /home/airflow/.local/lib/python3.7/site-packages/airflow/example_dags/example_short_circuit_operator.py
[2022-08-07 11:17:05,122] {logging_mixin.py:115} INFO - [2022-08-07 11:17:05,121] {dag.py:2420} INFO - Sync 1 DAGs
[2022-08-07 11:17:05,244] {logging_mixin.py:115} INFO - [2022-08-07 11:17:05,244] {dag.py:2972} INFO - Setting next_dagrun for example_short_circuit_operator to 2022-08-06T11:17:05.242964+00:00, run_after=2022-08-07T11:17:05.242964+00:00
[2022-08-07 11:17:05,298] {processor.py:161} INFO - Processing /home/airflow/.local/lib/python3.7/site-packages/airflow/example_dags/example_short_circuit_operator.py took 0.368 seconds
[2022-08-07 11:17:35,381] {processor.py:153} INFO - Started process (PID=2989) to work on /home/airflow/.local/lib/python3.7/site-packages/airflow/example_dags/example_short_circuit_operator.py
[2022-08-07 11:17:35,382] {processor.py:641} INFO - Processing file /home/airflow/.local/lib/python3.7/site-packages/airflow/example_dags/example_short_circuit_operator.py for tasks to queue
[2022-08-07 11:17:35,384] {logging_mixin.py:115} INFO - [2022-08-07 11:17:35,383] {dagbag.py:508} INFO - Filling up the DagBag from /home/airflow/.local/lib/python3.7/site-packages/airflow/example_dags/example_short_circuit_operator.py
[2022-08-07 11:17:35,416] {processor.py:651} INFO - DAG(s) dict_keys(['example_short_circuit_operator']) retrieved from /home/airflow/.local/lib/python3.7/site-packages/airflow/example_dags/example_short_circuit_operator.py
[2022-08-07 11:17:35,514] {logging_mixin.py:115} INFO - [2022-08-07 11:17:35,514] {dag.py:2420} INFO - Sync 1 DAGs
[2022-08-07 11:17:35,606] {logging_mixin.py:115} INFO - [2022-08-07 11:17:35,606] {dag.py:2972} INFO - Setting next_dagrun for example_short_circuit_operator to 2022-08-06T11:17:35.605481+00:00, run_after=2022-08-07T11:17:35.605481+00:00
[2022-08-07 11:17:35,649] {processor.py:161} INFO - Processing /home/airflow/.local/lib/python3.7/site-packages/airflow/example_dags/example_short_circuit_operator.py took 0.279 seconds
[2022-08-07 11:18:06,251] {processor.py:153} INFO - Started process (PID=3041) to work on /home/airflow/.local/lib/python3.7/site-packages/airflow/example_dags/example_short_circuit_operator.py
[2022-08-07 11:18:06,252] {processor.py:641} INFO - Processing file /home/airflow/.local/lib/python3.7/site-packages/airflow/example_dags/example_short_circuit_operator.py for tasks to queue
[2022-08-07 11:18:06,254] {logging_mixin.py:115} INFO - [2022-08-07 11:18:06,254] {dagbag.py:508} INFO - Filling up the DagBag from /home/airflow/.local/lib/python3.7/site-packages/airflow/example_dags/example_short_circuit_operator.py
[2022-08-07 11:18:06,303] {processor.py:651} INFO - DAG(s) dict_keys(['example_short_circuit_operator']) retrieved from /home/airflow/.local/lib/python3.7/site-packages/airflow/example_dags/example_short_circuit_operator.py
[2022-08-07 11:18:06,426] {logging_mixin.py:115} INFO - [2022-08-07 11:18:06,426] {dag.py:2420} INFO - Sync 1 DAGs
[2022-08-07 11:18:06,562] {logging_mixin.py:115} INFO - [2022-08-07 11:18:06,561] {dag.py:2972} INFO - Setting next_dagrun for example_short_circuit_operator to 2022-08-06T11:18:06.560446+00:00, run_after=2022-08-07T11:18:06.560446+00:00
[2022-08-07 11:18:06,627] {processor.py:161} INFO - Processing /home/airflow/.local/lib/python3.7/site-packages/airflow/example_dags/example_short_circuit_operator.py took 0.390 seconds
[2022-08-07 11:18:36,777] {processor.py:153} INFO - Started process (PID=3093) to work on /home/airflow/.local/lib/python3.7/site-packages/airflow/example_dags/example_short_circuit_operator.py
[2022-08-07 11:18:36,779] {processor.py:641} INFO - Processing file /home/airflow/.local/lib/python3.7/site-packages/airflow/example_dags/example_short_circuit_operator.py for tasks to queue
[2022-08-07 11:18:36,780] {logging_mixin.py:115} INFO - [2022-08-07 11:18:36,780] {dagbag.py:508} INFO - Filling up the DagBag from /home/airflow/.local/lib/python3.7/site-packages/airflow/example_dags/example_short_circuit_operator.py
[2022-08-07 11:18:36,817] {processor.py:651} INFO - DAG(s) dict_keys(['example_short_circuit_operator']) retrieved from /home/airflow/.local/lib/python3.7/site-packages/airflow/example_dags/example_short_circuit_operator.py
[2022-08-07 11:18:36,943] {logging_mixin.py:115} INFO - [2022-08-07 11:18:36,943] {dag.py:2420} INFO - Sync 1 DAGs
[2022-08-07 11:18:37,119] {logging_mixin.py:115} INFO - [2022-08-07 11:18:37,118] {dag.py:2972} INFO - Setting next_dagrun for example_short_circuit_operator to 2022-08-06T11:18:37.117601+00:00, run_after=2022-08-07T11:18:37.117601+00:00
[2022-08-07 11:18:37,185] {processor.py:161} INFO - Processing /home/airflow/.local/lib/python3.7/site-packages/airflow/example_dags/example_short_circuit_operator.py took 0.422 seconds
[2022-08-07 11:19:07,903] {processor.py:153} INFO - Started process (PID=3143) to work on /home/airflow/.local/lib/python3.7/site-packages/airflow/example_dags/example_short_circuit_operator.py
[2022-08-07 11:19:07,906] {processor.py:641} INFO - Processing file /home/airflow/.local/lib/python3.7/site-packages/airflow/example_dags/example_short_circuit_operator.py for tasks to queue
[2022-08-07 11:19:07,908] {logging_mixin.py:115} INFO - [2022-08-07 11:19:07,908] {dagbag.py:508} INFO - Filling up the DagBag from /home/airflow/.local/lib/python3.7/site-packages/airflow/example_dags/example_short_circuit_operator.py
[2022-08-07 11:19:07,976] {processor.py:651} INFO - DAG(s) dict_keys(['example_short_circuit_operator']) retrieved from /home/airflow/.local/lib/python3.7/site-packages/airflow/example_dags/example_short_circuit_operator.py
[2022-08-07 11:19:08,190] {logging_mixin.py:115} INFO - [2022-08-07 11:19:08,189] {dag.py:2420} INFO - Sync 1 DAGs
[2022-08-07 11:19:08,335] {logging_mixin.py:115} INFO - [2022-08-07 11:19:08,335] {dag.py:2972} INFO - Setting next_dagrun for example_short_circuit_operator to 2022-08-06T11:19:08.334195+00:00, run_after=2022-08-07T11:19:08.334195+00:00
[2022-08-07 11:19:08,389] {processor.py:161} INFO - Processing /home/airflow/.local/lib/python3.7/site-packages/airflow/example_dags/example_short_circuit_operator.py took 0.502 seconds
[2022-08-07 11:19:38,634] {processor.py:153} INFO - Started process (PID=3188) to work on /home/airflow/.local/lib/python3.7/site-packages/airflow/example_dags/example_short_circuit_operator.py
[2022-08-07 11:19:38,636] {processor.py:641} INFO - Processing file /home/airflow/.local/lib/python3.7/site-packages/airflow/example_dags/example_short_circuit_operator.py for tasks to queue
[2022-08-07 11:19:38,639] {logging_mixin.py:115} INFO - [2022-08-07 11:19:38,638] {dagbag.py:508} INFO - Filling up the DagBag from /home/airflow/.local/lib/python3.7/site-packages/airflow/example_dags/example_short_circuit_operator.py
[2022-08-07 11:19:38,685] {processor.py:651} INFO - DAG(s) dict_keys(['example_short_circuit_operator']) retrieved from /home/airflow/.local/lib/python3.7/site-packages/airflow/example_dags/example_short_circuit_operator.py
[2022-08-07 11:19:38,806] {logging_mixin.py:115} INFO - [2022-08-07 11:19:38,805] {dag.py:2420} INFO - Sync 1 DAGs
[2022-08-07 11:19:38,922] {logging_mixin.py:115} INFO - [2022-08-07 11:19:38,922] {dag.py:2972} INFO - Setting next_dagrun for example_short_circuit_operator to 2022-08-06T11:19:38.921048+00:00, run_after=2022-08-07T11:19:38.921048+00:00
[2022-08-07 11:19:38,972] {processor.py:161} INFO - Processing /home/airflow/.local/lib/python3.7/site-packages/airflow/example_dags/example_short_circuit_operator.py took 0.354 seconds
[2022-08-07 11:20:09,607] {processor.py:153} INFO - Started process (PID=3240) to work on /home/airflow/.local/lib/python3.7/site-packages/airflow/example_dags/example_short_circuit_operator.py
[2022-08-07 11:20:09,609] {processor.py:641} INFO - Processing file /home/airflow/.local/lib/python3.7/site-packages/airflow/example_dags/example_short_circuit_operator.py for tasks to queue
[2022-08-07 11:20:09,610] {logging_mixin.py:115} INFO - [2022-08-07 11:20:09,610] {dagbag.py:508} INFO - Filling up the DagBag from /home/airflow/.local/lib/python3.7/site-packages/airflow/example_dags/example_short_circuit_operator.py
[2022-08-07 11:20:09,646] {processor.py:651} INFO - DAG(s) dict_keys(['example_short_circuit_operator']) retrieved from /home/airflow/.local/lib/python3.7/site-packages/airflow/example_dags/example_short_circuit_operator.py
[2022-08-07 11:20:09,760] {logging_mixin.py:115} INFO - [2022-08-07 11:20:09,760] {dag.py:2420} INFO - Sync 1 DAGs
[2022-08-07 11:20:09,842] {logging_mixin.py:115} INFO - [2022-08-07 11:20:09,842] {dag.py:2972} INFO - Setting next_dagrun for example_short_circuit_operator to 2022-08-06T11:20:09.841925+00:00, run_after=2022-08-07T11:20:09.841925+00:00
[2022-08-07 11:20:09,882] {processor.py:161} INFO - Processing /home/airflow/.local/lib/python3.7/site-packages/airflow/example_dags/example_short_circuit_operator.py took 0.285 seconds
