[2022-08-07 10:45:29,348] {processor.py:153} INFO - Started process (PID=79) to work on /home/airflow/.local/lib/python3.7/site-packages/airflow/example_dags/example_branch_operator_decorator.py
[2022-08-07 10:45:29,349] {processor.py:641} INFO - Processing file /home/airflow/.local/lib/python3.7/site-packages/airflow/example_dags/example_branch_operator_decorator.py for tasks to queue
[2022-08-07 10:45:29,351] {logging_mixin.py:115} INFO - [2022-08-07 10:45:29,351] {dagbag.py:508} INFO - Filling up the DagBag from /home/airflow/.local/lib/python3.7/site-packages/airflow/example_dags/example_branch_operator_decorator.py
[2022-08-07 10:45:29,422] {processor.py:651} INFO - DAG(s) dict_keys(['example_branch_python_operator_decorator']) retrieved from /home/airflow/.local/lib/python3.7/site-packages/airflow/example_dags/example_branch_operator_decorator.py
[2022-08-07 10:45:29,750] {logging_mixin.py:115} INFO - [2022-08-07 10:45:29,750] {manager.py:508} INFO - Created Permission View: can read on DAG:example_branch_python_operator_decorator
[2022-08-07 10:45:29,787] {logging_mixin.py:115} INFO - [2022-08-07 10:45:29,786] {manager.py:508} INFO - Created Permission View: can delete on DAG:example_branch_python_operator_decorator
[2022-08-07 10:45:29,817] {logging_mixin.py:115} INFO - [2022-08-07 10:45:29,817] {manager.py:508} INFO - Created Permission View: can edit on DAG:example_branch_python_operator_decorator
[2022-08-07 10:45:29,818] {logging_mixin.py:115} INFO - [2022-08-07 10:45:29,818] {dag.py:2420} INFO - Sync 1 DAGs
[2022-08-07 10:45:29,852] {logging_mixin.py:115} INFO - [2022-08-07 10:45:29,851] {dag.py:2439} INFO - Creating ORM DAG for example_branch_python_operator_decorator
[2022-08-07 10:45:29,938] {logging_mixin.py:115} INFO - [2022-08-07 10:45:29,936] {dag.py:2972} INFO - Setting next_dagrun for example_branch_python_operator_decorator to 2022-08-06T00:00:00+00:00, run_after=2022-08-07T00:00:00+00:00
[2022-08-07 10:45:30,014] {processor.py:161} INFO - Processing /home/airflow/.local/lib/python3.7/site-packages/airflow/example_dags/example_branch_operator_decorator.py took 0.676 seconds
[2022-08-07 10:47:34,148] {processor.py:153} INFO - Started process (PID=138) to work on /home/airflow/.local/lib/python3.7/site-packages/airflow/example_dags/example_branch_operator_decorator.py
[2022-08-07 10:47:34,177] {processor.py:641} INFO - Processing file /home/airflow/.local/lib/python3.7/site-packages/airflow/example_dags/example_branch_operator_decorator.py for tasks to queue
[2022-08-07 10:47:34,402] {logging_mixin.py:115} INFO - [2022-08-07 10:47:34,400] {dagbag.py:508} INFO - Filling up the DagBag from /home/airflow/.local/lib/python3.7/site-packages/airflow/example_dags/example_branch_operator_decorator.py
[2022-08-07 10:47:41,164] {processor.py:651} INFO - DAG(s) dict_keys(['example_branch_python_operator_decorator']) retrieved from /home/airflow/.local/lib/python3.7/site-packages/airflow/example_dags/example_branch_operator_decorator.py
[2022-08-07 10:47:47,353] {logging_mixin.py:115} INFO - [2022-08-07 10:47:47,352] {dag.py:2420} INFO - Sync 1 DAGs
[2022-08-07 10:47:47,669] {logging_mixin.py:115} INFO - [2022-08-07 10:47:47,669] {dag.py:2972} INFO - Setting next_dagrun for example_branch_python_operator_decorator to 2022-08-06T00:00:00+00:00, run_after=2022-08-07T00:00:00+00:00
[2022-08-07 10:47:47,757] {processor.py:161} INFO - Processing /home/airflow/.local/lib/python3.7/site-packages/airflow/example_dags/example_branch_operator_decorator.py took 14.542 seconds
[2022-08-07 10:48:27,450] {processor.py:153} INFO - Started process (PID=192) to work on /home/airflow/.local/lib/python3.7/site-packages/airflow/example_dags/example_branch_operator_decorator.py
[2022-08-07 10:48:27,457] {processor.py:641} INFO - Processing file /home/airflow/.local/lib/python3.7/site-packages/airflow/example_dags/example_branch_operator_decorator.py for tasks to queue
[2022-08-07 10:48:27,459] {logging_mixin.py:115} INFO - [2022-08-07 10:48:27,459] {dagbag.py:508} INFO - Filling up the DagBag from /home/airflow/.local/lib/python3.7/site-packages/airflow/example_dags/example_branch_operator_decorator.py
[2022-08-07 10:48:27,620] {processor.py:651} INFO - DAG(s) dict_keys(['example_branch_python_operator_decorator']) retrieved from /home/airflow/.local/lib/python3.7/site-packages/airflow/example_dags/example_branch_operator_decorator.py
[2022-08-07 10:48:27,776] {logging_mixin.py:115} INFO - [2022-08-07 10:48:27,776] {dag.py:2420} INFO - Sync 1 DAGs
[2022-08-07 10:48:28,007] {logging_mixin.py:115} INFO - [2022-08-07 10:48:28,007] {dag.py:2972} INFO - Setting next_dagrun for example_branch_python_operator_decorator to 2022-08-06T00:00:00+00:00, run_after=2022-08-07T00:00:00+00:00
[2022-08-07 10:48:28,077] {processor.py:161} INFO - Processing /home/airflow/.local/lib/python3.7/site-packages/airflow/example_dags/example_branch_operator_decorator.py took 0.665 seconds
[2022-08-07 10:48:58,329] {processor.py:153} INFO - Started process (PID=245) to work on /home/airflow/.local/lib/python3.7/site-packages/airflow/example_dags/example_branch_operator_decorator.py
[2022-08-07 10:48:58,330] {processor.py:641} INFO - Processing file /home/airflow/.local/lib/python3.7/site-packages/airflow/example_dags/example_branch_operator_decorator.py for tasks to queue
[2022-08-07 10:48:58,332] {logging_mixin.py:115} INFO - [2022-08-07 10:48:58,331] {dagbag.py:508} INFO - Filling up the DagBag from /home/airflow/.local/lib/python3.7/site-packages/airflow/example_dags/example_branch_operator_decorator.py
[2022-08-07 10:48:58,419] {processor.py:651} INFO - DAG(s) dict_keys(['example_branch_python_operator_decorator']) retrieved from /home/airflow/.local/lib/python3.7/site-packages/airflow/example_dags/example_branch_operator_decorator.py
[2022-08-07 10:48:58,503] {logging_mixin.py:115} INFO - [2022-08-07 10:48:58,503] {dag.py:2420} INFO - Sync 1 DAGs
[2022-08-07 10:48:58,590] {logging_mixin.py:115} INFO - [2022-08-07 10:48:58,590] {dag.py:2972} INFO - Setting next_dagrun for example_branch_python_operator_decorator to 2022-08-06T00:00:00+00:00, run_after=2022-08-07T00:00:00+00:00
[2022-08-07 10:48:58,624] {processor.py:161} INFO - Processing /home/airflow/.local/lib/python3.7/site-packages/airflow/example_dags/example_branch_operator_decorator.py took 0.305 seconds
[2022-08-07 10:49:29,155] {processor.py:153} INFO - Started process (PID=297) to work on /home/airflow/.local/lib/python3.7/site-packages/airflow/example_dags/example_branch_operator_decorator.py
[2022-08-07 10:49:29,156] {processor.py:641} INFO - Processing file /home/airflow/.local/lib/python3.7/site-packages/airflow/example_dags/example_branch_operator_decorator.py for tasks to queue
[2022-08-07 10:49:29,157] {logging_mixin.py:115} INFO - [2022-08-07 10:49:29,157] {dagbag.py:508} INFO - Filling up the DagBag from /home/airflow/.local/lib/python3.7/site-packages/airflow/example_dags/example_branch_operator_decorator.py
[2022-08-07 10:49:29,242] {processor.py:651} INFO - DAG(s) dict_keys(['example_branch_python_operator_decorator']) retrieved from /home/airflow/.local/lib/python3.7/site-packages/airflow/example_dags/example_branch_operator_decorator.py
[2022-08-07 10:49:29,379] {logging_mixin.py:115} INFO - [2022-08-07 10:49:29,379] {dag.py:2420} INFO - Sync 1 DAGs
[2022-08-07 10:49:29,468] {logging_mixin.py:115} INFO - [2022-08-07 10:49:29,467] {dag.py:2972} INFO - Setting next_dagrun for example_branch_python_operator_decorator to 2022-08-06T00:00:00+00:00, run_after=2022-08-07T00:00:00+00:00
[2022-08-07 10:49:29,503] {processor.py:161} INFO - Processing /home/airflow/.local/lib/python3.7/site-packages/airflow/example_dags/example_branch_operator_decorator.py took 0.358 seconds
[2022-08-07 10:49:59,573] {processor.py:153} INFO - Started process (PID=349) to work on /home/airflow/.local/lib/python3.7/site-packages/airflow/example_dags/example_branch_operator_decorator.py
[2022-08-07 10:49:59,574] {processor.py:641} INFO - Processing file /home/airflow/.local/lib/python3.7/site-packages/airflow/example_dags/example_branch_operator_decorator.py for tasks to queue
[2022-08-07 10:49:59,576] {logging_mixin.py:115} INFO - [2022-08-07 10:49:59,575] {dagbag.py:508} INFO - Filling up the DagBag from /home/airflow/.local/lib/python3.7/site-packages/airflow/example_dags/example_branch_operator_decorator.py
[2022-08-07 10:49:59,641] {processor.py:651} INFO - DAG(s) dict_keys(['example_branch_python_operator_decorator']) retrieved from /home/airflow/.local/lib/python3.7/site-packages/airflow/example_dags/example_branch_operator_decorator.py
[2022-08-07 10:49:59,724] {logging_mixin.py:115} INFO - [2022-08-07 10:49:59,724] {dag.py:2420} INFO - Sync 1 DAGs
[2022-08-07 10:49:59,807] {logging_mixin.py:115} INFO - [2022-08-07 10:49:59,807] {dag.py:2972} INFO - Setting next_dagrun for example_branch_python_operator_decorator to 2022-08-06T00:00:00+00:00, run_after=2022-08-07T00:00:00+00:00
[2022-08-07 10:49:59,840] {processor.py:161} INFO - Processing /home/airflow/.local/lib/python3.7/site-packages/airflow/example_dags/example_branch_operator_decorator.py took 0.278 seconds
[2022-08-07 10:50:30,573] {processor.py:153} INFO - Started process (PID=400) to work on /home/airflow/.local/lib/python3.7/site-packages/airflow/example_dags/example_branch_operator_decorator.py
[2022-08-07 10:50:30,574] {processor.py:641} INFO - Processing file /home/airflow/.local/lib/python3.7/site-packages/airflow/example_dags/example_branch_operator_decorator.py for tasks to queue
[2022-08-07 10:50:30,576] {logging_mixin.py:115} INFO - [2022-08-07 10:50:30,575] {dagbag.py:508} INFO - Filling up the DagBag from /home/airflow/.local/lib/python3.7/site-packages/airflow/example_dags/example_branch_operator_decorator.py
[2022-08-07 10:50:30,655] {processor.py:651} INFO - DAG(s) dict_keys(['example_branch_python_operator_decorator']) retrieved from /home/airflow/.local/lib/python3.7/site-packages/airflow/example_dags/example_branch_operator_decorator.py
[2022-08-07 10:50:30,771] {logging_mixin.py:115} INFO - [2022-08-07 10:50:30,771] {dag.py:2420} INFO - Sync 1 DAGs
[2022-08-07 10:50:30,864] {logging_mixin.py:115} INFO - [2022-08-07 10:50:30,863] {dag.py:2972} INFO - Setting next_dagrun for example_branch_python_operator_decorator to 2022-08-06T00:00:00+00:00, run_after=2022-08-07T00:00:00+00:00
[2022-08-07 10:50:30,901] {processor.py:161} INFO - Processing /home/airflow/.local/lib/python3.7/site-packages/airflow/example_dags/example_branch_operator_decorator.py took 0.338 seconds
[2022-08-07 10:51:01,633] {processor.py:153} INFO - Started process (PID=451) to work on /home/airflow/.local/lib/python3.7/site-packages/airflow/example_dags/example_branch_operator_decorator.py
[2022-08-07 10:51:01,635] {processor.py:641} INFO - Processing file /home/airflow/.local/lib/python3.7/site-packages/airflow/example_dags/example_branch_operator_decorator.py for tasks to queue
[2022-08-07 10:51:01,636] {logging_mixin.py:115} INFO - [2022-08-07 10:51:01,636] {dagbag.py:508} INFO - Filling up the DagBag from /home/airflow/.local/lib/python3.7/site-packages/airflow/example_dags/example_branch_operator_decorator.py
[2022-08-07 10:51:01,729] {processor.py:651} INFO - DAG(s) dict_keys(['example_branch_python_operator_decorator']) retrieved from /home/airflow/.local/lib/python3.7/site-packages/airflow/example_dags/example_branch_operator_decorator.py
[2022-08-07 10:51:01,857] {logging_mixin.py:115} INFO - [2022-08-07 10:51:01,857] {dag.py:2420} INFO - Sync 1 DAGs
[2022-08-07 10:51:01,969] {logging_mixin.py:115} INFO - [2022-08-07 10:51:01,969] {dag.py:2972} INFO - Setting next_dagrun for example_branch_python_operator_decorator to 2022-08-06T00:00:00+00:00, run_after=2022-08-07T00:00:00+00:00
[2022-08-07 10:51:02,019] {processor.py:161} INFO - Processing /home/airflow/.local/lib/python3.7/site-packages/airflow/example_dags/example_branch_operator_decorator.py took 0.397 seconds
[2022-08-07 10:51:32,828] {processor.py:153} INFO - Started process (PID=502) to work on /home/airflow/.local/lib/python3.7/site-packages/airflow/example_dags/example_branch_operator_decorator.py
[2022-08-07 10:51:32,829] {processor.py:641} INFO - Processing file /home/airflow/.local/lib/python3.7/site-packages/airflow/example_dags/example_branch_operator_decorator.py for tasks to queue
[2022-08-07 10:51:32,831] {logging_mixin.py:115} INFO - [2022-08-07 10:51:32,831] {dagbag.py:508} INFO - Filling up the DagBag from /home/airflow/.local/lib/python3.7/site-packages/airflow/example_dags/example_branch_operator_decorator.py
[2022-08-07 10:51:32,920] {processor.py:651} INFO - DAG(s) dict_keys(['example_branch_python_operator_decorator']) retrieved from /home/airflow/.local/lib/python3.7/site-packages/airflow/example_dags/example_branch_operator_decorator.py
[2022-08-07 10:51:33,043] {logging_mixin.py:115} INFO - [2022-08-07 10:51:33,043] {dag.py:2420} INFO - Sync 1 DAGs
[2022-08-07 10:51:33,155] {logging_mixin.py:115} INFO - [2022-08-07 10:51:33,155] {dag.py:2972} INFO - Setting next_dagrun for example_branch_python_operator_decorator to 2022-08-06T00:00:00+00:00, run_after=2022-08-07T00:00:00+00:00
[2022-08-07 10:51:33,189] {processor.py:161} INFO - Processing /home/airflow/.local/lib/python3.7/site-packages/airflow/example_dags/example_branch_operator_decorator.py took 0.374 seconds
[2022-08-07 10:52:04,702] {processor.py:153} INFO - Started process (PID=552) to work on /home/airflow/.local/lib/python3.7/site-packages/airflow/example_dags/example_branch_operator_decorator.py
[2022-08-07 10:52:04,711] {processor.py:641} INFO - Processing file /home/airflow/.local/lib/python3.7/site-packages/airflow/example_dags/example_branch_operator_decorator.py for tasks to queue
[2022-08-07 10:52:04,718] {logging_mixin.py:115} INFO - [2022-08-07 10:52:04,718] {dagbag.py:508} INFO - Filling up the DagBag from /home/airflow/.local/lib/python3.7/site-packages/airflow/example_dags/example_branch_operator_decorator.py
[2022-08-07 10:52:04,918] {processor.py:651} INFO - DAG(s) dict_keys(['example_branch_python_operator_decorator']) retrieved from /home/airflow/.local/lib/python3.7/site-packages/airflow/example_dags/example_branch_operator_decorator.py
[2022-08-07 10:52:05,268] {logging_mixin.py:115} INFO - [2022-08-07 10:52:05,267] {dag.py:2420} INFO - Sync 1 DAGs
[2022-08-07 10:52:05,443] {logging_mixin.py:115} INFO - [2022-08-07 10:52:05,442] {dag.py:2972} INFO - Setting next_dagrun for example_branch_python_operator_decorator to 2022-08-06T00:00:00+00:00, run_after=2022-08-07T00:00:00+00:00
[2022-08-07 10:52:05,651] {processor.py:161} INFO - Processing /home/airflow/.local/lib/python3.7/site-packages/airflow/example_dags/example_branch_operator_decorator.py took 0.967 seconds
[2022-08-07 10:52:49,157] {processor.py:153} INFO - Started process (PID=605) to work on /home/airflow/.local/lib/python3.7/site-packages/airflow/example_dags/example_branch_operator_decorator.py
[2022-08-07 10:52:49,218] {processor.py:641} INFO - Processing file /home/airflow/.local/lib/python3.7/site-packages/airflow/example_dags/example_branch_operator_decorator.py for tasks to queue
[2022-08-07 10:52:49,229] {logging_mixin.py:115} INFO - [2022-08-07 10:52:49,219] {dagbag.py:508} INFO - Filling up the DagBag from /home/airflow/.local/lib/python3.7/site-packages/airflow/example_dags/example_branch_operator_decorator.py
[2022-08-07 10:52:49,701] {processor.py:651} INFO - DAG(s) dict_keys(['example_branch_python_operator_decorator']) retrieved from /home/airflow/.local/lib/python3.7/site-packages/airflow/example_dags/example_branch_operator_decorator.py
[2022-08-07 10:52:50,710] {logging_mixin.py:115} INFO - [2022-08-07 10:52:50,710] {dag.py:2420} INFO - Sync 1 DAGs
[2022-08-07 10:52:51,237] {logging_mixin.py:115} INFO - [2022-08-07 10:52:51,236] {dag.py:2972} INFO - Setting next_dagrun for example_branch_python_operator_decorator to 2022-08-06T00:00:00+00:00, run_after=2022-08-07T00:00:00+00:00
[2022-08-07 10:52:51,603] {processor.py:161} INFO - Processing /home/airflow/.local/lib/python3.7/site-packages/airflow/example_dags/example_branch_operator_decorator.py took 2.487 seconds
[2022-08-07 10:53:37,447] {processor.py:153} INFO - Started process (PID=641) to work on /home/airflow/.local/lib/python3.7/site-packages/airflow/example_dags/example_branch_operator_decorator.py
[2022-08-07 10:53:37,449] {processor.py:641} INFO - Processing file /home/airflow/.local/lib/python3.7/site-packages/airflow/example_dags/example_branch_operator_decorator.py for tasks to queue
[2022-08-07 10:53:37,450] {logging_mixin.py:115} INFO - [2022-08-07 10:53:37,450] {dagbag.py:508} INFO - Filling up the DagBag from /home/airflow/.local/lib/python3.7/site-packages/airflow/example_dags/example_branch_operator_decorator.py
[2022-08-07 10:53:37,525] {processor.py:651} INFO - DAG(s) dict_keys(['example_branch_python_operator_decorator']) retrieved from /home/airflow/.local/lib/python3.7/site-packages/airflow/example_dags/example_branch_operator_decorator.py
[2022-08-07 10:53:37,624] {logging_mixin.py:115} INFO - [2022-08-07 10:53:37,623] {dag.py:2420} INFO - Sync 1 DAGs
[2022-08-07 10:53:37,719] {logging_mixin.py:115} INFO - [2022-08-07 10:53:37,718] {dag.py:2972} INFO - Setting next_dagrun for example_branch_python_operator_decorator to 2022-08-06T00:00:00+00:00, run_after=2022-08-07T00:00:00+00:00
[2022-08-07 10:53:37,762] {processor.py:161} INFO - Processing /home/airflow/.local/lib/python3.7/site-packages/airflow/example_dags/example_branch_operator_decorator.py took 0.325 seconds
[2022-08-07 10:54:07,933] {processor.py:153} INFO - Started process (PID=694) to work on /home/airflow/.local/lib/python3.7/site-packages/airflow/example_dags/example_branch_operator_decorator.py
[2022-08-07 10:54:07,934] {processor.py:641} INFO - Processing file /home/airflow/.local/lib/python3.7/site-packages/airflow/example_dags/example_branch_operator_decorator.py for tasks to queue
[2022-08-07 10:54:07,935] {logging_mixin.py:115} INFO - [2022-08-07 10:54:07,935] {dagbag.py:508} INFO - Filling up the DagBag from /home/airflow/.local/lib/python3.7/site-packages/airflow/example_dags/example_branch_operator_decorator.py
[2022-08-07 10:54:07,999] {processor.py:651} INFO - DAG(s) dict_keys(['example_branch_python_operator_decorator']) retrieved from /home/airflow/.local/lib/python3.7/site-packages/airflow/example_dags/example_branch_operator_decorator.py
[2022-08-07 10:54:08,082] {logging_mixin.py:115} INFO - [2022-08-07 10:54:08,082] {dag.py:2420} INFO - Sync 1 DAGs
[2022-08-07 10:54:08,154] {logging_mixin.py:115} INFO - [2022-08-07 10:54:08,153] {dag.py:2972} INFO - Setting next_dagrun for example_branch_python_operator_decorator to 2022-08-06T00:00:00+00:00, run_after=2022-08-07T00:00:00+00:00
[2022-08-07 10:54:08,184] {processor.py:161} INFO - Processing /home/airflow/.local/lib/python3.7/site-packages/airflow/example_dags/example_branch_operator_decorator.py took 0.260 seconds
[2022-08-07 10:54:38,289] {processor.py:153} INFO - Started process (PID=746) to work on /home/airflow/.local/lib/python3.7/site-packages/airflow/example_dags/example_branch_operator_decorator.py
[2022-08-07 10:54:38,290] {processor.py:641} INFO - Processing file /home/airflow/.local/lib/python3.7/site-packages/airflow/example_dags/example_branch_operator_decorator.py for tasks to queue
[2022-08-07 10:54:38,292] {logging_mixin.py:115} INFO - [2022-08-07 10:54:38,291] {dagbag.py:508} INFO - Filling up the DagBag from /home/airflow/.local/lib/python3.7/site-packages/airflow/example_dags/example_branch_operator_decorator.py
[2022-08-07 10:54:38,345] {processor.py:651} INFO - DAG(s) dict_keys(['example_branch_python_operator_decorator']) retrieved from /home/airflow/.local/lib/python3.7/site-packages/airflow/example_dags/example_branch_operator_decorator.py
[2022-08-07 10:54:38,423] {logging_mixin.py:115} INFO - [2022-08-07 10:54:38,423] {dag.py:2420} INFO - Sync 1 DAGs
[2022-08-07 10:54:38,515] {logging_mixin.py:115} INFO - [2022-08-07 10:54:38,514] {dag.py:2972} INFO - Setting next_dagrun for example_branch_python_operator_decorator to 2022-08-06T00:00:00+00:00, run_after=2022-08-07T00:00:00+00:00
[2022-08-07 10:54:38,542] {processor.py:161} INFO - Processing /home/airflow/.local/lib/python3.7/site-packages/airflow/example_dags/example_branch_operator_decorator.py took 0.260 seconds
[2022-08-07 10:55:09,531] {processor.py:153} INFO - Started process (PID=798) to work on /home/airflow/.local/lib/python3.7/site-packages/airflow/example_dags/example_branch_operator_decorator.py
[2022-08-07 10:55:09,533] {processor.py:641} INFO - Processing file /home/airflow/.local/lib/python3.7/site-packages/airflow/example_dags/example_branch_operator_decorator.py for tasks to queue
[2022-08-07 10:55:09,536] {logging_mixin.py:115} INFO - [2022-08-07 10:55:09,535] {dagbag.py:508} INFO - Filling up the DagBag from /home/airflow/.local/lib/python3.7/site-packages/airflow/example_dags/example_branch_operator_decorator.py
[2022-08-07 10:55:09,630] {processor.py:651} INFO - DAG(s) dict_keys(['example_branch_python_operator_decorator']) retrieved from /home/airflow/.local/lib/python3.7/site-packages/airflow/example_dags/example_branch_operator_decorator.py
[2022-08-07 10:55:09,722] {logging_mixin.py:115} INFO - [2022-08-07 10:55:09,722] {dag.py:2420} INFO - Sync 1 DAGs
[2022-08-07 10:55:09,821] {logging_mixin.py:115} INFO - [2022-08-07 10:55:09,821] {dag.py:2972} INFO - Setting next_dagrun for example_branch_python_operator_decorator to 2022-08-06T00:00:00+00:00, run_after=2022-08-07T00:00:00+00:00
[2022-08-07 10:55:09,863] {processor.py:161} INFO - Processing /home/airflow/.local/lib/python3.7/site-packages/airflow/example_dags/example_branch_operator_decorator.py took 0.344 seconds
[2022-08-07 10:55:40,686] {processor.py:153} INFO - Started process (PID=850) to work on /home/airflow/.local/lib/python3.7/site-packages/airflow/example_dags/example_branch_operator_decorator.py
[2022-08-07 10:55:40,688] {processor.py:641} INFO - Processing file /home/airflow/.local/lib/python3.7/site-packages/airflow/example_dags/example_branch_operator_decorator.py for tasks to queue
[2022-08-07 10:55:40,689] {logging_mixin.py:115} INFO - [2022-08-07 10:55:40,689] {dagbag.py:508} INFO - Filling up the DagBag from /home/airflow/.local/lib/python3.7/site-packages/airflow/example_dags/example_branch_operator_decorator.py
[2022-08-07 10:55:40,761] {processor.py:651} INFO - DAG(s) dict_keys(['example_branch_python_operator_decorator']) retrieved from /home/airflow/.local/lib/python3.7/site-packages/airflow/example_dags/example_branch_operator_decorator.py
[2022-08-07 10:55:40,864] {logging_mixin.py:115} INFO - [2022-08-07 10:55:40,864] {dag.py:2420} INFO - Sync 1 DAGs
[2022-08-07 10:55:40,986] {logging_mixin.py:115} INFO - [2022-08-07 10:55:40,985] {dag.py:2972} INFO - Setting next_dagrun for example_branch_python_operator_decorator to 2022-08-06T00:00:00+00:00, run_after=2022-08-07T00:00:00+00:00
[2022-08-07 10:55:41,032] {processor.py:161} INFO - Processing /home/airflow/.local/lib/python3.7/site-packages/airflow/example_dags/example_branch_operator_decorator.py took 0.354 seconds
[2022-08-07 10:56:11,257] {processor.py:153} INFO - Started process (PID=902) to work on /home/airflow/.local/lib/python3.7/site-packages/airflow/example_dags/example_branch_operator_decorator.py
[2022-08-07 10:56:11,258] {processor.py:641} INFO - Processing file /home/airflow/.local/lib/python3.7/site-packages/airflow/example_dags/example_branch_operator_decorator.py for tasks to queue
[2022-08-07 10:56:11,260] {logging_mixin.py:115} INFO - [2022-08-07 10:56:11,260] {dagbag.py:508} INFO - Filling up the DagBag from /home/airflow/.local/lib/python3.7/site-packages/airflow/example_dags/example_branch_operator_decorator.py
[2022-08-07 10:56:11,351] {processor.py:651} INFO - DAG(s) dict_keys(['example_branch_python_operator_decorator']) retrieved from /home/airflow/.local/lib/python3.7/site-packages/airflow/example_dags/example_branch_operator_decorator.py
[2022-08-07 10:56:11,431] {logging_mixin.py:115} INFO - [2022-08-07 10:56:11,430] {dag.py:2420} INFO - Sync 1 DAGs
[2022-08-07 10:56:11,508] {logging_mixin.py:115} INFO - [2022-08-07 10:56:11,508] {dag.py:2972} INFO - Setting next_dagrun for example_branch_python_operator_decorator to 2022-08-06T00:00:00+00:00, run_after=2022-08-07T00:00:00+00:00
[2022-08-07 10:56:11,540] {processor.py:161} INFO - Processing /home/airflow/.local/lib/python3.7/site-packages/airflow/example_dags/example_branch_operator_decorator.py took 0.296 seconds
[2022-08-07 10:56:42,319] {processor.py:153} INFO - Started process (PID=953) to work on /home/airflow/.local/lib/python3.7/site-packages/airflow/example_dags/example_branch_operator_decorator.py
[2022-08-07 10:56:42,320] {processor.py:641} INFO - Processing file /home/airflow/.local/lib/python3.7/site-packages/airflow/example_dags/example_branch_operator_decorator.py for tasks to queue
[2022-08-07 10:56:42,322] {logging_mixin.py:115} INFO - [2022-08-07 10:56:42,322] {dagbag.py:508} INFO - Filling up the DagBag from /home/airflow/.local/lib/python3.7/site-packages/airflow/example_dags/example_branch_operator_decorator.py
[2022-08-07 10:56:42,390] {processor.py:651} INFO - DAG(s) dict_keys(['example_branch_python_operator_decorator']) retrieved from /home/airflow/.local/lib/python3.7/site-packages/airflow/example_dags/example_branch_operator_decorator.py
[2022-08-07 10:56:42,490] {logging_mixin.py:115} INFO - [2022-08-07 10:56:42,490] {dag.py:2420} INFO - Sync 1 DAGs
[2022-08-07 10:56:42,578] {logging_mixin.py:115} INFO - [2022-08-07 10:56:42,577] {dag.py:2972} INFO - Setting next_dagrun for example_branch_python_operator_decorator to 2022-08-06T00:00:00+00:00, run_after=2022-08-07T00:00:00+00:00
[2022-08-07 10:56:42,614] {processor.py:161} INFO - Processing /home/airflow/.local/lib/python3.7/site-packages/airflow/example_dags/example_branch_operator_decorator.py took 0.305 seconds
[2022-08-07 10:57:13,367] {processor.py:153} INFO - Started process (PID=1006) to work on /home/airflow/.local/lib/python3.7/site-packages/airflow/example_dags/example_branch_operator_decorator.py
[2022-08-07 10:57:13,369] {processor.py:641} INFO - Processing file /home/airflow/.local/lib/python3.7/site-packages/airflow/example_dags/example_branch_operator_decorator.py for tasks to queue
[2022-08-07 10:57:13,371] {logging_mixin.py:115} INFO - [2022-08-07 10:57:13,371] {dagbag.py:508} INFO - Filling up the DagBag from /home/airflow/.local/lib/python3.7/site-packages/airflow/example_dags/example_branch_operator_decorator.py
[2022-08-07 10:57:13,471] {processor.py:651} INFO - DAG(s) dict_keys(['example_branch_python_operator_decorator']) retrieved from /home/airflow/.local/lib/python3.7/site-packages/airflow/example_dags/example_branch_operator_decorator.py
[2022-08-07 10:57:13,597] {logging_mixin.py:115} INFO - [2022-08-07 10:57:13,597] {dag.py:2420} INFO - Sync 1 DAGs
[2022-08-07 10:57:13,719] {logging_mixin.py:115} INFO - [2022-08-07 10:57:13,718] {dag.py:2972} INFO - Setting next_dagrun for example_branch_python_operator_decorator to 2022-08-06T00:00:00+00:00, run_after=2022-08-07T00:00:00+00:00
[2022-08-07 10:57:13,769] {processor.py:161} INFO - Processing /home/airflow/.local/lib/python3.7/site-packages/airflow/example_dags/example_branch_operator_decorator.py took 0.417 seconds
[2022-08-07 10:57:44,321] {processor.py:153} INFO - Started process (PID=1057) to work on /home/airflow/.local/lib/python3.7/site-packages/airflow/example_dags/example_branch_operator_decorator.py
[2022-08-07 10:57:44,323] {processor.py:641} INFO - Processing file /home/airflow/.local/lib/python3.7/site-packages/airflow/example_dags/example_branch_operator_decorator.py for tasks to queue
[2022-08-07 10:57:44,325] {logging_mixin.py:115} INFO - [2022-08-07 10:57:44,324] {dagbag.py:508} INFO - Filling up the DagBag from /home/airflow/.local/lib/python3.7/site-packages/airflow/example_dags/example_branch_operator_decorator.py
[2022-08-07 10:57:44,398] {processor.py:651} INFO - DAG(s) dict_keys(['example_branch_python_operator_decorator']) retrieved from /home/airflow/.local/lib/python3.7/site-packages/airflow/example_dags/example_branch_operator_decorator.py
[2022-08-07 10:57:44,502] {logging_mixin.py:115} INFO - [2022-08-07 10:57:44,502] {dag.py:2420} INFO - Sync 1 DAGs
[2022-08-07 10:57:44,593] {logging_mixin.py:115} INFO - [2022-08-07 10:57:44,593] {dag.py:2972} INFO - Setting next_dagrun for example_branch_python_operator_decorator to 2022-08-06T00:00:00+00:00, run_after=2022-08-07T00:00:00+00:00
[2022-08-07 10:57:44,635] {processor.py:161} INFO - Processing /home/airflow/.local/lib/python3.7/site-packages/airflow/example_dags/example_branch_operator_decorator.py took 0.325 seconds
[2022-08-07 10:58:15,061] {processor.py:153} INFO - Started process (PID=1109) to work on /home/airflow/.local/lib/python3.7/site-packages/airflow/example_dags/example_branch_operator_decorator.py
[2022-08-07 10:58:15,063] {processor.py:641} INFO - Processing file /home/airflow/.local/lib/python3.7/site-packages/airflow/example_dags/example_branch_operator_decorator.py for tasks to queue
[2022-08-07 10:58:15,064] {logging_mixin.py:115} INFO - [2022-08-07 10:58:15,064] {dagbag.py:508} INFO - Filling up the DagBag from /home/airflow/.local/lib/python3.7/site-packages/airflow/example_dags/example_branch_operator_decorator.py
[2022-08-07 10:58:15,134] {processor.py:651} INFO - DAG(s) dict_keys(['example_branch_python_operator_decorator']) retrieved from /home/airflow/.local/lib/python3.7/site-packages/airflow/example_dags/example_branch_operator_decorator.py
[2022-08-07 10:58:15,224] {logging_mixin.py:115} INFO - [2022-08-07 10:58:15,223] {dag.py:2420} INFO - Sync 1 DAGs
[2022-08-07 10:58:15,350] {logging_mixin.py:115} INFO - [2022-08-07 10:58:15,349] {dag.py:2972} INFO - Setting next_dagrun for example_branch_python_operator_decorator to 2022-08-06T00:00:00+00:00, run_after=2022-08-07T00:00:00+00:00
[2022-08-07 10:58:15,415] {processor.py:161} INFO - Processing /home/airflow/.local/lib/python3.7/site-packages/airflow/example_dags/example_branch_operator_decorator.py took 0.363 seconds
[2022-08-07 10:58:46,572] {processor.py:153} INFO - Started process (PID=1161) to work on /home/airflow/.local/lib/python3.7/site-packages/airflow/example_dags/example_branch_operator_decorator.py
[2022-08-07 10:58:46,575] {processor.py:641} INFO - Processing file /home/airflow/.local/lib/python3.7/site-packages/airflow/example_dags/example_branch_operator_decorator.py for tasks to queue
[2022-08-07 10:58:46,577] {logging_mixin.py:115} INFO - [2022-08-07 10:58:46,577] {dagbag.py:508} INFO - Filling up the DagBag from /home/airflow/.local/lib/python3.7/site-packages/airflow/example_dags/example_branch_operator_decorator.py
[2022-08-07 10:58:46,661] {processor.py:651} INFO - DAG(s) dict_keys(['example_branch_python_operator_decorator']) retrieved from /home/airflow/.local/lib/python3.7/site-packages/airflow/example_dags/example_branch_operator_decorator.py
[2022-08-07 10:58:46,776] {logging_mixin.py:115} INFO - [2022-08-07 10:58:46,775] {dag.py:2420} INFO - Sync 1 DAGs
[2022-08-07 10:58:46,896] {logging_mixin.py:115} INFO - [2022-08-07 10:58:46,895] {dag.py:2972} INFO - Setting next_dagrun for example_branch_python_operator_decorator to 2022-08-06T00:00:00+00:00, run_after=2022-08-07T00:00:00+00:00
[2022-08-07 10:58:46,939] {processor.py:161} INFO - Processing /home/airflow/.local/lib/python3.7/site-packages/airflow/example_dags/example_branch_operator_decorator.py took 0.378 seconds
[2022-08-07 10:59:17,483] {processor.py:153} INFO - Started process (PID=1211) to work on /home/airflow/.local/lib/python3.7/site-packages/airflow/example_dags/example_branch_operator_decorator.py
[2022-08-07 10:59:17,486] {processor.py:641} INFO - Processing file /home/airflow/.local/lib/python3.7/site-packages/airflow/example_dags/example_branch_operator_decorator.py for tasks to queue
[2022-08-07 10:59:17,488] {logging_mixin.py:115} INFO - [2022-08-07 10:59:17,488] {dagbag.py:508} INFO - Filling up the DagBag from /home/airflow/.local/lib/python3.7/site-packages/airflow/example_dags/example_branch_operator_decorator.py
[2022-08-07 10:59:17,609] {processor.py:651} INFO - DAG(s) dict_keys(['example_branch_python_operator_decorator']) retrieved from /home/airflow/.local/lib/python3.7/site-packages/airflow/example_dags/example_branch_operator_decorator.py
[2022-08-07 10:59:17,737] {logging_mixin.py:115} INFO - [2022-08-07 10:59:17,736] {dag.py:2420} INFO - Sync 1 DAGs
[2022-08-07 10:59:17,898] {logging_mixin.py:115} INFO - [2022-08-07 10:59:17,897] {dag.py:2972} INFO - Setting next_dagrun for example_branch_python_operator_decorator to 2022-08-06T00:00:00+00:00, run_after=2022-08-07T00:00:00+00:00
[2022-08-07 10:59:17,978] {processor.py:161} INFO - Processing /home/airflow/.local/lib/python3.7/site-packages/airflow/example_dags/example_branch_operator_decorator.py took 0.514 seconds
[2022-08-07 10:59:48,605] {processor.py:153} INFO - Started process (PID=1256) to work on /home/airflow/.local/lib/python3.7/site-packages/airflow/example_dags/example_branch_operator_decorator.py
[2022-08-07 10:59:48,607] {processor.py:641} INFO - Processing file /home/airflow/.local/lib/python3.7/site-packages/airflow/example_dags/example_branch_operator_decorator.py for tasks to queue
[2022-08-07 10:59:48,609] {logging_mixin.py:115} INFO - [2022-08-07 10:59:48,609] {dagbag.py:508} INFO - Filling up the DagBag from /home/airflow/.local/lib/python3.7/site-packages/airflow/example_dags/example_branch_operator_decorator.py
[2022-08-07 10:59:48,705] {processor.py:651} INFO - DAG(s) dict_keys(['example_branch_python_operator_decorator']) retrieved from /home/airflow/.local/lib/python3.7/site-packages/airflow/example_dags/example_branch_operator_decorator.py
[2022-08-07 10:59:48,805] {logging_mixin.py:115} INFO - [2022-08-07 10:59:48,805] {dag.py:2420} INFO - Sync 1 DAGs
[2022-08-07 10:59:48,919] {logging_mixin.py:115} INFO - [2022-08-07 10:59:48,919] {dag.py:2972} INFO - Setting next_dagrun for example_branch_python_operator_decorator to 2022-08-06T00:00:00+00:00, run_after=2022-08-07T00:00:00+00:00
[2022-08-07 10:59:48,997] {processor.py:161} INFO - Processing /home/airflow/.local/lib/python3.7/site-packages/airflow/example_dags/example_branch_operator_decorator.py took 0.404 seconds
[2022-08-07 11:00:19,563] {processor.py:153} INFO - Started process (PID=1308) to work on /home/airflow/.local/lib/python3.7/site-packages/airflow/example_dags/example_branch_operator_decorator.py
[2022-08-07 11:00:19,590] {processor.py:641} INFO - Processing file /home/airflow/.local/lib/python3.7/site-packages/airflow/example_dags/example_branch_operator_decorator.py for tasks to queue
[2022-08-07 11:00:19,593] {logging_mixin.py:115} INFO - [2022-08-07 11:00:19,592] {dagbag.py:508} INFO - Filling up the DagBag from /home/airflow/.local/lib/python3.7/site-packages/airflow/example_dags/example_branch_operator_decorator.py
[2022-08-07 11:00:19,682] {processor.py:651} INFO - DAG(s) dict_keys(['example_branch_python_operator_decorator']) retrieved from /home/airflow/.local/lib/python3.7/site-packages/airflow/example_dags/example_branch_operator_decorator.py
[2022-08-07 11:00:19,781] {logging_mixin.py:115} INFO - [2022-08-07 11:00:19,781] {dag.py:2420} INFO - Sync 1 DAGs
[2022-08-07 11:00:19,908] {logging_mixin.py:115} INFO - [2022-08-07 11:00:19,907] {dag.py:2972} INFO - Setting next_dagrun for example_branch_python_operator_decorator to 2022-08-06T00:00:00+00:00, run_after=2022-08-07T00:00:00+00:00
[2022-08-07 11:00:19,956] {processor.py:161} INFO - Processing /home/airflow/.local/lib/python3.7/site-packages/airflow/example_dags/example_branch_operator_decorator.py took 0.408 seconds
[2022-08-07 11:00:50,737] {processor.py:153} INFO - Started process (PID=1359) to work on /home/airflow/.local/lib/python3.7/site-packages/airflow/example_dags/example_branch_operator_decorator.py
[2022-08-07 11:00:50,740] {processor.py:641} INFO - Processing file /home/airflow/.local/lib/python3.7/site-packages/airflow/example_dags/example_branch_operator_decorator.py for tasks to queue
[2022-08-07 11:00:50,743] {logging_mixin.py:115} INFO - [2022-08-07 11:00:50,743] {dagbag.py:508} INFO - Filling up the DagBag from /home/airflow/.local/lib/python3.7/site-packages/airflow/example_dags/example_branch_operator_decorator.py
[2022-08-07 11:00:50,907] {processor.py:651} INFO - DAG(s) dict_keys(['example_branch_python_operator_decorator']) retrieved from /home/airflow/.local/lib/python3.7/site-packages/airflow/example_dags/example_branch_operator_decorator.py
[2022-08-07 11:00:51,070] {logging_mixin.py:115} INFO - [2022-08-07 11:00:51,070] {dag.py:2420} INFO - Sync 1 DAGs
[2022-08-07 11:00:51,218] {logging_mixin.py:115} INFO - [2022-08-07 11:00:51,218] {dag.py:2972} INFO - Setting next_dagrun for example_branch_python_operator_decorator to 2022-08-06T00:00:00+00:00, run_after=2022-08-07T00:00:00+00:00
[2022-08-07 11:00:51,275] {processor.py:161} INFO - Processing /home/airflow/.local/lib/python3.7/site-packages/airflow/example_dags/example_branch_operator_decorator.py took 0.560 seconds
[2022-08-07 11:01:21,608] {processor.py:153} INFO - Started process (PID=1411) to work on /home/airflow/.local/lib/python3.7/site-packages/airflow/example_dags/example_branch_operator_decorator.py
[2022-08-07 11:01:21,609] {processor.py:641} INFO - Processing file /home/airflow/.local/lib/python3.7/site-packages/airflow/example_dags/example_branch_operator_decorator.py for tasks to queue
[2022-08-07 11:01:21,612] {logging_mixin.py:115} INFO - [2022-08-07 11:01:21,611] {dagbag.py:508} INFO - Filling up the DagBag from /home/airflow/.local/lib/python3.7/site-packages/airflow/example_dags/example_branch_operator_decorator.py
[2022-08-07 11:01:21,715] {processor.py:651} INFO - DAG(s) dict_keys(['example_branch_python_operator_decorator']) retrieved from /home/airflow/.local/lib/python3.7/site-packages/airflow/example_dags/example_branch_operator_decorator.py
[2022-08-07 11:01:21,906] {logging_mixin.py:115} INFO - [2022-08-07 11:01:21,906] {dag.py:2420} INFO - Sync 1 DAGs
[2022-08-07 11:01:22,036] {logging_mixin.py:115} INFO - [2022-08-07 11:01:22,035] {dag.py:2972} INFO - Setting next_dagrun for example_branch_python_operator_decorator to 2022-08-06T00:00:00+00:00, run_after=2022-08-07T00:00:00+00:00
[2022-08-07 11:01:22,086] {processor.py:161} INFO - Processing /home/airflow/.local/lib/python3.7/site-packages/airflow/example_dags/example_branch_operator_decorator.py took 0.495 seconds
[2022-08-07 11:01:52,254] {processor.py:153} INFO - Started process (PID=1453) to work on /home/airflow/.local/lib/python3.7/site-packages/airflow/example_dags/example_branch_operator_decorator.py
[2022-08-07 11:01:52,255] {processor.py:641} INFO - Processing file /home/airflow/.local/lib/python3.7/site-packages/airflow/example_dags/example_branch_operator_decorator.py for tasks to queue
[2022-08-07 11:01:52,257] {logging_mixin.py:115} INFO - [2022-08-07 11:01:52,257] {dagbag.py:508} INFO - Filling up the DagBag from /home/airflow/.local/lib/python3.7/site-packages/airflow/example_dags/example_branch_operator_decorator.py
[2022-08-07 11:01:52,378] {processor.py:651} INFO - DAG(s) dict_keys(['example_branch_python_operator_decorator']) retrieved from /home/airflow/.local/lib/python3.7/site-packages/airflow/example_dags/example_branch_operator_decorator.py
[2022-08-07 11:01:52,547] {logging_mixin.py:115} INFO - [2022-08-07 11:01:52,547] {dag.py:2420} INFO - Sync 1 DAGs
[2022-08-07 11:01:52,682] {logging_mixin.py:115} INFO - [2022-08-07 11:01:52,682] {dag.py:2972} INFO - Setting next_dagrun for example_branch_python_operator_decorator to 2022-08-06T00:00:00+00:00, run_after=2022-08-07T00:00:00+00:00
[2022-08-07 11:01:52,727] {processor.py:161} INFO - Processing /home/airflow/.local/lib/python3.7/site-packages/airflow/example_dags/example_branch_operator_decorator.py took 0.484 seconds
[2022-08-07 11:02:23,330] {processor.py:153} INFO - Started process (PID=1505) to work on /home/airflow/.local/lib/python3.7/site-packages/airflow/example_dags/example_branch_operator_decorator.py
[2022-08-07 11:02:23,333] {processor.py:641} INFO - Processing file /home/airflow/.local/lib/python3.7/site-packages/airflow/example_dags/example_branch_operator_decorator.py for tasks to queue
[2022-08-07 11:02:23,336] {logging_mixin.py:115} INFO - [2022-08-07 11:02:23,335] {dagbag.py:508} INFO - Filling up the DagBag from /home/airflow/.local/lib/python3.7/site-packages/airflow/example_dags/example_branch_operator_decorator.py
[2022-08-07 11:02:23,447] {processor.py:651} INFO - DAG(s) dict_keys(['example_branch_python_operator_decorator']) retrieved from /home/airflow/.local/lib/python3.7/site-packages/airflow/example_dags/example_branch_operator_decorator.py
[2022-08-07 11:02:23,583] {logging_mixin.py:115} INFO - [2022-08-07 11:02:23,583] {dag.py:2420} INFO - Sync 1 DAGs
[2022-08-07 11:02:23,721] {logging_mixin.py:115} INFO - [2022-08-07 11:02:23,721] {dag.py:2972} INFO - Setting next_dagrun for example_branch_python_operator_decorator to 2022-08-06T00:00:00+00:00, run_after=2022-08-07T00:00:00+00:00
[2022-08-07 11:02:23,778] {processor.py:161} INFO - Processing /home/airflow/.local/lib/python3.7/site-packages/airflow/example_dags/example_branch_operator_decorator.py took 0.461 seconds
[2022-08-07 11:02:53,915] {processor.py:153} INFO - Started process (PID=1557) to work on /home/airflow/.local/lib/python3.7/site-packages/airflow/example_dags/example_branch_operator_decorator.py
[2022-08-07 11:02:53,917] {processor.py:641} INFO - Processing file /home/airflow/.local/lib/python3.7/site-packages/airflow/example_dags/example_branch_operator_decorator.py for tasks to queue
[2022-08-07 11:02:53,919] {logging_mixin.py:115} INFO - [2022-08-07 11:02:53,919] {dagbag.py:508} INFO - Filling up the DagBag from /home/airflow/.local/lib/python3.7/site-packages/airflow/example_dags/example_branch_operator_decorator.py
[2022-08-07 11:02:54,014] {processor.py:651} INFO - DAG(s) dict_keys(['example_branch_python_operator_decorator']) retrieved from /home/airflow/.local/lib/python3.7/site-packages/airflow/example_dags/example_branch_operator_decorator.py
[2022-08-07 11:02:54,131] {logging_mixin.py:115} INFO - [2022-08-07 11:02:54,131] {dag.py:2420} INFO - Sync 1 DAGs
[2022-08-07 11:02:54,260] {logging_mixin.py:115} INFO - [2022-08-07 11:02:54,260] {dag.py:2972} INFO - Setting next_dagrun for example_branch_python_operator_decorator to 2022-08-06T00:00:00+00:00, run_after=2022-08-07T00:00:00+00:00
[2022-08-07 11:02:54,315] {processor.py:161} INFO - Processing /home/airflow/.local/lib/python3.7/site-packages/airflow/example_dags/example_branch_operator_decorator.py took 0.413 seconds
[2022-08-07 11:03:24,878] {processor.py:153} INFO - Started process (PID=1609) to work on /home/airflow/.local/lib/python3.7/site-packages/airflow/example_dags/example_branch_operator_decorator.py
[2022-08-07 11:03:24,880] {processor.py:641} INFO - Processing file /home/airflow/.local/lib/python3.7/site-packages/airflow/example_dags/example_branch_operator_decorator.py for tasks to queue
[2022-08-07 11:03:24,882] {logging_mixin.py:115} INFO - [2022-08-07 11:03:24,881] {dagbag.py:508} INFO - Filling up the DagBag from /home/airflow/.local/lib/python3.7/site-packages/airflow/example_dags/example_branch_operator_decorator.py
[2022-08-07 11:03:24,977] {processor.py:651} INFO - DAG(s) dict_keys(['example_branch_python_operator_decorator']) retrieved from /home/airflow/.local/lib/python3.7/site-packages/airflow/example_dags/example_branch_operator_decorator.py
[2022-08-07 11:03:25,084] {logging_mixin.py:115} INFO - [2022-08-07 11:03:25,084] {dag.py:2420} INFO - Sync 1 DAGs
[2022-08-07 11:03:25,216] {logging_mixin.py:115} INFO - [2022-08-07 11:03:25,216] {dag.py:2972} INFO - Setting next_dagrun for example_branch_python_operator_decorator to 2022-08-06T00:00:00+00:00, run_after=2022-08-07T00:00:00+00:00
[2022-08-07 11:03:25,264] {processor.py:161} INFO - Processing /home/airflow/.local/lib/python3.7/site-packages/airflow/example_dags/example_branch_operator_decorator.py took 0.400 seconds
[2022-08-07 11:03:56,130] {processor.py:153} INFO - Started process (PID=1661) to work on /home/airflow/.local/lib/python3.7/site-packages/airflow/example_dags/example_branch_operator_decorator.py
[2022-08-07 11:03:56,132] {processor.py:641} INFO - Processing file /home/airflow/.local/lib/python3.7/site-packages/airflow/example_dags/example_branch_operator_decorator.py for tasks to queue
[2022-08-07 11:03:56,134] {logging_mixin.py:115} INFO - [2022-08-07 11:03:56,134] {dagbag.py:508} INFO - Filling up the DagBag from /home/airflow/.local/lib/python3.7/site-packages/airflow/example_dags/example_branch_operator_decorator.py
[2022-08-07 11:03:56,233] {processor.py:651} INFO - DAG(s) dict_keys(['example_branch_python_operator_decorator']) retrieved from /home/airflow/.local/lib/python3.7/site-packages/airflow/example_dags/example_branch_operator_decorator.py
[2022-08-07 11:03:56,367] {logging_mixin.py:115} INFO - [2022-08-07 11:03:56,367] {dag.py:2420} INFO - Sync 1 DAGs
[2022-08-07 11:03:56,510] {logging_mixin.py:115} INFO - [2022-08-07 11:03:56,509] {dag.py:2972} INFO - Setting next_dagrun for example_branch_python_operator_decorator to 2022-08-06T00:00:00+00:00, run_after=2022-08-07T00:00:00+00:00
[2022-08-07 11:03:56,598] {processor.py:161} INFO - Processing /home/airflow/.local/lib/python3.7/site-packages/airflow/example_dags/example_branch_operator_decorator.py took 0.483 seconds
[2022-08-07 11:04:27,394] {processor.py:153} INFO - Started process (PID=1713) to work on /home/airflow/.local/lib/python3.7/site-packages/airflow/example_dags/example_branch_operator_decorator.py
[2022-08-07 11:04:27,396] {processor.py:641} INFO - Processing file /home/airflow/.local/lib/python3.7/site-packages/airflow/example_dags/example_branch_operator_decorator.py for tasks to queue
[2022-08-07 11:04:27,398] {logging_mixin.py:115} INFO - [2022-08-07 11:04:27,397] {dagbag.py:508} INFO - Filling up the DagBag from /home/airflow/.local/lib/python3.7/site-packages/airflow/example_dags/example_branch_operator_decorator.py
[2022-08-07 11:04:27,482] {processor.py:651} INFO - DAG(s) dict_keys(['example_branch_python_operator_decorator']) retrieved from /home/airflow/.local/lib/python3.7/site-packages/airflow/example_dags/example_branch_operator_decorator.py
[2022-08-07 11:04:27,604] {logging_mixin.py:115} INFO - [2022-08-07 11:04:27,604] {dag.py:2420} INFO - Sync 1 DAGs
[2022-08-07 11:04:27,752] {logging_mixin.py:115} INFO - [2022-08-07 11:04:27,752] {dag.py:2972} INFO - Setting next_dagrun for example_branch_python_operator_decorator to 2022-08-06T00:00:00+00:00, run_after=2022-08-07T00:00:00+00:00
[2022-08-07 11:04:27,823] {processor.py:161} INFO - Processing /home/airflow/.local/lib/python3.7/site-packages/airflow/example_dags/example_branch_operator_decorator.py took 0.440 seconds
[2022-08-07 11:04:58,212] {processor.py:153} INFO - Started process (PID=1755) to work on /home/airflow/.local/lib/python3.7/site-packages/airflow/example_dags/example_branch_operator_decorator.py
[2022-08-07 11:04:58,229] {processor.py:641} INFO - Processing file /home/airflow/.local/lib/python3.7/site-packages/airflow/example_dags/example_branch_operator_decorator.py for tasks to queue
[2022-08-07 11:04:58,230] {logging_mixin.py:115} INFO - [2022-08-07 11:04:58,230] {dagbag.py:508} INFO - Filling up the DagBag from /home/airflow/.local/lib/python3.7/site-packages/airflow/example_dags/example_branch_operator_decorator.py
[2022-08-07 11:04:58,314] {processor.py:651} INFO - DAG(s) dict_keys(['example_branch_python_operator_decorator']) retrieved from /home/airflow/.local/lib/python3.7/site-packages/airflow/example_dags/example_branch_operator_decorator.py
[2022-08-07 11:04:58,486] {logging_mixin.py:115} INFO - [2022-08-07 11:04:58,486] {dag.py:2420} INFO - Sync 1 DAGs
[2022-08-07 11:04:58,623] {logging_mixin.py:115} INFO - [2022-08-07 11:04:58,623] {dag.py:2972} INFO - Setting next_dagrun for example_branch_python_operator_decorator to 2022-08-06T00:00:00+00:00, run_after=2022-08-07T00:00:00+00:00
[2022-08-07 11:04:58,704] {processor.py:161} INFO - Processing /home/airflow/.local/lib/python3.7/site-packages/airflow/example_dags/example_branch_operator_decorator.py took 0.502 seconds
[2022-08-07 11:05:29,026] {processor.py:153} INFO - Started process (PID=1807) to work on /home/airflow/.local/lib/python3.7/site-packages/airflow/example_dags/example_branch_operator_decorator.py
[2022-08-07 11:05:29,027] {processor.py:641} INFO - Processing file /home/airflow/.local/lib/python3.7/site-packages/airflow/example_dags/example_branch_operator_decorator.py for tasks to queue
[2022-08-07 11:05:29,029] {logging_mixin.py:115} INFO - [2022-08-07 11:05:29,029] {dagbag.py:508} INFO - Filling up the DagBag from /home/airflow/.local/lib/python3.7/site-packages/airflow/example_dags/example_branch_operator_decorator.py
[2022-08-07 11:05:29,104] {processor.py:651} INFO - DAG(s) dict_keys(['example_branch_python_operator_decorator']) retrieved from /home/airflow/.local/lib/python3.7/site-packages/airflow/example_dags/example_branch_operator_decorator.py
[2022-08-07 11:05:29,191] {logging_mixin.py:115} INFO - [2022-08-07 11:05:29,191] {dag.py:2420} INFO - Sync 1 DAGs
[2022-08-07 11:05:29,280] {logging_mixin.py:115} INFO - [2022-08-07 11:05:29,280] {dag.py:2972} INFO - Setting next_dagrun for example_branch_python_operator_decorator to 2022-08-06T00:00:00+00:00, run_after=2022-08-07T00:00:00+00:00
[2022-08-07 11:05:29,345] {processor.py:161} INFO - Processing /home/airflow/.local/lib/python3.7/site-packages/airflow/example_dags/example_branch_operator_decorator.py took 0.330 seconds
[2022-08-07 11:05:59,777] {processor.py:153} INFO - Started process (PID=1858) to work on /home/airflow/.local/lib/python3.7/site-packages/airflow/example_dags/example_branch_operator_decorator.py
[2022-08-07 11:05:59,779] {processor.py:641} INFO - Processing file /home/airflow/.local/lib/python3.7/site-packages/airflow/example_dags/example_branch_operator_decorator.py for tasks to queue
[2022-08-07 11:05:59,782] {logging_mixin.py:115} INFO - [2022-08-07 11:05:59,781] {dagbag.py:508} INFO - Filling up the DagBag from /home/airflow/.local/lib/python3.7/site-packages/airflow/example_dags/example_branch_operator_decorator.py
[2022-08-07 11:05:59,921] {processor.py:651} INFO - DAG(s) dict_keys(['example_branch_python_operator_decorator']) retrieved from /home/airflow/.local/lib/python3.7/site-packages/airflow/example_dags/example_branch_operator_decorator.py
[2022-08-07 11:06:00,096] {logging_mixin.py:115} INFO - [2022-08-07 11:06:00,096] {dag.py:2420} INFO - Sync 1 DAGs
[2022-08-07 11:06:00,271] {logging_mixin.py:115} INFO - [2022-08-07 11:06:00,270] {dag.py:2972} INFO - Setting next_dagrun for example_branch_python_operator_decorator to 2022-08-06T00:00:00+00:00, run_after=2022-08-07T00:00:00+00:00
[2022-08-07 11:06:00,335] {processor.py:161} INFO - Processing /home/airflow/.local/lib/python3.7/site-packages/airflow/example_dags/example_branch_operator_decorator.py took 0.576 seconds
[2022-08-07 11:06:31,899] {processor.py:153} INFO - Started process (PID=1911) to work on /home/airflow/.local/lib/python3.7/site-packages/airflow/example_dags/example_branch_operator_decorator.py
[2022-08-07 11:06:31,901] {processor.py:641} INFO - Processing file /home/airflow/.local/lib/python3.7/site-packages/airflow/example_dags/example_branch_operator_decorator.py for tasks to queue
[2022-08-07 11:06:31,903] {logging_mixin.py:115} INFO - [2022-08-07 11:06:31,903] {dagbag.py:508} INFO - Filling up the DagBag from /home/airflow/.local/lib/python3.7/site-packages/airflow/example_dags/example_branch_operator_decorator.py
[2022-08-07 11:06:31,991] {processor.py:651} INFO - DAG(s) dict_keys(['example_branch_python_operator_decorator']) retrieved from /home/airflow/.local/lib/python3.7/site-packages/airflow/example_dags/example_branch_operator_decorator.py
[2022-08-07 11:06:32,091] {logging_mixin.py:115} INFO - [2022-08-07 11:06:32,091] {dag.py:2420} INFO - Sync 1 DAGs
[2022-08-07 11:06:32,216] {logging_mixin.py:115} INFO - [2022-08-07 11:06:32,216] {dag.py:2972} INFO - Setting next_dagrun for example_branch_python_operator_decorator to 2022-08-06T00:00:00+00:00, run_after=2022-08-07T00:00:00+00:00
[2022-08-07 11:06:32,283] {processor.py:161} INFO - Processing /home/airflow/.local/lib/python3.7/site-packages/airflow/example_dags/example_branch_operator_decorator.py took 0.395 seconds
[2022-08-07 11:07:03,264] {processor.py:153} INFO - Started process (PID=1954) to work on /home/airflow/.local/lib/python3.7/site-packages/airflow/example_dags/example_branch_operator_decorator.py
[2022-08-07 11:07:03,266] {processor.py:641} INFO - Processing file /home/airflow/.local/lib/python3.7/site-packages/airflow/example_dags/example_branch_operator_decorator.py for tasks to queue
[2022-08-07 11:07:03,268] {logging_mixin.py:115} INFO - [2022-08-07 11:07:03,268] {dagbag.py:508} INFO - Filling up the DagBag from /home/airflow/.local/lib/python3.7/site-packages/airflow/example_dags/example_branch_operator_decorator.py
[2022-08-07 11:07:03,383] {processor.py:651} INFO - DAG(s) dict_keys(['example_branch_python_operator_decorator']) retrieved from /home/airflow/.local/lib/python3.7/site-packages/airflow/example_dags/example_branch_operator_decorator.py
[2022-08-07 11:07:03,500] {logging_mixin.py:115} INFO - [2022-08-07 11:07:03,500] {dag.py:2420} INFO - Sync 1 DAGs
[2022-08-07 11:07:03,615] {logging_mixin.py:115} INFO - [2022-08-07 11:07:03,615] {dag.py:2972} INFO - Setting next_dagrun for example_branch_python_operator_decorator to 2022-08-06T00:00:00+00:00, run_after=2022-08-07T00:00:00+00:00
[2022-08-07 11:07:03,666] {processor.py:161} INFO - Processing /home/airflow/.local/lib/python3.7/site-packages/airflow/example_dags/example_branch_operator_decorator.py took 0.415 seconds
[2022-08-07 11:07:34,031] {processor.py:153} INFO - Started process (PID=2006) to work on /home/airflow/.local/lib/python3.7/site-packages/airflow/example_dags/example_branch_operator_decorator.py
[2022-08-07 11:07:34,033] {processor.py:641} INFO - Processing file /home/airflow/.local/lib/python3.7/site-packages/airflow/example_dags/example_branch_operator_decorator.py for tasks to queue
[2022-08-07 11:07:34,035] {logging_mixin.py:115} INFO - [2022-08-07 11:07:34,035] {dagbag.py:508} INFO - Filling up the DagBag from /home/airflow/.local/lib/python3.7/site-packages/airflow/example_dags/example_branch_operator_decorator.py
[2022-08-07 11:07:34,126] {processor.py:651} INFO - DAG(s) dict_keys(['example_branch_python_operator_decorator']) retrieved from /home/airflow/.local/lib/python3.7/site-packages/airflow/example_dags/example_branch_operator_decorator.py
[2022-08-07 11:07:34,224] {logging_mixin.py:115} INFO - [2022-08-07 11:07:34,224] {dag.py:2420} INFO - Sync 1 DAGs
[2022-08-07 11:07:34,324] {logging_mixin.py:115} INFO - [2022-08-07 11:07:34,323] {dag.py:2972} INFO - Setting next_dagrun for example_branch_python_operator_decorator to 2022-08-06T00:00:00+00:00, run_after=2022-08-07T00:00:00+00:00
[2022-08-07 11:07:34,368] {processor.py:161} INFO - Processing /home/airflow/.local/lib/python3.7/site-packages/airflow/example_dags/example_branch_operator_decorator.py took 0.350 seconds
[2022-08-07 11:08:04,572] {processor.py:153} INFO - Started process (PID=2059) to work on /home/airflow/.local/lib/python3.7/site-packages/airflow/example_dags/example_branch_operator_decorator.py
[2022-08-07 11:08:04,574] {processor.py:641} INFO - Processing file /home/airflow/.local/lib/python3.7/site-packages/airflow/example_dags/example_branch_operator_decorator.py for tasks to queue
[2022-08-07 11:08:04,575] {logging_mixin.py:115} INFO - [2022-08-07 11:08:04,575] {dagbag.py:508} INFO - Filling up the DagBag from /home/airflow/.local/lib/python3.7/site-packages/airflow/example_dags/example_branch_operator_decorator.py
[2022-08-07 11:08:04,660] {processor.py:651} INFO - DAG(s) dict_keys(['example_branch_python_operator_decorator']) retrieved from /home/airflow/.local/lib/python3.7/site-packages/airflow/example_dags/example_branch_operator_decorator.py
[2022-08-07 11:08:04,750] {logging_mixin.py:115} INFO - [2022-08-07 11:08:04,750] {dag.py:2420} INFO - Sync 1 DAGs
[2022-08-07 11:08:04,841] {logging_mixin.py:115} INFO - [2022-08-07 11:08:04,841] {dag.py:2972} INFO - Setting next_dagrun for example_branch_python_operator_decorator to 2022-08-06T00:00:00+00:00, run_after=2022-08-07T00:00:00+00:00
[2022-08-07 11:08:04,882] {processor.py:161} INFO - Processing /home/airflow/.local/lib/python3.7/site-packages/airflow/example_dags/example_branch_operator_decorator.py took 0.321 seconds
[2022-08-07 11:08:36,130] {processor.py:153} INFO - Started process (PID=2111) to work on /home/airflow/.local/lib/python3.7/site-packages/airflow/example_dags/example_branch_operator_decorator.py
[2022-08-07 11:08:36,141] {processor.py:641} INFO - Processing file /home/airflow/.local/lib/python3.7/site-packages/airflow/example_dags/example_branch_operator_decorator.py for tasks to queue
[2022-08-07 11:08:36,160] {logging_mixin.py:115} INFO - [2022-08-07 11:08:36,157] {dagbag.py:508} INFO - Filling up the DagBag from /home/airflow/.local/lib/python3.7/site-packages/airflow/example_dags/example_branch_operator_decorator.py
[2022-08-07 11:08:36,297] {processor.py:651} INFO - DAG(s) dict_keys(['example_branch_python_operator_decorator']) retrieved from /home/airflow/.local/lib/python3.7/site-packages/airflow/example_dags/example_branch_operator_decorator.py
[2022-08-07 11:08:36,419] {logging_mixin.py:115} INFO - [2022-08-07 11:08:36,418] {dag.py:2420} INFO - Sync 1 DAGs
[2022-08-07 11:08:36,520] {logging_mixin.py:115} INFO - [2022-08-07 11:08:36,520] {dag.py:2972} INFO - Setting next_dagrun for example_branch_python_operator_decorator to 2022-08-06T00:00:00+00:00, run_after=2022-08-07T00:00:00+00:00
[2022-08-07 11:08:36,571] {processor.py:161} INFO - Processing /home/airflow/.local/lib/python3.7/site-packages/airflow/example_dags/example_branch_operator_decorator.py took 0.458 seconds
[2022-08-07 11:09:07,706] {processor.py:153} INFO - Started process (PID=2164) to work on /home/airflow/.local/lib/python3.7/site-packages/airflow/example_dags/example_branch_operator_decorator.py
[2022-08-07 11:09:07,711] {processor.py:641} INFO - Processing file /home/airflow/.local/lib/python3.7/site-packages/airflow/example_dags/example_branch_operator_decorator.py for tasks to queue
[2022-08-07 11:09:07,716] {logging_mixin.py:115} INFO - [2022-08-07 11:09:07,716] {dagbag.py:508} INFO - Filling up the DagBag from /home/airflow/.local/lib/python3.7/site-packages/airflow/example_dags/example_branch_operator_decorator.py
[2022-08-07 11:09:07,838] {processor.py:651} INFO - DAG(s) dict_keys(['example_branch_python_operator_decorator']) retrieved from /home/airflow/.local/lib/python3.7/site-packages/airflow/example_dags/example_branch_operator_decorator.py
[2022-08-07 11:09:07,980] {logging_mixin.py:115} INFO - [2022-08-07 11:09:07,980] {dag.py:2420} INFO - Sync 1 DAGs
[2022-08-07 11:09:08,117] {logging_mixin.py:115} INFO - [2022-08-07 11:09:08,117] {dag.py:2972} INFO - Setting next_dagrun for example_branch_python_operator_decorator to 2022-08-06T00:00:00+00:00, run_after=2022-08-07T00:00:00+00:00
[2022-08-07 11:09:08,172] {processor.py:161} INFO - Processing /home/airflow/.local/lib/python3.7/site-packages/airflow/example_dags/example_branch_operator_decorator.py took 0.481 seconds
[2022-08-07 11:09:38,917] {processor.py:153} INFO - Started process (PID=2216) to work on /home/airflow/.local/lib/python3.7/site-packages/airflow/example_dags/example_branch_operator_decorator.py
[2022-08-07 11:09:38,920] {processor.py:641} INFO - Processing file /home/airflow/.local/lib/python3.7/site-packages/airflow/example_dags/example_branch_operator_decorator.py for tasks to queue
[2022-08-07 11:09:38,928] {logging_mixin.py:115} INFO - [2022-08-07 11:09:38,928] {dagbag.py:508} INFO - Filling up the DagBag from /home/airflow/.local/lib/python3.7/site-packages/airflow/example_dags/example_branch_operator_decorator.py
[2022-08-07 11:09:39,061] {processor.py:651} INFO - DAG(s) dict_keys(['example_branch_python_operator_decorator']) retrieved from /home/airflow/.local/lib/python3.7/site-packages/airflow/example_dags/example_branch_operator_decorator.py
[2022-08-07 11:09:39,233] {logging_mixin.py:115} INFO - [2022-08-07 11:09:39,232] {dag.py:2420} INFO - Sync 1 DAGs
[2022-08-07 11:09:39,375] {logging_mixin.py:115} INFO - [2022-08-07 11:09:39,374] {dag.py:2972} INFO - Setting next_dagrun for example_branch_python_operator_decorator to 2022-08-06T00:00:00+00:00, run_after=2022-08-07T00:00:00+00:00
[2022-08-07 11:09:39,444] {processor.py:161} INFO - Processing /home/airflow/.local/lib/python3.7/site-packages/airflow/example_dags/example_branch_operator_decorator.py took 0.557 seconds
[2022-08-07 11:10:09,830] {processor.py:153} INFO - Started process (PID=2260) to work on /home/airflow/.local/lib/python3.7/site-packages/airflow/example_dags/example_branch_operator_decorator.py
[2022-08-07 11:10:09,831] {processor.py:641} INFO - Processing file /home/airflow/.local/lib/python3.7/site-packages/airflow/example_dags/example_branch_operator_decorator.py for tasks to queue
[2022-08-07 11:10:09,833] {logging_mixin.py:115} INFO - [2022-08-07 11:10:09,832] {dagbag.py:508} INFO - Filling up the DagBag from /home/airflow/.local/lib/python3.7/site-packages/airflow/example_dags/example_branch_operator_decorator.py
[2022-08-07 11:10:09,903] {processor.py:651} INFO - DAG(s) dict_keys(['example_branch_python_operator_decorator']) retrieved from /home/airflow/.local/lib/python3.7/site-packages/airflow/example_dags/example_branch_operator_decorator.py
[2022-08-07 11:10:10,001] {logging_mixin.py:115} INFO - [2022-08-07 11:10:10,001] {dag.py:2420} INFO - Sync 1 DAGs
[2022-08-07 11:10:10,092] {logging_mixin.py:115} INFO - [2022-08-07 11:10:10,092] {dag.py:2972} INFO - Setting next_dagrun for example_branch_python_operator_decorator to 2022-08-06T00:00:00+00:00, run_after=2022-08-07T00:00:00+00:00
[2022-08-07 11:10:10,131] {processor.py:161} INFO - Processing /home/airflow/.local/lib/python3.7/site-packages/airflow/example_dags/example_branch_operator_decorator.py took 0.314 seconds
[2022-08-07 11:10:40,287] {processor.py:153} INFO - Started process (PID=2313) to work on /home/airflow/.local/lib/python3.7/site-packages/airflow/example_dags/example_branch_operator_decorator.py
[2022-08-07 11:10:40,289] {processor.py:641} INFO - Processing file /home/airflow/.local/lib/python3.7/site-packages/airflow/example_dags/example_branch_operator_decorator.py for tasks to queue
[2022-08-07 11:10:40,291] {logging_mixin.py:115} INFO - [2022-08-07 11:10:40,291] {dagbag.py:508} INFO - Filling up the DagBag from /home/airflow/.local/lib/python3.7/site-packages/airflow/example_dags/example_branch_operator_decorator.py
[2022-08-07 11:10:40,368] {processor.py:651} INFO - DAG(s) dict_keys(['example_branch_python_operator_decorator']) retrieved from /home/airflow/.local/lib/python3.7/site-packages/airflow/example_dags/example_branch_operator_decorator.py
[2022-08-07 11:10:40,458] {logging_mixin.py:115} INFO - [2022-08-07 11:10:40,458] {dag.py:2420} INFO - Sync 1 DAGs
[2022-08-07 11:10:40,567] {logging_mixin.py:115} INFO - [2022-08-07 11:10:40,566] {dag.py:2972} INFO - Setting next_dagrun for example_branch_python_operator_decorator to 2022-08-06T00:00:00+00:00, run_after=2022-08-07T00:00:00+00:00
[2022-08-07 11:10:40,611] {processor.py:161} INFO - Processing /home/airflow/.local/lib/python3.7/site-packages/airflow/example_dags/example_branch_operator_decorator.py took 0.334 seconds
[2022-08-07 11:11:11,071] {processor.py:153} INFO - Started process (PID=2364) to work on /home/airflow/.local/lib/python3.7/site-packages/airflow/example_dags/example_branch_operator_decorator.py
[2022-08-07 11:11:11,073] {processor.py:641} INFO - Processing file /home/airflow/.local/lib/python3.7/site-packages/airflow/example_dags/example_branch_operator_decorator.py for tasks to queue
[2022-08-07 11:11:11,074] {logging_mixin.py:115} INFO - [2022-08-07 11:11:11,074] {dagbag.py:508} INFO - Filling up the DagBag from /home/airflow/.local/lib/python3.7/site-packages/airflow/example_dags/example_branch_operator_decorator.py
[2022-08-07 11:11:11,165] {processor.py:651} INFO - DAG(s) dict_keys(['example_branch_python_operator_decorator']) retrieved from /home/airflow/.local/lib/python3.7/site-packages/airflow/example_dags/example_branch_operator_decorator.py
[2022-08-07 11:11:11,322] {logging_mixin.py:115} INFO - [2022-08-07 11:11:11,321] {dag.py:2420} INFO - Sync 1 DAGs
[2022-08-07 11:11:11,447] {logging_mixin.py:115} INFO - [2022-08-07 11:11:11,447] {dag.py:2972} INFO - Setting next_dagrun for example_branch_python_operator_decorator to 2022-08-06T00:00:00+00:00, run_after=2022-08-07T00:00:00+00:00
[2022-08-07 11:11:11,491] {processor.py:161} INFO - Processing /home/airflow/.local/lib/python3.7/site-packages/airflow/example_dags/example_branch_operator_decorator.py took 0.433 seconds
[2022-08-07 11:11:42,188] {processor.py:153} INFO - Started process (PID=2416) to work on /home/airflow/.local/lib/python3.7/site-packages/airflow/example_dags/example_branch_operator_decorator.py
[2022-08-07 11:11:42,189] {processor.py:641} INFO - Processing file /home/airflow/.local/lib/python3.7/site-packages/airflow/example_dags/example_branch_operator_decorator.py for tasks to queue
[2022-08-07 11:11:42,191] {logging_mixin.py:115} INFO - [2022-08-07 11:11:42,191] {dagbag.py:508} INFO - Filling up the DagBag from /home/airflow/.local/lib/python3.7/site-packages/airflow/example_dags/example_branch_operator_decorator.py
[2022-08-07 11:11:42,271] {processor.py:651} INFO - DAG(s) dict_keys(['example_branch_python_operator_decorator']) retrieved from /home/airflow/.local/lib/python3.7/site-packages/airflow/example_dags/example_branch_operator_decorator.py
[2022-08-07 11:11:42,391] {logging_mixin.py:115} INFO - [2022-08-07 11:11:42,390] {dag.py:2420} INFO - Sync 1 DAGs
[2022-08-07 11:11:42,525] {logging_mixin.py:115} INFO - [2022-08-07 11:11:42,525] {dag.py:2972} INFO - Setting next_dagrun for example_branch_python_operator_decorator to 2022-08-06T00:00:00+00:00, run_after=2022-08-07T00:00:00+00:00
[2022-08-07 11:11:42,572] {processor.py:161} INFO - Processing /home/airflow/.local/lib/python3.7/site-packages/airflow/example_dags/example_branch_operator_decorator.py took 0.394 seconds
[2022-08-07 11:12:13,494] {processor.py:153} INFO - Started process (PID=2468) to work on /home/airflow/.local/lib/python3.7/site-packages/airflow/example_dags/example_branch_operator_decorator.py
[2022-08-07 11:12:13,496] {processor.py:641} INFO - Processing file /home/airflow/.local/lib/python3.7/site-packages/airflow/example_dags/example_branch_operator_decorator.py for tasks to queue
[2022-08-07 11:12:13,498] {logging_mixin.py:115} INFO - [2022-08-07 11:12:13,497] {dagbag.py:508} INFO - Filling up the DagBag from /home/airflow/.local/lib/python3.7/site-packages/airflow/example_dags/example_branch_operator_decorator.py
[2022-08-07 11:12:13,591] {processor.py:651} INFO - DAG(s) dict_keys(['example_branch_python_operator_decorator']) retrieved from /home/airflow/.local/lib/python3.7/site-packages/airflow/example_dags/example_branch_operator_decorator.py
[2022-08-07 11:12:13,698] {logging_mixin.py:115} INFO - [2022-08-07 11:12:13,698] {dag.py:2420} INFO - Sync 1 DAGs
[2022-08-07 11:12:13,796] {logging_mixin.py:115} INFO - [2022-08-07 11:12:13,796] {dag.py:2972} INFO - Setting next_dagrun for example_branch_python_operator_decorator to 2022-08-06T00:00:00+00:00, run_after=2022-08-07T00:00:00+00:00
[2022-08-07 11:12:13,835] {processor.py:161} INFO - Processing /home/airflow/.local/lib/python3.7/site-packages/airflow/example_dags/example_branch_operator_decorator.py took 0.353 seconds
[2022-08-07 11:12:44,021] {processor.py:153} INFO - Started process (PID=2520) to work on /home/airflow/.local/lib/python3.7/site-packages/airflow/example_dags/example_branch_operator_decorator.py
[2022-08-07 11:12:44,022] {processor.py:641} INFO - Processing file /home/airflow/.local/lib/python3.7/site-packages/airflow/example_dags/example_branch_operator_decorator.py for tasks to queue
[2022-08-07 11:12:44,024] {logging_mixin.py:115} INFO - [2022-08-07 11:12:44,023] {dagbag.py:508} INFO - Filling up the DagBag from /home/airflow/.local/lib/python3.7/site-packages/airflow/example_dags/example_branch_operator_decorator.py
[2022-08-07 11:12:44,103] {processor.py:651} INFO - DAG(s) dict_keys(['example_branch_python_operator_decorator']) retrieved from /home/airflow/.local/lib/python3.7/site-packages/airflow/example_dags/example_branch_operator_decorator.py
[2022-08-07 11:12:44,196] {logging_mixin.py:115} INFO - [2022-08-07 11:12:44,195] {dag.py:2420} INFO - Sync 1 DAGs
[2022-08-07 11:12:44,294] {logging_mixin.py:115} INFO - [2022-08-07 11:12:44,293] {dag.py:2972} INFO - Setting next_dagrun for example_branch_python_operator_decorator to 2022-08-06T00:00:00+00:00, run_after=2022-08-07T00:00:00+00:00
[2022-08-07 11:12:44,329] {processor.py:161} INFO - Processing /home/airflow/.local/lib/python3.7/site-packages/airflow/example_dags/example_branch_operator_decorator.py took 0.319 seconds
[2022-08-07 11:13:14,800] {processor.py:153} INFO - Started process (PID=2573) to work on /home/airflow/.local/lib/python3.7/site-packages/airflow/example_dags/example_branch_operator_decorator.py
[2022-08-07 11:13:14,829] {processor.py:641} INFO - Processing file /home/airflow/.local/lib/python3.7/site-packages/airflow/example_dags/example_branch_operator_decorator.py for tasks to queue
[2022-08-07 11:13:14,831] {logging_mixin.py:115} INFO - [2022-08-07 11:13:14,831] {dagbag.py:508} INFO - Filling up the DagBag from /home/airflow/.local/lib/python3.7/site-packages/airflow/example_dags/example_branch_operator_decorator.py
[2022-08-07 11:13:14,936] {processor.py:651} INFO - DAG(s) dict_keys(['example_branch_python_operator_decorator']) retrieved from /home/airflow/.local/lib/python3.7/site-packages/airflow/example_dags/example_branch_operator_decorator.py
[2022-08-07 11:13:15,053] {logging_mixin.py:115} INFO - [2022-08-07 11:13:15,053] {dag.py:2420} INFO - Sync 1 DAGs
[2022-08-07 11:13:15,168] {logging_mixin.py:115} INFO - [2022-08-07 11:13:15,167] {dag.py:2972} INFO - Setting next_dagrun for example_branch_python_operator_decorator to 2022-08-06T00:00:00+00:00, run_after=2022-08-07T00:00:00+00:00
[2022-08-07 11:13:15,246] {processor.py:161} INFO - Processing /home/airflow/.local/lib/python3.7/site-packages/airflow/example_dags/example_branch_operator_decorator.py took 0.464 seconds
[2022-08-07 11:13:46,058] {processor.py:153} INFO - Started process (PID=2624) to work on /home/airflow/.local/lib/python3.7/site-packages/airflow/example_dags/example_branch_operator_decorator.py
[2022-08-07 11:13:46,060] {processor.py:641} INFO - Processing file /home/airflow/.local/lib/python3.7/site-packages/airflow/example_dags/example_branch_operator_decorator.py for tasks to queue
[2022-08-07 11:13:46,061] {logging_mixin.py:115} INFO - [2022-08-07 11:13:46,061] {dagbag.py:508} INFO - Filling up the DagBag from /home/airflow/.local/lib/python3.7/site-packages/airflow/example_dags/example_branch_operator_decorator.py
[2022-08-07 11:13:46,174] {processor.py:651} INFO - DAG(s) dict_keys(['example_branch_python_operator_decorator']) retrieved from /home/airflow/.local/lib/python3.7/site-packages/airflow/example_dags/example_branch_operator_decorator.py
[2022-08-07 11:13:46,321] {logging_mixin.py:115} INFO - [2022-08-07 11:13:46,321] {dag.py:2420} INFO - Sync 1 DAGs
[2022-08-07 11:13:46,453] {logging_mixin.py:115} INFO - [2022-08-07 11:13:46,453] {dag.py:2972} INFO - Setting next_dagrun for example_branch_python_operator_decorator to 2022-08-06T00:00:00+00:00, run_after=2022-08-07T00:00:00+00:00
[2022-08-07 11:13:46,491] {processor.py:161} INFO - Processing /home/airflow/.local/lib/python3.7/site-packages/airflow/example_dags/example_branch_operator_decorator.py took 0.449 seconds
[2022-08-07 11:14:16,947] {processor.py:153} INFO - Started process (PID=2675) to work on /home/airflow/.local/lib/python3.7/site-packages/airflow/example_dags/example_branch_operator_decorator.py
[2022-08-07 11:14:16,949] {processor.py:641} INFO - Processing file /home/airflow/.local/lib/python3.7/site-packages/airflow/example_dags/example_branch_operator_decorator.py for tasks to queue
[2022-08-07 11:14:16,951] {logging_mixin.py:115} INFO - [2022-08-07 11:14:16,950] {dagbag.py:508} INFO - Filling up the DagBag from /home/airflow/.local/lib/python3.7/site-packages/airflow/example_dags/example_branch_operator_decorator.py
[2022-08-07 11:14:17,030] {processor.py:651} INFO - DAG(s) dict_keys(['example_branch_python_operator_decorator']) retrieved from /home/airflow/.local/lib/python3.7/site-packages/airflow/example_dags/example_branch_operator_decorator.py
[2022-08-07 11:14:17,133] {logging_mixin.py:115} INFO - [2022-08-07 11:14:17,133] {dag.py:2420} INFO - Sync 1 DAGs
[2022-08-07 11:14:17,234] {logging_mixin.py:115} INFO - [2022-08-07 11:14:17,233] {dag.py:2972} INFO - Setting next_dagrun for example_branch_python_operator_decorator to 2022-08-06T00:00:00+00:00, run_after=2022-08-07T00:00:00+00:00
[2022-08-07 11:14:17,275] {processor.py:161} INFO - Processing /home/airflow/.local/lib/python3.7/site-packages/airflow/example_dags/example_branch_operator_decorator.py took 0.339 seconds
[2022-08-07 11:14:47,909] {processor.py:153} INFO - Started process (PID=2721) to work on /home/airflow/.local/lib/python3.7/site-packages/airflow/example_dags/example_branch_operator_decorator.py
[2022-08-07 11:14:47,910] {processor.py:641} INFO - Processing file /home/airflow/.local/lib/python3.7/site-packages/airflow/example_dags/example_branch_operator_decorator.py for tasks to queue
[2022-08-07 11:14:47,913] {logging_mixin.py:115} INFO - [2022-08-07 11:14:47,912] {dagbag.py:508} INFO - Filling up the DagBag from /home/airflow/.local/lib/python3.7/site-packages/airflow/example_dags/example_branch_operator_decorator.py
[2022-08-07 11:14:48,014] {processor.py:651} INFO - DAG(s) dict_keys(['example_branch_python_operator_decorator']) retrieved from /home/airflow/.local/lib/python3.7/site-packages/airflow/example_dags/example_branch_operator_decorator.py
[2022-08-07 11:14:48,169] {logging_mixin.py:115} INFO - [2022-08-07 11:14:48,168] {dag.py:2420} INFO - Sync 1 DAGs
[2022-08-07 11:14:48,378] {logging_mixin.py:115} INFO - [2022-08-07 11:14:48,378] {dag.py:2972} INFO - Setting next_dagrun for example_branch_python_operator_decorator to 2022-08-06T00:00:00+00:00, run_after=2022-08-07T00:00:00+00:00
[2022-08-07 11:14:48,480] {processor.py:161} INFO - Processing /home/airflow/.local/lib/python3.7/site-packages/airflow/example_dags/example_branch_operator_decorator.py took 0.585 seconds
[2022-08-07 11:15:18,583] {processor.py:153} INFO - Started process (PID=2773) to work on /home/airflow/.local/lib/python3.7/site-packages/airflow/example_dags/example_branch_operator_decorator.py
[2022-08-07 11:15:18,584] {processor.py:641} INFO - Processing file /home/airflow/.local/lib/python3.7/site-packages/airflow/example_dags/example_branch_operator_decorator.py for tasks to queue
[2022-08-07 11:15:18,586] {logging_mixin.py:115} INFO - [2022-08-07 11:15:18,585] {dagbag.py:508} INFO - Filling up the DagBag from /home/airflow/.local/lib/python3.7/site-packages/airflow/example_dags/example_branch_operator_decorator.py
[2022-08-07 11:15:18,659] {processor.py:651} INFO - DAG(s) dict_keys(['example_branch_python_operator_decorator']) retrieved from /home/airflow/.local/lib/python3.7/site-packages/airflow/example_dags/example_branch_operator_decorator.py
[2022-08-07 11:15:18,747] {logging_mixin.py:115} INFO - [2022-08-07 11:15:18,747] {dag.py:2420} INFO - Sync 1 DAGs
[2022-08-07 11:15:18,844] {logging_mixin.py:115} INFO - [2022-08-07 11:15:18,843] {dag.py:2972} INFO - Setting next_dagrun for example_branch_python_operator_decorator to 2022-08-06T00:00:00+00:00, run_after=2022-08-07T00:00:00+00:00
[2022-08-07 11:15:18,888] {processor.py:161} INFO - Processing /home/airflow/.local/lib/python3.7/site-packages/airflow/example_dags/example_branch_operator_decorator.py took 0.315 seconds
[2022-08-07 11:15:49,918] {processor.py:153} INFO - Started process (PID=2827) to work on /home/airflow/.local/lib/python3.7/site-packages/airflow/example_dags/example_branch_operator_decorator.py
[2022-08-07 11:15:49,920] {processor.py:641} INFO - Processing file /home/airflow/.local/lib/python3.7/site-packages/airflow/example_dags/example_branch_operator_decorator.py for tasks to queue
[2022-08-07 11:15:49,923] {logging_mixin.py:115} INFO - [2022-08-07 11:15:49,922] {dagbag.py:508} INFO - Filling up the DagBag from /home/airflow/.local/lib/python3.7/site-packages/airflow/example_dags/example_branch_operator_decorator.py
[2022-08-07 11:15:50,034] {processor.py:651} INFO - DAG(s) dict_keys(['example_branch_python_operator_decorator']) retrieved from /home/airflow/.local/lib/python3.7/site-packages/airflow/example_dags/example_branch_operator_decorator.py
[2022-08-07 11:15:50,170] {logging_mixin.py:115} INFO - [2022-08-07 11:15:50,169] {dag.py:2420} INFO - Sync 1 DAGs
[2022-08-07 11:15:50,316] {logging_mixin.py:115} INFO - [2022-08-07 11:15:50,316] {dag.py:2972} INFO - Setting next_dagrun for example_branch_python_operator_decorator to 2022-08-06T00:00:00+00:00, run_after=2022-08-07T00:00:00+00:00
[2022-08-07 11:15:50,361] {processor.py:161} INFO - Processing /home/airflow/.local/lib/python3.7/site-packages/airflow/example_dags/example_branch_operator_decorator.py took 0.459 seconds
[2022-08-07 11:16:20,521] {processor.py:153} INFO - Started process (PID=2879) to work on /home/airflow/.local/lib/python3.7/site-packages/airflow/example_dags/example_branch_operator_decorator.py
[2022-08-07 11:16:20,522] {processor.py:641} INFO - Processing file /home/airflow/.local/lib/python3.7/site-packages/airflow/example_dags/example_branch_operator_decorator.py for tasks to queue
[2022-08-07 11:16:20,524] {logging_mixin.py:115} INFO - [2022-08-07 11:16:20,524] {dagbag.py:508} INFO - Filling up the DagBag from /home/airflow/.local/lib/python3.7/site-packages/airflow/example_dags/example_branch_operator_decorator.py
[2022-08-07 11:16:20,606] {processor.py:651} INFO - DAG(s) dict_keys(['example_branch_python_operator_decorator']) retrieved from /home/airflow/.local/lib/python3.7/site-packages/airflow/example_dags/example_branch_operator_decorator.py
[2022-08-07 11:16:20,713] {logging_mixin.py:115} INFO - [2022-08-07 11:16:20,712] {dag.py:2420} INFO - Sync 1 DAGs
[2022-08-07 11:16:20,831] {logging_mixin.py:115} INFO - [2022-08-07 11:16:20,831] {dag.py:2972} INFO - Setting next_dagrun for example_branch_python_operator_decorator to 2022-08-06T00:00:00+00:00, run_after=2022-08-07T00:00:00+00:00
[2022-08-07 11:16:20,923] {processor.py:161} INFO - Processing /home/airflow/.local/lib/python3.7/site-packages/airflow/example_dags/example_branch_operator_decorator.py took 0.415 seconds
[2022-08-07 11:16:51,433] {processor.py:153} INFO - Started process (PID=2922) to work on /home/airflow/.local/lib/python3.7/site-packages/airflow/example_dags/example_branch_operator_decorator.py
[2022-08-07 11:16:51,435] {processor.py:641} INFO - Processing file /home/airflow/.local/lib/python3.7/site-packages/airflow/example_dags/example_branch_operator_decorator.py for tasks to queue
[2022-08-07 11:16:51,437] {logging_mixin.py:115} INFO - [2022-08-07 11:16:51,437] {dagbag.py:508} INFO - Filling up the DagBag from /home/airflow/.local/lib/python3.7/site-packages/airflow/example_dags/example_branch_operator_decorator.py
[2022-08-07 11:16:51,516] {processor.py:651} INFO - DAG(s) dict_keys(['example_branch_python_operator_decorator']) retrieved from /home/airflow/.local/lib/python3.7/site-packages/airflow/example_dags/example_branch_operator_decorator.py
[2022-08-07 11:16:51,611] {logging_mixin.py:115} INFO - [2022-08-07 11:16:51,611] {dag.py:2420} INFO - Sync 1 DAGs
[2022-08-07 11:16:51,703] {logging_mixin.py:115} INFO - [2022-08-07 11:16:51,703] {dag.py:2972} INFO - Setting next_dagrun for example_branch_python_operator_decorator to 2022-08-06T00:00:00+00:00, run_after=2022-08-07T00:00:00+00:00
[2022-08-07 11:16:51,744] {processor.py:161} INFO - Processing /home/airflow/.local/lib/python3.7/site-packages/airflow/example_dags/example_branch_operator_decorator.py took 0.324 seconds
[2022-08-07 11:17:21,862] {processor.py:153} INFO - Started process (PID=2975) to work on /home/airflow/.local/lib/python3.7/site-packages/airflow/example_dags/example_branch_operator_decorator.py
[2022-08-07 11:17:21,864] {processor.py:641} INFO - Processing file /home/airflow/.local/lib/python3.7/site-packages/airflow/example_dags/example_branch_operator_decorator.py for tasks to queue
[2022-08-07 11:17:21,865] {logging_mixin.py:115} INFO - [2022-08-07 11:17:21,865] {dagbag.py:508} INFO - Filling up the DagBag from /home/airflow/.local/lib/python3.7/site-packages/airflow/example_dags/example_branch_operator_decorator.py
[2022-08-07 11:17:21,940] {processor.py:651} INFO - DAG(s) dict_keys(['example_branch_python_operator_decorator']) retrieved from /home/airflow/.local/lib/python3.7/site-packages/airflow/example_dags/example_branch_operator_decorator.py
[2022-08-07 11:17:22,069] {logging_mixin.py:115} INFO - [2022-08-07 11:17:22,069] {dag.py:2420} INFO - Sync 1 DAGs
[2022-08-07 11:17:22,249] {logging_mixin.py:115} INFO - [2022-08-07 11:17:22,248] {dag.py:2972} INFO - Setting next_dagrun for example_branch_python_operator_decorator to 2022-08-06T00:00:00+00:00, run_after=2022-08-07T00:00:00+00:00
[2022-08-07 11:17:22,310] {processor.py:161} INFO - Processing /home/airflow/.local/lib/python3.7/site-packages/airflow/example_dags/example_branch_operator_decorator.py took 0.458 seconds
[2022-08-07 11:17:52,483] {processor.py:153} INFO - Started process (PID=3026) to work on /home/airflow/.local/lib/python3.7/site-packages/airflow/example_dags/example_branch_operator_decorator.py
[2022-08-07 11:17:52,485] {processor.py:641} INFO - Processing file /home/airflow/.local/lib/python3.7/site-packages/airflow/example_dags/example_branch_operator_decorator.py for tasks to queue
[2022-08-07 11:17:52,486] {logging_mixin.py:115} INFO - [2022-08-07 11:17:52,486] {dagbag.py:508} INFO - Filling up the DagBag from /home/airflow/.local/lib/python3.7/site-packages/airflow/example_dags/example_branch_operator_decorator.py
[2022-08-07 11:17:52,610] {processor.py:651} INFO - DAG(s) dict_keys(['example_branch_python_operator_decorator']) retrieved from /home/airflow/.local/lib/python3.7/site-packages/airflow/example_dags/example_branch_operator_decorator.py
[2022-08-07 11:17:52,733] {logging_mixin.py:115} INFO - [2022-08-07 11:17:52,733] {dag.py:2420} INFO - Sync 1 DAGs
[2022-08-07 11:17:52,841] {logging_mixin.py:115} INFO - [2022-08-07 11:17:52,840] {dag.py:2972} INFO - Setting next_dagrun for example_branch_python_operator_decorator to 2022-08-06T00:00:00+00:00, run_after=2022-08-07T00:00:00+00:00
[2022-08-07 11:17:52,890] {processor.py:161} INFO - Processing /home/airflow/.local/lib/python3.7/site-packages/airflow/example_dags/example_branch_operator_decorator.py took 0.422 seconds
[2022-08-07 11:18:23,580] {processor.py:153} INFO - Started process (PID=3078) to work on /home/airflow/.local/lib/python3.7/site-packages/airflow/example_dags/example_branch_operator_decorator.py
[2022-08-07 11:18:23,582] {processor.py:641} INFO - Processing file /home/airflow/.local/lib/python3.7/site-packages/airflow/example_dags/example_branch_operator_decorator.py for tasks to queue
[2022-08-07 11:18:23,583] {logging_mixin.py:115} INFO - [2022-08-07 11:18:23,583] {dagbag.py:508} INFO - Filling up the DagBag from /home/airflow/.local/lib/python3.7/site-packages/airflow/example_dags/example_branch_operator_decorator.py
[2022-08-07 11:18:23,662] {processor.py:651} INFO - DAG(s) dict_keys(['example_branch_python_operator_decorator']) retrieved from /home/airflow/.local/lib/python3.7/site-packages/airflow/example_dags/example_branch_operator_decorator.py
[2022-08-07 11:18:23,756] {logging_mixin.py:115} INFO - [2022-08-07 11:18:23,755] {dag.py:2420} INFO - Sync 1 DAGs
[2022-08-07 11:18:23,843] {logging_mixin.py:115} INFO - [2022-08-07 11:18:23,843] {dag.py:2972} INFO - Setting next_dagrun for example_branch_python_operator_decorator to 2022-08-06T00:00:00+00:00, run_after=2022-08-07T00:00:00+00:00
[2022-08-07 11:18:23,880] {processor.py:161} INFO - Processing /home/airflow/.local/lib/python3.7/site-packages/airflow/example_dags/example_branch_operator_decorator.py took 0.311 seconds
[2022-08-07 11:18:54,972] {processor.py:153} INFO - Started process (PID=3131) to work on /home/airflow/.local/lib/python3.7/site-packages/airflow/example_dags/example_branch_operator_decorator.py
[2022-08-07 11:18:54,973] {processor.py:641} INFO - Processing file /home/airflow/.local/lib/python3.7/site-packages/airflow/example_dags/example_branch_operator_decorator.py for tasks to queue
[2022-08-07 11:18:54,975] {logging_mixin.py:115} INFO - [2022-08-07 11:18:54,974] {dagbag.py:508} INFO - Filling up the DagBag from /home/airflow/.local/lib/python3.7/site-packages/airflow/example_dags/example_branch_operator_decorator.py
[2022-08-07 11:18:55,048] {processor.py:651} INFO - DAG(s) dict_keys(['example_branch_python_operator_decorator']) retrieved from /home/airflow/.local/lib/python3.7/site-packages/airflow/example_dags/example_branch_operator_decorator.py
[2022-08-07 11:18:55,137] {logging_mixin.py:115} INFO - [2022-08-07 11:18:55,137] {dag.py:2420} INFO - Sync 1 DAGs
[2022-08-07 11:18:55,241] {logging_mixin.py:115} INFO - [2022-08-07 11:18:55,240] {dag.py:2972} INFO - Setting next_dagrun for example_branch_python_operator_decorator to 2022-08-06T00:00:00+00:00, run_after=2022-08-07T00:00:00+00:00
[2022-08-07 11:18:55,279] {processor.py:161} INFO - Processing /home/airflow/.local/lib/python3.7/site-packages/airflow/example_dags/example_branch_operator_decorator.py took 0.320 seconds
[2022-08-07 11:19:25,610] {processor.py:153} INFO - Started process (PID=3183) to work on /home/airflow/.local/lib/python3.7/site-packages/airflow/example_dags/example_branch_operator_decorator.py
[2022-08-07 11:19:25,611] {processor.py:641} INFO - Processing file /home/airflow/.local/lib/python3.7/site-packages/airflow/example_dags/example_branch_operator_decorator.py for tasks to queue
[2022-08-07 11:19:25,613] {logging_mixin.py:115} INFO - [2022-08-07 11:19:25,613] {dagbag.py:508} INFO - Filling up the DagBag from /home/airflow/.local/lib/python3.7/site-packages/airflow/example_dags/example_branch_operator_decorator.py
[2022-08-07 11:19:25,713] {processor.py:651} INFO - DAG(s) dict_keys(['example_branch_python_operator_decorator']) retrieved from /home/airflow/.local/lib/python3.7/site-packages/airflow/example_dags/example_branch_operator_decorator.py
[2022-08-07 11:19:25,816] {logging_mixin.py:115} INFO - [2022-08-07 11:19:25,816] {dag.py:2420} INFO - Sync 1 DAGs
[2022-08-07 11:19:25,911] {logging_mixin.py:115} INFO - [2022-08-07 11:19:25,911] {dag.py:2972} INFO - Setting next_dagrun for example_branch_python_operator_decorator to 2022-08-06T00:00:00+00:00, run_after=2022-08-07T00:00:00+00:00
[2022-08-07 11:19:25,951] {processor.py:161} INFO - Processing /home/airflow/.local/lib/python3.7/site-packages/airflow/example_dags/example_branch_operator_decorator.py took 0.356 seconds
[2022-08-07 11:19:56,221] {processor.py:153} INFO - Started process (PID=3226) to work on /home/airflow/.local/lib/python3.7/site-packages/airflow/example_dags/example_branch_operator_decorator.py
[2022-08-07 11:19:56,223] {processor.py:641} INFO - Processing file /home/airflow/.local/lib/python3.7/site-packages/airflow/example_dags/example_branch_operator_decorator.py for tasks to queue
[2022-08-07 11:19:56,225] {logging_mixin.py:115} INFO - [2022-08-07 11:19:56,225] {dagbag.py:508} INFO - Filling up the DagBag from /home/airflow/.local/lib/python3.7/site-packages/airflow/example_dags/example_branch_operator_decorator.py
[2022-08-07 11:19:56,319] {processor.py:651} INFO - DAG(s) dict_keys(['example_branch_python_operator_decorator']) retrieved from /home/airflow/.local/lib/python3.7/site-packages/airflow/example_dags/example_branch_operator_decorator.py
[2022-08-07 11:19:56,407] {logging_mixin.py:115} INFO - [2022-08-07 11:19:56,406] {dag.py:2420} INFO - Sync 1 DAGs
[2022-08-07 11:19:56,532] {logging_mixin.py:115} INFO - [2022-08-07 11:19:56,532] {dag.py:2972} INFO - Setting next_dagrun for example_branch_python_operator_decorator to 2022-08-06T00:00:00+00:00, run_after=2022-08-07T00:00:00+00:00
[2022-08-07 11:19:56,575] {processor.py:161} INFO - Processing /home/airflow/.local/lib/python3.7/site-packages/airflow/example_dags/example_branch_operator_decorator.py took 0.369 seconds
[2022-08-07 11:20:26,961] {processor.py:153} INFO - Started process (PID=3278) to work on /home/airflow/.local/lib/python3.7/site-packages/airflow/example_dags/example_branch_operator_decorator.py
[2022-08-07 11:20:26,963] {processor.py:641} INFO - Processing file /home/airflow/.local/lib/python3.7/site-packages/airflow/example_dags/example_branch_operator_decorator.py for tasks to queue
[2022-08-07 11:20:26,965] {logging_mixin.py:115} INFO - [2022-08-07 11:20:26,965] {dagbag.py:508} INFO - Filling up the DagBag from /home/airflow/.local/lib/python3.7/site-packages/airflow/example_dags/example_branch_operator_decorator.py
[2022-08-07 11:20:27,046] {processor.py:651} INFO - DAG(s) dict_keys(['example_branch_python_operator_decorator']) retrieved from /home/airflow/.local/lib/python3.7/site-packages/airflow/example_dags/example_branch_operator_decorator.py
[2022-08-07 11:20:27,144] {logging_mixin.py:115} INFO - [2022-08-07 11:20:27,144] {dag.py:2420} INFO - Sync 1 DAGs
[2022-08-07 11:20:27,242] {logging_mixin.py:115} INFO - [2022-08-07 11:20:27,242] {dag.py:2972} INFO - Setting next_dagrun for example_branch_python_operator_decorator to 2022-08-06T00:00:00+00:00, run_after=2022-08-07T00:00:00+00:00
[2022-08-07 11:20:27,280] {processor.py:161} INFO - Processing /home/airflow/.local/lib/python3.7/site-packages/airflow/example_dags/example_branch_operator_decorator.py took 0.332 seconds
