[2022-08-07 10:45:31,338] {processor.py:153} INFO - Started process (PID=84) to work on /home/airflow/.local/lib/python3.7/site-packages/airflow/example_dags/example_branch_datetime_operator.py
[2022-08-07 10:45:31,340] {processor.py:641} INFO - Processing file /home/airflow/.local/lib/python3.7/site-packages/airflow/example_dags/example_branch_datetime_operator.py for tasks to queue
[2022-08-07 10:45:31,341] {logging_mixin.py:115} INFO - [2022-08-07 10:45:31,341] {dagbag.py:508} INFO - Filling up the DagBag from /home/airflow/.local/lib/python3.7/site-packages/airflow/example_dags/example_branch_datetime_operator.py
[2022-08-07 10:45:31,380] {processor.py:651} INFO - DAG(s) dict_keys(['example_branch_datetime_operator', 'example_branch_datetime_operator_2']) retrieved from /home/airflow/.local/lib/python3.7/site-packages/airflow/example_dags/example_branch_datetime_operator.py
[2022-08-07 10:45:31,752] {logging_mixin.py:115} INFO - [2022-08-07 10:45:31,752] {manager.py:508} INFO - Created Permission View: can read on DAG:example_branch_datetime_operator
[2022-08-07 10:45:31,799] {logging_mixin.py:115} INFO - [2022-08-07 10:45:31,799] {manager.py:508} INFO - Created Permission View: can delete on DAG:example_branch_datetime_operator
[2022-08-07 10:45:31,834] {logging_mixin.py:115} INFO - [2022-08-07 10:45:31,834] {manager.py:508} INFO - Created Permission View: can edit on DAG:example_branch_datetime_operator
[2022-08-07 10:45:31,904] {logging_mixin.py:115} INFO - [2022-08-07 10:45:31,903] {manager.py:508} INFO - Created Permission View: can read on DAG:example_branch_datetime_operator_2
[2022-08-07 10:45:31,939] {logging_mixin.py:115} INFO - [2022-08-07 10:45:31,938] {manager.py:508} INFO - Created Permission View: can delete on DAG:example_branch_datetime_operator_2
[2022-08-07 10:45:31,970] {logging_mixin.py:115} INFO - [2022-08-07 10:45:31,970] {manager.py:508} INFO - Created Permission View: can edit on DAG:example_branch_datetime_operator_2
[2022-08-07 10:45:31,971] {logging_mixin.py:115} INFO - [2022-08-07 10:45:31,971] {dag.py:2420} INFO - Sync 2 DAGs
[2022-08-07 10:45:32,011] {logging_mixin.py:115} INFO - [2022-08-07 10:45:32,011] {dag.py:2439} INFO - Creating ORM DAG for example_branch_datetime_operator
[2022-08-07 10:45:32,013] {logging_mixin.py:115} INFO - [2022-08-07 10:45:32,013] {dag.py:2439} INFO - Creating ORM DAG for example_branch_datetime_operator_2
[2022-08-07 10:45:32,080] {logging_mixin.py:115} INFO - [2022-08-07 10:45:32,080] {dag.py:2972} INFO - Setting next_dagrun for example_branch_datetime_operator to 2022-08-06T00:00:00+00:00, run_after=2022-08-07T00:00:00+00:00
[2022-08-07 10:45:32,092] {logging_mixin.py:115} INFO - [2022-08-07 10:45:32,091] {dag.py:2972} INFO - Setting next_dagrun for example_branch_datetime_operator_2 to 2022-08-06T00:00:00+00:00, run_after=2022-08-07T00:00:00+00:00
[2022-08-07 10:45:32,154] {processor.py:161} INFO - Processing /home/airflow/.local/lib/python3.7/site-packages/airflow/example_dags/example_branch_datetime_operator.py took 0.825 seconds
[2022-08-07 10:47:50,832] {processor.py:153} INFO - Started process (PID=152) to work on /home/airflow/.local/lib/python3.7/site-packages/airflow/example_dags/example_branch_datetime_operator.py
[2022-08-07 10:47:50,838] {processor.py:641} INFO - Processing file /home/airflow/.local/lib/python3.7/site-packages/airflow/example_dags/example_branch_datetime_operator.py for tasks to queue
[2022-08-07 10:47:50,840] {logging_mixin.py:115} INFO - [2022-08-07 10:47:50,839] {dagbag.py:508} INFO - Filling up the DagBag from /home/airflow/.local/lib/python3.7/site-packages/airflow/example_dags/example_branch_datetime_operator.py
[2022-08-07 10:47:51,096] {processor.py:651} INFO - DAG(s) dict_keys(['example_branch_datetime_operator', 'example_branch_datetime_operator_2']) retrieved from /home/airflow/.local/lib/python3.7/site-packages/airflow/example_dags/example_branch_datetime_operator.py
[2022-08-07 10:47:51,389] {logging_mixin.py:115} INFO - [2022-08-07 10:47:51,389] {dag.py:2420} INFO - Sync 2 DAGs
[2022-08-07 10:47:51,513] {logging_mixin.py:115} INFO - [2022-08-07 10:47:51,513] {dag.py:2972} INFO - Setting next_dagrun for example_branch_datetime_operator to 2022-08-06T00:00:00+00:00, run_after=2022-08-07T00:00:00+00:00
[2022-08-07 10:47:51,524] {logging_mixin.py:115} INFO - [2022-08-07 10:47:51,524] {dag.py:2972} INFO - Setting next_dagrun for example_branch_datetime_operator_2 to 2022-08-06T00:00:00+00:00, run_after=2022-08-07T00:00:00+00:00
[2022-08-07 10:47:51,582] {processor.py:161} INFO - Processing /home/airflow/.local/lib/python3.7/site-packages/airflow/example_dags/example_branch_datetime_operator.py took 0.782 seconds
[2022-08-07 10:48:29,079] {processor.py:153} INFO - Started process (PID=197) to work on /home/airflow/.local/lib/python3.7/site-packages/airflow/example_dags/example_branch_datetime_operator.py
[2022-08-07 10:48:29,082] {processor.py:641} INFO - Processing file /home/airflow/.local/lib/python3.7/site-packages/airflow/example_dags/example_branch_datetime_operator.py for tasks to queue
[2022-08-07 10:48:29,084] {logging_mixin.py:115} INFO - [2022-08-07 10:48:29,084] {dagbag.py:508} INFO - Filling up the DagBag from /home/airflow/.local/lib/python3.7/site-packages/airflow/example_dags/example_branch_datetime_operator.py
[2022-08-07 10:48:29,196] {processor.py:651} INFO - DAG(s) dict_keys(['example_branch_datetime_operator', 'example_branch_datetime_operator_2']) retrieved from /home/airflow/.local/lib/python3.7/site-packages/airflow/example_dags/example_branch_datetime_operator.py
[2022-08-07 10:48:29,590] {logging_mixin.py:115} INFO - [2022-08-07 10:48:29,590] {dag.py:2420} INFO - Sync 2 DAGs
[2022-08-07 10:48:29,893] {logging_mixin.py:115} INFO - [2022-08-07 10:48:29,893] {dag.py:2972} INFO - Setting next_dagrun for example_branch_datetime_operator to 2022-08-06T00:00:00+00:00, run_after=2022-08-07T00:00:00+00:00
[2022-08-07 10:48:29,916] {logging_mixin.py:115} INFO - [2022-08-07 10:48:29,916] {dag.py:2972} INFO - Setting next_dagrun for example_branch_datetime_operator_2 to 2022-08-06T00:00:00+00:00, run_after=2022-08-07T00:00:00+00:00
[2022-08-07 10:48:30,017] {processor.py:161} INFO - Processing /home/airflow/.local/lib/python3.7/site-packages/airflow/example_dags/example_branch_datetime_operator.py took 0.951 seconds
[2022-08-07 10:49:00,395] {processor.py:153} INFO - Started process (PID=249) to work on /home/airflow/.local/lib/python3.7/site-packages/airflow/example_dags/example_branch_datetime_operator.py
[2022-08-07 10:49:00,396] {processor.py:641} INFO - Processing file /home/airflow/.local/lib/python3.7/site-packages/airflow/example_dags/example_branch_datetime_operator.py for tasks to queue
[2022-08-07 10:49:00,398] {logging_mixin.py:115} INFO - [2022-08-07 10:49:00,398] {dagbag.py:508} INFO - Filling up the DagBag from /home/airflow/.local/lib/python3.7/site-packages/airflow/example_dags/example_branch_datetime_operator.py
[2022-08-07 10:49:00,449] {processor.py:651} INFO - DAG(s) dict_keys(['example_branch_datetime_operator', 'example_branch_datetime_operator_2']) retrieved from /home/airflow/.local/lib/python3.7/site-packages/airflow/example_dags/example_branch_datetime_operator.py
[2022-08-07 10:49:00,578] {logging_mixin.py:115} INFO - [2022-08-07 10:49:00,578] {dag.py:2420} INFO - Sync 2 DAGs
[2022-08-07 10:49:00,697] {logging_mixin.py:115} INFO - [2022-08-07 10:49:00,697] {dag.py:2972} INFO - Setting next_dagrun for example_branch_datetime_operator to 2022-08-06T00:00:00+00:00, run_after=2022-08-07T00:00:00+00:00
[2022-08-07 10:49:00,707] {logging_mixin.py:115} INFO - [2022-08-07 10:49:00,706] {dag.py:2972} INFO - Setting next_dagrun for example_branch_datetime_operator_2 to 2022-08-06T00:00:00+00:00, run_after=2022-08-07T00:00:00+00:00
[2022-08-07 10:49:00,746] {processor.py:161} INFO - Processing /home/airflow/.local/lib/python3.7/site-packages/airflow/example_dags/example_branch_datetime_operator.py took 0.364 seconds
[2022-08-07 10:49:31,076] {processor.py:153} INFO - Started process (PID=301) to work on /home/airflow/.local/lib/python3.7/site-packages/airflow/example_dags/example_branch_datetime_operator.py
[2022-08-07 10:49:31,081] {processor.py:641} INFO - Processing file /home/airflow/.local/lib/python3.7/site-packages/airflow/example_dags/example_branch_datetime_operator.py for tasks to queue
[2022-08-07 10:49:31,083] {logging_mixin.py:115} INFO - [2022-08-07 10:49:31,083] {dagbag.py:508} INFO - Filling up the DagBag from /home/airflow/.local/lib/python3.7/site-packages/airflow/example_dags/example_branch_datetime_operator.py
[2022-08-07 10:49:31,136] {processor.py:651} INFO - DAG(s) dict_keys(['example_branch_datetime_operator', 'example_branch_datetime_operator_2']) retrieved from /home/airflow/.local/lib/python3.7/site-packages/airflow/example_dags/example_branch_datetime_operator.py
[2022-08-07 10:49:31,232] {logging_mixin.py:115} INFO - [2022-08-07 10:49:31,232] {dag.py:2420} INFO - Sync 2 DAGs
[2022-08-07 10:49:31,313] {logging_mixin.py:115} INFO - [2022-08-07 10:49:31,313] {dag.py:2972} INFO - Setting next_dagrun for example_branch_datetime_operator to 2022-08-06T00:00:00+00:00, run_after=2022-08-07T00:00:00+00:00
[2022-08-07 10:49:31,320] {logging_mixin.py:115} INFO - [2022-08-07 10:49:31,320] {dag.py:2972} INFO - Setting next_dagrun for example_branch_datetime_operator_2 to 2022-08-06T00:00:00+00:00, run_after=2022-08-07T00:00:00+00:00
[2022-08-07 10:49:31,353] {processor.py:161} INFO - Processing /home/airflow/.local/lib/python3.7/site-packages/airflow/example_dags/example_branch_datetime_operator.py took 0.291 seconds
[2022-08-07 10:50:02,306] {processor.py:153} INFO - Started process (PID=353) to work on /home/airflow/.local/lib/python3.7/site-packages/airflow/example_dags/example_branch_datetime_operator.py
[2022-08-07 10:50:02,309] {processor.py:641} INFO - Processing file /home/airflow/.local/lib/python3.7/site-packages/airflow/example_dags/example_branch_datetime_operator.py for tasks to queue
[2022-08-07 10:50:02,311] {logging_mixin.py:115} INFO - [2022-08-07 10:50:02,311] {dagbag.py:508} INFO - Filling up the DagBag from /home/airflow/.local/lib/python3.7/site-packages/airflow/example_dags/example_branch_datetime_operator.py
[2022-08-07 10:50:02,358] {processor.py:651} INFO - DAG(s) dict_keys(['example_branch_datetime_operator', 'example_branch_datetime_operator_2']) retrieved from /home/airflow/.local/lib/python3.7/site-packages/airflow/example_dags/example_branch_datetime_operator.py
[2022-08-07 10:50:02,474] {logging_mixin.py:115} INFO - [2022-08-07 10:50:02,474] {dag.py:2420} INFO - Sync 2 DAGs
[2022-08-07 10:50:02,570] {logging_mixin.py:115} INFO - [2022-08-07 10:50:02,569] {dag.py:2972} INFO - Setting next_dagrun for example_branch_datetime_operator to 2022-08-06T00:00:00+00:00, run_after=2022-08-07T00:00:00+00:00
[2022-08-07 10:50:02,578] {logging_mixin.py:115} INFO - [2022-08-07 10:50:02,577] {dag.py:2972} INFO - Setting next_dagrun for example_branch_datetime_operator_2 to 2022-08-06T00:00:00+00:00, run_after=2022-08-07T00:00:00+00:00
[2022-08-07 10:50:02,620] {processor.py:161} INFO - Processing /home/airflow/.local/lib/python3.7/site-packages/airflow/example_dags/example_branch_datetime_operator.py took 0.326 seconds
[2022-08-07 10:50:33,431] {processor.py:153} INFO - Started process (PID=404) to work on /home/airflow/.local/lib/python3.7/site-packages/airflow/example_dags/example_branch_datetime_operator.py
[2022-08-07 10:50:33,432] {processor.py:641} INFO - Processing file /home/airflow/.local/lib/python3.7/site-packages/airflow/example_dags/example_branch_datetime_operator.py for tasks to queue
[2022-08-07 10:50:33,434] {logging_mixin.py:115} INFO - [2022-08-07 10:50:33,434] {dagbag.py:508} INFO - Filling up the DagBag from /home/airflow/.local/lib/python3.7/site-packages/airflow/example_dags/example_branch_datetime_operator.py
[2022-08-07 10:50:33,474] {processor.py:651} INFO - DAG(s) dict_keys(['example_branch_datetime_operator', 'example_branch_datetime_operator_2']) retrieved from /home/airflow/.local/lib/python3.7/site-packages/airflow/example_dags/example_branch_datetime_operator.py
[2022-08-07 10:50:33,600] {logging_mixin.py:115} INFO - [2022-08-07 10:50:33,600] {dag.py:2420} INFO - Sync 2 DAGs
[2022-08-07 10:50:33,702] {logging_mixin.py:115} INFO - [2022-08-07 10:50:33,702] {dag.py:2972} INFO - Setting next_dagrun for example_branch_datetime_operator to 2022-08-06T00:00:00+00:00, run_after=2022-08-07T00:00:00+00:00
[2022-08-07 10:50:33,711] {logging_mixin.py:115} INFO - [2022-08-07 10:50:33,711] {dag.py:2972} INFO - Setting next_dagrun for example_branch_datetime_operator_2 to 2022-08-06T00:00:00+00:00, run_after=2022-08-07T00:00:00+00:00
[2022-08-07 10:50:33,754] {processor.py:161} INFO - Processing /home/airflow/.local/lib/python3.7/site-packages/airflow/example_dags/example_branch_datetime_operator.py took 0.336 seconds
[2022-08-07 10:51:03,962] {processor.py:153} INFO - Started process (PID=456) to work on /home/airflow/.local/lib/python3.7/site-packages/airflow/example_dags/example_branch_datetime_operator.py
[2022-08-07 10:51:03,964] {processor.py:641} INFO - Processing file /home/airflow/.local/lib/python3.7/site-packages/airflow/example_dags/example_branch_datetime_operator.py for tasks to queue
[2022-08-07 10:51:03,966] {logging_mixin.py:115} INFO - [2022-08-07 10:51:03,966] {dagbag.py:508} INFO - Filling up the DagBag from /home/airflow/.local/lib/python3.7/site-packages/airflow/example_dags/example_branch_datetime_operator.py
[2022-08-07 10:51:04,017] {processor.py:651} INFO - DAG(s) dict_keys(['example_branch_datetime_operator', 'example_branch_datetime_operator_2']) retrieved from /home/airflow/.local/lib/python3.7/site-packages/airflow/example_dags/example_branch_datetime_operator.py
[2022-08-07 10:51:04,159] {logging_mixin.py:115} INFO - [2022-08-07 10:51:04,159] {dag.py:2420} INFO - Sync 2 DAGs
[2022-08-07 10:51:04,251] {logging_mixin.py:115} INFO - [2022-08-07 10:51:04,250] {dag.py:2972} INFO - Setting next_dagrun for example_branch_datetime_operator to 2022-08-06T00:00:00+00:00, run_after=2022-08-07T00:00:00+00:00
[2022-08-07 10:51:04,258] {logging_mixin.py:115} INFO - [2022-08-07 10:51:04,258] {dag.py:2972} INFO - Setting next_dagrun for example_branch_datetime_operator_2 to 2022-08-06T00:00:00+00:00, run_after=2022-08-07T00:00:00+00:00
[2022-08-07 10:51:04,293] {processor.py:161} INFO - Processing /home/airflow/.local/lib/python3.7/site-packages/airflow/example_dags/example_branch_datetime_operator.py took 0.346 seconds
[2022-08-07 10:51:34,930] {processor.py:153} INFO - Started process (PID=507) to work on /home/airflow/.local/lib/python3.7/site-packages/airflow/example_dags/example_branch_datetime_operator.py
[2022-08-07 10:51:34,934] {processor.py:641} INFO - Processing file /home/airflow/.local/lib/python3.7/site-packages/airflow/example_dags/example_branch_datetime_operator.py for tasks to queue
[2022-08-07 10:51:34,936] {logging_mixin.py:115} INFO - [2022-08-07 10:51:34,936] {dagbag.py:508} INFO - Filling up the DagBag from /home/airflow/.local/lib/python3.7/site-packages/airflow/example_dags/example_branch_datetime_operator.py
[2022-08-07 10:51:34,995] {processor.py:651} INFO - DAG(s) dict_keys(['example_branch_datetime_operator', 'example_branch_datetime_operator_2']) retrieved from /home/airflow/.local/lib/python3.7/site-packages/airflow/example_dags/example_branch_datetime_operator.py
[2022-08-07 10:51:35,123] {logging_mixin.py:115} INFO - [2022-08-07 10:51:35,123] {dag.py:2420} INFO - Sync 2 DAGs
[2022-08-07 10:51:35,277] {logging_mixin.py:115} INFO - [2022-08-07 10:51:35,276] {dag.py:2972} INFO - Setting next_dagrun for example_branch_datetime_operator to 2022-08-06T00:00:00+00:00, run_after=2022-08-07T00:00:00+00:00
[2022-08-07 10:51:35,293] {logging_mixin.py:115} INFO - [2022-08-07 10:51:35,292] {dag.py:2972} INFO - Setting next_dagrun for example_branch_datetime_operator_2 to 2022-08-06T00:00:00+00:00, run_after=2022-08-07T00:00:00+00:00
[2022-08-07 10:51:35,349] {processor.py:161} INFO - Processing /home/airflow/.local/lib/python3.7/site-packages/airflow/example_dags/example_branch_datetime_operator.py took 0.436 seconds
[2022-08-07 10:52:07,499] {processor.py:153} INFO - Started process (PID=558) to work on /home/airflow/.local/lib/python3.7/site-packages/airflow/example_dags/example_branch_datetime_operator.py
[2022-08-07 10:52:07,501] {processor.py:641} INFO - Processing file /home/airflow/.local/lib/python3.7/site-packages/airflow/example_dags/example_branch_datetime_operator.py for tasks to queue
[2022-08-07 10:52:07,503] {logging_mixin.py:115} INFO - [2022-08-07 10:52:07,502] {dagbag.py:508} INFO - Filling up the DagBag from /home/airflow/.local/lib/python3.7/site-packages/airflow/example_dags/example_branch_datetime_operator.py
[2022-08-07 10:52:07,560] {processor.py:651} INFO - DAG(s) dict_keys(['example_branch_datetime_operator', 'example_branch_datetime_operator_2']) retrieved from /home/airflow/.local/lib/python3.7/site-packages/airflow/example_dags/example_branch_datetime_operator.py
[2022-08-07 10:52:07,714] {logging_mixin.py:115} INFO - [2022-08-07 10:52:07,714] {dag.py:2420} INFO - Sync 2 DAGs
[2022-08-07 10:52:07,869] {logging_mixin.py:115} INFO - [2022-08-07 10:52:07,869] {dag.py:2972} INFO - Setting next_dagrun for example_branch_datetime_operator to 2022-08-06T00:00:00+00:00, run_after=2022-08-07T00:00:00+00:00
[2022-08-07 10:52:07,901] {logging_mixin.py:115} INFO - [2022-08-07 10:52:07,896] {dag.py:2972} INFO - Setting next_dagrun for example_branch_datetime_operator_2 to 2022-08-06T00:00:00+00:00, run_after=2022-08-07T00:00:00+00:00
[2022-08-07 10:52:08,023] {processor.py:161} INFO - Processing /home/airflow/.local/lib/python3.7/site-packages/airflow/example_dags/example_branch_datetime_operator.py took 0.540 seconds
[2022-08-07 10:53:31,812] {processor.py:153} INFO - Started process (PID=615) to work on /home/airflow/.local/lib/python3.7/site-packages/airflow/example_dags/example_branch_datetime_operator.py
[2022-08-07 10:53:31,816] {processor.py:641} INFO - Processing file /home/airflow/.local/lib/python3.7/site-packages/airflow/example_dags/example_branch_datetime_operator.py for tasks to queue
[2022-08-07 10:53:31,819] {logging_mixin.py:115} INFO - [2022-08-07 10:53:31,818] {dagbag.py:508} INFO - Filling up the DagBag from /home/airflow/.local/lib/python3.7/site-packages/airflow/example_dags/example_branch_datetime_operator.py
[2022-08-07 10:53:31,897] {processor.py:651} INFO - DAG(s) dict_keys(['example_branch_datetime_operator', 'example_branch_datetime_operator_2']) retrieved from /home/airflow/.local/lib/python3.7/site-packages/airflow/example_dags/example_branch_datetime_operator.py
[2022-08-07 10:53:32,029] {logging_mixin.py:115} INFO - [2022-08-07 10:53:32,029] {dag.py:2420} INFO - Sync 2 DAGs
[2022-08-07 10:53:32,149] {logging_mixin.py:115} INFO - [2022-08-07 10:53:32,148] {dag.py:2972} INFO - Setting next_dagrun for example_branch_datetime_operator to 2022-08-06T00:00:00+00:00, run_after=2022-08-07T00:00:00+00:00
[2022-08-07 10:53:32,158] {logging_mixin.py:115} INFO - [2022-08-07 10:53:32,158] {dag.py:2972} INFO - Setting next_dagrun for example_branch_datetime_operator_2 to 2022-08-06T00:00:00+00:00, run_after=2022-08-07T00:00:00+00:00
[2022-08-07 10:53:32,203] {processor.py:161} INFO - Processing /home/airflow/.local/lib/python3.7/site-packages/airflow/example_dags/example_branch_datetime_operator.py took 0.406 seconds
[2022-08-07 10:54:02,543] {processor.py:153} INFO - Started process (PID=668) to work on /home/airflow/.local/lib/python3.7/site-packages/airflow/example_dags/example_branch_datetime_operator.py
[2022-08-07 10:54:02,546] {processor.py:641} INFO - Processing file /home/airflow/.local/lib/python3.7/site-packages/airflow/example_dags/example_branch_datetime_operator.py for tasks to queue
[2022-08-07 10:54:02,548] {logging_mixin.py:115} INFO - [2022-08-07 10:54:02,548] {dagbag.py:508} INFO - Filling up the DagBag from /home/airflow/.local/lib/python3.7/site-packages/airflow/example_dags/example_branch_datetime_operator.py
[2022-08-07 10:54:02,596] {processor.py:651} INFO - DAG(s) dict_keys(['example_branch_datetime_operator', 'example_branch_datetime_operator_2']) retrieved from /home/airflow/.local/lib/python3.7/site-packages/airflow/example_dags/example_branch_datetime_operator.py
[2022-08-07 10:54:02,715] {logging_mixin.py:115} INFO - [2022-08-07 10:54:02,714] {dag.py:2420} INFO - Sync 2 DAGs
[2022-08-07 10:54:02,830] {logging_mixin.py:115} INFO - [2022-08-07 10:54:02,829] {dag.py:2972} INFO - Setting next_dagrun for example_branch_datetime_operator to 2022-08-06T00:00:00+00:00, run_after=2022-08-07T00:00:00+00:00
[2022-08-07 10:54:02,839] {logging_mixin.py:115} INFO - [2022-08-07 10:54:02,839] {dag.py:2972} INFO - Setting next_dagrun for example_branch_datetime_operator_2 to 2022-08-06T00:00:00+00:00, run_after=2022-08-07T00:00:00+00:00
[2022-08-07 10:54:02,882] {processor.py:161} INFO - Processing /home/airflow/.local/lib/python3.7/site-packages/airflow/example_dags/example_branch_datetime_operator.py took 0.353 seconds
[2022-08-07 10:54:33,176] {processor.py:153} INFO - Started process (PID=720) to work on /home/airflow/.local/lib/python3.7/site-packages/airflow/example_dags/example_branch_datetime_operator.py
[2022-08-07 10:54:33,178] {processor.py:641} INFO - Processing file /home/airflow/.local/lib/python3.7/site-packages/airflow/example_dags/example_branch_datetime_operator.py for tasks to queue
[2022-08-07 10:54:33,180] {logging_mixin.py:115} INFO - [2022-08-07 10:54:33,179] {dagbag.py:508} INFO - Filling up the DagBag from /home/airflow/.local/lib/python3.7/site-packages/airflow/example_dags/example_branch_datetime_operator.py
[2022-08-07 10:54:33,228] {processor.py:651} INFO - DAG(s) dict_keys(['example_branch_datetime_operator', 'example_branch_datetime_operator_2']) retrieved from /home/airflow/.local/lib/python3.7/site-packages/airflow/example_dags/example_branch_datetime_operator.py
[2022-08-07 10:54:33,325] {logging_mixin.py:115} INFO - [2022-08-07 10:54:33,324] {dag.py:2420} INFO - Sync 2 DAGs
[2022-08-07 10:54:33,436] {logging_mixin.py:115} INFO - [2022-08-07 10:54:33,435] {dag.py:2972} INFO - Setting next_dagrun for example_branch_datetime_operator to 2022-08-06T00:00:00+00:00, run_after=2022-08-07T00:00:00+00:00
[2022-08-07 10:54:33,447] {logging_mixin.py:115} INFO - [2022-08-07 10:54:33,446] {dag.py:2972} INFO - Setting next_dagrun for example_branch_datetime_operator_2 to 2022-08-06T00:00:00+00:00, run_after=2022-08-07T00:00:00+00:00
[2022-08-07 10:54:33,488] {processor.py:161} INFO - Processing /home/airflow/.local/lib/python3.7/site-packages/airflow/example_dags/example_branch_datetime_operator.py took 0.323 seconds
[2022-08-07 10:55:03,891] {processor.py:153} INFO - Started process (PID=772) to work on /home/airflow/.local/lib/python3.7/site-packages/airflow/example_dags/example_branch_datetime_operator.py
[2022-08-07 10:55:03,919] {processor.py:641} INFO - Processing file /home/airflow/.local/lib/python3.7/site-packages/airflow/example_dags/example_branch_datetime_operator.py for tasks to queue
[2022-08-07 10:55:03,922] {logging_mixin.py:115} INFO - [2022-08-07 10:55:03,921] {dagbag.py:508} INFO - Filling up the DagBag from /home/airflow/.local/lib/python3.7/site-packages/airflow/example_dags/example_branch_datetime_operator.py
[2022-08-07 10:55:03,978] {processor.py:651} INFO - DAG(s) dict_keys(['example_branch_datetime_operator', 'example_branch_datetime_operator_2']) retrieved from /home/airflow/.local/lib/python3.7/site-packages/airflow/example_dags/example_branch_datetime_operator.py
[2022-08-07 10:55:04,134] {logging_mixin.py:115} INFO - [2022-08-07 10:55:04,133] {dag.py:2420} INFO - Sync 2 DAGs
[2022-08-07 10:55:04,268] {logging_mixin.py:115} INFO - [2022-08-07 10:55:04,268] {dag.py:2972} INFO - Setting next_dagrun for example_branch_datetime_operator to 2022-08-06T00:00:00+00:00, run_after=2022-08-07T00:00:00+00:00
[2022-08-07 10:55:04,283] {logging_mixin.py:115} INFO - [2022-08-07 10:55:04,283] {dag.py:2972} INFO - Setting next_dagrun for example_branch_datetime_operator_2 to 2022-08-06T00:00:00+00:00, run_after=2022-08-07T00:00:00+00:00
[2022-08-07 10:55:04,343] {processor.py:161} INFO - Processing /home/airflow/.local/lib/python3.7/site-packages/airflow/example_dags/example_branch_datetime_operator.py took 0.493 seconds
