[2022-08-07 10:45:24,775] {processor.py:153} INFO - Started process (PID=68) to work on /home/airflow/.local/lib/python3.7/site-packages/airflow/example_dags/example_task_group_decorator.py
[2022-08-07 10:45:24,777] {processor.py:641} INFO - Processing file /home/airflow/.local/lib/python3.7/site-packages/airflow/example_dags/example_task_group_decorator.py for tasks to queue
[2022-08-07 10:45:24,779] {logging_mixin.py:115} INFO - [2022-08-07 10:45:24,779] {dagbag.py:508} INFO - Filling up the DagBag from /home/airflow/.local/lib/python3.7/site-packages/airflow/example_dags/example_task_group_decorator.py
[2022-08-07 10:45:24,974] {processor.py:651} INFO - DAG(s) dict_keys(['example_task_group_decorator']) retrieved from /home/airflow/.local/lib/python3.7/site-packages/airflow/example_dags/example_task_group_decorator.py
[2022-08-07 10:45:25,469] {logging_mixin.py:115} INFO - [2022-08-07 10:45:25,469] {manager.py:508} INFO - Created Permission View: can read on DAG:example_task_group_decorator
[2022-08-07 10:45:25,516] {logging_mixin.py:115} INFO - [2022-08-07 10:45:25,516] {manager.py:508} INFO - Created Permission View: can delete on DAG:example_task_group_decorator
[2022-08-07 10:45:25,549] {logging_mixin.py:115} INFO - [2022-08-07 10:45:25,549] {manager.py:508} INFO - Created Permission View: can edit on DAG:example_task_group_decorator
[2022-08-07 10:45:25,550] {logging_mixin.py:115} INFO - [2022-08-07 10:45:25,550] {dag.py:2420} INFO - Sync 1 DAGs
[2022-08-07 10:45:25,593] {logging_mixin.py:115} INFO - [2022-08-07 10:45:25,593] {dag.py:2439} INFO - Creating ORM DAG for example_task_group_decorator
[2022-08-07 10:45:25,669] {logging_mixin.py:115} INFO - [2022-08-07 10:45:25,668] {dag.py:2972} INFO - Setting next_dagrun for example_task_group_decorator to 2022-08-06T10:45:25.667780+00:00, run_after=2022-08-07T10:45:25.667780+00:00
[2022-08-07 10:45:25,776] {processor.py:161} INFO - Processing /home/airflow/.local/lib/python3.7/site-packages/airflow/example_dags/example_task_group_decorator.py took 1.014 seconds
[2022-08-07 10:46:03,805] {processor.py:153} INFO - Started process (PID=117) to work on /home/airflow/.local/lib/python3.7/site-packages/airflow/example_dags/example_task_group_decorator.py
[2022-08-07 10:46:03,807] {processor.py:641} INFO - Processing file /home/airflow/.local/lib/python3.7/site-packages/airflow/example_dags/example_task_group_decorator.py for tasks to queue
[2022-08-07 10:46:03,811] {logging_mixin.py:115} INFO - [2022-08-07 10:46:03,811] {dagbag.py:508} INFO - Filling up the DagBag from /home/airflow/.local/lib/python3.7/site-packages/airflow/example_dags/example_task_group_decorator.py
[2022-08-07 10:46:04,436] {processor.py:651} INFO - DAG(s) dict_keys(['example_task_group_decorator']) retrieved from /home/airflow/.local/lib/python3.7/site-packages/airflow/example_dags/example_task_group_decorator.py
[2022-08-07 10:46:05,843] {logging_mixin.py:115} INFO - [2022-08-07 10:46:05,843] {dag.py:2420} INFO - Sync 1 DAGs
[2022-08-07 10:46:06,489] {logging_mixin.py:115} INFO - [2022-08-07 10:46:06,489] {dag.py:2972} INFO - Setting next_dagrun for example_task_group_decorator to 2022-08-06T10:46:06.475773+00:00, run_after=2022-08-07T10:46:06.475773+00:00
[2022-08-07 10:46:06,803] {processor.py:161} INFO - Processing /home/airflow/.local/lib/python3.7/site-packages/airflow/example_dags/example_task_group_decorator.py took 3.028 seconds
[2022-08-07 10:48:19,231] {processor.py:153} INFO - Started process (PID=172) to work on /home/airflow/.local/lib/python3.7/site-packages/airflow/example_dags/example_task_group_decorator.py
[2022-08-07 10:48:19,233] {processor.py:641} INFO - Processing file /home/airflow/.local/lib/python3.7/site-packages/airflow/example_dags/example_task_group_decorator.py for tasks to queue
[2022-08-07 10:48:19,235] {logging_mixin.py:115} INFO - [2022-08-07 10:48:19,235] {dagbag.py:508} INFO - Filling up the DagBag from /home/airflow/.local/lib/python3.7/site-packages/airflow/example_dags/example_task_group_decorator.py
[2022-08-07 10:48:19,688] {processor.py:651} INFO - DAG(s) dict_keys(['example_task_group_decorator']) retrieved from /home/airflow/.local/lib/python3.7/site-packages/airflow/example_dags/example_task_group_decorator.py
[2022-08-07 10:48:21,494] {logging_mixin.py:115} INFO - [2022-08-07 10:48:21,494] {dag.py:2420} INFO - Sync 1 DAGs
[2022-08-07 10:48:21,752] {logging_mixin.py:115} INFO - [2022-08-07 10:48:21,751] {dag.py:2972} INFO - Setting next_dagrun for example_task_group_decorator to 2022-08-06T10:48:21.750512+00:00, run_after=2022-08-07T10:48:21.750512+00:00
[2022-08-07 10:48:21,873] {processor.py:161} INFO - Processing /home/airflow/.local/lib/python3.7/site-packages/airflow/example_dags/example_task_group_decorator.py took 2.666 seconds
[2022-08-07 10:48:52,127] {processor.py:153} INFO - Started process (PID=225) to work on /home/airflow/.local/lib/python3.7/site-packages/airflow/example_dags/example_task_group_decorator.py
[2022-08-07 10:48:52,128] {processor.py:641} INFO - Processing file /home/airflow/.local/lib/python3.7/site-packages/airflow/example_dags/example_task_group_decorator.py for tasks to queue
[2022-08-07 10:48:52,130] {logging_mixin.py:115} INFO - [2022-08-07 10:48:52,129] {dagbag.py:508} INFO - Filling up the DagBag from /home/airflow/.local/lib/python3.7/site-packages/airflow/example_dags/example_task_group_decorator.py
[2022-08-07 10:48:52,239] {processor.py:651} INFO - DAG(s) dict_keys(['example_task_group_decorator']) retrieved from /home/airflow/.local/lib/python3.7/site-packages/airflow/example_dags/example_task_group_decorator.py
[2022-08-07 10:48:52,432] {logging_mixin.py:115} INFO - [2022-08-07 10:48:52,432] {dag.py:2420} INFO - Sync 1 DAGs
[2022-08-07 10:48:52,488] {logging_mixin.py:115} INFO - [2022-08-07 10:48:52,488] {dag.py:2972} INFO - Setting next_dagrun for example_task_group_decorator to 2022-08-06T10:48:52.487991+00:00, run_after=2022-08-07T10:48:52.487991+00:00
[2022-08-07 10:48:52,526] {processor.py:161} INFO - Processing /home/airflow/.local/lib/python3.7/site-packages/airflow/example_dags/example_task_group_decorator.py took 0.408 seconds
[2022-08-07 10:49:23,459] {processor.py:153} INFO - Started process (PID=277) to work on /home/airflow/.local/lib/python3.7/site-packages/airflow/example_dags/example_task_group_decorator.py
[2022-08-07 10:49:23,460] {processor.py:641} INFO - Processing file /home/airflow/.local/lib/python3.7/site-packages/airflow/example_dags/example_task_group_decorator.py for tasks to queue
[2022-08-07 10:49:23,462] {logging_mixin.py:115} INFO - [2022-08-07 10:49:23,461] {dagbag.py:508} INFO - Filling up the DagBag from /home/airflow/.local/lib/python3.7/site-packages/airflow/example_dags/example_task_group_decorator.py
[2022-08-07 10:49:23,556] {processor.py:651} INFO - DAG(s) dict_keys(['example_task_group_decorator']) retrieved from /home/airflow/.local/lib/python3.7/site-packages/airflow/example_dags/example_task_group_decorator.py
[2022-08-07 10:49:23,803] {logging_mixin.py:115} INFO - [2022-08-07 10:49:23,803] {dag.py:2420} INFO - Sync 1 DAGs
[2022-08-07 10:49:23,879] {logging_mixin.py:115} INFO - [2022-08-07 10:49:23,878] {dag.py:2972} INFO - Setting next_dagrun for example_task_group_decorator to 2022-08-06T10:49:23.878017+00:00, run_after=2022-08-07T10:49:23.878017+00:00
[2022-08-07 10:49:23,933] {processor.py:161} INFO - Processing /home/airflow/.local/lib/python3.7/site-packages/airflow/example_dags/example_task_group_decorator.py took 0.483 seconds
[2022-08-07 10:49:54,024] {processor.py:153} INFO - Started process (PID=330) to work on /home/airflow/.local/lib/python3.7/site-packages/airflow/example_dags/example_task_group_decorator.py
[2022-08-07 10:49:54,026] {processor.py:641} INFO - Processing file /home/airflow/.local/lib/python3.7/site-packages/airflow/example_dags/example_task_group_decorator.py for tasks to queue
[2022-08-07 10:49:54,028] {logging_mixin.py:115} INFO - [2022-08-07 10:49:54,028] {dagbag.py:508} INFO - Filling up the DagBag from /home/airflow/.local/lib/python3.7/site-packages/airflow/example_dags/example_task_group_decorator.py
[2022-08-07 10:49:54,123] {processor.py:651} INFO - DAG(s) dict_keys(['example_task_group_decorator']) retrieved from /home/airflow/.local/lib/python3.7/site-packages/airflow/example_dags/example_task_group_decorator.py
[2022-08-07 10:49:54,365] {logging_mixin.py:115} INFO - [2022-08-07 10:49:54,365] {dag.py:2420} INFO - Sync 1 DAGs
[2022-08-07 10:49:54,433] {logging_mixin.py:115} INFO - [2022-08-07 10:49:54,432] {dag.py:2972} INFO - Setting next_dagrun for example_task_group_decorator to 2022-08-06T10:49:54.432031+00:00, run_after=2022-08-07T10:49:54.432031+00:00
[2022-08-07 10:49:54,474] {processor.py:161} INFO - Processing /home/airflow/.local/lib/python3.7/site-packages/airflow/example_dags/example_task_group_decorator.py took 0.459 seconds
[2022-08-07 10:50:24,677] {processor.py:153} INFO - Started process (PID=380) to work on /home/airflow/.local/lib/python3.7/site-packages/airflow/example_dags/example_task_group_decorator.py
[2022-08-07 10:50:24,680] {processor.py:641} INFO - Processing file /home/airflow/.local/lib/python3.7/site-packages/airflow/example_dags/example_task_group_decorator.py for tasks to queue
[2022-08-07 10:50:24,682] {logging_mixin.py:115} INFO - [2022-08-07 10:50:24,682] {dagbag.py:508} INFO - Filling up the DagBag from /home/airflow/.local/lib/python3.7/site-packages/airflow/example_dags/example_task_group_decorator.py
[2022-08-07 10:50:24,826] {processor.py:651} INFO - DAG(s) dict_keys(['example_task_group_decorator']) retrieved from /home/airflow/.local/lib/python3.7/site-packages/airflow/example_dags/example_task_group_decorator.py
[2022-08-07 10:50:25,141] {logging_mixin.py:115} INFO - [2022-08-07 10:50:25,141] {dag.py:2420} INFO - Sync 1 DAGs
[2022-08-07 10:50:25,244] {logging_mixin.py:115} INFO - [2022-08-07 10:50:25,243] {dag.py:2972} INFO - Setting next_dagrun for example_task_group_decorator to 2022-08-06T10:50:25.243026+00:00, run_after=2022-08-07T10:50:25.243026+00:00
[2022-08-07 10:50:25,306] {processor.py:161} INFO - Processing /home/airflow/.local/lib/python3.7/site-packages/airflow/example_dags/example_task_group_decorator.py took 0.643 seconds
[2022-08-07 10:50:55,859] {processor.py:153} INFO - Started process (PID=432) to work on /home/airflow/.local/lib/python3.7/site-packages/airflow/example_dags/example_task_group_decorator.py
[2022-08-07 10:50:55,862] {processor.py:641} INFO - Processing file /home/airflow/.local/lib/python3.7/site-packages/airflow/example_dags/example_task_group_decorator.py for tasks to queue
[2022-08-07 10:50:55,863] {logging_mixin.py:115} INFO - [2022-08-07 10:50:55,863] {dagbag.py:508} INFO - Filling up the DagBag from /home/airflow/.local/lib/python3.7/site-packages/airflow/example_dags/example_task_group_decorator.py
[2022-08-07 10:50:55,990] {processor.py:651} INFO - DAG(s) dict_keys(['example_task_group_decorator']) retrieved from /home/airflow/.local/lib/python3.7/site-packages/airflow/example_dags/example_task_group_decorator.py
[2022-08-07 10:50:56,296] {logging_mixin.py:115} INFO - [2022-08-07 10:50:56,295] {dag.py:2420} INFO - Sync 1 DAGs
[2022-08-07 10:50:56,380] {logging_mixin.py:115} INFO - [2022-08-07 10:50:56,380] {dag.py:2972} INFO - Setting next_dagrun for example_task_group_decorator to 2022-08-06T10:50:56.379783+00:00, run_after=2022-08-07T10:50:56.379783+00:00
[2022-08-07 10:50:56,432] {processor.py:161} INFO - Processing /home/airflow/.local/lib/python3.7/site-packages/airflow/example_dags/example_task_group_decorator.py took 0.582 seconds
[2022-08-07 10:51:26,684] {processor.py:153} INFO - Started process (PID=484) to work on /home/airflow/.local/lib/python3.7/site-packages/airflow/example_dags/example_task_group_decorator.py
[2022-08-07 10:51:26,686] {processor.py:641} INFO - Processing file /home/airflow/.local/lib/python3.7/site-packages/airflow/example_dags/example_task_group_decorator.py for tasks to queue
[2022-08-07 10:51:26,687] {logging_mixin.py:115} INFO - [2022-08-07 10:51:26,687] {dagbag.py:508} INFO - Filling up the DagBag from /home/airflow/.local/lib/python3.7/site-packages/airflow/example_dags/example_task_group_decorator.py
[2022-08-07 10:51:26,813] {processor.py:651} INFO - DAG(s) dict_keys(['example_task_group_decorator']) retrieved from /home/airflow/.local/lib/python3.7/site-packages/airflow/example_dags/example_task_group_decorator.py
[2022-08-07 10:51:27,214] {logging_mixin.py:115} INFO - [2022-08-07 10:51:27,214] {dag.py:2420} INFO - Sync 1 DAGs
[2022-08-07 10:51:27,331] {logging_mixin.py:115} INFO - [2022-08-07 10:51:27,331] {dag.py:2972} INFO - Setting next_dagrun for example_task_group_decorator to 2022-08-06T10:51:27.330385+00:00, run_after=2022-08-07T10:51:27.330385+00:00
[2022-08-07 10:51:27,386] {processor.py:161} INFO - Processing /home/airflow/.local/lib/python3.7/site-packages/airflow/example_dags/example_task_group_decorator.py took 0.712 seconds
[2022-08-07 10:51:57,467] {processor.py:153} INFO - Started process (PID=537) to work on /home/airflow/.local/lib/python3.7/site-packages/airflow/example_dags/example_task_group_decorator.py
[2022-08-07 10:51:57,469] {processor.py:641} INFO - Processing file /home/airflow/.local/lib/python3.7/site-packages/airflow/example_dags/example_task_group_decorator.py for tasks to queue
[2022-08-07 10:51:57,471] {logging_mixin.py:115} INFO - [2022-08-07 10:51:57,471] {dagbag.py:508} INFO - Filling up the DagBag from /home/airflow/.local/lib/python3.7/site-packages/airflow/example_dags/example_task_group_decorator.py
[2022-08-07 10:51:57,604] {processor.py:651} INFO - DAG(s) dict_keys(['example_task_group_decorator']) retrieved from /home/airflow/.local/lib/python3.7/site-packages/airflow/example_dags/example_task_group_decorator.py
[2022-08-07 10:51:57,843] {logging_mixin.py:115} INFO - [2022-08-07 10:51:57,842] {dag.py:2420} INFO - Sync 1 DAGs
[2022-08-07 10:51:57,915] {logging_mixin.py:115} INFO - [2022-08-07 10:51:57,915] {dag.py:2972} INFO - Setting next_dagrun for example_task_group_decorator to 2022-08-06T10:51:57.914451+00:00, run_after=2022-08-07T10:51:57.914451+00:00
[2022-08-07 10:51:57,961] {processor.py:161} INFO - Processing /home/airflow/.local/lib/python3.7/site-packages/airflow/example_dags/example_task_group_decorator.py took 0.506 seconds
[2022-08-07 10:52:33,172] {processor.py:153} INFO - Started process (PID=590) to work on /home/airflow/.local/lib/python3.7/site-packages/airflow/example_dags/example_task_group_decorator.py
[2022-08-07 10:52:33,180] {processor.py:641} INFO - Processing file /home/airflow/.local/lib/python3.7/site-packages/airflow/example_dags/example_task_group_decorator.py for tasks to queue
[2022-08-07 10:52:33,182] {logging_mixin.py:115} INFO - [2022-08-07 10:52:33,182] {dagbag.py:508} INFO - Filling up the DagBag from /home/airflow/.local/lib/python3.7/site-packages/airflow/example_dags/example_task_group_decorator.py
[2022-08-07 10:52:33,870] {processor.py:651} INFO - DAG(s) dict_keys(['example_task_group_decorator']) retrieved from /home/airflow/.local/lib/python3.7/site-packages/airflow/example_dags/example_task_group_decorator.py
[2022-08-07 10:52:35,700] {logging_mixin.py:115} INFO - [2022-08-07 10:52:35,699] {dag.py:2420} INFO - Sync 1 DAGs
[2022-08-07 10:52:36,347] {logging_mixin.py:115} INFO - [2022-08-07 10:52:36,347] {dag.py:2972} INFO - Setting next_dagrun for example_task_group_decorator to 2022-08-06T10:52:36.320961+00:00, run_after=2022-08-07T10:52:36.320961+00:00
[2022-08-07 10:52:36,723] {processor.py:161} INFO - Processing /home/airflow/.local/lib/python3.7/site-packages/airflow/example_dags/example_task_group_decorator.py took 3.619 seconds
[2022-08-07 10:53:34,988] {processor.py:153} INFO - Started process (PID=630) to work on /home/airflow/.local/lib/python3.7/site-packages/airflow/example_dags/example_task_group_decorator.py
[2022-08-07 10:53:34,989] {processor.py:641} INFO - Processing file /home/airflow/.local/lib/python3.7/site-packages/airflow/example_dags/example_task_group_decorator.py for tasks to queue
[2022-08-07 10:53:34,991] {logging_mixin.py:115} INFO - [2022-08-07 10:53:34,991] {dagbag.py:508} INFO - Filling up the DagBag from /home/airflow/.local/lib/python3.7/site-packages/airflow/example_dags/example_task_group_decorator.py
[2022-08-07 10:53:35,123] {processor.py:651} INFO - DAG(s) dict_keys(['example_task_group_decorator']) retrieved from /home/airflow/.local/lib/python3.7/site-packages/airflow/example_dags/example_task_group_decorator.py
[2022-08-07 10:53:35,498] {logging_mixin.py:115} INFO - [2022-08-07 10:53:35,498] {dag.py:2420} INFO - Sync 1 DAGs
[2022-08-07 10:53:35,606] {logging_mixin.py:115} INFO - [2022-08-07 10:53:35,606] {dag.py:2972} INFO - Setting next_dagrun for example_task_group_decorator to 2022-08-06T10:53:35.605105+00:00, run_after=2022-08-07T10:53:35.605105+00:00
[2022-08-07 10:53:35,674] {processor.py:161} INFO - Processing /home/airflow/.local/lib/python3.7/site-packages/airflow/example_dags/example_task_group_decorator.py took 0.698 seconds
[2022-08-07 10:54:06,026] {processor.py:153} INFO - Started process (PID=683) to work on /home/airflow/.local/lib/python3.7/site-packages/airflow/example_dags/example_task_group_decorator.py
[2022-08-07 10:54:06,028] {processor.py:641} INFO - Processing file /home/airflow/.local/lib/python3.7/site-packages/airflow/example_dags/example_task_group_decorator.py for tasks to queue
[2022-08-07 10:54:06,030] {logging_mixin.py:115} INFO - [2022-08-07 10:54:06,030] {dagbag.py:508} INFO - Filling up the DagBag from /home/airflow/.local/lib/python3.7/site-packages/airflow/example_dags/example_task_group_decorator.py
[2022-08-07 10:54:06,155] {processor.py:651} INFO - DAG(s) dict_keys(['example_task_group_decorator']) retrieved from /home/airflow/.local/lib/python3.7/site-packages/airflow/example_dags/example_task_group_decorator.py
[2022-08-07 10:54:06,268] {logging_mixin.py:115} INFO - [2022-08-07 10:54:06,268] {dag.py:2420} INFO - Sync 1 DAGs
[2022-08-07 10:54:06,351] {logging_mixin.py:115} INFO - [2022-08-07 10:54:06,350] {dag.py:2972} INFO - Setting next_dagrun for example_task_group_decorator to 2022-08-06T10:54:06.350286+00:00, run_after=2022-08-07T10:54:06.350286+00:00
[2022-08-07 10:54:06,391] {processor.py:161} INFO - Processing /home/airflow/.local/lib/python3.7/site-packages/airflow/example_dags/example_task_group_decorator.py took 0.377 seconds
[2022-08-07 10:54:36,716] {processor.py:153} INFO - Started process (PID=735) to work on /home/airflow/.local/lib/python3.7/site-packages/airflow/example_dags/example_task_group_decorator.py
[2022-08-07 10:54:36,718] {processor.py:641} INFO - Processing file /home/airflow/.local/lib/python3.7/site-packages/airflow/example_dags/example_task_group_decorator.py for tasks to queue
[2022-08-07 10:54:36,719] {logging_mixin.py:115} INFO - [2022-08-07 10:54:36,719] {dagbag.py:508} INFO - Filling up the DagBag from /home/airflow/.local/lib/python3.7/site-packages/airflow/example_dags/example_task_group_decorator.py
[2022-08-07 10:54:36,803] {processor.py:651} INFO - DAG(s) dict_keys(['example_task_group_decorator']) retrieved from /home/airflow/.local/lib/python3.7/site-packages/airflow/example_dags/example_task_group_decorator.py
[2022-08-07 10:54:37,001] {logging_mixin.py:115} INFO - [2022-08-07 10:54:37,000] {dag.py:2420} INFO - Sync 1 DAGs
[2022-08-07 10:54:37,058] {logging_mixin.py:115} INFO - [2022-08-07 10:54:37,058] {dag.py:2972} INFO - Setting next_dagrun for example_task_group_decorator to 2022-08-06T10:54:37.057435+00:00, run_after=2022-08-07T10:54:37.057435+00:00
[2022-08-07 10:54:37,093] {processor.py:161} INFO - Processing /home/airflow/.local/lib/python3.7/site-packages/airflow/example_dags/example_task_group_decorator.py took 0.385 seconds
[2022-08-07 10:55:07,406] {processor.py:153} INFO - Started process (PID=788) to work on /home/airflow/.local/lib/python3.7/site-packages/airflow/example_dags/example_task_group_decorator.py
[2022-08-07 10:55:07,408] {processor.py:641} INFO - Processing file /home/airflow/.local/lib/python3.7/site-packages/airflow/example_dags/example_task_group_decorator.py for tasks to queue
[2022-08-07 10:55:07,410] {logging_mixin.py:115} INFO - [2022-08-07 10:55:07,410] {dagbag.py:508} INFO - Filling up the DagBag from /home/airflow/.local/lib/python3.7/site-packages/airflow/example_dags/example_task_group_decorator.py
[2022-08-07 10:55:07,511] {processor.py:651} INFO - DAG(s) dict_keys(['example_task_group_decorator']) retrieved from /home/airflow/.local/lib/python3.7/site-packages/airflow/example_dags/example_task_group_decorator.py
[2022-08-07 10:55:07,784] {logging_mixin.py:115} INFO - [2022-08-07 10:55:07,783] {dag.py:2420} INFO - Sync 1 DAGs
[2022-08-07 10:55:07,871] {logging_mixin.py:115} INFO - [2022-08-07 10:55:07,871] {dag.py:2972} INFO - Setting next_dagrun for example_task_group_decorator to 2022-08-06T10:55:07.870185+00:00, run_after=2022-08-07T10:55:07.870185+00:00
[2022-08-07 10:55:07,919] {processor.py:161} INFO - Processing /home/airflow/.local/lib/python3.7/site-packages/airflow/example_dags/example_task_group_decorator.py took 0.523 seconds
[2022-08-07 10:55:37,973] {processor.py:153} INFO - Started process (PID=841) to work on /home/airflow/.local/lib/python3.7/site-packages/airflow/example_dags/example_task_group_decorator.py
[2022-08-07 10:55:37,975] {processor.py:641} INFO - Processing file /home/airflow/.local/lib/python3.7/site-packages/airflow/example_dags/example_task_group_decorator.py for tasks to queue
[2022-08-07 10:55:37,976] {logging_mixin.py:115} INFO - [2022-08-07 10:55:37,976] {dagbag.py:508} INFO - Filling up the DagBag from /home/airflow/.local/lib/python3.7/site-packages/airflow/example_dags/example_task_group_decorator.py
[2022-08-07 10:55:38,094] {processor.py:651} INFO - DAG(s) dict_keys(['example_task_group_decorator']) retrieved from /home/airflow/.local/lib/python3.7/site-packages/airflow/example_dags/example_task_group_decorator.py
[2022-08-07 10:55:38,326] {logging_mixin.py:115} INFO - [2022-08-07 10:55:38,326] {dag.py:2420} INFO - Sync 1 DAGs
[2022-08-07 10:55:38,390] {logging_mixin.py:115} INFO - [2022-08-07 10:55:38,390] {dag.py:2972} INFO - Setting next_dagrun for example_task_group_decorator to 2022-08-06T10:55:38.389942+00:00, run_after=2022-08-07T10:55:38.389942+00:00
[2022-08-07 10:55:38,432] {processor.py:161} INFO - Processing /home/airflow/.local/lib/python3.7/site-packages/airflow/example_dags/example_task_group_decorator.py took 0.469 seconds
[2022-08-07 10:56:08,669] {processor.py:153} INFO - Started process (PID=893) to work on /home/airflow/.local/lib/python3.7/site-packages/airflow/example_dags/example_task_group_decorator.py
[2022-08-07 10:56:08,671] {processor.py:641} INFO - Processing file /home/airflow/.local/lib/python3.7/site-packages/airflow/example_dags/example_task_group_decorator.py for tasks to queue
[2022-08-07 10:56:08,673] {logging_mixin.py:115} INFO - [2022-08-07 10:56:08,672] {dagbag.py:508} INFO - Filling up the DagBag from /home/airflow/.local/lib/python3.7/site-packages/airflow/example_dags/example_task_group_decorator.py
[2022-08-07 10:56:08,763] {processor.py:651} INFO - DAG(s) dict_keys(['example_task_group_decorator']) retrieved from /home/airflow/.local/lib/python3.7/site-packages/airflow/example_dags/example_task_group_decorator.py
[2022-08-07 10:56:09,027] {logging_mixin.py:115} INFO - [2022-08-07 10:56:09,027] {dag.py:2420} INFO - Sync 1 DAGs
[2022-08-07 10:56:09,101] {logging_mixin.py:115} INFO - [2022-08-07 10:56:09,101] {dag.py:2972} INFO - Setting next_dagrun for example_task_group_decorator to 2022-08-06T10:56:09.100983+00:00, run_after=2022-08-07T10:56:09.100983+00:00
[2022-08-07 10:56:09,149] {processor.py:161} INFO - Processing /home/airflow/.local/lib/python3.7/site-packages/airflow/example_dags/example_task_group_decorator.py took 0.491 seconds
[2022-08-07 10:56:39,426] {processor.py:153} INFO - Started process (PID=943) to work on /home/airflow/.local/lib/python3.7/site-packages/airflow/example_dags/example_task_group_decorator.py
[2022-08-07 10:56:39,428] {processor.py:641} INFO - Processing file /home/airflow/.local/lib/python3.7/site-packages/airflow/example_dags/example_task_group_decorator.py for tasks to queue
[2022-08-07 10:56:39,430] {logging_mixin.py:115} INFO - [2022-08-07 10:56:39,429] {dagbag.py:508} INFO - Filling up the DagBag from /home/airflow/.local/lib/python3.7/site-packages/airflow/example_dags/example_task_group_decorator.py
[2022-08-07 10:56:39,580] {processor.py:651} INFO - DAG(s) dict_keys(['example_task_group_decorator']) retrieved from /home/airflow/.local/lib/python3.7/site-packages/airflow/example_dags/example_task_group_decorator.py
[2022-08-07 10:56:39,712] {logging_mixin.py:115} INFO - [2022-08-07 10:56:39,712] {dag.py:2420} INFO - Sync 1 DAGs
[2022-08-07 10:56:39,818] {logging_mixin.py:115} INFO - [2022-08-07 10:56:39,818] {dag.py:2972} INFO - Setting next_dagrun for example_task_group_decorator to 2022-08-06T10:56:39.817939+00:00, run_after=2022-08-07T10:56:39.817939+00:00
[2022-08-07 10:56:39,864] {processor.py:161} INFO - Processing /home/airflow/.local/lib/python3.7/site-packages/airflow/example_dags/example_task_group_decorator.py took 0.452 seconds
[2022-08-07 10:57:10,806] {processor.py:153} INFO - Started process (PID=994) to work on /home/airflow/.local/lib/python3.7/site-packages/airflow/example_dags/example_task_group_decorator.py
[2022-08-07 10:57:10,808] {processor.py:641} INFO - Processing file /home/airflow/.local/lib/python3.7/site-packages/airflow/example_dags/example_task_group_decorator.py for tasks to queue
[2022-08-07 10:57:10,810] {logging_mixin.py:115} INFO - [2022-08-07 10:57:10,809] {dagbag.py:508} INFO - Filling up the DagBag from /home/airflow/.local/lib/python3.7/site-packages/airflow/example_dags/example_task_group_decorator.py
[2022-08-07 10:57:10,925] {processor.py:651} INFO - DAG(s) dict_keys(['example_task_group_decorator']) retrieved from /home/airflow/.local/lib/python3.7/site-packages/airflow/example_dags/example_task_group_decorator.py
[2022-08-07 10:57:11,213] {logging_mixin.py:115} INFO - [2022-08-07 10:57:11,213] {dag.py:2420} INFO - Sync 1 DAGs
[2022-08-07 10:57:11,303] {logging_mixin.py:115} INFO - [2022-08-07 10:57:11,303] {dag.py:2972} INFO - Setting next_dagrun for example_task_group_decorator to 2022-08-06T10:57:11.302033+00:00, run_after=2022-08-07T10:57:11.302033+00:00
[2022-08-07 10:57:11,359] {processor.py:161} INFO - Processing /home/airflow/.local/lib/python3.7/site-packages/airflow/example_dags/example_task_group_decorator.py took 0.566 seconds
[2022-08-07 10:57:41,806] {processor.py:153} INFO - Started process (PID=1047) to work on /home/airflow/.local/lib/python3.7/site-packages/airflow/example_dags/example_task_group_decorator.py
[2022-08-07 10:57:41,807] {processor.py:641} INFO - Processing file /home/airflow/.local/lib/python3.7/site-packages/airflow/example_dags/example_task_group_decorator.py for tasks to queue
[2022-08-07 10:57:41,810] {logging_mixin.py:115} INFO - [2022-08-07 10:57:41,809] {dagbag.py:508} INFO - Filling up the DagBag from /home/airflow/.local/lib/python3.7/site-packages/airflow/example_dags/example_task_group_decorator.py
[2022-08-07 10:57:41,935] {processor.py:651} INFO - DAG(s) dict_keys(['example_task_group_decorator']) retrieved from /home/airflow/.local/lib/python3.7/site-packages/airflow/example_dags/example_task_group_decorator.py
[2022-08-07 10:57:42,267] {logging_mixin.py:115} INFO - [2022-08-07 10:57:42,267] {dag.py:2420} INFO - Sync 1 DAGs
[2022-08-07 10:57:42,508] {logging_mixin.py:115} INFO - [2022-08-07 10:57:42,507] {dag.py:2972} INFO - Setting next_dagrun for example_task_group_decorator to 2022-08-06T10:57:42.506772+00:00, run_after=2022-08-07T10:57:42.506772+00:00
[2022-08-07 10:57:42,627] {processor.py:161} INFO - Processing /home/airflow/.local/lib/python3.7/site-packages/airflow/example_dags/example_task_group_decorator.py took 0.834 seconds
[2022-08-07 10:58:12,761] {processor.py:153} INFO - Started process (PID=1099) to work on /home/airflow/.local/lib/python3.7/site-packages/airflow/example_dags/example_task_group_decorator.py
[2022-08-07 10:58:12,763] {processor.py:641} INFO - Processing file /home/airflow/.local/lib/python3.7/site-packages/airflow/example_dags/example_task_group_decorator.py for tasks to queue
[2022-08-07 10:58:12,766] {logging_mixin.py:115} INFO - [2022-08-07 10:58:12,765] {dagbag.py:508} INFO - Filling up the DagBag from /home/airflow/.local/lib/python3.7/site-packages/airflow/example_dags/example_task_group_decorator.py
[2022-08-07 10:58:13,031] {processor.py:651} INFO - DAG(s) dict_keys(['example_task_group_decorator']) retrieved from /home/airflow/.local/lib/python3.7/site-packages/airflow/example_dags/example_task_group_decorator.py
[2022-08-07 10:58:13,179] {logging_mixin.py:115} INFO - [2022-08-07 10:58:13,179] {dag.py:2420} INFO - Sync 1 DAGs
[2022-08-07 10:58:13,317] {logging_mixin.py:115} INFO - [2022-08-07 10:58:13,316] {dag.py:2972} INFO - Setting next_dagrun for example_task_group_decorator to 2022-08-06T10:58:13.316029+00:00, run_after=2022-08-07T10:58:13.316029+00:00
[2022-08-07 10:58:13,380] {processor.py:161} INFO - Processing /home/airflow/.local/lib/python3.7/site-packages/airflow/example_dags/example_task_group_decorator.py took 0.632 seconds
[2022-08-07 10:58:43,598] {processor.py:153} INFO - Started process (PID=1150) to work on /home/airflow/.local/lib/python3.7/site-packages/airflow/example_dags/example_task_group_decorator.py
[2022-08-07 10:58:43,600] {processor.py:641} INFO - Processing file /home/airflow/.local/lib/python3.7/site-packages/airflow/example_dags/example_task_group_decorator.py for tasks to queue
[2022-08-07 10:58:43,602] {logging_mixin.py:115} INFO - [2022-08-07 10:58:43,602] {dagbag.py:508} INFO - Filling up the DagBag from /home/airflow/.local/lib/python3.7/site-packages/airflow/example_dags/example_task_group_decorator.py
[2022-08-07 10:58:43,763] {processor.py:651} INFO - DAG(s) dict_keys(['example_task_group_decorator']) retrieved from /home/airflow/.local/lib/python3.7/site-packages/airflow/example_dags/example_task_group_decorator.py
[2022-08-07 10:58:44,109] {logging_mixin.py:115} INFO - [2022-08-07 10:58:44,108] {dag.py:2420} INFO - Sync 1 DAGs
[2022-08-07 10:58:44,184] {logging_mixin.py:115} INFO - [2022-08-07 10:58:44,184] {dag.py:2972} INFO - Setting next_dagrun for example_task_group_decorator to 2022-08-06T10:58:44.183154+00:00, run_after=2022-08-07T10:58:44.183154+00:00
[2022-08-07 10:58:44,245] {processor.py:161} INFO - Processing /home/airflow/.local/lib/python3.7/site-packages/airflow/example_dags/example_task_group_decorator.py took 0.664 seconds
[2022-08-07 10:59:14,489] {processor.py:153} INFO - Started process (PID=1194) to work on /home/airflow/.local/lib/python3.7/site-packages/airflow/example_dags/example_task_group_decorator.py
[2022-08-07 10:59:14,490] {processor.py:641} INFO - Processing file /home/airflow/.local/lib/python3.7/site-packages/airflow/example_dags/example_task_group_decorator.py for tasks to queue
[2022-08-07 10:59:14,491] {logging_mixin.py:115} INFO - [2022-08-07 10:59:14,491] {dagbag.py:508} INFO - Filling up the DagBag from /home/airflow/.local/lib/python3.7/site-packages/airflow/example_dags/example_task_group_decorator.py
[2022-08-07 10:59:14,578] {processor.py:651} INFO - DAG(s) dict_keys(['example_task_group_decorator']) retrieved from /home/airflow/.local/lib/python3.7/site-packages/airflow/example_dags/example_task_group_decorator.py
[2022-08-07 10:59:14,790] {logging_mixin.py:115} INFO - [2022-08-07 10:59:14,790] {dag.py:2420} INFO - Sync 1 DAGs
[2022-08-07 10:59:14,853] {logging_mixin.py:115} INFO - [2022-08-07 10:59:14,853] {dag.py:2972} INFO - Setting next_dagrun for example_task_group_decorator to 2022-08-06T10:59:14.852366+00:00, run_after=2022-08-07T10:59:14.852366+00:00
[2022-08-07 10:59:14,891] {processor.py:161} INFO - Processing /home/airflow/.local/lib/python3.7/site-packages/airflow/example_dags/example_task_group_decorator.py took 0.412 seconds
[2022-08-07 10:59:45,655] {processor.py:153} INFO - Started process (PID=1246) to work on /home/airflow/.local/lib/python3.7/site-packages/airflow/example_dags/example_task_group_decorator.py
[2022-08-07 10:59:45,656] {processor.py:641} INFO - Processing file /home/airflow/.local/lib/python3.7/site-packages/airflow/example_dags/example_task_group_decorator.py for tasks to queue
[2022-08-07 10:59:45,658] {logging_mixin.py:115} INFO - [2022-08-07 10:59:45,658] {dagbag.py:508} INFO - Filling up the DagBag from /home/airflow/.local/lib/python3.7/site-packages/airflow/example_dags/example_task_group_decorator.py
[2022-08-07 10:59:45,773] {processor.py:651} INFO - DAG(s) dict_keys(['example_task_group_decorator']) retrieved from /home/airflow/.local/lib/python3.7/site-packages/airflow/example_dags/example_task_group_decorator.py
[2022-08-07 10:59:45,881] {logging_mixin.py:115} INFO - [2022-08-07 10:59:45,881] {dag.py:2420} INFO - Sync 1 DAGs
[2022-08-07 10:59:45,970] {logging_mixin.py:115} INFO - [2022-08-07 10:59:45,970] {dag.py:2972} INFO - Setting next_dagrun for example_task_group_decorator to 2022-08-06T10:59:45.969465+00:00, run_after=2022-08-07T10:59:45.969465+00:00
[2022-08-07 10:59:46,009] {processor.py:161} INFO - Processing /home/airflow/.local/lib/python3.7/site-packages/airflow/example_dags/example_task_group_decorator.py took 0.366 seconds
[2022-08-07 11:00:16,498] {processor.py:153} INFO - Started process (PID=1298) to work on /home/airflow/.local/lib/python3.7/site-packages/airflow/example_dags/example_task_group_decorator.py
[2022-08-07 11:00:16,500] {processor.py:641} INFO - Processing file /home/airflow/.local/lib/python3.7/site-packages/airflow/example_dags/example_task_group_decorator.py for tasks to queue
[2022-08-07 11:00:16,503] {logging_mixin.py:115} INFO - [2022-08-07 11:00:16,502] {dagbag.py:508} INFO - Filling up the DagBag from /home/airflow/.local/lib/python3.7/site-packages/airflow/example_dags/example_task_group_decorator.py
[2022-08-07 11:00:16,644] {processor.py:651} INFO - DAG(s) dict_keys(['example_task_group_decorator']) retrieved from /home/airflow/.local/lib/python3.7/site-packages/airflow/example_dags/example_task_group_decorator.py
[2022-08-07 11:00:16,917] {logging_mixin.py:115} INFO - [2022-08-07 11:00:16,916] {dag.py:2420} INFO - Sync 1 DAGs
[2022-08-07 11:00:16,991] {logging_mixin.py:115} INFO - [2022-08-07 11:00:16,991] {dag.py:2972} INFO - Setting next_dagrun for example_task_group_decorator to 2022-08-06T11:00:16.990568+00:00, run_after=2022-08-07T11:00:16.990568+00:00
[2022-08-07 11:00:17,035] {processor.py:161} INFO - Processing /home/airflow/.local/lib/python3.7/site-packages/airflow/example_dags/example_task_group_decorator.py took 0.552 seconds
[2022-08-07 11:00:47,503] {processor.py:153} INFO - Started process (PID=1350) to work on /home/airflow/.local/lib/python3.7/site-packages/airflow/example_dags/example_task_group_decorator.py
[2022-08-07 11:00:47,509] {processor.py:641} INFO - Processing file /home/airflow/.local/lib/python3.7/site-packages/airflow/example_dags/example_task_group_decorator.py for tasks to queue
[2022-08-07 11:00:47,513] {logging_mixin.py:115} INFO - [2022-08-07 11:00:47,512] {dagbag.py:508} INFO - Filling up the DagBag from /home/airflow/.local/lib/python3.7/site-packages/airflow/example_dags/example_task_group_decorator.py
[2022-08-07 11:00:47,713] {processor.py:651} INFO - DAG(s) dict_keys(['example_task_group_decorator']) retrieved from /home/airflow/.local/lib/python3.7/site-packages/airflow/example_dags/example_task_group_decorator.py
[2022-08-07 11:00:48,257] {logging_mixin.py:115} INFO - [2022-08-07 11:00:48,256] {dag.py:2420} INFO - Sync 1 DAGs
[2022-08-07 11:00:48,409] {logging_mixin.py:115} INFO - [2022-08-07 11:00:48,409] {dag.py:2972} INFO - Setting next_dagrun for example_task_group_decorator to 2022-08-06T11:00:48.408250+00:00, run_after=2022-08-07T11:00:48.408250+00:00
[2022-08-07 11:00:48,519] {processor.py:161} INFO - Processing /home/airflow/.local/lib/python3.7/site-packages/airflow/example_dags/example_task_group_decorator.py took 1.040 seconds
[2022-08-07 11:01:18,947] {processor.py:153} INFO - Started process (PID=1402) to work on /home/airflow/.local/lib/python3.7/site-packages/airflow/example_dags/example_task_group_decorator.py
[2022-08-07 11:01:18,948] {processor.py:641} INFO - Processing file /home/airflow/.local/lib/python3.7/site-packages/airflow/example_dags/example_task_group_decorator.py for tasks to queue
[2022-08-07 11:01:18,950] {logging_mixin.py:115} INFO - [2022-08-07 11:01:18,950] {dagbag.py:508} INFO - Filling up the DagBag from /home/airflow/.local/lib/python3.7/site-packages/airflow/example_dags/example_task_group_decorator.py
[2022-08-07 11:01:19,065] {processor.py:651} INFO - DAG(s) dict_keys(['example_task_group_decorator']) retrieved from /home/airflow/.local/lib/python3.7/site-packages/airflow/example_dags/example_task_group_decorator.py
[2022-08-07 11:01:19,400] {logging_mixin.py:115} INFO - [2022-08-07 11:01:19,399] {dag.py:2420} INFO - Sync 1 DAGs
[2022-08-07 11:01:19,496] {logging_mixin.py:115} INFO - [2022-08-07 11:01:19,495] {dag.py:2972} INFO - Setting next_dagrun for example_task_group_decorator to 2022-08-06T11:01:19.494647+00:00, run_after=2022-08-07T11:01:19.494647+00:00
[2022-08-07 11:01:19,549] {processor.py:161} INFO - Processing /home/airflow/.local/lib/python3.7/site-packages/airflow/example_dags/example_task_group_decorator.py took 0.614 seconds
[2022-08-07 11:01:49,710] {processor.py:153} INFO - Started process (PID=1445) to work on /home/airflow/.local/lib/python3.7/site-packages/airflow/example_dags/example_task_group_decorator.py
[2022-08-07 11:01:49,712] {processor.py:641} INFO - Processing file /home/airflow/.local/lib/python3.7/site-packages/airflow/example_dags/example_task_group_decorator.py for tasks to queue
[2022-08-07 11:01:49,715] {logging_mixin.py:115} INFO - [2022-08-07 11:01:49,714] {dagbag.py:508} INFO - Filling up the DagBag from /home/airflow/.local/lib/python3.7/site-packages/airflow/example_dags/example_task_group_decorator.py
[2022-08-07 11:01:49,881] {processor.py:651} INFO - DAG(s) dict_keys(['example_task_group_decorator']) retrieved from /home/airflow/.local/lib/python3.7/site-packages/airflow/example_dags/example_task_group_decorator.py
[2022-08-07 11:01:50,261] {logging_mixin.py:115} INFO - [2022-08-07 11:01:50,261] {dag.py:2420} INFO - Sync 1 DAGs
[2022-08-07 11:01:50,349] {logging_mixin.py:115} INFO - [2022-08-07 11:01:50,349] {dag.py:2972} INFO - Setting next_dagrun for example_task_group_decorator to 2022-08-06T11:01:50.348315+00:00, run_after=2022-08-07T11:01:50.348315+00:00
[2022-08-07 11:01:50,414] {processor.py:161} INFO - Processing /home/airflow/.local/lib/python3.7/site-packages/airflow/example_dags/example_task_group_decorator.py took 0.721 seconds
[2022-08-07 11:02:20,557] {processor.py:153} INFO - Started process (PID=1498) to work on /home/airflow/.local/lib/python3.7/site-packages/airflow/example_dags/example_task_group_decorator.py
[2022-08-07 11:02:20,559] {processor.py:641} INFO - Processing file /home/airflow/.local/lib/python3.7/site-packages/airflow/example_dags/example_task_group_decorator.py for tasks to queue
[2022-08-07 11:02:20,562] {logging_mixin.py:115} INFO - [2022-08-07 11:02:20,561] {dagbag.py:508} INFO - Filling up the DagBag from /home/airflow/.local/lib/python3.7/site-packages/airflow/example_dags/example_task_group_decorator.py
[2022-08-07 11:02:20,746] {processor.py:651} INFO - DAG(s) dict_keys(['example_task_group_decorator']) retrieved from /home/airflow/.local/lib/python3.7/site-packages/airflow/example_dags/example_task_group_decorator.py
[2022-08-07 11:02:21,140] {logging_mixin.py:115} INFO - [2022-08-07 11:02:21,140] {dag.py:2420} INFO - Sync 1 DAGs
[2022-08-07 11:02:21,258] {logging_mixin.py:115} INFO - [2022-08-07 11:02:21,257] {dag.py:2972} INFO - Setting next_dagrun for example_task_group_decorator to 2022-08-06T11:02:21.256551+00:00, run_after=2022-08-07T11:02:21.256551+00:00
[2022-08-07 11:02:21,331] {processor.py:161} INFO - Processing /home/airflow/.local/lib/python3.7/site-packages/airflow/example_dags/example_task_group_decorator.py took 0.791 seconds
[2022-08-07 11:02:51,666] {processor.py:153} INFO - Started process (PID=1550) to work on /home/airflow/.local/lib/python3.7/site-packages/airflow/example_dags/example_task_group_decorator.py
[2022-08-07 11:02:51,668] {processor.py:641} INFO - Processing file /home/airflow/.local/lib/python3.7/site-packages/airflow/example_dags/example_task_group_decorator.py for tasks to queue
[2022-08-07 11:02:51,671] {logging_mixin.py:115} INFO - [2022-08-07 11:02:51,671] {dagbag.py:508} INFO - Filling up the DagBag from /home/airflow/.local/lib/python3.7/site-packages/airflow/example_dags/example_task_group_decorator.py
[2022-08-07 11:02:51,821] {processor.py:651} INFO - DAG(s) dict_keys(['example_task_group_decorator']) retrieved from /home/airflow/.local/lib/python3.7/site-packages/airflow/example_dags/example_task_group_decorator.py
[2022-08-07 11:02:52,166] {logging_mixin.py:115} INFO - [2022-08-07 11:02:52,165] {dag.py:2420} INFO - Sync 1 DAGs
[2022-08-07 11:02:52,287] {logging_mixin.py:115} INFO - [2022-08-07 11:02:52,286] {dag.py:2972} INFO - Setting next_dagrun for example_task_group_decorator to 2022-08-06T11:02:52.285773+00:00, run_after=2022-08-07T11:02:52.285773+00:00
[2022-08-07 11:02:52,350] {processor.py:161} INFO - Processing /home/airflow/.local/lib/python3.7/site-packages/airflow/example_dags/example_task_group_decorator.py took 0.699 seconds
[2022-08-07 11:03:23,273] {processor.py:153} INFO - Started process (PID=1602) to work on /home/airflow/.local/lib/python3.7/site-packages/airflow/example_dags/example_task_group_decorator.py
[2022-08-07 11:03:23,274] {processor.py:641} INFO - Processing file /home/airflow/.local/lib/python3.7/site-packages/airflow/example_dags/example_task_group_decorator.py for tasks to queue
[2022-08-07 11:03:23,276] {logging_mixin.py:115} INFO - [2022-08-07 11:03:23,276] {dagbag.py:508} INFO - Filling up the DagBag from /home/airflow/.local/lib/python3.7/site-packages/airflow/example_dags/example_task_group_decorator.py
[2022-08-07 11:03:23,394] {processor.py:651} INFO - DAG(s) dict_keys(['example_task_group_decorator']) retrieved from /home/airflow/.local/lib/python3.7/site-packages/airflow/example_dags/example_task_group_decorator.py
[2022-08-07 11:03:23,688] {logging_mixin.py:115} INFO - [2022-08-07 11:03:23,688] {dag.py:2420} INFO - Sync 1 DAGs
[2022-08-07 11:03:23,790] {logging_mixin.py:115} INFO - [2022-08-07 11:03:23,790] {dag.py:2972} INFO - Setting next_dagrun for example_task_group_decorator to 2022-08-06T11:03:23.789276+00:00, run_after=2022-08-07T11:03:23.789276+00:00
[2022-08-07 11:03:23,855] {processor.py:161} INFO - Processing /home/airflow/.local/lib/python3.7/site-packages/airflow/example_dags/example_task_group_decorator.py took 0.593 seconds
[2022-08-07 11:03:54,256] {processor.py:153} INFO - Started process (PID=1654) to work on /home/airflow/.local/lib/python3.7/site-packages/airflow/example_dags/example_task_group_decorator.py
[2022-08-07 11:03:54,257] {processor.py:641} INFO - Processing file /home/airflow/.local/lib/python3.7/site-packages/airflow/example_dags/example_task_group_decorator.py for tasks to queue
[2022-08-07 11:03:54,259] {logging_mixin.py:115} INFO - [2022-08-07 11:03:54,259] {dagbag.py:508} INFO - Filling up the DagBag from /home/airflow/.local/lib/python3.7/site-packages/airflow/example_dags/example_task_group_decorator.py
[2022-08-07 11:03:54,378] {processor.py:651} INFO - DAG(s) dict_keys(['example_task_group_decorator']) retrieved from /home/airflow/.local/lib/python3.7/site-packages/airflow/example_dags/example_task_group_decorator.py
[2022-08-07 11:03:54,811] {logging_mixin.py:115} INFO - [2022-08-07 11:03:54,810] {dag.py:2420} INFO - Sync 1 DAGs
[2022-08-07 11:03:54,925] {logging_mixin.py:115} INFO - [2022-08-07 11:03:54,922] {dag.py:2972} INFO - Setting next_dagrun for example_task_group_decorator to 2022-08-06T11:03:54.921022+00:00, run_after=2022-08-07T11:03:54.921022+00:00
[2022-08-07 11:03:55,005] {processor.py:161} INFO - Processing /home/airflow/.local/lib/python3.7/site-packages/airflow/example_dags/example_task_group_decorator.py took 0.763 seconds
[2022-08-07 11:04:25,126] {processor.py:153} INFO - Started process (PID=1705) to work on /home/airflow/.local/lib/python3.7/site-packages/airflow/example_dags/example_task_group_decorator.py
[2022-08-07 11:04:25,128] {processor.py:641} INFO - Processing file /home/airflow/.local/lib/python3.7/site-packages/airflow/example_dags/example_task_group_decorator.py for tasks to queue
[2022-08-07 11:04:25,131] {logging_mixin.py:115} INFO - [2022-08-07 11:04:25,130] {dagbag.py:508} INFO - Filling up the DagBag from /home/airflow/.local/lib/python3.7/site-packages/airflow/example_dags/example_task_group_decorator.py
[2022-08-07 11:04:25,302] {processor.py:651} INFO - DAG(s) dict_keys(['example_task_group_decorator']) retrieved from /home/airflow/.local/lib/python3.7/site-packages/airflow/example_dags/example_task_group_decorator.py
[2022-08-07 11:04:25,738] {logging_mixin.py:115} INFO - [2022-08-07 11:04:25,737] {dag.py:2420} INFO - Sync 1 DAGs
[2022-08-07 11:04:25,852] {logging_mixin.py:115} INFO - [2022-08-07 11:04:25,852] {dag.py:2972} INFO - Setting next_dagrun for example_task_group_decorator to 2022-08-06T11:04:25.851062+00:00, run_after=2022-08-07T11:04:25.851062+00:00
[2022-08-07 11:04:25,927] {processor.py:161} INFO - Processing /home/airflow/.local/lib/python3.7/site-packages/airflow/example_dags/example_task_group_decorator.py took 0.817 seconds
[2022-08-07 11:04:56,163] {processor.py:153} INFO - Started process (PID=1749) to work on /home/airflow/.local/lib/python3.7/site-packages/airflow/example_dags/example_task_group_decorator.py
[2022-08-07 11:04:56,164] {processor.py:641} INFO - Processing file /home/airflow/.local/lib/python3.7/site-packages/airflow/example_dags/example_task_group_decorator.py for tasks to queue
[2022-08-07 11:04:56,167] {logging_mixin.py:115} INFO - [2022-08-07 11:04:56,166] {dagbag.py:508} INFO - Filling up the DagBag from /home/airflow/.local/lib/python3.7/site-packages/airflow/example_dags/example_task_group_decorator.py
[2022-08-07 11:04:56,281] {processor.py:651} INFO - DAG(s) dict_keys(['example_task_group_decorator']) retrieved from /home/airflow/.local/lib/python3.7/site-packages/airflow/example_dags/example_task_group_decorator.py
[2022-08-07 11:04:56,575] {logging_mixin.py:115} INFO - [2022-08-07 11:04:56,575] {dag.py:2420} INFO - Sync 1 DAGs
[2022-08-07 11:04:56,666] {logging_mixin.py:115} INFO - [2022-08-07 11:04:56,666] {dag.py:2972} INFO - Setting next_dagrun for example_task_group_decorator to 2022-08-06T11:04:56.665423+00:00, run_after=2022-08-07T11:04:56.665423+00:00
[2022-08-07 11:04:56,738] {processor.py:161} INFO - Processing /home/airflow/.local/lib/python3.7/site-packages/airflow/example_dags/example_task_group_decorator.py took 0.585 seconds
[2022-08-07 11:05:26,962] {processor.py:153} INFO - Started process (PID=1802) to work on /home/airflow/.local/lib/python3.7/site-packages/airflow/example_dags/example_task_group_decorator.py
[2022-08-07 11:05:26,964] {processor.py:641} INFO - Processing file /home/airflow/.local/lib/python3.7/site-packages/airflow/example_dags/example_task_group_decorator.py for tasks to queue
[2022-08-07 11:05:26,966] {logging_mixin.py:115} INFO - [2022-08-07 11:05:26,966] {dagbag.py:508} INFO - Filling up the DagBag from /home/airflow/.local/lib/python3.7/site-packages/airflow/example_dags/example_task_group_decorator.py
[2022-08-07 11:05:27,064] {processor.py:651} INFO - DAG(s) dict_keys(['example_task_group_decorator']) retrieved from /home/airflow/.local/lib/python3.7/site-packages/airflow/example_dags/example_task_group_decorator.py
[2022-08-07 11:05:27,310] {logging_mixin.py:115} INFO - [2022-08-07 11:05:27,310] {dag.py:2420} INFO - Sync 1 DAGs
[2022-08-07 11:05:27,403] {logging_mixin.py:115} INFO - [2022-08-07 11:05:27,403] {dag.py:2972} INFO - Setting next_dagrun for example_task_group_decorator to 2022-08-06T11:05:27.402122+00:00, run_after=2022-08-07T11:05:27.402122+00:00
[2022-08-07 11:05:27,455] {processor.py:161} INFO - Processing /home/airflow/.local/lib/python3.7/site-packages/airflow/example_dags/example_task_group_decorator.py took 0.503 seconds
[2022-08-07 11:05:58,079] {processor.py:153} INFO - Started process (PID=1850) to work on /home/airflow/.local/lib/python3.7/site-packages/airflow/example_dags/example_task_group_decorator.py
[2022-08-07 11:05:58,086] {processor.py:641} INFO - Processing file /home/airflow/.local/lib/python3.7/site-packages/airflow/example_dags/example_task_group_decorator.py for tasks to queue
[2022-08-07 11:05:58,088] {logging_mixin.py:115} INFO - [2022-08-07 11:05:58,088] {dagbag.py:508} INFO - Filling up the DagBag from /home/airflow/.local/lib/python3.7/site-packages/airflow/example_dags/example_task_group_decorator.py
[2022-08-07 11:05:58,239] {processor.py:651} INFO - DAG(s) dict_keys(['example_task_group_decorator']) retrieved from /home/airflow/.local/lib/python3.7/site-packages/airflow/example_dags/example_task_group_decorator.py
[2022-08-07 11:05:58,664] {logging_mixin.py:115} INFO - [2022-08-07 11:05:58,664] {dag.py:2420} INFO - Sync 1 DAGs
[2022-08-07 11:05:58,787] {logging_mixin.py:115} INFO - [2022-08-07 11:05:58,787] {dag.py:2972} INFO - Setting next_dagrun for example_task_group_decorator to 2022-08-06T11:05:58.786386+00:00, run_after=2022-08-07T11:05:58.786386+00:00
[2022-08-07 11:05:58,851] {processor.py:161} INFO - Processing /home/airflow/.local/lib/python3.7/site-packages/airflow/example_dags/example_task_group_decorator.py took 0.787 seconds
[2022-08-07 11:06:29,240] {processor.py:153} INFO - Started process (PID=1894) to work on /home/airflow/.local/lib/python3.7/site-packages/airflow/example_dags/example_task_group_decorator.py
[2022-08-07 11:06:29,242] {processor.py:641} INFO - Processing file /home/airflow/.local/lib/python3.7/site-packages/airflow/example_dags/example_task_group_decorator.py for tasks to queue
[2022-08-07 11:06:29,243] {logging_mixin.py:115} INFO - [2022-08-07 11:06:29,243] {dagbag.py:508} INFO - Filling up the DagBag from /home/airflow/.local/lib/python3.7/site-packages/airflow/example_dags/example_task_group_decorator.py
[2022-08-07 11:06:29,369] {processor.py:651} INFO - DAG(s) dict_keys(['example_task_group_decorator']) retrieved from /home/airflow/.local/lib/python3.7/site-packages/airflow/example_dags/example_task_group_decorator.py
[2022-08-07 11:06:29,664] {logging_mixin.py:115} INFO - [2022-08-07 11:06:29,663] {dag.py:2420} INFO - Sync 1 DAGs
[2022-08-07 11:06:29,751] {logging_mixin.py:115} INFO - [2022-08-07 11:06:29,750] {dag.py:2972} INFO - Setting next_dagrun for example_task_group_decorator to 2022-08-06T11:06:29.750089+00:00, run_after=2022-08-07T11:06:29.750089+00:00
[2022-08-07 11:06:29,797] {processor.py:161} INFO - Processing /home/airflow/.local/lib/python3.7/site-packages/airflow/example_dags/example_task_group_decorator.py took 0.567 seconds
[2022-08-07 11:06:59,964] {processor.py:153} INFO - Started process (PID=1947) to work on /home/airflow/.local/lib/python3.7/site-packages/airflow/example_dags/example_task_group_decorator.py
[2022-08-07 11:06:59,966] {processor.py:641} INFO - Processing file /home/airflow/.local/lib/python3.7/site-packages/airflow/example_dags/example_task_group_decorator.py for tasks to queue
[2022-08-07 11:06:59,968] {logging_mixin.py:115} INFO - [2022-08-07 11:06:59,968] {dagbag.py:508} INFO - Filling up the DagBag from /home/airflow/.local/lib/python3.7/site-packages/airflow/example_dags/example_task_group_decorator.py
[2022-08-07 11:07:00,096] {processor.py:651} INFO - DAG(s) dict_keys(['example_task_group_decorator']) retrieved from /home/airflow/.local/lib/python3.7/site-packages/airflow/example_dags/example_task_group_decorator.py
[2022-08-07 11:07:00,394] {logging_mixin.py:115} INFO - [2022-08-07 11:07:00,393] {dag.py:2420} INFO - Sync 1 DAGs
[2022-08-07 11:07:00,479] {logging_mixin.py:115} INFO - [2022-08-07 11:07:00,479] {dag.py:2972} INFO - Setting next_dagrun for example_task_group_decorator to 2022-08-06T11:07:00.478670+00:00, run_after=2022-08-07T11:07:00.478670+00:00
[2022-08-07 11:07:00,526] {processor.py:161} INFO - Processing /home/airflow/.local/lib/python3.7/site-packages/airflow/example_dags/example_task_group_decorator.py took 0.576 seconds
[2022-08-07 11:07:30,732] {processor.py:153} INFO - Started process (PID=1999) to work on /home/airflow/.local/lib/python3.7/site-packages/airflow/example_dags/example_task_group_decorator.py
[2022-08-07 11:07:30,734] {processor.py:641} INFO - Processing file /home/airflow/.local/lib/python3.7/site-packages/airflow/example_dags/example_task_group_decorator.py for tasks to queue
[2022-08-07 11:07:30,736] {logging_mixin.py:115} INFO - [2022-08-07 11:07:30,736] {dagbag.py:508} INFO - Filling up the DagBag from /home/airflow/.local/lib/python3.7/site-packages/airflow/example_dags/example_task_group_decorator.py
[2022-08-07 11:07:30,864] {processor.py:651} INFO - DAG(s) dict_keys(['example_task_group_decorator']) retrieved from /home/airflow/.local/lib/python3.7/site-packages/airflow/example_dags/example_task_group_decorator.py
[2022-08-07 11:07:31,162] {logging_mixin.py:115} INFO - [2022-08-07 11:07:31,162] {dag.py:2420} INFO - Sync 1 DAGs
[2022-08-07 11:07:31,240] {logging_mixin.py:115} INFO - [2022-08-07 11:07:31,240] {dag.py:2972} INFO - Setting next_dagrun for example_task_group_decorator to 2022-08-06T11:07:31.239354+00:00, run_after=2022-08-07T11:07:31.239354+00:00
[2022-08-07 11:07:31,290] {processor.py:161} INFO - Processing /home/airflow/.local/lib/python3.7/site-packages/airflow/example_dags/example_task_group_decorator.py took 0.570 seconds
[2022-08-07 11:08:01,517] {processor.py:153} INFO - Started process (PID=2050) to work on /home/airflow/.local/lib/python3.7/site-packages/airflow/example_dags/example_task_group_decorator.py
[2022-08-07 11:08:01,520] {processor.py:641} INFO - Processing file /home/airflow/.local/lib/python3.7/site-packages/airflow/example_dags/example_task_group_decorator.py for tasks to queue
[2022-08-07 11:08:01,525] {logging_mixin.py:115} INFO - [2022-08-07 11:08:01,524] {dagbag.py:508} INFO - Filling up the DagBag from /home/airflow/.local/lib/python3.7/site-packages/airflow/example_dags/example_task_group_decorator.py
[2022-08-07 11:08:01,736] {processor.py:651} INFO - DAG(s) dict_keys(['example_task_group_decorator']) retrieved from /home/airflow/.local/lib/python3.7/site-packages/airflow/example_dags/example_task_group_decorator.py
[2022-08-07 11:08:02,264] {logging_mixin.py:115} INFO - [2022-08-07 11:08:02,264] {dag.py:2420} INFO - Sync 1 DAGs
[2022-08-07 11:08:02,350] {logging_mixin.py:115} INFO - [2022-08-07 11:08:02,350] {dag.py:2972} INFO - Setting next_dagrun for example_task_group_decorator to 2022-08-06T11:08:02.349586+00:00, run_after=2022-08-07T11:08:02.349586+00:00
[2022-08-07 11:08:02,397] {processor.py:161} INFO - Processing /home/airflow/.local/lib/python3.7/site-packages/airflow/example_dags/example_task_group_decorator.py took 0.896 seconds
[2022-08-07 11:08:32,980] {processor.py:153} INFO - Started process (PID=2103) to work on /home/airflow/.local/lib/python3.7/site-packages/airflow/example_dags/example_task_group_decorator.py
[2022-08-07 11:08:32,982] {processor.py:641} INFO - Processing file /home/airflow/.local/lib/python3.7/site-packages/airflow/example_dags/example_task_group_decorator.py for tasks to queue
[2022-08-07 11:08:32,984] {logging_mixin.py:115} INFO - [2022-08-07 11:08:32,984] {dagbag.py:508} INFO - Filling up the DagBag from /home/airflow/.local/lib/python3.7/site-packages/airflow/example_dags/example_task_group_decorator.py
[2022-08-07 11:08:33,113] {processor.py:651} INFO - DAG(s) dict_keys(['example_task_group_decorator']) retrieved from /home/airflow/.local/lib/python3.7/site-packages/airflow/example_dags/example_task_group_decorator.py
[2022-08-07 11:08:33,437] {logging_mixin.py:115} INFO - [2022-08-07 11:08:33,437] {dag.py:2420} INFO - Sync 1 DAGs
[2022-08-07 11:08:33,543] {logging_mixin.py:115} INFO - [2022-08-07 11:08:33,543] {dag.py:2972} INFO - Setting next_dagrun for example_task_group_decorator to 2022-08-06T11:08:33.542600+00:00, run_after=2022-08-07T11:08:33.542600+00:00
[2022-08-07 11:08:33,602] {processor.py:161} INFO - Processing /home/airflow/.local/lib/python3.7/site-packages/airflow/example_dags/example_task_group_decorator.py took 0.635 seconds
[2022-08-07 11:09:03,802] {processor.py:153} INFO - Started process (PID=2156) to work on /home/airflow/.local/lib/python3.7/site-packages/airflow/example_dags/example_task_group_decorator.py
[2022-08-07 11:09:03,803] {processor.py:641} INFO - Processing file /home/airflow/.local/lib/python3.7/site-packages/airflow/example_dags/example_task_group_decorator.py for tasks to queue
[2022-08-07 11:09:03,805] {logging_mixin.py:115} INFO - [2022-08-07 11:09:03,805] {dagbag.py:508} INFO - Filling up the DagBag from /home/airflow/.local/lib/python3.7/site-packages/airflow/example_dags/example_task_group_decorator.py
[2022-08-07 11:09:03,933] {processor.py:651} INFO - DAG(s) dict_keys(['example_task_group_decorator']) retrieved from /home/airflow/.local/lib/python3.7/site-packages/airflow/example_dags/example_task_group_decorator.py
[2022-08-07 11:09:04,232] {logging_mixin.py:115} INFO - [2022-08-07 11:09:04,232] {dag.py:2420} INFO - Sync 1 DAGs
[2022-08-07 11:09:04,311] {logging_mixin.py:115} INFO - [2022-08-07 11:09:04,311] {dag.py:2972} INFO - Setting next_dagrun for example_task_group_decorator to 2022-08-06T11:09:04.310334+00:00, run_after=2022-08-07T11:09:04.310334+00:00
[2022-08-07 11:09:04,364] {processor.py:161} INFO - Processing /home/airflow/.local/lib/python3.7/site-packages/airflow/example_dags/example_task_group_decorator.py took 0.572 seconds
[2022-08-07 11:09:34,878] {processor.py:153} INFO - Started process (PID=2199) to work on /home/airflow/.local/lib/python3.7/site-packages/airflow/example_dags/example_task_group_decorator.py
[2022-08-07 11:09:34,880] {processor.py:641} INFO - Processing file /home/airflow/.local/lib/python3.7/site-packages/airflow/example_dags/example_task_group_decorator.py for tasks to queue
[2022-08-07 11:09:34,881] {logging_mixin.py:115} INFO - [2022-08-07 11:09:34,881] {dagbag.py:508} INFO - Filling up the DagBag from /home/airflow/.local/lib/python3.7/site-packages/airflow/example_dags/example_task_group_decorator.py
[2022-08-07 11:09:35,010] {processor.py:651} INFO - DAG(s) dict_keys(['example_task_group_decorator']) retrieved from /home/airflow/.local/lib/python3.7/site-packages/airflow/example_dags/example_task_group_decorator.py
[2022-08-07 11:09:35,137] {logging_mixin.py:115} INFO - [2022-08-07 11:09:35,137] {dag.py:2420} INFO - Sync 1 DAGs
[2022-08-07 11:09:35,259] {logging_mixin.py:115} INFO - [2022-08-07 11:09:35,259] {dag.py:2972} INFO - Setting next_dagrun for example_task_group_decorator to 2022-08-06T11:09:35.258257+00:00, run_after=2022-08-07T11:09:35.258257+00:00
[2022-08-07 11:09:35,329] {processor.py:161} INFO - Processing /home/airflow/.local/lib/python3.7/site-packages/airflow/example_dags/example_task_group_decorator.py took 0.462 seconds
[2022-08-07 11:10:05,486] {processor.py:153} INFO - Started process (PID=2252) to work on /home/airflow/.local/lib/python3.7/site-packages/airflow/example_dags/example_task_group_decorator.py
[2022-08-07 11:10:05,488] {processor.py:641} INFO - Processing file /home/airflow/.local/lib/python3.7/site-packages/airflow/example_dags/example_task_group_decorator.py for tasks to queue
[2022-08-07 11:10:05,489] {logging_mixin.py:115} INFO - [2022-08-07 11:10:05,489] {dagbag.py:508} INFO - Filling up the DagBag from /home/airflow/.local/lib/python3.7/site-packages/airflow/example_dags/example_task_group_decorator.py
[2022-08-07 11:10:05,585] {processor.py:651} INFO - DAG(s) dict_keys(['example_task_group_decorator']) retrieved from /home/airflow/.local/lib/python3.7/site-packages/airflow/example_dags/example_task_group_decorator.py
[2022-08-07 11:10:05,860] {logging_mixin.py:115} INFO - [2022-08-07 11:10:05,859] {dag.py:2420} INFO - Sync 1 DAGs
[2022-08-07 11:10:05,952] {logging_mixin.py:115} INFO - [2022-08-07 11:10:05,952] {dag.py:2972} INFO - Setting next_dagrun for example_task_group_decorator to 2022-08-06T11:10:05.951542+00:00, run_after=2022-08-07T11:10:05.951542+00:00
[2022-08-07 11:10:06,001] {processor.py:161} INFO - Processing /home/airflow/.local/lib/python3.7/site-packages/airflow/example_dags/example_task_group_decorator.py took 0.525 seconds
[2022-08-07 11:10:36,324] {processor.py:153} INFO - Started process (PID=2305) to work on /home/airflow/.local/lib/python3.7/site-packages/airflow/example_dags/example_task_group_decorator.py
[2022-08-07 11:10:36,326] {processor.py:641} INFO - Processing file /home/airflow/.local/lib/python3.7/site-packages/airflow/example_dags/example_task_group_decorator.py for tasks to queue
[2022-08-07 11:10:36,328] {logging_mixin.py:115} INFO - [2022-08-07 11:10:36,327] {dagbag.py:508} INFO - Filling up the DagBag from /home/airflow/.local/lib/python3.7/site-packages/airflow/example_dags/example_task_group_decorator.py
[2022-08-07 11:10:36,430] {processor.py:651} INFO - DAG(s) dict_keys(['example_task_group_decorator']) retrieved from /home/airflow/.local/lib/python3.7/site-packages/airflow/example_dags/example_task_group_decorator.py
[2022-08-07 11:10:36,696] {logging_mixin.py:115} INFO - [2022-08-07 11:10:36,696] {dag.py:2420} INFO - Sync 1 DAGs
[2022-08-07 11:10:36,762] {logging_mixin.py:115} INFO - [2022-08-07 11:10:36,762] {dag.py:2972} INFO - Setting next_dagrun for example_task_group_decorator to 2022-08-06T11:10:36.761357+00:00, run_after=2022-08-07T11:10:36.761357+00:00
[2022-08-07 11:10:36,825] {processor.py:161} INFO - Processing /home/airflow/.local/lib/python3.7/site-packages/airflow/example_dags/example_task_group_decorator.py took 0.512 seconds
[2022-08-07 11:11:06,952] {processor.py:153} INFO - Started process (PID=2356) to work on /home/airflow/.local/lib/python3.7/site-packages/airflow/example_dags/example_task_group_decorator.py
[2022-08-07 11:11:06,954] {processor.py:641} INFO - Processing file /home/airflow/.local/lib/python3.7/site-packages/airflow/example_dags/example_task_group_decorator.py for tasks to queue
[2022-08-07 11:11:06,956] {logging_mixin.py:115} INFO - [2022-08-07 11:11:06,956] {dagbag.py:508} INFO - Filling up the DagBag from /home/airflow/.local/lib/python3.7/site-packages/airflow/example_dags/example_task_group_decorator.py
[2022-08-07 11:11:07,068] {processor.py:651} INFO - DAG(s) dict_keys(['example_task_group_decorator']) retrieved from /home/airflow/.local/lib/python3.7/site-packages/airflow/example_dags/example_task_group_decorator.py
[2022-08-07 11:11:07,176] {logging_mixin.py:115} INFO - [2022-08-07 11:11:07,175] {dag.py:2420} INFO - Sync 1 DAGs
[2022-08-07 11:11:07,256] {logging_mixin.py:115} INFO - [2022-08-07 11:11:07,255] {dag.py:2972} INFO - Setting next_dagrun for example_task_group_decorator to 2022-08-06T11:11:07.255085+00:00, run_after=2022-08-07T11:11:07.255085+00:00
[2022-08-07 11:11:07,292] {processor.py:161} INFO - Processing /home/airflow/.local/lib/python3.7/site-packages/airflow/example_dags/example_task_group_decorator.py took 0.352 seconds
[2022-08-07 11:11:37,814] {processor.py:153} INFO - Started process (PID=2408) to work on /home/airflow/.local/lib/python3.7/site-packages/airflow/example_dags/example_task_group_decorator.py
[2022-08-07 11:11:37,816] {processor.py:641} INFO - Processing file /home/airflow/.local/lib/python3.7/site-packages/airflow/example_dags/example_task_group_decorator.py for tasks to queue
[2022-08-07 11:11:37,817] {logging_mixin.py:115} INFO - [2022-08-07 11:11:37,817] {dagbag.py:508} INFO - Filling up the DagBag from /home/airflow/.local/lib/python3.7/site-packages/airflow/example_dags/example_task_group_decorator.py
[2022-08-07 11:11:37,941] {processor.py:651} INFO - DAG(s) dict_keys(['example_task_group_decorator']) retrieved from /home/airflow/.local/lib/python3.7/site-packages/airflow/example_dags/example_task_group_decorator.py
[2022-08-07 11:11:38,033] {logging_mixin.py:115} INFO - [2022-08-07 11:11:38,032] {dag.py:2420} INFO - Sync 1 DAGs
[2022-08-07 11:11:38,114] {logging_mixin.py:115} INFO - [2022-08-07 11:11:38,113] {dag.py:2972} INFO - Setting next_dagrun for example_task_group_decorator to 2022-08-06T11:11:38.113146+00:00, run_after=2022-08-07T11:11:38.113146+00:00
[2022-08-07 11:11:38,153] {processor.py:161} INFO - Processing /home/airflow/.local/lib/python3.7/site-packages/airflow/example_dags/example_task_group_decorator.py took 0.348 seconds
[2022-08-07 11:12:08,341] {processor.py:153} INFO - Started process (PID=2459) to work on /home/airflow/.local/lib/python3.7/site-packages/airflow/example_dags/example_task_group_decorator.py
[2022-08-07 11:12:08,343] {processor.py:641} INFO - Processing file /home/airflow/.local/lib/python3.7/site-packages/airflow/example_dags/example_task_group_decorator.py for tasks to queue
[2022-08-07 11:12:08,345] {logging_mixin.py:115} INFO - [2022-08-07 11:12:08,344] {dagbag.py:508} INFO - Filling up the DagBag from /home/airflow/.local/lib/python3.7/site-packages/airflow/example_dags/example_task_group_decorator.py
[2022-08-07 11:12:08,453] {processor.py:651} INFO - DAG(s) dict_keys(['example_task_group_decorator']) retrieved from /home/airflow/.local/lib/python3.7/site-packages/airflow/example_dags/example_task_group_decorator.py
[2022-08-07 11:12:08,829] {logging_mixin.py:115} INFO - [2022-08-07 11:12:08,829] {dag.py:2420} INFO - Sync 1 DAGs
[2022-08-07 11:12:08,942] {logging_mixin.py:115} INFO - [2022-08-07 11:12:08,942] {dag.py:2972} INFO - Setting next_dagrun for example_task_group_decorator to 2022-08-06T11:12:08.941468+00:00, run_after=2022-08-07T11:12:08.941468+00:00
[2022-08-07 11:12:09,001] {processor.py:161} INFO - Processing /home/airflow/.local/lib/python3.7/site-packages/airflow/example_dags/example_task_group_decorator.py took 0.670 seconds
[2022-08-07 11:12:39,223] {processor.py:153} INFO - Started process (PID=2511) to work on /home/airflow/.local/lib/python3.7/site-packages/airflow/example_dags/example_task_group_decorator.py
[2022-08-07 11:12:39,224] {processor.py:641} INFO - Processing file /home/airflow/.local/lib/python3.7/site-packages/airflow/example_dags/example_task_group_decorator.py for tasks to queue
[2022-08-07 11:12:39,226] {logging_mixin.py:115} INFO - [2022-08-07 11:12:39,225] {dagbag.py:508} INFO - Filling up the DagBag from /home/airflow/.local/lib/python3.7/site-packages/airflow/example_dags/example_task_group_decorator.py
[2022-08-07 11:12:39,342] {processor.py:651} INFO - DAG(s) dict_keys(['example_task_group_decorator']) retrieved from /home/airflow/.local/lib/python3.7/site-packages/airflow/example_dags/example_task_group_decorator.py
[2022-08-07 11:12:39,755] {logging_mixin.py:115} INFO - [2022-08-07 11:12:39,755] {dag.py:2420} INFO - Sync 1 DAGs
[2022-08-07 11:12:39,870] {logging_mixin.py:115} INFO - [2022-08-07 11:12:39,870] {dag.py:2972} INFO - Setting next_dagrun for example_task_group_decorator to 2022-08-06T11:12:39.869269+00:00, run_after=2022-08-07T11:12:39.869269+00:00
[2022-08-07 11:12:39,936] {processor.py:161} INFO - Processing /home/airflow/.local/lib/python3.7/site-packages/airflow/example_dags/example_task_group_decorator.py took 0.726 seconds
[2022-08-07 11:13:10,276] {processor.py:153} INFO - Started process (PID=2561) to work on /home/airflow/.local/lib/python3.7/site-packages/airflow/example_dags/example_task_group_decorator.py
[2022-08-07 11:13:10,278] {processor.py:641} INFO - Processing file /home/airflow/.local/lib/python3.7/site-packages/airflow/example_dags/example_task_group_decorator.py for tasks to queue
[2022-08-07 11:13:10,284] {logging_mixin.py:115} INFO - [2022-08-07 11:13:10,283] {dagbag.py:508} INFO - Filling up the DagBag from /home/airflow/.local/lib/python3.7/site-packages/airflow/example_dags/example_task_group_decorator.py
[2022-08-07 11:13:10,512] {processor.py:651} INFO - DAG(s) dict_keys(['example_task_group_decorator']) retrieved from /home/airflow/.local/lib/python3.7/site-packages/airflow/example_dags/example_task_group_decorator.py
[2022-08-07 11:13:10,845] {logging_mixin.py:115} INFO - [2022-08-07 11:13:10,845] {dag.py:2420} INFO - Sync 1 DAGs
[2022-08-07 11:13:10,964] {logging_mixin.py:115} INFO - [2022-08-07 11:13:10,964] {dag.py:2972} INFO - Setting next_dagrun for example_task_group_decorator to 2022-08-06T11:13:10.962802+00:00, run_after=2022-08-07T11:13:10.962802+00:00
[2022-08-07 11:13:11,048] {processor.py:161} INFO - Processing /home/airflow/.local/lib/python3.7/site-packages/airflow/example_dags/example_task_group_decorator.py took 0.797 seconds
[2022-08-07 11:13:41,451] {processor.py:153} INFO - Started process (PID=2606) to work on /home/airflow/.local/lib/python3.7/site-packages/airflow/example_dags/example_task_group_decorator.py
[2022-08-07 11:13:41,454] {processor.py:641} INFO - Processing file /home/airflow/.local/lib/python3.7/site-packages/airflow/example_dags/example_task_group_decorator.py for tasks to queue
[2022-08-07 11:13:41,456] {logging_mixin.py:115} INFO - [2022-08-07 11:13:41,456] {dagbag.py:508} INFO - Filling up the DagBag from /home/airflow/.local/lib/python3.7/site-packages/airflow/example_dags/example_task_group_decorator.py
[2022-08-07 11:13:41,607] {processor.py:651} INFO - DAG(s) dict_keys(['example_task_group_decorator']) retrieved from /home/airflow/.local/lib/python3.7/site-packages/airflow/example_dags/example_task_group_decorator.py
[2022-08-07 11:13:41,979] {logging_mixin.py:115} INFO - [2022-08-07 11:13:41,979] {dag.py:2420} INFO - Sync 1 DAGs
[2022-08-07 11:13:42,065] {logging_mixin.py:115} INFO - [2022-08-07 11:13:42,065] {dag.py:2972} INFO - Setting next_dagrun for example_task_group_decorator to 2022-08-06T11:13:42.064387+00:00, run_after=2022-08-07T11:13:42.064387+00:00
[2022-08-07 11:13:42,127] {processor.py:161} INFO - Processing /home/airflow/.local/lib/python3.7/site-packages/airflow/example_dags/example_task_group_decorator.py took 0.689 seconds
[2022-08-07 11:14:12,210] {processor.py:153} INFO - Started process (PID=2658) to work on /home/airflow/.local/lib/python3.7/site-packages/airflow/example_dags/example_task_group_decorator.py
[2022-08-07 11:14:12,212] {processor.py:641} INFO - Processing file /home/airflow/.local/lib/python3.7/site-packages/airflow/example_dags/example_task_group_decorator.py for tasks to queue
[2022-08-07 11:14:12,213] {logging_mixin.py:115} INFO - [2022-08-07 11:14:12,213] {dagbag.py:508} INFO - Filling up the DagBag from /home/airflow/.local/lib/python3.7/site-packages/airflow/example_dags/example_task_group_decorator.py
[2022-08-07 11:14:12,327] {processor.py:651} INFO - DAG(s) dict_keys(['example_task_group_decorator']) retrieved from /home/airflow/.local/lib/python3.7/site-packages/airflow/example_dags/example_task_group_decorator.py
[2022-08-07 11:14:12,591] {logging_mixin.py:115} INFO - [2022-08-07 11:14:12,591] {dag.py:2420} INFO - Sync 1 DAGs
[2022-08-07 11:14:12,661] {logging_mixin.py:115} INFO - [2022-08-07 11:14:12,661] {dag.py:2972} INFO - Setting next_dagrun for example_task_group_decorator to 2022-08-06T11:14:12.660633+00:00, run_after=2022-08-07T11:14:12.660633+00:00
[2022-08-07 11:14:12,704] {processor.py:161} INFO - Processing /home/airflow/.local/lib/python3.7/site-packages/airflow/example_dags/example_task_group_decorator.py took 0.509 seconds
[2022-08-07 11:14:43,201] {processor.py:153} INFO - Started process (PID=2712) to work on /home/airflow/.local/lib/python3.7/site-packages/airflow/example_dags/example_task_group_decorator.py
[2022-08-07 11:14:43,203] {processor.py:641} INFO - Processing file /home/airflow/.local/lib/python3.7/site-packages/airflow/example_dags/example_task_group_decorator.py for tasks to queue
[2022-08-07 11:14:43,206] {logging_mixin.py:115} INFO - [2022-08-07 11:14:43,206] {dagbag.py:508} INFO - Filling up the DagBag from /home/airflow/.local/lib/python3.7/site-packages/airflow/example_dags/example_task_group_decorator.py
[2022-08-07 11:14:43,343] {processor.py:651} INFO - DAG(s) dict_keys(['example_task_group_decorator']) retrieved from /home/airflow/.local/lib/python3.7/site-packages/airflow/example_dags/example_task_group_decorator.py
[2022-08-07 11:14:43,438] {logging_mixin.py:115} INFO - [2022-08-07 11:14:43,437] {dag.py:2420} INFO - Sync 1 DAGs
[2022-08-07 11:14:43,519] {logging_mixin.py:115} INFO - [2022-08-07 11:14:43,518] {dag.py:2972} INFO - Setting next_dagrun for example_task_group_decorator to 2022-08-06T11:14:43.518270+00:00, run_after=2022-08-07T11:14:43.518270+00:00
[2022-08-07 11:14:43,560] {processor.py:161} INFO - Processing /home/airflow/.local/lib/python3.7/site-packages/airflow/example_dags/example_task_group_decorator.py took 0.372 seconds
[2022-08-07 11:15:13,915] {processor.py:153} INFO - Started process (PID=2765) to work on /home/airflow/.local/lib/python3.7/site-packages/airflow/example_dags/example_task_group_decorator.py
[2022-08-07 11:15:13,916] {processor.py:641} INFO - Processing file /home/airflow/.local/lib/python3.7/site-packages/airflow/example_dags/example_task_group_decorator.py for tasks to queue
[2022-08-07 11:15:13,918] {logging_mixin.py:115} INFO - [2022-08-07 11:15:13,917] {dagbag.py:508} INFO - Filling up the DagBag from /home/airflow/.local/lib/python3.7/site-packages/airflow/example_dags/example_task_group_decorator.py
[2022-08-07 11:15:14,018] {processor.py:651} INFO - DAG(s) dict_keys(['example_task_group_decorator']) retrieved from /home/airflow/.local/lib/python3.7/site-packages/airflow/example_dags/example_task_group_decorator.py
[2022-08-07 11:15:14,112] {logging_mixin.py:115} INFO - [2022-08-07 11:15:14,112] {dag.py:2420} INFO - Sync 1 DAGs
[2022-08-07 11:15:14,216] {logging_mixin.py:115} INFO - [2022-08-07 11:15:14,215] {dag.py:2972} INFO - Setting next_dagrun for example_task_group_decorator to 2022-08-06T11:15:14.214666+00:00, run_after=2022-08-07T11:15:14.214666+00:00
[2022-08-07 11:15:14,262] {processor.py:161} INFO - Processing /home/airflow/.local/lib/python3.7/site-packages/airflow/example_dags/example_task_group_decorator.py took 0.357 seconds
[2022-08-07 11:15:44,653] {processor.py:153} INFO - Started process (PID=2817) to work on /home/airflow/.local/lib/python3.7/site-packages/airflow/example_dags/example_task_group_decorator.py
[2022-08-07 11:15:44,655] {processor.py:641} INFO - Processing file /home/airflow/.local/lib/python3.7/site-packages/airflow/example_dags/example_task_group_decorator.py for tasks to queue
[2022-08-07 11:15:44,657] {logging_mixin.py:115} INFO - [2022-08-07 11:15:44,657] {dagbag.py:508} INFO - Filling up the DagBag from /home/airflow/.local/lib/python3.7/site-packages/airflow/example_dags/example_task_group_decorator.py
[2022-08-07 11:15:44,882] {processor.py:651} INFO - DAG(s) dict_keys(['example_task_group_decorator']) retrieved from /home/airflow/.local/lib/python3.7/site-packages/airflow/example_dags/example_task_group_decorator.py
[2022-08-07 11:15:45,277] {logging_mixin.py:115} INFO - [2022-08-07 11:15:45,277] {dag.py:2420} INFO - Sync 1 DAGs
[2022-08-07 11:15:45,384] {logging_mixin.py:115} INFO - [2022-08-07 11:15:45,384] {dag.py:2972} INFO - Setting next_dagrun for example_task_group_decorator to 2022-08-06T11:15:45.383277+00:00, run_after=2022-08-07T11:15:45.383277+00:00
[2022-08-07 11:15:45,439] {processor.py:161} INFO - Processing /home/airflow/.local/lib/python3.7/site-packages/airflow/example_dags/example_task_group_decorator.py took 0.800 seconds
[2022-08-07 11:16:15,555] {processor.py:153} INFO - Started process (PID=2860) to work on /home/airflow/.local/lib/python3.7/site-packages/airflow/example_dags/example_task_group_decorator.py
[2022-08-07 11:16:15,557] {processor.py:641} INFO - Processing file /home/airflow/.local/lib/python3.7/site-packages/airflow/example_dags/example_task_group_decorator.py for tasks to queue
[2022-08-07 11:16:15,560] {logging_mixin.py:115} INFO - [2022-08-07 11:16:15,559] {dagbag.py:508} INFO - Filling up the DagBag from /home/airflow/.local/lib/python3.7/site-packages/airflow/example_dags/example_task_group_decorator.py
[2022-08-07 11:16:15,926] {processor.py:651} INFO - DAG(s) dict_keys(['example_task_group_decorator']) retrieved from /home/airflow/.local/lib/python3.7/site-packages/airflow/example_dags/example_task_group_decorator.py
[2022-08-07 11:16:16,497] {logging_mixin.py:115} INFO - [2022-08-07 11:16:16,496] {dag.py:2420} INFO - Sync 1 DAGs
[2022-08-07 11:16:16,622] {logging_mixin.py:115} INFO - [2022-08-07 11:16:16,622] {dag.py:2972} INFO - Setting next_dagrun for example_task_group_decorator to 2022-08-06T11:16:16.621327+00:00, run_after=2022-08-07T11:16:16.621327+00:00
[2022-08-07 11:16:16,705] {processor.py:161} INFO - Processing /home/airflow/.local/lib/python3.7/site-packages/airflow/example_dags/example_task_group_decorator.py took 1.166 seconds
[2022-08-07 11:16:47,038] {processor.py:153} INFO - Started process (PID=2912) to work on /home/airflow/.local/lib/python3.7/site-packages/airflow/example_dags/example_task_group_decorator.py
[2022-08-07 11:16:47,040] {processor.py:641} INFO - Processing file /home/airflow/.local/lib/python3.7/site-packages/airflow/example_dags/example_task_group_decorator.py for tasks to queue
[2022-08-07 11:16:47,043] {logging_mixin.py:115} INFO - [2022-08-07 11:16:47,042] {dagbag.py:508} INFO - Filling up the DagBag from /home/airflow/.local/lib/python3.7/site-packages/airflow/example_dags/example_task_group_decorator.py
[2022-08-07 11:16:47,207] {processor.py:651} INFO - DAG(s) dict_keys(['example_task_group_decorator']) retrieved from /home/airflow/.local/lib/python3.7/site-packages/airflow/example_dags/example_task_group_decorator.py
[2022-08-07 11:16:47,486] {logging_mixin.py:115} INFO - [2022-08-07 11:16:47,486] {dag.py:2420} INFO - Sync 1 DAGs
[2022-08-07 11:16:47,583] {logging_mixin.py:115} INFO - [2022-08-07 11:16:47,582] {dag.py:2972} INFO - Setting next_dagrun for example_task_group_decorator to 2022-08-06T11:16:47.581972+00:00, run_after=2022-08-07T11:16:47.581972+00:00
[2022-08-07 11:16:47,640] {processor.py:161} INFO - Processing /home/airflow/.local/lib/python3.7/site-packages/airflow/example_dags/example_task_group_decorator.py took 0.615 seconds
[2022-08-07 11:17:17,784] {processor.py:153} INFO - Started process (PID=2965) to work on /home/airflow/.local/lib/python3.7/site-packages/airflow/example_dags/example_task_group_decorator.py
[2022-08-07 11:17:17,785] {processor.py:641} INFO - Processing file /home/airflow/.local/lib/python3.7/site-packages/airflow/example_dags/example_task_group_decorator.py for tasks to queue
[2022-08-07 11:17:17,788] {logging_mixin.py:115} INFO - [2022-08-07 11:17:17,787] {dagbag.py:508} INFO - Filling up the DagBag from /home/airflow/.local/lib/python3.7/site-packages/airflow/example_dags/example_task_group_decorator.py
[2022-08-07 11:17:17,952] {processor.py:651} INFO - DAG(s) dict_keys(['example_task_group_decorator']) retrieved from /home/airflow/.local/lib/python3.7/site-packages/airflow/example_dags/example_task_group_decorator.py
[2022-08-07 11:17:18,321] {logging_mixin.py:115} INFO - [2022-08-07 11:17:18,321] {dag.py:2420} INFO - Sync 1 DAGs
[2022-08-07 11:17:18,443] {logging_mixin.py:115} INFO - [2022-08-07 11:17:18,443] {dag.py:2972} INFO - Setting next_dagrun for example_task_group_decorator to 2022-08-06T11:17:18.442314+00:00, run_after=2022-08-07T11:17:18.442314+00:00
[2022-08-07 11:17:18,555] {processor.py:161} INFO - Processing /home/airflow/.local/lib/python3.7/site-packages/airflow/example_dags/example_task_group_decorator.py took 0.786 seconds
[2022-08-07 11:17:49,106] {processor.py:153} INFO - Started process (PID=3017) to work on /home/airflow/.local/lib/python3.7/site-packages/airflow/example_dags/example_task_group_decorator.py
[2022-08-07 11:17:49,108] {processor.py:641} INFO - Processing file /home/airflow/.local/lib/python3.7/site-packages/airflow/example_dags/example_task_group_decorator.py for tasks to queue
[2022-08-07 11:17:49,110] {logging_mixin.py:115} INFO - [2022-08-07 11:17:49,109] {dagbag.py:508} INFO - Filling up the DagBag from /home/airflow/.local/lib/python3.7/site-packages/airflow/example_dags/example_task_group_decorator.py
[2022-08-07 11:17:49,237] {processor.py:651} INFO - DAG(s) dict_keys(['example_task_group_decorator']) retrieved from /home/airflow/.local/lib/python3.7/site-packages/airflow/example_dags/example_task_group_decorator.py
[2022-08-07 11:17:49,510] {logging_mixin.py:115} INFO - [2022-08-07 11:17:49,510] {dag.py:2420} INFO - Sync 1 DAGs
[2022-08-07 11:17:49,592] {logging_mixin.py:115} INFO - [2022-08-07 11:17:49,591] {dag.py:2972} INFO - Setting next_dagrun for example_task_group_decorator to 2022-08-06T11:17:49.591056+00:00, run_after=2022-08-07T11:17:49.591056+00:00
[2022-08-07 11:17:49,642] {processor.py:161} INFO - Processing /home/airflow/.local/lib/python3.7/site-packages/airflow/example_dags/example_task_group_decorator.py took 0.547 seconds
[2022-08-07 11:18:19,885] {processor.py:153} INFO - Started process (PID=3069) to work on /home/airflow/.local/lib/python3.7/site-packages/airflow/example_dags/example_task_group_decorator.py
[2022-08-07 11:18:19,887] {processor.py:641} INFO - Processing file /home/airflow/.local/lib/python3.7/site-packages/airflow/example_dags/example_task_group_decorator.py for tasks to queue
[2022-08-07 11:18:19,889] {logging_mixin.py:115} INFO - [2022-08-07 11:18:19,889] {dagbag.py:508} INFO - Filling up the DagBag from /home/airflow/.local/lib/python3.7/site-packages/airflow/example_dags/example_task_group_decorator.py
[2022-08-07 11:18:20,062] {processor.py:651} INFO - DAG(s) dict_keys(['example_task_group_decorator']) retrieved from /home/airflow/.local/lib/python3.7/site-packages/airflow/example_dags/example_task_group_decorator.py
[2022-08-07 11:18:20,505] {logging_mixin.py:115} INFO - [2022-08-07 11:18:20,505] {dag.py:2420} INFO - Sync 1 DAGs
[2022-08-07 11:18:20,649] {logging_mixin.py:115} INFO - [2022-08-07 11:18:20,648] {dag.py:2972} INFO - Setting next_dagrun for example_task_group_decorator to 2022-08-06T11:18:20.647158+00:00, run_after=2022-08-07T11:18:20.647158+00:00
[2022-08-07 11:18:20,729] {processor.py:161} INFO - Processing /home/airflow/.local/lib/python3.7/site-packages/airflow/example_dags/example_task_group_decorator.py took 0.858 seconds
[2022-08-07 11:18:51,076] {processor.py:153} INFO - Started process (PID=3120) to work on /home/airflow/.local/lib/python3.7/site-packages/airflow/example_dags/example_task_group_decorator.py
[2022-08-07 11:18:51,077] {processor.py:641} INFO - Processing file /home/airflow/.local/lib/python3.7/site-packages/airflow/example_dags/example_task_group_decorator.py for tasks to queue
[2022-08-07 11:18:51,079] {logging_mixin.py:115} INFO - [2022-08-07 11:18:51,079] {dagbag.py:508} INFO - Filling up the DagBag from /home/airflow/.local/lib/python3.7/site-packages/airflow/example_dags/example_task_group_decorator.py
[2022-08-07 11:18:51,194] {processor.py:651} INFO - DAG(s) dict_keys(['example_task_group_decorator']) retrieved from /home/airflow/.local/lib/python3.7/site-packages/airflow/example_dags/example_task_group_decorator.py
[2022-08-07 11:18:51,529] {logging_mixin.py:115} INFO - [2022-08-07 11:18:51,528] {dag.py:2420} INFO - Sync 1 DAGs
[2022-08-07 11:18:51,620] {logging_mixin.py:115} INFO - [2022-08-07 11:18:51,619] {dag.py:2972} INFO - Setting next_dagrun for example_task_group_decorator to 2022-08-06T11:18:51.619191+00:00, run_after=2022-08-07T11:18:51.619191+00:00
[2022-08-07 11:18:51,682] {processor.py:161} INFO - Processing /home/airflow/.local/lib/python3.7/site-packages/airflow/example_dags/example_task_group_decorator.py took 0.619 seconds
[2022-08-07 11:19:22,172] {processor.py:153} INFO - Started process (PID=3166) to work on /home/airflow/.local/lib/python3.7/site-packages/airflow/example_dags/example_task_group_decorator.py
[2022-08-07 11:19:22,173] {processor.py:641} INFO - Processing file /home/airflow/.local/lib/python3.7/site-packages/airflow/example_dags/example_task_group_decorator.py for tasks to queue
[2022-08-07 11:19:22,175] {logging_mixin.py:115} INFO - [2022-08-07 11:19:22,175] {dagbag.py:508} INFO - Filling up the DagBag from /home/airflow/.local/lib/python3.7/site-packages/airflow/example_dags/example_task_group_decorator.py
[2022-08-07 11:19:22,289] {processor.py:651} INFO - DAG(s) dict_keys(['example_task_group_decorator']) retrieved from /home/airflow/.local/lib/python3.7/site-packages/airflow/example_dags/example_task_group_decorator.py
[2022-08-07 11:19:22,419] {logging_mixin.py:115} INFO - [2022-08-07 11:19:22,419] {dag.py:2420} INFO - Sync 1 DAGs
[2022-08-07 11:19:22,509] {logging_mixin.py:115} INFO - [2022-08-07 11:19:22,509] {dag.py:2972} INFO - Setting next_dagrun for example_task_group_decorator to 2022-08-06T11:19:22.508023+00:00, run_after=2022-08-07T11:19:22.508023+00:00
[2022-08-07 11:19:22,559] {processor.py:161} INFO - Processing /home/airflow/.local/lib/python3.7/site-packages/airflow/example_dags/example_task_group_decorator.py took 0.398 seconds
[2022-08-07 11:19:52,758] {processor.py:153} INFO - Started process (PID=3218) to work on /home/airflow/.local/lib/python3.7/site-packages/airflow/example_dags/example_task_group_decorator.py
[2022-08-07 11:19:52,760] {processor.py:641} INFO - Processing file /home/airflow/.local/lib/python3.7/site-packages/airflow/example_dags/example_task_group_decorator.py for tasks to queue
[2022-08-07 11:19:52,762] {logging_mixin.py:115} INFO - [2022-08-07 11:19:52,762] {dagbag.py:508} INFO - Filling up the DagBag from /home/airflow/.local/lib/python3.7/site-packages/airflow/example_dags/example_task_group_decorator.py
[2022-08-07 11:19:52,872] {processor.py:651} INFO - DAG(s) dict_keys(['example_task_group_decorator']) retrieved from /home/airflow/.local/lib/python3.7/site-packages/airflow/example_dags/example_task_group_decorator.py
[2022-08-07 11:19:53,142] {logging_mixin.py:115} INFO - [2022-08-07 11:19:53,142] {dag.py:2420} INFO - Sync 1 DAGs
[2022-08-07 11:19:53,230] {logging_mixin.py:115} INFO - [2022-08-07 11:19:53,230] {dag.py:2972} INFO - Setting next_dagrun for example_task_group_decorator to 2022-08-06T11:19:53.229341+00:00, run_after=2022-08-07T11:19:53.229341+00:00
[2022-08-07 11:19:53,282] {processor.py:161} INFO - Processing /home/airflow/.local/lib/python3.7/site-packages/airflow/example_dags/example_task_group_decorator.py took 0.535 seconds
[2022-08-07 11:20:23,610] {processor.py:153} INFO - Started process (PID=3271) to work on /home/airflow/.local/lib/python3.7/site-packages/airflow/example_dags/example_task_group_decorator.py
[2022-08-07 11:20:23,612] {processor.py:641} INFO - Processing file /home/airflow/.local/lib/python3.7/site-packages/airflow/example_dags/example_task_group_decorator.py for tasks to queue
[2022-08-07 11:20:23,614] {logging_mixin.py:115} INFO - [2022-08-07 11:20:23,614] {dagbag.py:508} INFO - Filling up the DagBag from /home/airflow/.local/lib/python3.7/site-packages/airflow/example_dags/example_task_group_decorator.py
[2022-08-07 11:20:23,750] {processor.py:651} INFO - DAG(s) dict_keys(['example_task_group_decorator']) retrieved from /home/airflow/.local/lib/python3.7/site-packages/airflow/example_dags/example_task_group_decorator.py
[2022-08-07 11:20:24,033] {logging_mixin.py:115} INFO - [2022-08-07 11:20:24,032] {dag.py:2420} INFO - Sync 1 DAGs
[2022-08-07 11:20:24,118] {logging_mixin.py:115} INFO - [2022-08-07 11:20:24,118] {dag.py:2972} INFO - Setting next_dagrun for example_task_group_decorator to 2022-08-06T11:20:24.117560+00:00, run_after=2022-08-07T11:20:24.117560+00:00
[2022-08-07 11:20:24,165] {processor.py:161} INFO - Processing /home/airflow/.local/lib/python3.7/site-packages/airflow/example_dags/example_task_group_decorator.py took 0.569 seconds
